[  1%] Built target robot_control_ros2__rosidl_generator_type_description
[  5%] Built target joint_velocity_subscriber
[  8%] Built target joint_velocity_publisher
[ 12%] Built target timer_control_node
[ 12%] Built target ament_cmake_python_copy_robot_control_ros2
[ 26%] Built target robot_control_ros2__rosidl_generator_c
[ 28%] Built target robot_control_ros2__cpp
[ 41%] Built target robot_control_ros2__rosidl_typesupport_cpp
[ 44%] Built target robot_control_ros2__rosidl_typesupport_fastrtps_cpp
[ 50%] Built target robot_control_ros2__rosidl_typesupport_c
[ 57%] Built target robot_control_ros2__rosidl_typesupport_introspection_c
[ 64%] Built target robot_control_ros2__rosidl_typesupport_fastrtps_c
[ 71%] Built target robot_control_ros2__rosidl_typesupport_introspection_cpp
[ 73%] Built target robot_control_ros2
[ 75%] Built target robot_state_pub
[ 78%] Built target student_servier
[ 80%] [32mBuilding CXX object CMakeFiles/student_client.dir/src/student_client.cpp.o[0m
[ 82%] Built target robot_control_ros2__py
[ 87%] Built target robot_control_ros2__rosidl_generator_py
[ 94%] Built target robot_control_ros2_s__rosidl_typesupport_introspection_c
[ 94%] Built target robot_control_ros2_s__rosidl_typesupport_c
[ 98%] Built target robot_control_ros2_s__rosidl_typesupport_fastrtps_c
running egg_info
writing robot_control_ros2.egg-info/PKG-INFO
writing dependency_links to robot_control_ros2.egg-info/dependency_links.txt
writing top-level names to robot_control_ros2.egg-info/top_level.txt
reading manifest file 'robot_control_ros2.egg-info/SOURCES.txt'
writing manifest file 'robot_control_ros2.egg-info/SOURCES.txt'
[ 98%] Built target ament_cmake_python_build_robot_control_ros2_egg
In file included from [01m[K/opt/ros/jazzy/include/rclcpp/rclcpp/logging.hpp:24[m[K,
                 from [01m[K/opt/ros/jazzy/include/rclcpp/rclcpp/copy_all_parameter_values.hpp:27[m[K,
                 from [01m[K/opt/ros/jazzy/include/rclcpp/rclcpp/rclcpp.hpp:171[m[K,
                 from [01m[K/home/chenque/cpp_practice/robot_control_ros2/src/robot_control_ros2/src/student_client.cpp:1[m[K:
[01m[K/home/chenque/cpp_practice/robot_control_ros2/src/robot_control_ros2/src/student_client.cpp:[m[K In function ‘[01m[Kint[01;32m[K main[m[K(int, char**)[m[K’:
[01m[K/home/chenque/cpp_practice/robot_control_ros2/src/robot_control_ros2/src/student_client.cpp:54:46:[m[K [01;31m[Kerror: [m[Kbase operand of ‘[01m[K->[m[K’ has non-pointer type ‘[01m[Krclcpp::Client<robot_control_ros2::srv::Student>::FutureAndRequestId[m[K’
   54 |                 response.get()->num, response[01;31m[K->[m[Kis_ok ? "true" : "false");
      |                                              [01;31m[K^~[m[K
gmake[2]: *** [CMakeFiles/student_client.dir/build.make:76: CMakeFiles/student_client.dir/src/student_client.cpp.o] Error 1
gmake[1]: *** [CMakeFiles/Makefile2:769: CMakeFiles/student_client.dir/all] Error 2
gmake: *** [Makefile:146: all] Error 2
