[0.010s] Invoking command in '/home/chenque/cpp_practice/robot_control_ros2/build/robot_control_ros2': CMAKE_PREFIX_PATH=${CMAKE_PREFIX_PATH}:/opt/ros/jazzy DEBUGINFOD_URLS=https://debuginfod.ubuntu.com /usr/bin/cmake --build /home/chenque/cpp_practice/robot_control_ros2/build/robot_control_ros2 -- -j8 -l8
[0.066s] [  1%] Built target robot_control_ros2__rosidl_generator_type_description
[0.066s] [  5%] Built target joint_velocity_subscriber
[0.067s] [  8%] Built target joint_velocity_publisher
[0.069s] [ 12%] Built target timer_control_node
[0.077s] [ 12%] Built target ament_cmake_python_copy_robot_control_ros2
[0.091s] [ 26%] Built target robot_control_ros2__rosidl_generator_c
[0.091s] [ 28%] Built target robot_control_ros2__cpp
[0.120s] [ 41%] Built target robot_control_ros2__rosidl_typesupport_cpp
[0.121s] [ 44%] Built target robot_control_ros2__rosidl_typesupport_fastrtps_cpp
[0.122s] [ 50%] Built target robot_control_ros2__rosidl_typesupport_c
[0.122s] [ 57%] Built target robot_control_ros2__rosidl_typesupport_introspection_c
[0.122s] [ 64%] Built target robot_control_ros2__rosidl_typesupport_fastrtps_c
[0.123s] [ 71%] Built target robot_control_ros2__rosidl_typesupport_introspection_cpp
[0.147s] [ 73%] Built target robot_control_ros2
[0.147s] [ 75%] Built target robot_state_pub
[0.149s] [ 78%] Built target student_servier
[0.154s] [ 80%] [32mBuilding CXX object CMakeFiles/student_client.dir/src/student_client.cpp.o[0m
[0.168s] [ 82%] Built target robot_control_ros2__py
[0.193s] [ 87%] Built target robot_control_ros2__rosidl_generator_py
[0.218s] [ 94%] Built target robot_control_ros2_s__rosidl_typesupport_introspection_c
[0.218s] [ 94%] Built target robot_control_ros2_s__rosidl_typesupport_c
[0.220s] [ 98%] Built target robot_control_ros2_s__rosidl_typesupport_fastrtps_c
[0.236s] running egg_info
[0.245s] writing robot_control_ros2.egg-info/PKG-INFO
[0.246s] writing dependency_links to robot_control_ros2.egg-info/dependency_links.txt
[0.246s] writing top-level names to robot_control_ros2.egg-info/top_level.txt
[0.273s] reading manifest file 'robot_control_ros2.egg-info/SOURCES.txt'
[0.273s] writing manifest file 'robot_control_ros2.egg-info/SOURCES.txt'
[0.294s] [ 98%] Built target ament_cmake_python_build_robot_control_ros2_egg
[1.571s] In file included from [01m[K/opt/ros/jazzy/include/rclcpp/rclcpp/logging.hpp:24[m[K,
[1.571s]                  from [01m[K/opt/ros/jazzy/include/rclcpp/rclcpp/copy_all_parameter_values.hpp:27[m[K,
[1.571s]                  from [01m[K/opt/ros/jazzy/include/rclcpp/rclcpp/rclcpp.hpp:171[m[K,
[1.571s]                  from [01m[K/home/chenque/cpp_practice/robot_control_ros2/src/robot_control_ros2/src/student_client.cpp:1[m[K:
[1.571s] [01m[K/home/chenque/cpp_practice/robot_control_ros2/src/robot_control_ros2/src/student_client.cpp:[m[K In function ‘[01m[Kint[01;32m[K main[m[K(int, char**)[m[K’:
[1.571s] [01m[K/home/chenque/cpp_practice/robot_control_ros2/src/robot_control_ros2/src/student_client.cpp:54:46:[m[K [01;31m[Kerror: [m[Kbase operand of ‘[01m[K->[m[K’ has non-pointer type ‘[01m[Krclcpp::Client<robot_control_ros2::srv::Student>::FutureAndRequestId[m[K’
[1.571s]    54 |                 response.get()->num, response[01;31m[K->[m[Kis_ok ? "true" : "false");
[1.571s]       |                                              [01;31m[K^~[m[K
[2.203s] gmake[2]: *** [CMakeFiles/student_client.dir/build.make:76: CMakeFiles/student_client.dir/src/student_client.cpp.o] Error 1
[2.203s] gmake[1]: *** [CMakeFiles/Makefile2:769: CMakeFiles/student_client.dir/all] Error 2
[2.204s] gmake: *** [Makefile:146: all] Error 2
[2.206s] Invoked command in '/home/chenque/cpp_practice/robot_control_ros2/build/robot_control_ros2' returned '2': CMAKE_PREFIX_PATH=${CMAKE_PREFIX_PATH}:/opt/ros/jazzy DEBUGINFOD_URLS=https://debuginfod.ubuntu.com /usr/bin/cmake --build /home/chenque/cpp_practice/robot_control_ros2/build/robot_control_ros2 -- -j8 -l8
