[  1%] Built target robot_control_ros2__rosidl_generator_type_description
[  1%] Built target ament_cmake_python_copy_robot_control_ros2
[  2%] Built target robot_control_ros2__cpp
[ 20%] Built target robot_control_ros2__rosidl_generator_c
[ 22%] Built target joint_velocity_subscriber
[ 25%] Built target timer_control_node
[ 32%] Built target robot_control_ros2__rosidl_typesupport_c
[ 40%] Built target robot_control_ros2__rosidl_typesupport_cpp
[ 47%] Built target robot_control_ros2__rosidl_typesupport_introspection_c
[ 55%] Built target robot_control_ros2__rosidl_typesupport_introspection_cpp
[ 62%] Built target robot_control_ros2__rosidl_typesupport_fastrtps_cpp
[ 70%] Built target robot_control_ros2__rosidl_typesupport_fastrtps_c
[ 72%] Built target joint_velocity_publisher
[ 77%] Built target student_client
[ 77%] Built target student_servier
[ 77%] Built target robot_control_ros2
[ 80%] Built target robot_state_pub
[ 81%] [32mBuilding CXX object CMakeFiles/vel_to_pos_node.dir/src/vel_to_pos_node.cpp.o[0m
[ 82%] Built target robot_control_ros2__py
[ 88%] Built target robot_control_ros2__rosidl_generator_py
running egg_info
[ 91%] Built target robot_control_ros2_s__rosidl_typesupport_introspection_c
[ 93%] Built target robot_control_ros2_s__rosidl_typesupport_c
[ 96%] Built target robot_control_ros2_s__rosidl_typesupport_fastrtps_c
writing robot_control_ros2.egg-info/PKG-INFO
writing dependency_links to robot_control_ros2.egg-info/dependency_links.txt
writing top-level names to robot_control_ros2.egg-info/top_level.txt
reading manifest file 'robot_control_ros2.egg-info/SOURCES.txt'
writing manifest file 'robot_control_ros2.egg-info/SOURCES.txt'
[ 96%] Built target ament_cmake_python_build_robot_control_ros2_egg
