[0.010s] Invoking command in '/home/chenque/cpp_practice/robot_control_ros2/build/robot_control_ros2': CMAKE_PREFIX_PATH=${CMAKE_PREFIX_PATH}:/opt/ros/jazzy DEBUGINFOD_URLS=https://debuginfod.ubuntu.com /usr/bin/cmake --build /home/chenque/cpp_practice/robot_control_ros2/build/robot_control_ros2 -- -j8 -l8
[0.061s] [  1%] Built target robot_control_ros2__rosidl_generator_type_description
[0.070s] [  5%] Built target timer_control_node
[0.070s] [  9%] Built target joint_velocity_publisher
[0.071s] [ 12%] Built target joint_velocity_subscriber
[0.074s] [ 12%] Built target ament_cmake_python_copy_robot_control_ros2
[0.086s] [ 14%] Built target robot_control_ros2__cpp
[0.087s] [ 29%] Built target robot_control_ros2__rosidl_generator_c
[0.114s] [ 37%] Built target robot_control_ros2__rosidl_typesupport_cpp
[0.114s] [ 44%] Built target robot_control_ros2__rosidl_typesupport_fastrtps_c
[0.116s] [ 51%] Built target robot_control_ros2__rosidl_typesupport_c
[0.119s] [ 64%] Built target robot_control_ros2__rosidl_typesupport_fastrtps_cpp
[0.119s] [ 66%] Built target robot_control_ros2__rosidl_typesupport_introspection_cpp
[0.119s] [ 74%] Built target robot_control_ros2__rosidl_typesupport_introspection_c
[0.142s] [ 74%] Built target robot_control_ros2
[0.143s] [ 77%] Built target robot_state_pub
[0.147s] [ 79%] [32mBuilding CXX object CMakeFiles/student_servier.dir/src/student_servier.cpp.o[0m
[0.166s] [ 81%] Built target robot_control_ros2__py
[0.190s] [ 87%] Built target robot_control_ros2__rosidl_generator_py
[0.217s] [ 94%] Built target robot_control_ros2_s__rosidl_typesupport_introspection_c
[0.217s] [ 94%] Built target robot_control_ros2_s__rosidl_typesupport_fastrtps_c
[0.218s] [ 98%] Built target robot_control_ros2_s__rosidl_typesupport_c
[0.245s] running egg_info
[0.260s] writing robot_control_ros2.egg-info/PKG-INFO
[0.260s] writing dependency_links to robot_control_ros2.egg-info/dependency_links.txt
[0.261s] writing top-level names to robot_control_ros2.egg-info/top_level.txt
[0.304s] reading manifest file 'robot_control_ros2.egg-info/SOURCES.txt'
[0.305s] writing manifest file 'robot_control_ros2.egg-info/SOURCES.txt'
[0.331s] [ 98%] Built target ament_cmake_python_build_robot_control_ros2_egg
[1.622s] [01m[K/home/chenque/cpp_practice/robot_control_ros2/src/robot_control_ros2/src/student_servier.cpp:[m[K In member function ‘[01m[Kvoid Servicer::[01;32m[KserviceCallback[m[K(const robot_control_ros2::srv::Student_Request_<std::allocator<void> >::SharedPtr&, const robot_control_ros2::srv::Student_Response_<std::allocator<void> >::SharedPtr&)[m[K’:
[1.622s] [01m[K/home/chenque/cpp_practice/robot_control_ros2/src/robot_control_ros2/src/student_servier.cpp:19:14:[m[K [01;31m[Kerror: [m[K‘[01m[Kusing std::__shared_ptr_access<robot_control_ros2::srv::Student_Request_<std::allocator<void> >, __gnu_cxx::_S_atomic, false, false>::element_type = struct robot_control_ros2::srv::Student_Request_<std::allocator<void> >[m[K’ {aka ‘[01m[Kstruct robot_control_ros2::srv::Student_Request_<std::allocator<void> >[m[K’} has no member named ‘[01m[Kis_ok[m[K’
[1.622s]    19 |         req->[01;31m[Kis_ok[m[K = true;
[1.622s]       |              [01;31m[K^~~~~[m[K
[2.135s] gmake[2]: *** [CMakeFiles/student_servier.dir/build.make:76: CMakeFiles/student_servier.dir/src/student_servier.cpp.o] Error 1
[2.135s] gmake[1]: *** [CMakeFiles/Makefile2:739: CMakeFiles/student_servier.dir/all] Error 2
[2.135s] gmake: *** [Makefile:146: all] Error 2
[2.138s] Invoked command in '/home/chenque/cpp_practice/robot_control_ros2/build/robot_control_ros2' returned '2': CMAKE_PREFIX_PATH=${CMAKE_PREFIX_PATH}:/opt/ros/jazzy DEBUGINFOD_URLS=https://debuginfod.ubuntu.com /usr/bin/cmake --build /home/chenque/cpp_practice/robot_control_ros2/build/robot_control_ros2 -- -j8 -l8
