[0.012s] Invoking command in '/home/chenque/cpp_practice/robot_control_ros2/build/robot_control_ros2': CMAKE_PREFIX_PATH=${CMAKE_PREFIX_PATH}:/opt/ros/jazzy DEBUGINFOD_URLS=https://debuginfod.ubuntu.com /usr/bin/cmake --build /home/chenque/cpp_practice/robot_control_ros2/build/robot_control_ros2 -- -j8 -l8
[0.082s] [  1%] Built target robot_control_ros2__rosidl_generator_type_description
[0.086s] [  5%] Built target timer_control_node
[0.086s] [  5%] [32mBuilding CXX object CMakeFiles/joint_velocity_publisher.dir/src/joint_velocity_publisher.cpp.o[0m
[0.087s] [  7%] Built target joint_velocity_subscriber
[0.094s] [  7%] Built target ament_cmake_python_copy_robot_control_ros2
[0.108s] [  8%] Built target robot_control_ros2__cpp
[0.111s] [ 26%] Built target robot_control_ros2__rosidl_generator_c
[0.146s] [ 34%] Built target robot_control_ros2__rosidl_typesupport_cpp
[0.146s] [ 42%] Built target robot_control_ros2__rosidl_typesupport_fastrtps_c
[0.146s] [ 50%] Built target robot_control_ros2__rosidl_typesupport_introspection_c
[0.147s] [ 57%] Built target robot_control_ros2__rosidl_typesupport_fastrtps_cpp
[0.152s] [ 66%] Built target robot_control_ros2__rosidl_typesupport_c
[0.153s] [ 73%] Built target robot_control_ros2__rosidl_typesupport_introspection_cpp
[0.178s] [ 78%] Built target student_servier
[0.178s] [ 78%] Built target robot_state_pub
[0.178s] [ 80%] Built target student_client
[0.179s] [ 80%] Built target robot_control_ros2
[0.180s] [ 83%] Built target vel_to_pos_node
[0.205s] [ 84%] Built target robot_control_ros2__py
[0.233s] [ 91%] Built target robot_control_ros2__rosidl_generator_py
[0.259s] [ 97%] Built target robot_control_ros2_s__rosidl_typesupport_introspection_c
[0.259s] [ 98%] Built target robot_control_ros2_s__rosidl_typesupport_c
[0.259s] [ 98%] Built target robot_control_ros2_s__rosidl_typesupport_fastrtps_c
[0.274s] running egg_info
[0.288s] writing robot_control_ros2.egg-info/PKG-INFO
[0.288s] writing dependency_links to robot_control_ros2.egg-info/dependency_links.txt
[0.289s] writing top-level names to robot_control_ros2.egg-info/top_level.txt
[0.316s] [01m[K/home/chenque/cpp_practice/robot_control_ros2/src/robot_control_ros2/src/joint_velocity_publisher.cpp:2:10:[m[K [01;31m[Kfatal error: [m[Krobot_control_ros2/msg/joint_velocity_cmd.hpp: No such file or directory
[0.317s]     2 | #include [01;31m[K"robot_control_ros2/msg/joint_velocity_cmd.hpp"[m[K
[0.317s]       |          [01;31m[K^~~~~~~~~~~~~~~~~~~~~~~~~~~~~~~~~~~~~~~~~~~~~~~[m[K
[0.317s] compilation terminated.
[0.318s] reading manifest file 'robot_control_ros2.egg-info/SOURCES.txt'
[0.319s] writing manifest file 'robot_control_ros2.egg-info/SOURCES.txt'
[0.320s] gmake[2]: *** [CMakeFiles/joint_velocity_publisher.dir/build.make:76: CMakeFiles/joint_velocity_publisher.dir/src/joint_velocity_publisher.cpp.o] Error 1
[0.321s] gmake[1]: *** [CMakeFiles/Makefile2:635: CMakeFiles/joint_velocity_publisher.dir/all] Error 2
[0.321s] gmake[1]: *** Waiting for unfinished jobs....
[0.341s] [ 98%] Built target ament_cmake_python_build_robot_control_ros2_egg
[0.342s] gmake: *** [Makefile:146: all] Error 2
[0.345s] Invoked command in '/home/chenque/cpp_practice/robot_control_ros2/build/robot_control_ros2' returned '2': CMAKE_PREFIX_PATH=${CMAKE_PREFIX_PATH}:/opt/ros/jazzy DEBUGINFOD_URLS=https://debuginfod.ubuntu.com /usr/bin/cmake --build /home/chenque/cpp_practice/robot_control_ros2/build/robot_control_ros2 -- -j8 -l8
