[0.009s] Invoking command in '/home/chenque/cpp_practice/robot_control_ros2/build/robot_control_ros2': CMAKE_PREFIX_PATH=${CMAKE_PREFIX_PATH}:/opt/ros/jazzy DEBUGINFOD_URLS=https://debuginfod.ubuntu.com /usr/bin/cmake --build /home/chenque/cpp_practice/robot_control_ros2/build/robot_control_ros2 -- -j8 -l8
[0.032s] -- Found ament_cmake: 2.5.5 (/opt/ros/jazzy/share/ament_cmake/cmake)
[0.055s] -- Found Python3: /usr/bin/python3 (found version "3.12.3") found components: Interpreter 
[0.112s] -- Found rclcpp: 28.1.16 (/opt/ros/jazzy/share/rclcpp/cmake)
[0.129s] -- Found rosidl_generator_c: 4.6.7 (/opt/ros/jazzy/share/rosidl_generator_c/cmake)
[0.134s] -- Found rosidl_generator_cpp: 4.6.7 (/opt/ros/jazzy/share/rosidl_generator_cpp/cmake)
[0.141s] -- Using all available rosidl_typesupport_c: rosidl_typesupport_fastrtps_c;rosidl_typesupport_introspection_c
[0.149s] -- Using all available rosidl_typesupport_cpp: rosidl_typesupport_fastrtps_cpp;rosidl_typesupport_introspection_cpp
[0.187s] -- Found rmw_implementation_cmake: 7.3.3 (/opt/ros/jazzy/share/rmw_implementation_cmake/cmake)
[0.188s] -- Found rmw_fastrtps_cpp: 8.4.3 (/opt/ros/jazzy/share/rmw_fastrtps_cpp/cmake)
[0.234s] -- Using RMW implementation 'rmw_fastrtps_cpp' as default
[0.276s] -- Found std_msgs: 5.3.6 (/opt/ros/jazzy/share/std_msgs/cmake)
[0.285s] -- Found rosidl_default_generators: 1.6.0 (/opt/ros/jazzy/share/rosidl_default_generators/cmake)
[0.289s] -- Found rosidl_adapter: 4.6.7 (/opt/ros/jazzy/share/rosidl_adapter/cmake)
[0.450s] -- Found ament_cmake_ros: 0.12.0 (/opt/ros/jazzy/share/ament_cmake_ros/cmake)
[0.555s] -- Using all available rosidl_typesupport_c: rosidl_typesupport_fastrtps_c;rosidl_typesupport_introspection_c
[0.611s] -- Using all available rosidl_typesupport_cpp: rosidl_typesupport_fastrtps_cpp;rosidl_typesupport_introspection_cpp
[0.611s] -- Found python_cmake_module: 0.11.1 (/opt/ros/jazzy/share/python_cmake_module/cmake)
[0.853s] -- Found Python3: /usr/bin/python3 (found version "3.12.3") found components: Interpreter Development NumPy Development.Module Development.Embed 
[0.862s] -- Found ament_lint_auto: 0.17.4 (/opt/ros/jazzy/share/ament_lint_auto/cmake)
[0.869s] -- Added test 'cppcheck' to perform static code analysis on C / C++ code
[0.869s] -- Configured cppcheck include dirs: 
[0.869s] -- Configured cppcheck exclude dirs and/or files: 
[0.870s] -- Added test 'lint_cmake' to check CMake code style
[0.871s] -- Added test 'uncrustify' to check C / C++ code style
[0.871s] -- Configured uncrustify additional arguments: 
[0.871s] -- Added test 'xmllint' to check XML markup files
[0.873s] -- Configuring done (0.8s)
[0.924s] -- Generating done (0.0s)
[0.940s] -- Build files have been written to: /home/chenque/cpp_practice/robot_control_ros2/build/robot_control_ros2
[0.985s] [  2%] Built target robot_control_ros2__rosidl_generator_type_description
[0.994s] [ 11%] [32mBuilding CXX object CMakeFiles/robot_state_pub.dir/src/robot_state_pub.cpp.o[0m
[0.994s] [ 14%] Built target timer_control_node
[0.994s] [ 16%] Built target joint_velocity_subscriber
[0.994s] [ 19%] Built target joint_velocity_publisher
[0.999s] [ 19%] Built target ament_cmake_python_copy_robot_control_ros2
[1.012s] [ 21%] Built target robot_control_ros2__cpp
[1.017s] [ 33%] Built target robot_control_ros2__rosidl_generator_c
[1.047s] [ 47%] Built target robot_control_ros2__rosidl_typesupport_c
[1.048s] [ 47%] Built target robot_control_ros2__rosidl_typesupport_introspection_c
[1.048s] [ 54%] Built target robot_control_ros2__rosidl_typesupport_fastrtps_c
[1.048s] [ 61%] Built target robot_control_ros2__rosidl_typesupport_fastrtps_cpp
[1.048s] [ 71%] Built target robot_control_ros2__rosidl_typesupport_cpp
[1.048s] [ 76%] Built target robot_control_ros2__rosidl_typesupport_introspection_cpp
[1.072s] [ 76%] Built target robot_control_ros2
[1.097s] [ 78%] Built target robot_control_ros2__py
[1.123s] [ 83%] Built target robot_control_ros2__rosidl_generator_py
[1.149s] [ 92%] Built target robot_control_ros2_s__rosidl_typesupport_introspection_c
[1.149s] [ 92%] Built target robot_control_ros2_s__rosidl_typesupport_c
[1.149s] [ 97%] Built target robot_control_ros2_s__rosidl_typesupport_fastrtps_c
[1.159s] running egg_info
[1.169s] writing robot_control_ros2.egg-info/PKG-INFO
[1.169s] writing dependency_links to robot_control_ros2.egg-info/dependency_links.txt
[1.169s] writing top-level names to robot_control_ros2.egg-info/top_level.txt
[1.198s] reading manifest file 'robot_control_ros2.egg-info/SOURCES.txt'
[1.199s] writing manifest file 'robot_control_ros2.egg-info/SOURCES.txt'
[1.208s] [01m[K/home/chenque/cpp_practice/robot_control_ros2/src/robot_control_ros2/src/robot_state_pub.cpp:2:10:[m[K [01;31m[Kfatal error: [m[Krobot_control_ros2/msg/joint_state_command.hpp: No such file or directory
[1.208s]     2 | #include [01;31m[K"robot_control_ros2/msg/joint_state_command.hpp"[m[K
[1.208s]       |          [01;31m[K^~~~~~~~~~~~~~~~~~~~~~~~~~~~~~~~~~~~~~~~~~~~~~~~[m[K
[1.208s] compilation terminated.
[1.212s] gmake[2]: *** [CMakeFiles/robot_state_pub.dir/build.make:76: CMakeFiles/robot_state_pub.dir/src/robot_state_pub.cpp.o] Error 1
[1.212s] gmake[1]: *** [CMakeFiles/Makefile2:707: CMakeFiles/robot_state_pub.dir/all] Error 2
[1.212s] gmake[1]: *** Waiting for unfinished jobs....
[1.223s] [ 97%] Built target ament_cmake_python_build_robot_control_ros2_egg
[1.224s] gmake: *** [Makefile:146: all] Error 2
[1.227s] Invoked command in '/home/chenque/cpp_practice/robot_control_ros2/build/robot_control_ros2' returned '2': CMAKE_PREFIX_PATH=${CMAKE_PREFIX_PATH}:/opt/ros/jazzy DEBUGINFOD_URLS=https://debuginfod.ubuntu.com /usr/bin/cmake --build /home/chenque/cpp_practice/robot_control_ros2/build/robot_control_ros2 -- -j8 -l8
