[0.059s] DEBUG:colcon:Command line arguments: ['/usr/bin/colcon', 'build']
[0.059s] DEBUG:colcon:Parsed command line arguments: Namespace(log_base=None, log_level=None, verb_name='build', build_base='build', install_base='install', merge_install=False, symlink_install=False, test_result_base=None, continue_on_error=False, executor='parallel', parallel_workers=8, event_handlers=None, ignore_user_meta=False, metas=['./colcon.meta'], base_paths=['.'], packages_ignore=None, packages_ignore_regex=None, paths=None, packages_up_to=None, packages_up_to_regex=None, packages_above=None, packages_above_and_dependencies=None, packages_above_depth=None, packages_select_by_dep=None, packages_skip_by_dep=None, packages_skip_up_to=None, packages_select_build_failed=False, packages_skip_build_finished=False, packages_select_test_failures=False, packages_skip_test_passed=False, packages_select=None, packages_skip=None, packages_select_regex=None, packages_skip_regex=None, packages_start=None, packages_end=None, allow_overriding=[], cmake_args=None, cmake_target=None, cmake_target_skip_unavailable=False, cmake_clean_cache=False, cmake_clean_first=False, cmake_force_configure=False, ament_cmake_args=None, catkin_cmake_args=None, catkin_skip_building_tests=False, mixin_files=None, mixin=None, verb_parser=<colcon_mixin.mixin.mixin_argument.MixinArgumentDecorator object at 0x765c91d73980>, verb_extension=<colcon_core.verb.build.BuildVerb object at 0x765c91d73590>, main=<bound method BuildVerb.main of <colcon_core.verb.build.BuildVerb object at 0x765c91d73590>>, mixin_verb=('build',))
[0.086s] Level 1:colcon.colcon_core.package_discovery:discover_packages(colcon_meta) check parameters
[0.086s] Level 1:colcon.colcon_core.package_discovery:discover_packages(recursive) check parameters
[0.086s] Level 1:colcon.colcon_core.package_discovery:discover_packages(ignore) check parameters
[0.086s] Level 1:colcon.colcon_core.package_discovery:discover_packages(path) check parameters
[0.086s] Level 1:colcon.colcon_core.package_discovery:discover_packages(colcon_meta) discover
[0.086s] Level 1:colcon.colcon_core.package_discovery:discover_packages(recursive) discover
[0.086s] INFO:colcon.colcon_core.package_discovery:Crawling recursively for packages in '/home/chenque/cpp_practice/robot_control_ros2'
[0.087s] Level 1:colcon.colcon_core.package_identification:_identify(.) by extensions ['ignore', 'ignore_ament_install']
[0.087s] Level 1:colcon.colcon_core.package_identification:_identify(.) by extension 'ignore'
[0.087s] Level 1:colcon.colcon_core.package_identification:_identify(.) by extension 'ignore_ament_install'
[0.087s] Level 1:colcon.colcon_core.package_identification:_identify(.) by extensions ['colcon_pkg']
[0.087s] Level 1:colcon.colcon_core.package_identification:_identify(.) by extension 'colcon_pkg'
[0.087s] Level 1:colcon.colcon_core.package_identification:_identify(.) by extensions ['colcon_meta']
[0.087s] Level 1:colcon.colcon_core.package_identification:_identify(.) by extension 'colcon_meta'
[0.087s] Level 1:colcon.colcon_core.package_identification:_identify(.) by extensions ['ros']
[0.087s] Level 1:colcon.colcon_core.package_identification:_identify(.) by extension 'ros'
[0.102s] Level 1:colcon.colcon_core.package_identification:_identify(.) by extensions ['cmake', 'python']
[0.102s] Level 1:colcon.colcon_core.package_identification:_identify(.) by extension 'cmake'
[0.102s] Level 1:colcon.colcon_core.package_identification:_identify(.) by extension 'python'
[0.102s] Level 1:colcon.colcon_core.package_identification:_identify(.) by extensions ['python_setup_py']
[0.102s] Level 1:colcon.colcon_core.package_identification:_identify(.) by extension 'python_setup_py'
[0.102s] Level 1:colcon.colcon_core.package_identification:_identify(build) by extensions ['ignore', 'ignore_ament_install']
[0.102s] Level 1:colcon.colcon_core.package_identification:_identify(build) by extension 'ignore'
[0.102s] Level 1:colcon.colcon_core.package_identification:_identify(build) ignored
[0.102s] Level 1:colcon.colcon_core.package_identification:_identify(install) by extensions ['ignore', 'ignore_ament_install']
[0.102s] Level 1:colcon.colcon_core.package_identification:_identify(install) by extension 'ignore'
[0.102s] Level 1:colcon.colcon_core.package_identification:_identify(install) ignored
[0.102s] Level 1:colcon.colcon_core.package_identification:_identify(log) by extensions ['ignore', 'ignore_ament_install']
[0.102s] Level 1:colcon.colcon_core.package_identification:_identify(log) by extension 'ignore'
[0.102s] Level 1:colcon.colcon_core.package_identification:_identify(log) ignored
[0.102s] Level 1:colcon.colcon_core.package_identification:_identify(src) by extensions ['ignore', 'ignore_ament_install']
[0.102s] Level 1:colcon.colcon_core.package_identification:_identify(src) by extension 'ignore'
[0.102s] Level 1:colcon.colcon_core.package_identification:_identify(src) by extension 'ignore_ament_install'
[0.102s] Level 1:colcon.colcon_core.package_identification:_identify(src) by extensions ['colcon_pkg']
[0.102s] Level 1:colcon.colcon_core.package_identification:_identify(src) by extension 'colcon_pkg'
[0.102s] Level 1:colcon.colcon_core.package_identification:_identify(src) by extensions ['colcon_meta']
[0.102s] Level 1:colcon.colcon_core.package_identification:_identify(src) by extension 'colcon_meta'
[0.102s] Level 1:colcon.colcon_core.package_identification:_identify(src) by extensions ['ros']
[0.102s] Level 1:colcon.colcon_core.package_identification:_identify(src) by extension 'ros'
[0.103s] Level 1:colcon.colcon_core.package_identification:_identify(src) by extensions ['cmake', 'python']
[0.103s] Level 1:colcon.colcon_core.package_identification:_identify(src) by extension 'cmake'
[0.103s] Level 1:colcon.colcon_core.package_identification:_identify(src) by extension 'python'
[0.103s] Level 1:colcon.colcon_core.package_identification:_identify(src) by extensions ['python_setup_py']
[0.103s] Level 1:colcon.colcon_core.package_identification:_identify(src) by extension 'python_setup_py'
[0.103s] Level 1:colcon.colcon_core.package_identification:_identify(src/other_package) by extensions ['ignore', 'ignore_ament_install']
[0.103s] Level 1:colcon.colcon_core.package_identification:_identify(src/other_package) by extension 'ignore'
[0.103s] Level 1:colcon.colcon_core.package_identification:_identify(src/other_package) by extension 'ignore_ament_install'
[0.103s] Level 1:colcon.colcon_core.package_identification:_identify(src/other_package) by extensions ['colcon_pkg']
[0.103s] Level 1:colcon.colcon_core.package_identification:_identify(src/other_package) by extension 'colcon_pkg'
[0.103s] Level 1:colcon.colcon_core.package_identification:_identify(src/other_package) by extensions ['colcon_meta']
[0.103s] Level 1:colcon.colcon_core.package_identification:_identify(src/other_package) by extension 'colcon_meta'
[0.103s] Level 1:colcon.colcon_core.package_identification:_identify(src/other_package) by extensions ['ros']
[0.103s] Level 1:colcon.colcon_core.package_identification:_identify(src/other_package) by extension 'ros'
[0.104s] DEBUG:colcon.colcon_core.package_identification:Package 'src/other_package' with type 'ros.ament_cmake' and name 'other_package'
[0.104s] Level 1:colcon.colcon_core.package_identification:_identify(src/robot_control_ros2) by extensions ['ignore', 'ignore_ament_install']
[0.104s] Level 1:colcon.colcon_core.package_identification:_identify(src/robot_control_ros2) by extension 'ignore'
[0.104s] Level 1:colcon.colcon_core.package_identification:_identify(src/robot_control_ros2) by extension 'ignore_ament_install'
[0.104s] Level 1:colcon.colcon_core.package_identification:_identify(src/robot_control_ros2) by extensions ['colcon_pkg']
[0.104s] Level 1:colcon.colcon_core.package_identification:_identify(src/robot_control_ros2) by extension 'colcon_pkg'
[0.104s] Level 1:colcon.colcon_core.package_identification:_identify(src/robot_control_ros2) by extensions ['colcon_meta']
[0.104s] Level 1:colcon.colcon_core.package_identification:_identify(src/robot_control_ros2) by extension 'colcon_meta'
[0.104s] Level 1:colcon.colcon_core.package_identification:_identify(src/robot_control_ros2) by extensions ['ros']
[0.104s] Level 1:colcon.colcon_core.package_identification:_identify(src/robot_control_ros2) by extension 'ros'
[0.105s] DEBUG:colcon.colcon_core.package_identification:Package 'src/robot_control_ros2' with type 'ros.ament_cmake' and name 'robot_control_ros2'
[0.105s] Level 1:colcon.colcon_core.package_discovery:discover_packages(recursive) using defaults
[0.105s] Level 1:colcon.colcon_core.package_discovery:discover_packages(ignore) discover
[0.105s] Level 1:colcon.colcon_core.package_discovery:discover_packages(ignore) using defaults
[0.105s] Level 1:colcon.colcon_core.package_discovery:discover_packages(path) discover
[0.105s] Level 1:colcon.colcon_core.package_discovery:discover_packages(path) using defaults
[0.115s] Level 1:colcon.colcon_core.package_discovery:discover_packages(prefix_path) check parameters
[0.115s] Level 1:colcon.colcon_core.package_discovery:discover_packages(prefix_path) discover
[0.116s] DEBUG:colcon.colcon_installed_package_information.package_discovery:Found 2 installed packages in /home/chenque/cpp_practice/robot_control_ros2/install
[0.117s] DEBUG:colcon.colcon_installed_package_information.package_discovery:Found 286 installed packages in /opt/ros/jazzy
[0.118s] Level 1:colcon.colcon_core.package_discovery:discover_packages(prefix_path) using defaults
[0.138s] Level 5:colcon.colcon_core.verb:set package 'other_package' build argument 'cmake_args' from command line to 'None'
[0.138s] Level 5:colcon.colcon_core.verb:set package 'other_package' build argument 'cmake_target' from command line to 'None'
[0.138s] Level 5:colcon.colcon_core.verb:set package 'other_package' build argument 'cmake_target_skip_unavailable' from command line to 'False'
[0.138s] Level 5:colcon.colcon_core.verb:set package 'other_package' build argument 'cmake_clean_cache' from command line to 'False'
[0.138s] Level 5:colcon.colcon_core.verb:set package 'other_package' build argument 'cmake_clean_first' from command line to 'False'
[0.138s] Level 5:colcon.colcon_core.verb:set package 'other_package' build argument 'cmake_force_configure' from command line to 'False'
[0.138s] Level 5:colcon.colcon_core.verb:set package 'other_package' build argument 'ament_cmake_args' from command line to 'None'
[0.138s] Level 5:colcon.colcon_core.verb:set package 'other_package' build argument 'catkin_cmake_args' from command line to 'None'
[0.138s] Level 5:colcon.colcon_core.verb:set package 'other_package' build argument 'catkin_skip_building_tests' from command line to 'False'
[0.138s] DEBUG:colcon.colcon_core.verb:Building package 'other_package' with the following arguments: {'ament_cmake_args': None, 'build_base': '/home/chenque/cpp_practice/robot_control_ros2/build/other_package', 'catkin_cmake_args': None, 'catkin_skip_building_tests': False, 'cmake_args': None, 'cmake_clean_cache': False, 'cmake_clean_first': False, 'cmake_force_configure': False, 'cmake_target': None, 'cmake_target_skip_unavailable': False, 'install_base': '/home/chenque/cpp_practice/robot_control_ros2/install/other_package', 'merge_install': False, 'path': '/home/chenque/cpp_practice/robot_control_ros2/src/other_package', 'symlink_install': False, 'test_result_base': None}
[0.138s] Level 5:colcon.colcon_core.verb:set package 'robot_control_ros2' build argument 'cmake_args' from command line to 'None'
[0.138s] Level 5:colcon.colcon_core.verb:set package 'robot_control_ros2' build argument 'cmake_target' from command line to 'None'
[0.138s] Level 5:colcon.colcon_core.verb:set package 'robot_control_ros2' build argument 'cmake_target_skip_unavailable' from command line to 'False'
[0.138s] Level 5:colcon.colcon_core.verb:set package 'robot_control_ros2' build argument 'cmake_clean_cache' from command line to 'False'
[0.138s] Level 5:colcon.colcon_core.verb:set package 'robot_control_ros2' build argument 'cmake_clean_first' from command line to 'False'
[0.138s] Level 5:colcon.colcon_core.verb:set package 'robot_control_ros2' build argument 'cmake_force_configure' from command line to 'False'
[0.138s] Level 5:colcon.colcon_core.verb:set package 'robot_control_ros2' build argument 'ament_cmake_args' from command line to 'None'
[0.138s] Level 5:colcon.colcon_core.verb:set package 'robot_control_ros2' build argument 'catkin_cmake_args' from command line to 'None'
[0.138s] Level 5:colcon.colcon_core.verb:set package 'robot_control_ros2' build argument 'catkin_skip_building_tests' from command line to 'False'
[0.138s] DEBUG:colcon.colcon_core.verb:Building package 'robot_control_ros2' with the following arguments: {'ament_cmake_args': None, 'build_base': '/home/chenque/cpp_practice/robot_control_ros2/build/robot_control_ros2', 'catkin_cmake_args': None, 'catkin_skip_building_tests': False, 'cmake_args': None, 'cmake_clean_cache': False, 'cmake_clean_first': False, 'cmake_force_configure': False, 'cmake_target': None, 'cmake_target_skip_unavailable': False, 'install_base': '/home/chenque/cpp_practice/robot_control_ros2/install/robot_control_ros2', 'merge_install': False, 'path': '/home/chenque/cpp_practice/robot_control_ros2/src/robot_control_ros2', 'symlink_install': False, 'test_result_base': None}
[0.139s] INFO:colcon.colcon_core.executor:Executing jobs using 'parallel' executor
[0.139s] DEBUG:colcon.colcon_parallel_executor.executor.parallel:run_until_complete
[0.139s] INFO:colcon.colcon_ros.task.ament_cmake.build:Building ROS package in '/home/chenque/cpp_practice/robot_control_ros2/src/other_package' with build type 'ament_cmake'
[0.140s] INFO:colcon.colcon_cmake.task.cmake.build:Building CMake package in '/home/chenque/cpp_practice/robot_control_ros2/src/other_package'
[0.141s] INFO:colcon.colcon_core.plugin_system:Skipping extension 'colcon_core.shell.bat': Not used on non-Windows systems
[0.141s] INFO:colcon.colcon_core.shell:Skip shell extension 'powershell' for command environment: Not usable outside of PowerShell
[0.141s] DEBUG:colcon.colcon_core.shell:Skip shell extension 'dsv' for command environment
[0.144s] INFO:colcon.colcon_ros.task.ament_cmake.build:Building ROS package in '/home/chenque/cpp_practice/robot_control_ros2/src/robot_control_ros2' with build type 'ament_cmake'
[0.144s] INFO:colcon.colcon_cmake.task.cmake.build:Building CMake package in '/home/chenque/cpp_practice/robot_control_ros2/src/robot_control_ros2'
[0.144s] INFO:colcon.colcon_core.shell:Skip shell extension 'powershell' for command environment: Not usable outside of PowerShell
[0.144s] DEBUG:colcon.colcon_core.shell:Skip shell extension 'dsv' for command environment
[0.151s] DEBUG:colcon.colcon_core.event_handler.log_command:Invoking command in '/home/chenque/cpp_practice/robot_control_ros2/build/other_package': CMAKE_PREFIX_PATH=${CMAKE_PREFIX_PATH}:/opt/ros/jazzy DEBUGINFOD_URLS=https://debuginfod.ubuntu.com /usr/bin/cmake --build /home/chenque/cpp_practice/robot_control_ros2/build/other_package -- -j8 -l8
[0.153s] DEBUG:colcon.colcon_core.event_handler.log_command:Invoking command in '/home/chenque/cpp_practice/robot_control_ros2/build/robot_control_ros2': CMAKE_PREFIX_PATH=${CMAKE_PREFIX_PATH}:/opt/ros/jazzy DEBUGINFOD_URLS=https://debuginfod.ubuntu.com /usr/bin/cmake --build /home/chenque/cpp_practice/robot_control_ros2/build/robot_control_ros2 -- -j8 -l8
[0.227s] DEBUG:colcon.colcon_core.event_handler.log_command:Invoked command in '/home/chenque/cpp_practice/robot_control_ros2/build/other_package' returned '0': CMAKE_PREFIX_PATH=${CMAKE_PREFIX_PATH}:/opt/ros/jazzy DEBUGINFOD_URLS=https://debuginfod.ubuntu.com /usr/bin/cmake --build /home/chenque/cpp_practice/robot_control_ros2/build/other_package -- -j8 -l8
[0.239s] DEBUG:colcon.colcon_core.event_handler.log_command:Invoking command in '/home/chenque/cpp_practice/robot_control_ros2/build/other_package': CMAKE_PREFIX_PATH=${CMAKE_PREFIX_PATH}:/opt/ros/jazzy DEBUGINFOD_URLS=https://debuginfod.ubuntu.com /usr/bin/cmake --install /home/chenque/cpp_practice/robot_control_ros2/build/other_package
[0.276s] Level 1:colcon.colcon_core.environment:create_environment_scripts_only(other_package)
[0.278s] DEBUG:colcon.colcon_core.event_handler.log_command:Invoked command in '/home/chenque/cpp_practice/robot_control_ros2/build/other_package' returned '0': CMAKE_PREFIX_PATH=${CMAKE_PREFIX_PATH}:/opt/ros/jazzy DEBUGINFOD_URLS=https://debuginfod.ubuntu.com /usr/bin/cmake --install /home/chenque/cpp_practice/robot_control_ros2/build/other_package
[0.279s] Level 1:colcon.colcon_core.environment:checking '/home/chenque/cpp_practice/robot_control_ros2/install/other_package' for CMake module files
[0.279s] Level 1:colcon.colcon_core.environment:checking '/home/chenque/cpp_practice/robot_control_ros2/install/other_package' for CMake config files
[0.279s] Level 1:colcon.colcon_core.shell:create_environment_hook('other_package', 'cmake_prefix_path')
[0.279s] INFO:colcon.colcon_core.shell:Creating environment hook '/home/chenque/cpp_practice/robot_control_ros2/install/other_package/share/other_package/hook/cmake_prefix_path.ps1'
[0.280s] INFO:colcon.colcon_core.shell:Creating environment descriptor '/home/chenque/cpp_practice/robot_control_ros2/install/other_package/share/other_package/hook/cmake_prefix_path.dsv'
[0.280s] INFO:colcon.colcon_core.shell:Creating environment hook '/home/chenque/cpp_practice/robot_control_ros2/install/other_package/share/other_package/hook/cmake_prefix_path.sh'
[0.281s] Level 1:colcon.colcon_core.environment:checking '/home/chenque/cpp_practice/robot_control_ros2/install/other_package/lib'
[0.281s] Level 1:colcon.colcon_core.environment:checking '/home/chenque/cpp_practice/robot_control_ros2/install/other_package/bin'
[0.281s] Level 1:colcon.colcon_core.environment:checking '/home/chenque/cpp_practice/robot_control_ros2/install/other_package/lib/pkgconfig/other_package.pc'
[0.281s] Level 1:colcon.colcon_core.environment:checking '/home/chenque/cpp_practice/robot_control_ros2/install/other_package/lib/python3.12/site-packages'
[0.281s] Level 1:colcon.colcon_core.environment:checking '/home/chenque/cpp_practice/robot_control_ros2/install/other_package/bin'
[0.282s] INFO:colcon.colcon_core.shell:Creating package script '/home/chenque/cpp_practice/robot_control_ros2/install/other_package/share/other_package/package.ps1'
[0.282s] INFO:colcon.colcon_core.shell:Creating package descriptor '/home/chenque/cpp_practice/robot_control_ros2/install/other_package/share/other_package/package.dsv'
[0.283s] INFO:colcon.colcon_core.shell:Creating package script '/home/chenque/cpp_practice/robot_control_ros2/install/other_package/share/other_package/package.sh'
[0.284s] INFO:colcon.colcon_core.shell:Creating package script '/home/chenque/cpp_practice/robot_control_ros2/install/other_package/share/other_package/package.bash'
[0.284s] INFO:colcon.colcon_core.shell:Creating package script '/home/chenque/cpp_practice/robot_control_ros2/install/other_package/share/other_package/package.zsh'
[0.285s] Level 1:colcon.colcon_core.environment:create_file_with_runtime_dependencies(/home/chenque/cpp_practice/robot_control_ros2/install/other_package/share/colcon-core/packages/other_package)
[0.286s] Level 1:colcon.colcon_core.environment:create_environment_scripts_only(other_package)
[0.286s] Level 1:colcon.colcon_core.environment:checking '/home/chenque/cpp_practice/robot_control_ros2/install/other_package' for CMake module files
[0.287s] Level 1:colcon.colcon_core.environment:checking '/home/chenque/cpp_practice/robot_control_ros2/install/other_package' for CMake config files
[0.287s] Level 1:colcon.colcon_core.shell:create_environment_hook('other_package', 'cmake_prefix_path')
[0.287s] INFO:colcon.colcon_core.shell:Creating environment hook '/home/chenque/cpp_practice/robot_control_ros2/install/other_package/share/other_package/hook/cmake_prefix_path.ps1'
[0.288s] INFO:colcon.colcon_core.shell:Creating environment descriptor '/home/chenque/cpp_practice/robot_control_ros2/install/other_package/share/other_package/hook/cmake_prefix_path.dsv'
[0.288s] INFO:colcon.colcon_core.shell:Creating environment hook '/home/chenque/cpp_practice/robot_control_ros2/install/other_package/share/other_package/hook/cmake_prefix_path.sh'
[0.289s] Level 1:colcon.colcon_core.environment:checking '/home/chenque/cpp_practice/robot_control_ros2/install/other_package/lib'
[0.289s] Level 1:colcon.colcon_core.environment:checking '/home/chenque/cpp_practice/robot_control_ros2/install/other_package/bin'
[0.289s] Level 1:colcon.colcon_core.environment:checking '/home/chenque/cpp_practice/robot_control_ros2/install/other_package/lib/pkgconfig/other_package.pc'
[0.289s] Level 1:colcon.colcon_core.environment:checking '/home/chenque/cpp_practice/robot_control_ros2/install/other_package/lib/python3.12/site-packages'
[0.289s] Level 1:colcon.colcon_core.environment:checking '/home/chenque/cpp_practice/robot_control_ros2/install/other_package/bin'
[0.290s] INFO:colcon.colcon_core.shell:Creating package script '/home/chenque/cpp_practice/robot_control_ros2/install/other_package/share/other_package/package.ps1'
[0.290s] INFO:colcon.colcon_core.shell:Creating package descriptor '/home/chenque/cpp_practice/robot_control_ros2/install/other_package/share/other_package/package.dsv'
[0.290s] INFO:colcon.colcon_core.shell:Creating package script '/home/chenque/cpp_practice/robot_control_ros2/install/other_package/share/other_package/package.sh'
[0.291s] INFO:colcon.colcon_core.shell:Creating package script '/home/chenque/cpp_practice/robot_control_ros2/install/other_package/share/other_package/package.bash'
[0.291s] INFO:colcon.colcon_core.shell:Creating package script '/home/chenque/cpp_practice/robot_control_ros2/install/other_package/share/other_package/package.zsh'
[0.291s] Level 1:colcon.colcon_core.environment:create_file_with_runtime_dependencies(/home/chenque/cpp_practice/robot_control_ros2/install/other_package/share/colcon-core/packages/other_package)
[2.397s] DEBUG:colcon.colcon_core.event_handler.log_command:Invoked command in '/home/chenque/cpp_practice/robot_control_ros2/build/robot_control_ros2' returned '2': CMAKE_PREFIX_PATH=${CMAKE_PREFIX_PATH}:/opt/ros/jazzy DEBUGINFOD_URLS=https://debuginfod.ubuntu.com /usr/bin/cmake --build /home/chenque/cpp_practice/robot_control_ros2/build/robot_control_ros2 -- -j8 -l8
[2.398s] Level 1:colcon.colcon_core.environment:create_environment_scripts_only(robot_control_ros2)
[2.398s] Level 1:colcon.colcon_core.environment:checking '/home/chenque/cpp_practice/robot_control_ros2/install/robot_control_ros2' for CMake module files
[2.398s] Level 1:colcon.colcon_core.environment:checking '/home/chenque/cpp_practice/robot_control_ros2/install/robot_control_ros2' for CMake config files
[2.399s] Level 1:colcon.colcon_core.shell:create_environment_hook('robot_control_ros2', 'cmake_prefix_path')
[2.399s] INFO:colcon.colcon_core.shell:Creating environment hook '/home/chenque/cpp_practice/robot_control_ros2/install/robot_control_ros2/share/robot_control_ros2/hook/cmake_prefix_path.ps1'
[2.399s] INFO:colcon.colcon_core.shell:Creating environment descriptor '/home/chenque/cpp_practice/robot_control_ros2/install/robot_control_ros2/share/robot_control_ros2/hook/cmake_prefix_path.dsv'
[2.400s] INFO:colcon.colcon_core.shell:Creating environment hook '/home/chenque/cpp_practice/robot_control_ros2/install/robot_control_ros2/share/robot_control_ros2/hook/cmake_prefix_path.sh'
[2.400s] Level 1:colcon.colcon_core.environment:checking '/home/chenque/cpp_practice/robot_control_ros2/install/robot_control_ros2/lib'
[2.400s] Level 1:colcon.colcon_core.shell:create_environment_hook('robot_control_ros2', 'ld_library_path_lib')
[2.400s] INFO:colcon.colcon_core.shell:Creating environment hook '/home/chenque/cpp_practice/robot_control_ros2/install/robot_control_ros2/share/robot_control_ros2/hook/ld_library_path_lib.ps1'
[2.401s] INFO:colcon.colcon_core.shell:Creating environment descriptor '/home/chenque/cpp_practice/robot_control_ros2/install/robot_control_ros2/share/robot_control_ros2/hook/ld_library_path_lib.dsv'
[2.401s] INFO:colcon.colcon_core.shell:Creating environment hook '/home/chenque/cpp_practice/robot_control_ros2/install/robot_control_ros2/share/robot_control_ros2/hook/ld_library_path_lib.sh'
[2.401s] Level 1:colcon.colcon_core.environment:checking '/home/chenque/cpp_practice/robot_control_ros2/install/robot_control_ros2/bin'
[2.401s] Level 1:colcon.colcon_core.environment:checking '/home/chenque/cpp_practice/robot_control_ros2/install/robot_control_ros2/lib/pkgconfig/robot_control_ros2.pc'
[2.402s] Level 1:colcon.colcon_core.environment:checking '/home/chenque/cpp_practice/robot_control_ros2/install/robot_control_ros2/lib/python3.12/site-packages'
[2.402s] Level 1:colcon.colcon_core.shell:create_environment_hook('robot_control_ros2', 'pythonpath')
[2.402s] INFO:colcon.colcon_core.shell:Creating environment hook '/home/chenque/cpp_practice/robot_control_ros2/install/robot_control_ros2/share/robot_control_ros2/hook/pythonpath.ps1'
[2.402s] INFO:colcon.colcon_core.shell:Creating environment descriptor '/home/chenque/cpp_practice/robot_control_ros2/install/robot_control_ros2/share/robot_control_ros2/hook/pythonpath.dsv'
[2.402s] INFO:colcon.colcon_core.shell:Creating environment hook '/home/chenque/cpp_practice/robot_control_ros2/install/robot_control_ros2/share/robot_control_ros2/hook/pythonpath.sh'
[2.403s] Level 1:colcon.colcon_core.environment:checking '/home/chenque/cpp_practice/robot_control_ros2/install/robot_control_ros2/bin'
[2.403s] INFO:colcon.colcon_core.shell:Creating package script '/home/chenque/cpp_practice/robot_control_ros2/install/robot_control_ros2/share/robot_control_ros2/package.ps1'
[2.403s] INFO:colcon.colcon_core.shell:Creating package descriptor '/home/chenque/cpp_practice/robot_control_ros2/install/robot_control_ros2/share/robot_control_ros2/package.dsv'
[2.404s] INFO:colcon.colcon_core.shell:Creating package script '/home/chenque/cpp_practice/robot_control_ros2/install/robot_control_ros2/share/robot_control_ros2/package.sh'
[2.404s] INFO:colcon.colcon_core.shell:Creating package script '/home/chenque/cpp_practice/robot_control_ros2/install/robot_control_ros2/share/robot_control_ros2/package.bash'
[2.404s] INFO:colcon.colcon_core.shell:Creating package script '/home/chenque/cpp_practice/robot_control_ros2/install/robot_control_ros2/share/robot_control_ros2/package.zsh'
[2.405s] Level 1:colcon.colcon_core.environment:create_file_with_runtime_dependencies(/home/chenque/cpp_practice/robot_control_ros2/install/robot_control_ros2/share/colcon-core/packages/robot_control_ros2)
[2.415s] DEBUG:colcon.colcon_parallel_executor.executor.parallel:closing loop
[2.416s] DEBUG:colcon.colcon_parallel_executor.executor.parallel:loop closed
[2.416s] DEBUG:colcon.colcon_parallel_executor.executor.parallel:run_until_complete finished with '2'
[2.416s] DEBUG:colcon.colcon_core.event_reactor:joining thread
[2.421s] INFO:colcon.colcon_core.plugin_system:Skipping extension 'colcon_notification.desktop_notification.terminal_notifier': Not used on non-Darwin systems
[2.421s] INFO:colcon.colcon_core.plugin_system:Skipping extension 'colcon_notification.desktop_notification.win32': Not used on non-Windows systems
[2.421s] INFO:colcon.colcon_notification.desktop_notification:Sending desktop notification using 'notify2'
[2.437s] DEBUG:colcon.colcon_core.event_reactor:joined thread
[2.437s] INFO:colcon.colcon_core.shell:Creating prefix script '/home/chenque/cpp_practice/robot_control_ros2/install/local_setup.ps1'
[2.438s] INFO:colcon.colcon_core.shell:Creating prefix util module '/home/chenque/cpp_practice/robot_control_ros2/install/_local_setup_util_ps1.py'
[2.439s] INFO:colcon.colcon_core.shell:Creating prefix chain script '/home/chenque/cpp_practice/robot_control_ros2/install/setup.ps1'
[2.440s] INFO:colcon.colcon_core.shell:Creating prefix script '/home/chenque/cpp_practice/robot_control_ros2/install/local_setup.sh'
[2.440s] INFO:colcon.colcon_core.shell:Creating prefix util module '/home/chenque/cpp_practice/robot_control_ros2/install/_local_setup_util_sh.py'
[2.441s] INFO:colcon.colcon_core.shell:Creating prefix chain script '/home/chenque/cpp_practice/robot_control_ros2/install/setup.sh'
[2.441s] INFO:colcon.colcon_core.shell:Creating prefix script '/home/chenque/cpp_practice/robot_control_ros2/install/local_setup.bash'
[2.442s] INFO:colcon.colcon_core.shell:Creating prefix chain script '/home/chenque/cpp_practice/robot_control_ros2/install/setup.bash'
[2.442s] INFO:colcon.colcon_core.shell:Creating prefix script '/home/chenque/cpp_practice/robot_control_ros2/install/local_setup.zsh'
[2.443s] INFO:colcon.colcon_core.shell:Creating prefix chain script '/home/chenque/cpp_practice/robot_control_ros2/install/setup.zsh'
