[0.010s] Invoking command in '/home/chenque/cpp_practice/robot_control_ros2/build/robot_control_ros2': CMAKE_PREFIX_PATH=${CMAKE_PREFIX_PATH}:/opt/ros/jazzy DEBUGINFOD_URLS=https://debuginfod.ubuntu.com /usr/bin/cmake --build /home/chenque/cpp_practice/robot_control_ros2/build/robot_control_ros2 -- -j8 -l8
[0.065s] [  1%] Built target robot_control_ros2__rosidl_generator_type_description
[0.068s] [  5%] Built target joint_velocity_publisher
[0.068s] [  8%] Built target timer_control_node
[0.070s] [ 12%] Built target joint_velocity_subscriber
[0.072s] [ 12%] Built target ament_cmake_python_copy_robot_control_ros2
[0.087s] [ 14%] Built target robot_control_ros2__cpp
[0.088s] [ 28%] Built target robot_control_ros2__rosidl_generator_c
[0.116s] [ 42%] Built target robot_control_ros2__rosidl_typesupport_introspection_cpp
[0.116s] [ 42%] Built target robot_control_ros2__rosidl_typesupport_introspection_c
[0.116s] [ 50%] Built target robot_control_ros2__rosidl_typesupport_cpp
[0.117s] [ 57%] Built target robot_control_ros2__rosidl_typesupport_c
[0.118s] [ 64%] Built target robot_control_ros2__rosidl_typesupport_fastrtps_cpp
[0.119s] [ 71%] Built target robot_control_ros2__rosidl_typesupport_fastrtps_c
[0.141s] [ 71%] Built target robot_control_ros2
[0.145s] [ 75%] Built target robot_state_pub
[0.145s] [ 78%] Built target student_servier
[0.147s] [ 80%] [32mBuilding CXX object CMakeFiles/student_client.dir/src/student_client.cpp.o[0m
[0.162s] [ 82%] Built target robot_control_ros2__py
[0.187s] [ 87%] Built target robot_control_ros2__rosidl_generator_py
[0.211s] [ 94%] Built target robot_control_ros2_s__rosidl_typesupport_fastrtps_c
[0.211s] [ 94%] Built target robot_control_ros2_s__rosidl_typesupport_introspection_c
[0.211s] [ 98%] Built target robot_control_ros2_s__rosidl_typesupport_c
[0.254s] running egg_info
[0.265s] writing robot_control_ros2.egg-info/PKG-INFO
[0.266s] writing dependency_links to robot_control_ros2.egg-info/dependency_links.txt
[0.266s] writing top-level names to robot_control_ros2.egg-info/top_level.txt
[0.302s] reading manifest file 'robot_control_ros2.egg-info/SOURCES.txt'
[0.303s] writing manifest file 'robot_control_ros2.egg-info/SOURCES.txt'
[0.325s] [ 98%] Built target ament_cmake_python_build_robot_control_ros2_egg
[1.702s] In file included from [01m[K/opt/ros/jazzy/include/rclcpp/rclcpp/logging.hpp:24[m[K,
[1.702s]                  from [01m[K/opt/ros/jazzy/include/rclcpp/rclcpp/copy_all_parameter_values.hpp:27[m[K,
[1.702s]                  from [01m[K/opt/ros/jazzy/include/rclcpp/rclcpp/rclcpp.hpp:171[m[K,
[1.702s]                  from [01m[K/home/chenque/cpp_practice/robot_control_ros2/src/robot_control_ros2/src/student_client.cpp:1[m[K:
[1.702s] [01m[K/home/chenque/cpp_practice/robot_control_ros2/src/robot_control_ros2/src/student_client.cpp:[m[K In function ‘[01m[Kint[01;32m[K main[m[K(int, char**)[m[K’:
[1.702s] [01m[K/home/chenque/cpp_practice/robot_control_ros2/src/robot_control_ros2/src/student_client.cpp:54:47:[m[K [01;31m[Kerror: [m[K‘[01m[Kstruct rclcpp::Client<robot_control_ros2::srv::Student>::FutureAndRequestId[m[K’ has no member named ‘[01m[Kis_ok[m[K’
[1.702s]    54 |                 response.get()->num, response.[01;31m[Kis_ok[m[K ? "true" : "false");
[1.702s]       |                                               [01;31m[K^~~~~[m[K
[2.438s] gmake[2]: *** [CMakeFiles/student_client.dir/build.make:76: CMakeFiles/student_client.dir/src/student_client.cpp.o] Error 1
[2.439s] gmake[1]: *** [CMakeFiles/Makefile2:769: CMakeFiles/student_client.dir/all] Error 2
[2.439s] gmake: *** [Makefile:146: all] Error 2
[2.441s] Invoked command in '/home/chenque/cpp_practice/robot_control_ros2/build/robot_control_ros2' returned '2': CMAKE_PREFIX_PATH=${CMAKE_PREFIX_PATH}:/opt/ros/jazzy DEBUGINFOD_URLS=https://debuginfod.ubuntu.com /usr/bin/cmake --build /home/chenque/cpp_practice/robot_control_ros2/build/robot_control_ros2 -- -j8 -l8
