[0.012s] Invoking command in '/home/chenque/cpp_practice/robot_control_ros2/build/other_package': CMAKE_PREFIX_PATH=${CMAKE_PREFIX_PATH}:/opt/ros/jazzy DEBUGINFOD_URLS=https://debuginfod.ubuntu.com /usr/bin/cmake --build /home/chenque/cpp_practice/robot_control_ros2/build/other_package -- -j8 -l8
[0.083s] [ 25%] [32mBuilding CXX object CMakeFiles/self_msg_test_subscriber.dir/src/self_msg_test_subscriber.cpp.o[0m
[0.083s] [ 75%] Built target self_msg_test_publisher
[5.218s] [100%] [32m[1mLinking CXX executable self_msg_test_subscriber[0m
[5.400s] [100%] Built target self_msg_test_subscriber
[5.415s] Invoked command in '/home/chenque/cpp_practice/robot_control_ros2/build/other_package' returned '0': CMAKE_PREFIX_PATH=${CMAKE_PREFIX_PATH}:/opt/ros/jazzy DEBUGINFOD_URLS=https://debuginfod.ubuntu.com /usr/bin/cmake --build /home/chenque/cpp_practice/robot_control_ros2/build/other_package -- -j8 -l8
[5.416s] Invoking command in '/home/chenque/cpp_practice/robot_control_ros2/build/other_package': CMAKE_PREFIX_PATH=${CMAKE_PREFIX_PATH}:/opt/ros/jazzy DEBUGINFOD_URLS=https://debuginfod.ubuntu.com /usr/bin/cmake --install /home/chenque/cpp_practice/robot_control_ros2/build/other_package
[5.425s] -- Install configuration: ""
[5.425s] -- Installing: /home/chenque/cpp_practice/robot_control_ros2/install/other_package/lib/other_package/self_msg_test_publisher
[5.427s] -- Set non-toolchain portion of runtime path of "/home/chenque/cpp_practice/robot_control_ros2/install/other_package/lib/other_package/self_msg_test_publisher" to ""
[5.427s] -- Installing: /home/chenque/cpp_practice/robot_control_ros2/install/other_package/lib/other_package/self_msg_test_subscriber
[5.431s] -- Set non-toolchain portion of runtime path of "/home/chenque/cpp_practice/robot_control_ros2/install/other_package/lib/other_package/self_msg_test_subscriber" to ""
[5.431s] -- Up-to-date: /home/chenque/cpp_practice/robot_control_ros2/install/other_package/share/ament_index/resource_index/package_run_dependencies/other_package
[5.431s] -- Installing: /home/chenque/cpp_practice/robot_control_ros2/install/other_package/share/ament_index/resource_index/parent_prefix_path/other_package
[5.431s] -- Up-to-date: /home/chenque/cpp_practice/robot_control_ros2/install/other_package/share/other_package/environment/ament_prefix_path.sh
[5.431s] -- Up-to-date: /home/chenque/cpp_practice/robot_control_ros2/install/other_package/share/other_package/environment/ament_prefix_path.dsv
[5.431s] -- Up-to-date: /home/chenque/cpp_practice/robot_control_ros2/install/other_package/share/other_package/environment/path.sh
[5.431s] -- Up-to-date: /home/chenque/cpp_practice/robot_control_ros2/install/other_package/share/other_package/environment/path.dsv
[5.432s] -- Up-to-date: /home/chenque/cpp_practice/robot_control_ros2/install/other_package/share/other_package/local_setup.bash
[5.432s] -- Up-to-date: /home/chenque/cpp_practice/robot_control_ros2/install/other_package/share/other_package/local_setup.sh
[5.432s] -- Up-to-date: /home/chenque/cpp_practice/robot_control_ros2/install/other_package/share/other_package/local_setup.zsh
[5.432s] -- Up-to-date: /home/chenque/cpp_practice/robot_control_ros2/install/other_package/share/other_package/local_setup.dsv
[5.432s] -- Installing: /home/chenque/cpp_practice/robot_control_ros2/install/other_package/share/other_package/package.dsv
[5.432s] -- Up-to-date: /home/chenque/cpp_practice/robot_control_ros2/install/other_package/share/ament_index/resource_index/packages/other_package
[5.432s] -- Up-to-date: /home/chenque/cpp_practice/robot_control_ros2/install/other_package/share/other_package/cmake/other_packageConfig.cmake
[5.432s] -- Up-to-date: /home/chenque/cpp_practice/robot_control_ros2/install/other_package/share/other_package/cmake/other_packageConfig-version.cmake
[5.432s] -- Up-to-date: /home/chenque/cpp_practice/robot_control_ros2/install/other_package/share/other_package/package.xml
[5.435s] Invoked command in '/home/chenque/cpp_practice/robot_control_ros2/build/other_package' returned '0': CMAKE_PREFIX_PATH=${CMAKE_PREFIX_PATH}:/opt/ros/jazzy DEBUGINFOD_URLS=https://debuginfod.ubuntu.com /usr/bin/cmake --install /home/chenque/cpp_practice/robot_control_ros2/build/other_package
