[0.009s] Invoking command in '/home/chenque/cpp_practice/robot_control_ros2/build/robot_control_ros2': CMAKE_PREFIX_PATH=${CMAKE_PREFIX_PATH}:/opt/ros/jazzy DEBUGINFOD_URLS=https://debuginfod.ubuntu.com /usr/bin/cmake --build /home/chenque/cpp_practice/robot_control_ros2/build/robot_control_ros2 -- -j8 -l8
[0.063s] [  1%] Built target robot_control_ros2__rosidl_generator_type_description
[0.066s] [  3%] Built target joint_velocity_publisher
[0.068s] [  7%] Built target joint_velocity_subscriber
[0.068s] [  8%] Built target timer_control_node
[0.073s] [  8%] Built target ament_cmake_python_copy_robot_control_ros2
[0.085s] [ 10%] Built target robot_control_ros2__cpp
[0.089s] [ 28%] Built target robot_control_ros2__rosidl_generator_c
[0.117s] [ 51%] Built target robot_control_ros2__rosidl_typesupport_fastrtps_cpp
[0.117s] [ 51%] Built target robot_control_ros2__rosidl_typesupport_fastrtps_c
[0.117s] [ 51%] Built target robot_control_ros2__rosidl_typesupport_cpp
[0.118s] [ 61%] Built target robot_control_ros2__rosidl_typesupport_introspection_cpp
[0.119s] [ 66%] Built target robot_control_ros2__rosidl_typesupport_introspection_c
[0.120s] [ 74%] Built target robot_control_ros2__rosidl_typesupport_c
[0.146s] [ 75%] Built target robot_control_ros2
[0.147s] [ 80%] Built target student_client
[0.147s] [ 82%] Built target robot_state_pub
[0.147s] [ 82%] Built target student_servier
[0.155s] [ 83%] [32mBuilding CXX object CMakeFiles/vel_to_pos_node.dir/src/vel_to_pos_node.cpp.o[0m
[0.167s] [ 84%] Built target robot_control_ros2__py
[0.189s] [ 91%] Built target robot_control_ros2__rosidl_generator_py
[0.214s] [ 97%] Built target robot_control_ros2_s__rosidl_typesupport_fastrtps_c
[0.214s] [ 97%] Built target robot_control_ros2_s__rosidl_typesupport_c
[0.214s] [ 98%] Built target robot_control_ros2_s__rosidl_typesupport_introspection_c
[0.254s] running egg_info
[0.271s] writing robot_control_ros2.egg-info/PKG-INFO
[0.271s] writing dependency_links to robot_control_ros2.egg-info/dependency_links.txt
[0.271s] writing top-level names to robot_control_ros2.egg-info/top_level.txt
[0.306s] reading manifest file 'robot_control_ros2.egg-info/SOURCES.txt'
[0.306s] writing manifest file 'robot_control_ros2.egg-info/SOURCES.txt'
[0.328s] [ 98%] Built target ament_cmake_python_build_robot_control_ros2_egg
[1.660s] [01m[K/home/chenque/cpp_practice/robot_control_ros2/src/robot_control_ros2/src/vel_to_pos_node.cpp:[m[K In constructor ‘[01m[KVel2PosNode::[01;32m[KVel2PosNode[m[K()[m[K’:
[1.660s] [01m[K/home/chenque/cpp_practice/robot_control_ros2/src/robot_control_ros2/src/vel_to_pos_node.cpp:12:13:[m[K [01;35m[Kwarning: [m[Klist-initializer for non-class type must not be parenthesized
[1.660s]    12 |             [01;35m[Kvelocity_cmd_({0,0,0,0,0,0})[m[K,
[1.660s]       |             [01;35m[K^~~~~~~~~~~~~~~~~~~~~~~~~~~~[m[K
[1.661s] [01m[K/home/chenque/cpp_practice/robot_control_ros2/src/robot_control_ros2/src/vel_to_pos_node.cpp:13:13:[m[K [01;35m[Kwarning: [m[Klist-initializer for non-class type must not be parenthesized
[1.661s]    13 |             [01;35m[Kposition_cmd_({0,0,0,0,0,0})[m[K,
[1.661s]       |             [01;35m[K^~~~~~~~~~~~~~~~~~~~~~~~~~~~[m[K
[1.661s] [01m[K/home/chenque/cpp_practice/robot_control_ros2/src/robot_control_ros2/src/vel_to_pos_node.cpp:14:16:[m[K [01;35m[Kwarning: [m[Kconverting to ‘[01m[K_Float32[m[K’ from ‘[01m[Kdouble[m[K’ with greater conversion rank
[1.661s]    14 |             dt([01;35m[K0.02[m[K)
[1.661s]       |                [01;35m[K^~~~[m[K
[1.669s] [01m[K/home/chenque/cpp_practice/robot_control_ros2/src/robot_control_ros2/src/vel_to_pos_node.cpp:[m[K In member function ‘[01m[Kvoid Vel2PosNode::[01;32m[Ktimer_callback[m[K()[m[K’:
[1.669s] [01m[K/home/chenque/cpp_practice/robot_control_ros2/src/robot_control_ros2/src/vel_to_pos_node.cpp:37:30:[m[K [01;31m[Kerror: [m[K‘[01m[Kusing JointPositionCmd = using robot_control_ros2::msg::JointPositionCmd = struct robot_control_ros2::msg::JointPositionCmd_<std::allocator<void> >[m[K’ {aka ‘[01m[Kstruct robot_control_ros2::msg::JointPositionCmd_<std::allocator<void> >[m[K’} has no member named ‘[01m[Kposition_cmd[m[K’; did you mean ‘[01m[Kpostion_cmd[m[K’?
[1.669s]    37 |                 position_cmd.[01;31m[Kposition_cmd[m[K[i] = position_cmd_[i];
[1.669s]       |                              [01;31m[K^~~~~~~~~~~~[m[K
[1.669s]       |                              [32m[Kpostion_cmd[m[K
[3.229s] gmake[2]: *** [CMakeFiles/vel_to_pos_node.dir/build.make:76: CMakeFiles/vel_to_pos_node.dir/src/vel_to_pos_node.cpp.o] Error 1
[3.230s] gmake[1]: *** [CMakeFiles/Makefile2:799: CMakeFiles/vel_to_pos_node.dir/all] Error 2
[3.230s] gmake: *** [Makefile:146: all] Error 2
[3.233s] Invoked command in '/home/chenque/cpp_practice/robot_control_ros2/build/robot_control_ros2' returned '2': CMAKE_PREFIX_PATH=${CMAKE_PREFIX_PATH}:/opt/ros/jazzy DEBUGINFOD_URLS=https://debuginfod.ubuntu.com /usr/bin/cmake --build /home/chenque/cpp_practice/robot_control_ros2/build/robot_control_ros2 -- -j8 -l8
