[0.010s] Invoking command in '/home/chenque/cpp_practice/robot_control_ros2/build/robot_control_ros2': CMAKE_PREFIX_PATH=${CMAKE_PREFIX_PATH}:/opt/ros/jazzy DEBUGINFOD_URLS=https://debuginfod.ubuntu.com /usr/bin/cmake --build /home/chenque/cpp_practice/robot_control_ros2/build/robot_control_ros2 -- -j8 -l8
[0.064s] [  1%] Built target robot_control_ros2__rosidl_generator_type_description
[0.067s] [  5%] Built target joint_velocity_subscriber
[0.067s] [  8%] Built target joint_velocity_publisher
[0.068s] [ 12%] Built target timer_control_node
[0.074s] [ 12%] Built target ament_cmake_python_copy_robot_control_ros2
[0.085s] [ 14%] Built target robot_control_ros2__cpp
[0.087s] [ 28%] Built target robot_control_ros2__rosidl_generator_c
[0.115s] [ 35%] Built target robot_control_ros2__rosidl_typesupport_cpp
[0.118s] [ 42%] Built target robot_control_ros2__rosidl_typesupport_introspection_c
[0.120s] [ 50%] Built target robot_control_ros2__rosidl_typesupport_fastrtps_cpp
[0.120s] [ 60%] Built target robot_control_ros2__rosidl_typesupport_fastrtps_c
[0.121s] [ 64%] Built target robot_control_ros2__rosidl_typesupport_c
[0.121s] [ 71%] Built target robot_control_ros2__rosidl_typesupport_introspection_cpp
[0.146s] [ 71%] Built target robot_control_ros2
[0.149s] [ 78%] Built target student_servier
[0.149s] [ 78%] Built target robot_state_pub
[0.154s] [ 80%] [32mBuilding CXX object CMakeFiles/student_client.dir/src/student_client.cpp.o[0m
[0.175s] [ 82%] Built target robot_control_ros2__py
[0.207s] [ 87%] Built target robot_control_ros2__rosidl_generator_py
[0.239s] [ 98%] Built target robot_control_ros2_s__rosidl_typesupport_fastrtps_c
[0.239s] [ 98%] Built target robot_control_ros2_s__rosidl_typesupport_introspection_c
[0.239s] [ 98%] Built target robot_control_ros2_s__rosidl_typesupport_c
[0.275s] running egg_info
[0.293s] writing robot_control_ros2.egg-info/PKG-INFO
[0.293s] writing dependency_links to robot_control_ros2.egg-info/dependency_links.txt
[0.293s] writing top-level names to robot_control_ros2.egg-info/top_level.txt
[0.328s] reading manifest file 'robot_control_ros2.egg-info/SOURCES.txt'
[0.329s] writing manifest file 'robot_control_ros2.egg-info/SOURCES.txt'
[0.353s] [ 98%] Built target ament_cmake_python_build_robot_control_ros2_egg
[1.641s] In file included from [01m[K/opt/ros/jazzy/include/rclcpp/rclcpp/logging.hpp:24[m[K,
[1.641s]                  from [01m[K/opt/ros/jazzy/include/rclcpp/rclcpp/copy_all_parameter_values.hpp:27[m[K,
[1.641s]                  from [01m[K/opt/ros/jazzy/include/rclcpp/rclcpp/rclcpp.hpp:171[m[K,
[1.641s]                  from [01m[K/home/chenque/cpp_practice/robot_control_ros2/src/robot_control_ros2/src/student_client.cpp:1[m[K:
[1.642s] [01m[K/home/chenque/cpp_practice/robot_control_ros2/src/robot_control_ros2/src/student_client.cpp:[m[K In function ‘[01m[Kint[01;32m[K main[m[K(int, char**)[m[K’:
[1.642s] [01m[K/home/chenque/cpp_practice/robot_control_ros2/src/robot_control_ros2/src/student_client.cpp:54:38:[m[K [01;31m[Kerror: [m[K‘[01m[Kres[m[K’ was not declared in this scope
[1.642s]    54 |                 response.get()->num, [01;31m[Kres[m[K->is_ok ? "true" : "false");
[1.642s]       |                                      [01;31m[K^~~[m[K
[2.195s] gmake[2]: *** [CMakeFiles/student_client.dir/build.make:76: CMakeFiles/student_client.dir/src/student_client.cpp.o] Error 1
[2.196s] gmake[1]: *** [CMakeFiles/Makefile2:769: CMakeFiles/student_client.dir/all] Error 2
[2.196s] gmake: *** [Makefile:146: all] Error 2
[2.199s] Invoked command in '/home/chenque/cpp_practice/robot_control_ros2/build/robot_control_ros2' returned '2': CMAKE_PREFIX_PATH=${CMAKE_PREFIX_PATH}:/opt/ros/jazzy DEBUGINFOD_URLS=https://debuginfod.ubuntu.com /usr/bin/cmake --build /home/chenque/cpp_practice/robot_control_ros2/build/robot_control_ros2 -- -j8 -l8
