[0.010s] Invoking command in '/home/chenque/cpp_practice/robot_control_ros2/build/robot_control_ros2': CMAKE_PREFIX_PATH=${CMAKE_PREFIX_PATH}:/opt/ros/jazzy DEBUGINFOD_URLS=https://debuginfod.ubuntu.com /usr/bin/cmake --build /home/chenque/cpp_practice/robot_control_ros2/build/robot_control_ros2 -- -j8 -l8
[0.034s] -- Found ament_cmake: 2.5.5 (/opt/ros/jazzy/share/ament_cmake/cmake)
[0.053s] -- Found Python3: /usr/bin/python3 (found version "3.12.3") found components: Interpreter 
[0.111s] -- Found rclcpp: 28.1.16 (/opt/ros/jazzy/share/rclcpp/cmake)
[0.131s] -- Found rosidl_generator_c: 4.6.7 (/opt/ros/jazzy/share/rosidl_generator_c/cmake)
[0.136s] -- Found rosidl_generator_cpp: 4.6.7 (/opt/ros/jazzy/share/rosidl_generator_cpp/cmake)
[0.143s] -- Using all available rosidl_typesupport_c: rosidl_typesupport_fastrtps_c;rosidl_typesupport_introspection_c
[0.154s] -- Using all available rosidl_typesupport_cpp: rosidl_typesupport_fastrtps_cpp;rosidl_typesupport_introspection_cpp
[0.194s] -- Found rmw_implementation_cmake: 7.3.3 (/opt/ros/jazzy/share/rmw_implementation_cmake/cmake)
[0.195s] -- Found rmw_fastrtps_cpp: 8.4.3 (/opt/ros/jazzy/share/rmw_fastrtps_cpp/cmake)
[0.243s] -- Using RMW implementation 'rmw_fastrtps_cpp' as default
[0.288s] -- Found std_msgs: 5.3.6 (/opt/ros/jazzy/share/std_msgs/cmake)
[0.296s] -- Found rosidl_default_generators: 1.6.0 (/opt/ros/jazzy/share/rosidl_default_generators/cmake)
[0.301s] -- Found rosidl_adapter: 4.6.7 (/opt/ros/jazzy/share/rosidl_adapter/cmake)
[0.494s] -- Found ament_cmake_ros: 0.12.0 (/opt/ros/jazzy/share/ament_cmake_ros/cmake)
[0.616s] -- Using all available rosidl_typesupport_c: rosidl_typesupport_fastrtps_c;rosidl_typesupport_introspection_c
[0.669s] -- Using all available rosidl_typesupport_cpp: rosidl_typesupport_fastrtps_cpp;rosidl_typesupport_introspection_cpp
[0.670s] -- Found python_cmake_module: 0.11.1 (/opt/ros/jazzy/share/python_cmake_module/cmake)
[0.868s] -- Found Python3: /usr/bin/python3 (found version "3.12.3") found components: Interpreter Development NumPy Development.Module Development.Embed 
[0.880s] -- Found ament_lint_auto: 0.17.4 (/opt/ros/jazzy/share/ament_lint_auto/cmake)
[0.888s] -- Added test 'cppcheck' to perform static code analysis on C / C++ code
[0.888s] -- Configured cppcheck include dirs: 
[0.888s] -- Configured cppcheck exclude dirs and/or files: 
[0.889s] -- Added test 'lint_cmake' to check CMake code style
[0.890s] -- Added test 'uncrustify' to check C / C++ code style
[0.890s] -- Configured uncrustify additional arguments: 
[0.891s] -- Added test 'xmllint' to check XML markup files
[0.893s] -- Configuring done (0.9s)
[0.948s] -- Generating done (0.0s)
[0.972s] -- Build files have been written to: /home/chenque/cpp_practice/robot_control_ros2/build/robot_control_ros2
[1.023s] [  1%] Built target robot_control_ros2__rosidl_generator_type_description
[1.029s] [  8%] Built target joint_velocity_subscriber
[1.029s] [  8%] Built target joint_velocity_publisher
[1.030s] [ 12%] Built target timer_control_node
[1.033s] [ 12%] Built target ament_cmake_python_copy_robot_control_ros2
[1.049s] [ 14%] Built target robot_control_ros2__cpp
[1.051s] [ 28%] Built target robot_control_ros2__rosidl_generator_c
[1.081s] [ 35%] Built target robot_control_ros2__rosidl_typesupport_introspection_c
[1.084s] [ 42%] Built target robot_control_ros2__rosidl_typesupport_fastrtps_cpp
[1.085s] [ 50%] Built target robot_control_ros2__rosidl_typesupport_fastrtps_c
[1.086s] [ 60%] Built target robot_control_ros2__rosidl_typesupport_cpp
[1.087s] [ 64%] Built target robot_control_ros2__rosidl_typesupport_c
[1.091s] [ 71%] Built target robot_control_ros2__rosidl_typesupport_introspection_cpp
[1.115s] [ 73%] [32mBuilding CXX object CMakeFiles/student_client.dir/src/student_client.cpp.o[0m
[1.119s] [ 73%] Built target robot_control_ros2
[1.123s] [ 78%] Built target robot_state_pub
[1.123s] [ 80%] Built target student_servier
[1.144s] [ 82%] Built target robot_control_ros2__py
[1.174s] [ 87%] Built target robot_control_ros2__rosidl_generator_py
[1.202s] [ 91%] Built target robot_control_ros2_s__rosidl_typesupport_c
[1.203s] [ 94%] Built target robot_control_ros2_s__rosidl_typesupport_introspection_c
[1.204s] [ 98%] Built target robot_control_ros2_s__rosidl_typesupport_fastrtps_c
[1.226s] running egg_info
[1.241s] writing robot_control_ros2.egg-info/PKG-INFO
[1.241s] writing dependency_links to robot_control_ros2.egg-info/dependency_links.txt
[1.241s] writing top-level names to robot_control_ros2.egg-info/top_level.txt
[1.293s] reading manifest file 'robot_control_ros2.egg-info/SOURCES.txt'
[1.293s] writing manifest file 'robot_control_ros2.egg-info/SOURCES.txt'
[1.321s] [ 98%] Built target ament_cmake_python_build_robot_control_ros2_egg
[4.471s] [01m[K/home/chenque/cpp_practice/robot_control_ros2/src/robot_control_ros2/src/student_client.cpp:[m[K In member function ‘[01m[Krclcpp::Client<robot_control_ros2::srv::Student>::FutureAndRequestId ServiceClient::[01;32m[Ksend_request[m[K(int32_t, int32_t)[m[K’:
[4.471s] [01m[K/home/chenque/cpp_practice/robot_control_ros2/src/robot_control_ros2/src/student_client.cpp:30:14:[m[K [01;31m[Kerror: [m[K‘[01m[KShared_ptr[m[K’ is not a member of ‘[01m[Kstd[m[K’; did you mean ‘[01m[Kshared_ptr[m[K’?
[4.471s]    30 |         std::[01;31m[KShared_ptr[m[K<Student::Request> msg = std::make_shared<Student::Request>();
[4.471s]       |              [01;31m[K^~~~~~~~~~[m[K
[4.471s]       |              [32m[Kshared_ptr[m[K
[4.472s] [01m[K/home/chenque/cpp_practice/robot_control_ros2/src/robot_control_ros2/src/student_client.cpp:30:41:[m[K [01;31m[Kerror: [m[Kexpected primary-expression before ‘[01m[K>[m[K’ token
[4.472s]    30 |         std::Shared_ptr<Student::Request[01;31m[K>[m[K msg = std::make_shared<Student::Request>();
[4.472s]       |                                         [01;31m[K^[m[K
[4.472s] [01m[K/home/chenque/cpp_practice/robot_control_ros2/src/robot_control_ros2/src/student_client.cpp:30:43:[m[K [01;31m[Kerror: [m[K‘[01m[Kmsg[m[K’ was not declared in this scope
[4.472s]    30 |         std::Shared_ptr<Student::Request> [01;31m[Kmsg[m[K = std::make_shared<Student::Request>();
[4.472s]       |                                           [01;31m[K^~~[m[K
[4.472s] [01m[K/home/chenque/cpp_practice/robot_control_ros2/src/robot_control_ros2/src/student_client.cpp:30:43:[m[K [01;36m[Knote: [m[Ksuggested alternatives:
[4.472s] In file included from [01m[K/opt/ros/jazzy/include/rcl_interfaces/rcl_interfaces/srv/detail/list_parameters__struct.hpp:157[m[K,
[4.472s]                  from [01m[K/opt/ros/jazzy/include/rcl_interfaces/rcl_interfaces/srv/list_parameters.hpp:7[m[K,
[4.472s]                  from [01m[K/opt/ros/jazzy/include/rclcpp/rclcpp/copy_all_parameter_values.hpp:21[m[K,
[4.472s]                  from [01m[K/opt/ros/jazzy/include/rclcpp/rclcpp/rclcpp.hpp:171[m[K,
[4.472s]                  from [01m[K/home/chenque/cpp_practice/robot_control_ros2/src/robot_control_ros2/src/student_client.cpp:1[m[K:
[4.472s] [01m[K/opt/ros/jazzy/include/rcl_interfaces/rcl_interfaces/msg/detail/list_parameters_result__struct.hpp:31:11:[m[K [01;36m[Knote: [m[K  ‘[01m[Krcl_interfaces::msg[m[K’
[4.472s]    31 | namespace [01;36m[Kmsg[m[K
[4.472s]       |           [01;36m[K^~~[m[K
[4.472s] In file included from [01m[K/opt/ros/jazzy/include/service_msgs/service_msgs/msg/detail/service_event_info__struct.hpp:24[m[K,
[4.472s]                  from [01m[K/opt/ros/jazzy/include/rcl_interfaces/rcl_interfaces/srv/detail/list_parameters__struct.hpp:268[m[K:
[4.472s] [01m[K/opt/ros/jazzy/include/builtin_interfaces/builtin_interfaces/msg/detail/time__struct.hpp:31:11:[m[K [01;36m[Knote: [m[K  ‘[01m[Kbuiltin_interfaces::msg[m[K’
[4.472s]    31 | namespace [01;36m[Kmsg[m[K
[4.472s]       |           [01;36m[K^~~[m[K
[4.473s] [01m[K/opt/ros/jazzy/include/service_msgs/service_msgs/msg/detail/service_event_info__struct.hpp:35:11:[m[K [01;36m[Knote: [m[K  ‘[01m[Kservice_msgs::msg[m[K’
[4.473s]    35 | namespace [01;36m[Kmsg[m[K
[4.473s]       |           [01;36m[K^~~[m[K
[4.473s] In file included from [01m[K/opt/ros/jazzy/include/statistics_msgs/statistics_msgs/msg/detail/metrics_message__struct.hpp:27[m[K,
[4.473s]                  from [01m[K/opt/ros/jazzy/include/statistics_msgs/statistics_msgs/msg/metrics_message.hpp:7[m[K,
[4.473s]                  from [01m[K/opt/ros/jazzy/include/libstatistics_collector/libstatistics_collector/collector/generate_statistics_message.hpp:21[m[K,
[4.473s]                  from [01m[K/opt/ros/jazzy/include/rclcpp/rclcpp/topic_statistics/subscription_topic_statistics.hpp:23[m[K,
[4.473s]                  from [01m[K/opt/ros/jazzy/include/rclcpp/rclcpp/subscription.hpp:50[m[K,
[4.473s]                  from [01m[K/opt/ros/jazzy/include/rclcpp/rclcpp/any_executable.hpp:25[m[K,
[4.473s]                  from [01m[K/opt/ros/jazzy/include/rclcpp/rclcpp/memory_strategy.hpp:25[m[K,
[4.473s]                  from [01m[K/opt/ros/jazzy/include/rclcpp/rclcpp/memory_strategies.hpp:18[m[K,
[4.473s]                  from [01m[K/opt/ros/jazzy/include/rclcpp/rclcpp/executor_options.hpp:22[m[K,
[4.473s]                  from [01m[K/opt/ros/jazzy/include/rclcpp/rclcpp/executor.hpp:38[m[K,
[4.473s]                  from [01m[K/opt/ros/jazzy/include/rclcpp/rclcpp/executors/multi_threaded_executor.hpp:25[m[K,
[4.473s]                  from [01m[K/opt/ros/jazzy/include/rclcpp/rclcpp/executors.hpp:21[m[K,
[4.473s]                  from [01m[K/opt/ros/jazzy/include/rclcpp/rclcpp/rclcpp.hpp:172[m[K:
[4.473s] [01m[K/opt/ros/jazzy/include/statistics_msgs/statistics_msgs/msg/detail/statistic_data_point__struct.hpp:31:11:[m[K [01;36m[Knote: [m[K  ‘[01m[Kstatistics_msgs::msg[m[K’
[4.473s]    31 | namespace [01;36m[Kmsg[m[K
[4.473s]       |           [01;36m[K^~~[m[K
[4.476s] [01m[K/home/chenque/cpp_practice/robot_control_ros2/src/robot_control_ros2/src/student_client.cpp:[m[K In function ‘[01m[Kint[01;32m[K main[m[K(int, char**)[m[K’:
[4.476s] [01m[K/home/chenque/cpp_practice/robot_control_ros2/src/robot_control_ros2/src/student_client.cpp:42:10:[m[K [01;31m[Kerror: [m[K‘[01m[KShared_ptr[m[K’ is not a member of ‘[01m[Kstd[m[K’; did you mean ‘[01m[Kshared_ptr[m[K’?
[4.476s]    42 |     std::[01;31m[KShared_ptr[m[K<ServiceClient> client_node = std::make_shared<ServiceClient>();
[4.476s]       |          [01;31m[K^~~~~~~~~~[m[K
[4.476s]       |          [32m[Kshared_ptr[m[K
[4.476s] [01m[K/home/chenque/cpp_practice/robot_control_ros2/src/robot_control_ros2/src/student_client.cpp:42:34:[m[K [01;31m[Kerror: [m[Kexpected primary-expression before ‘[01m[K>[m[K’ token
[4.476s]    42 |     std::Shared_ptr<ServiceClient[01;31m[K>[m[K client_node = std::make_shared<ServiceClient>();
[4.476s]       |                                  [01;31m[K^[m[K
[4.479s] [01m[K/home/chenque/cpp_practice/robot_control_ros2/src/robot_control_ros2/src/student_client.cpp:42:36:[m[K [01;31m[Kerror: [m[K‘[01m[Kclient_node[m[K’ was not declared in this scope
[4.480s]    42 |     std::Shared_ptr<ServiceClient> [01;31m[Kclient_node[m[K = std::make_shared<ServiceClient>();
[4.480s]       |                                    [01;31m[K^~~~~~~~~~~[m[K
[4.485s] [01m[K/home/chenque/cpp_practice/robot_control_ros2/src/robot_control_ros2/src/student_client.cpp:43:17:[m[K [01;31m[Kerror: [m[K‘[01m[Kclinet[m[K’ was not declared in this scope; did you mean ‘[01m[Kclone[m[K’?
[4.485s]    43 |     bool flag = [01;31m[Kclinet[m[K->waitConncet();
[4.485s]       |                 [01;31m[K^~~~~~[m[K
[4.485s]       |                 [32m[Kclone[m[K
[4.485s] In file included from [01m[K/opt/ros/jazzy/include/rclcpp/rclcpp/copy_all_parameter_values.hpp:27[m[K:
[4.486s] [01m[K/home/chenque/cpp_practice/robot_control_ros2/src/robot_control_ros2/src/student_client.cpp:46:39:[m[K [01;31m[Kerror: [m[Ktoo many arguments to function ‘[01m[Krclcpp::Logger rclcpp::[01;32m[Kget_logger[m[K(const std::string&)[m[K’
[4.486s]    46 |         RCLCPP_INFO([01;31m[Krclcpp::get_logger("rclcpp", "service connecting fail..")[m[K);
[4.486s]       |                     [01;31m[K~~~~~~~~~~~~~~~~~~^~~~~~~~~~~~~~~~~~~~~~~~~~~~~~~~~~~~~~~[m[K
[4.486s] In file included from [01m[K/opt/ros/jazzy/include/rclcpp/rclcpp/copy_all_parameter_values.hpp:26[m[K:
[4.486s] [01m[K/opt/ros/jazzy/include/rclcpp/rclcpp/logger.hpp:107:17:[m[K [01;36m[Knote: [m[Kdeclared here
[4.486s]   107 |   friend Logger [01;36m[Krclcpp[m[K::get_logger(const std::string & name);
[4.486s]       |                 [01;36m[K^~~~~~[m[K
[4.486s] [01m[K/home/chenque/cpp_practice/robot_control_ros2/src/robot_control_ros2/src/student_client.cpp:46:39:[m[K [01;31m[Kerror: [m[Ktoo many arguments to function ‘[01m[Krclcpp::Logger rclcpp::[01;32m[Kget_logger[m[K(const std::string&)[m[K’
[4.486s]    46 |         RCLCPP_INFO([01;31m[Krclcpp::get_logger("rclcpp", "service connecting fail..")[m[K);
[4.486s]       |                     [01;31m[K~~~~~~~~~~~~~~~~~~^~~~~~~~~~~~~~~~~~~~~~~~~~~~~~~~~~~~~~~[m[K
[4.486s] [01m[K/opt/ros/jazzy/include/rclcpp/rclcpp/logger.hpp:107:17:[m[K [01;36m[Knote: [m[Kdeclared here
[4.487s]   107 |   friend Logger [01;36m[Krclcpp[m[K::get_logger(const std::string & name);
[4.487s]       |                 [01;36m[K^~~~~~[m[K
[4.487s] In file included from [01m[K/opt/ros/jazzy/include/rclcpp/rclcpp/logging.hpp:24[m[K:
[4.487s] [01m[K/home/chenque/cpp_practice/robot_control_ros2/src/robot_control_ros2/src/student_client.cpp:46:39:[m[K [01;31m[Kerror: [m[Ktoo many arguments to function ‘[01m[Krclcpp::Logger rclcpp::[01;32m[Kget_logger[m[K(const std::string&)[m[K’
[4.487s]    46 |         RCLCPP_INFO([01;31m[Krclcpp::get_logger("rclcpp", "service connecting fail..")[m[K);
[4.487s]       |                     [01;31m[K~~~~~~~~~~~~~~~~~~^~~~~~~~~~~~~~~~~~~~~~~~~~~~~~~~~~~~~~~[m[K
[4.487s] [01m[K/opt/ros/jazzy/include/rclcpp/rclcpp/logger.hpp:107:17:[m[K [01;36m[Knote: [m[Kdeclared here
[4.487s]   107 |   friend Logger [01;36m[Krclcpp[m[K::get_logger(const std::string & name);
[4.487s]       |                 [01;36m[K^~~~~~[m[K
[4.487s] [01m[K/home/chenque/cpp_practice/robot_control_ros2/src/robot_control_ros2/src/student_client.cpp:46:39:[m[K [01;31m[Kerror: [m[Ktoo many arguments to function ‘[01m[Krclcpp::Logger rclcpp::[01;32m[Kget_logger[m[K(const std::string&)[m[K’
[4.487s]    46 |         RCLCPP_INFO([01;31m[Krclcpp::get_logger("rclcpp", "service connecting fail..")[m[K);
[4.487s]       |                     [01;31m[K~~~~~~~~~~~~~~~~~~^~~~~~~~~~~~~~~~~~~~~~~~~~~~~~~~~~~~~~~[m[K
[4.487s] [01m[K/opt/ros/jazzy/include/rclcpp/rclcpp/logger.hpp:107:17:[m[K [01;36m[Knote: [m[Kdeclared here
[4.488s]   107 |   friend Logger [01;36m[Krclcpp[m[K::get_logger(const std::string & name);
[4.488s]       |                 [01;36m[K^~~~~~[m[K
[4.488s] [01m[K/home/chenque/cpp_practice/robot_control_ros2/src/robot_control_ros2/src/student_client.cpp:46:9:[m[K [01;31m[Kerror: [m[Kexpected primary-expression before ‘[01m[K)[m[K’ token
[4.488s]    46 |         [01;31m[KRCLCPP_INFO[m[K(rclcpp::get_logger("rclcpp", "service connecting fail.."));
[4.488s]       |         [01;31m[K^~~~~~~~~~~[m[K
[4.488s] [01m[K/home/chenque/cpp_practice/robot_control_ros2/src/robot_control_ros2/src/student_client.cpp:49:5:[m[K [01;31m[Kerror: [m[K‘[01m[Kclcpp[m[K’ has not been declared
[4.488s]    49 |     [01;31m[Kclcpp[m[K::Client<Student>::FutureAndRequestId response = client_node->set_request(1, 2);
[4.488s]       |     [01;31m[K^~~~~[m[K
[4.488s] [01m[K/home/chenque/cpp_practice/robot_control_ros2/src/robot_control_ros2/src/student_client.cpp:49:26:[m[K [01;31m[Kerror: [m[Kexpected primary-expression before ‘[01m[K>[m[K’ token
[4.488s]    49 |     clcpp::Client<Student[01;31m[K>[m[K::FutureAndRequestId response = client_node->set_request(1, 2);
[4.488s]       |                          [01;31m[K^[m[K
[4.489s] [01m[K/home/chenque/cpp_practice/robot_control_ros2/src/robot_control_ros2/src/student_client.cpp:49:29:[m[K [01;31m[Kerror: [m[K‘[01m[K::FutureAndRequestId[m[K’ has not been declared; did you mean ‘[01m[Krclcpp::detail::FutureAndRequestId[m[K’?
[4.489s]    49 |     clcpp::Client<Student>::[01;31m[KFutureAndRequestId[m[K response = client_node->set_request(1, 2);
[4.489s]       |                             [01;31m[K^~~~~~~~~~~~~~~~~~[m[K
[4.489s]       |                             [32m[Krclcpp::detail::FutureAndRequestId[m[K
[4.489s] In file included from [01m[K/opt/ros/jazzy/include/rclcpp/rclcpp/callback_group.hpp:24[m[K,
[4.489s]                  from [01m[K/opt/ros/jazzy/include/rclcpp/rclcpp/any_executable.hpp:20[m[K:
[4.489s] [01m[K/opt/ros/jazzy/include/rclcpp/rclcpp/client.hpp:61:8:[m[K [01;36m[Knote: [m[K‘[01m[Krclcpp::detail::FutureAndRequestId[m[K’ declared here
[4.489s]    61 | struct [01;36m[KFutureAndRequestId[m[K
[4.489s]       |        [01;36m[K^~~~~~~~~~~~~~~~~~[m[K
[4.489s] [01m[K/home/chenque/cpp_practice/robot_control_ros2/src/robot_control_ros2/src/student_client.cpp:50:9:[m[K [01;31m[Kerror: [m[K‘[01m[Krcl[m[K’ has not been declared
[4.489s]    50 |     if ([01;31m[Krcl[m[K::spin_until_future_complete(client_node, response) == rclcpp::FutureReturnCode::SUCCESS)
[4.489s]       |         [01;31m[K^~~[m[K
[4.489s] [01m[K/home/chenque/cpp_practice/robot_control_ros2/src/robot_control_ros2/src/student_client.cpp:50:54:[m[K [01;31m[Kerror: [m[K‘[01m[Kresponse[m[K’ was not declared in this scope
[4.489s]    50 |     if (rcl::spin_until_future_complete(client_node, [01;31m[Kresponse[m[K) == rclcpp::FutureReturnCode::SUCCESS)
[4.490s]       |                                                      [01;31m[K^~~~~~~~[m[K
[4.490s] [01m[K/home/chenque/cpp_practice/robot_control_ros2/src/robot_control_ros2/src/student_client.cpp:52:21:[m[K [01;31m[Kerror: [m[K‘[01m[Kclient[m[K’ was not declared in this scope
[4.490s]    52 |         RCLCPP_INFO([01;31m[Kclient[m[K->get_logger(),"请求正常处理");
[4.490s]       |                     [01;31m[K^~~~~~[m[K
[4.490s] [01m[K/home/chenque/cpp_practice/robot_control_ros2/src/robot_control_ros2/src/student_client.cpp:52:9:[m[K [01;31m[Kerror: [m[Ktemplate argument 1 is invalid
[4.490s]    52 |         [01;31m[KRCLCPP_INFO[m[K(client->get_logger(),"请求正常处理");
[4.490s]       |         [01;31m[K^~~~~~~~~~~[m[K
[4.492s] [01m[K/home/chenque/cpp_practice/robot_control_ros2/src/robot_control_ros2/src/student_client.cpp:53:21:[m[K [01;31m[Kerror: [m[K‘[01m[Kclient[m[K’ was not declared in this scope
[4.492s]    53 |         RCLCPP_INFO([01;31m[Kclient[m[K->get_logger(),"响应结果:%d!", response.get()->sum);
[4.492s]       |                     [01;31m[K^~~~~~[m[K
[4.492s] [01m[K/home/chenque/cpp_practice/robot_control_ros2/src/robot_control_ros2/src/student_client.cpp:53:9:[m[K [01;31m[Kerror: [m[Ktemplate argument 1 is invalid
[4.492s]    53 |         [01;31m[KRCLCPP_INFO[m[K(client->get_logger(),"响应结果:%d!", response.get()->sum);
[4.492s]       |         [01;31m[K^~~~~~~~~~~[m[K
[4.494s] [01m[K/home/chenque/cpp_practice/robot_control_ros2/src/robot_control_ros2/src/student_client.cpp:56:21:[m[K [01;31m[Kerror: [m[K‘[01m[Kclient[m[K’ was not declared in this scope
[4.494s]    56 |         RCLCPP_INFO([01;31m[Kclient[m[K->get_logger(),"请求异常");
[4.494s]       |                     [01;31m[K^~~~~~[m[K
[4.494s] [01m[K/home/chenque/cpp_practice/robot_control_ros2/src/robot_control_ros2/src/student_client.cpp:56:9:[m[K [01;31m[Kerror: [m[Ktemplate argument 1 is invalid
[4.494s]    56 |         [01;31m[KRCLCPP_INFO[m[K(client->get_logger(),"请求异常");
[4.494s]       |         [01;31m[K^~~~~~~~~~~[m[K
[5.806s] gmake[2]: *** [CMakeFiles/student_client.dir/build.make:76: CMakeFiles/student_client.dir/src/student_client.cpp.o] Error 1
[5.806s] gmake[1]: *** [CMakeFiles/Makefile2:769: CMakeFiles/student_client.dir/all] Error 2
[5.808s] gmake: *** [Makefile:146: all] Error 2
[5.811s] Invoked command in '/home/chenque/cpp_practice/robot_control_ros2/build/robot_control_ros2' returned '2': CMAKE_PREFIX_PATH=${CMAKE_PREFIX_PATH}:/opt/ros/jazzy DEBUGINFOD_URLS=https://debuginfod.ubuntu.com /usr/bin/cmake --build /home/chenque/cpp_practice/robot_control_ros2/build/robot_control_ros2 -- -j8 -l8
