[  1%] Built target robot_control_ros2__rosidl_generator_type_description
[  5%] Built target joint_velocity_publisher
[  9%] Built target joint_velocity_subscriber
[ 12%] Built target timer_control_node
[ 12%] Built target ament_cmake_python_copy_robot_control_ros2
[ 14%] Built target robot_control_ros2__cpp
[ 29%] Built target robot_control_ros2__rosidl_generator_c
[ 37%] Built target robot_control_ros2__rosidl_typesupport_cpp
[ 44%] Built target robot_control_ros2__rosidl_typesupport_c
[ 66%] Built target robot_control_ros2__rosidl_typesupport_fastrtps_c
[ 66%] Built target robot_control_ros2__rosidl_typesupport_fastrtps_cpp
[ 66%] Built target robot_control_ros2__rosidl_typesupport_introspection_cpp
[ 74%] Built target robot_control_ros2__rosidl_typesupport_introspection_c
[ 79%] Built target robot_state_pub
[ 79%] [32mBuilding CXX object CMakeFiles/student_servier.dir/src/student_servier.cpp.o[0m
[ 79%] Built target robot_control_ros2
[ 81%] Built target robot_control_ros2__py
[ 87%] Built target robot_control_ros2__rosidl_generator_py
[ 92%] Built target robot_control_ros2_s__rosidl_typesupport_fastrtps_c
[ 94%] Built target robot_control_ros2_s__rosidl_typesupport_introspection_c
[ 98%] Built target robot_control_ros2_s__rosidl_typesupport_c
running egg_info
writing robot_control_ros2.egg-info/PKG-INFO
writing dependency_links to robot_control_ros2.egg-info/dependency_links.txt
writing top-level names to robot_control_ros2.egg-info/top_level.txt
reading manifest file 'robot_control_ros2.egg-info/SOURCES.txt'
writing manifest file 'robot_control_ros2.egg-info/SOURCES.txt'
[ 98%] Built target ament_cmake_python_build_robot_control_ros2_egg
