[  1%] Built target robot_control_ros2__rosidl_generator_type_description
[  3%] Built target joint_velocity_publisher
[  6%] Built target joint_velocity_subscriber
[  8%] Built target timer_control_node
[  8%] Built target ament_cmake_python_copy_robot_control_ros2
[ 10%] Built target robot_control_ros2__cpp
[ 28%] Built target robot_control_ros2__rosidl_generator_c
[ 41%] Built target robot_control_ros2__rosidl_typesupport_fastrtps_c
[ 43%] Built target robot_control_ros2__rosidl_typesupport_cpp
[ 51%] Built target robot_control_ros2__rosidl_typesupport_introspection_c
[ 66%] Built target robot_control_ros2__rosidl_typesupport_fastrtps_cpp
[ 66%] Built target robot_control_ros2__rosidl_typesupport_c
[ 74%] Built target robot_control_ros2__rosidl_typesupport_introspection_cpp
[ 74%] Built target robot_control_ros2
[ 79%] Built target student_servier
[ 79%] Built target student_client
[ 82%] Built target robot_state_pub
[ 83%] [32mBuilding CXX object CMakeFiles/vel_to_pos_node.dir/src/vel_to_pos_node.cpp.o[0m
[ 84%] Built target robot_control_ros2__py
[ 91%] Built target robot_control_ros2__rosidl_generator_py
running egg_info
writing robot_control_ros2.egg-info/PKG-INFO
writing dependency_links to robot_control_ros2.egg-info/dependency_links.txt
writing top-level names to robot_control_ros2.egg-info/top_level.txt
[ 93%] Built target robot_control_ros2_s__rosidl_typesupport_introspection_c
[ 96%] Built target robot_control_ros2_s__rosidl_typesupport_fastrtps_c
[ 98%] Built target robot_control_ros2_s__rosidl_typesupport_c
reading manifest file 'robot_control_ros2.egg-info/SOURCES.txt'
writing manifest file 'robot_control_ros2.egg-info/SOURCES.txt'
[ 98%] Built target ament_cmake_python_build_robot_control_ros2_egg
