[0.009s] Invoking command in '/home/chenque/cpp_practice/robot_control_ros2/build/robot_control_ros2': CMAKE_PREFIX_PATH=${CMAKE_PREFIX_PATH}:/opt/ros/jazzy DEBUGINFOD_URLS=https://debuginfod.ubuntu.com /usr/bin/cmake --build /home/chenque/cpp_practice/robot_control_ros2/build/robot_control_ros2 -- -j8 -l8
[0.068s] [  1%] Built target robot_control_ros2__rosidl_generator_type_description
[0.073s] [  3%] Built target joint_velocity_publisher
[0.074s] [  6%] Built target joint_velocity_subscriber
[0.075s] [  8%] Built target timer_control_node
[0.077s] [  8%] Built target ament_cmake_python_copy_robot_control_ros2
[0.090s] [ 10%] Built target robot_control_ros2__cpp
[0.098s] [ 28%] Built target robot_control_ros2__rosidl_generator_c
[0.130s] [ 41%] Built target robot_control_ros2__rosidl_typesupport_fastrtps_c
[0.130s] [ 43%] Built target robot_control_ros2__rosidl_typesupport_cpp
[0.130s] [ 51%] Built target robot_control_ros2__rosidl_typesupport_introspection_c
[0.130s] [ 66%] Built target robot_control_ros2__rosidl_typesupport_fastrtps_cpp
[0.130s] [ 66%] Built target robot_control_ros2__rosidl_typesupport_c
[0.134s] [ 74%] Built target robot_control_ros2__rosidl_typesupport_introspection_cpp
[0.159s] [ 74%] Built target robot_control_ros2
[0.162s] [ 79%] Built target student_servier
[0.162s] [ 79%] Built target student_client
[0.162s] [ 82%] Built target robot_state_pub
[0.162s] [ 83%] [32mBuilding CXX object CMakeFiles/vel_to_pos_node.dir/src/vel_to_pos_node.cpp.o[0m
[0.183s] [ 84%] Built target robot_control_ros2__py
[0.211s] [ 91%] Built target robot_control_ros2__rosidl_generator_py
[0.223s] running egg_info
[0.235s] writing robot_control_ros2.egg-info/PKG-INFO
[0.236s] writing dependency_links to robot_control_ros2.egg-info/dependency_links.txt
[0.236s] writing top-level names to robot_control_ros2.egg-info/top_level.txt
[0.238s] [ 93%] Built target robot_control_ros2_s__rosidl_typesupport_introspection_c
[0.238s] [ 96%] Built target robot_control_ros2_s__rosidl_typesupport_fastrtps_c
[0.238s] [ 98%] Built target robot_control_ros2_s__rosidl_typesupport_c
[0.266s] reading manifest file 'robot_control_ros2.egg-info/SOURCES.txt'
[0.266s] writing manifest file 'robot_control_ros2.egg-info/SOURCES.txt'
[0.287s] [ 98%] Built target ament_cmake_python_build_robot_control_ros2_egg
[1.496s] [01m[K/home/chenque/cpp_practice/robot_control_ros2/src/robot_control_ros2/src/vel_to_pos_node.cpp:[m[K In constructor ‘[01m[KVel2PosNode::[01;32m[KVel2PosNode[m[K()[m[K’:
[1.496s] [01m[K/home/chenque/cpp_practice/robot_control_ros2/src/robot_control_ros2/src/vel_to_pos_node.cpp:12:13:[m[K [01;35m[Kwarning: [m[Klist-initializer for non-class type must not be parenthesized
[1.496s]    12 |             [01;35m[Kvelocity_cmd_({0,0,0,0,0,0})[m[K,
[1.496s]       |             [01;35m[K^~~~~~~~~~~~~~~~~~~~~~~~~~~~[m[K
[1.497s] [01m[K/home/chenque/cpp_practice/robot_control_ros2/src/robot_control_ros2/src/vel_to_pos_node.cpp:13:13:[m[K [01;35m[Kwarning: [m[Klist-initializer for non-class type must not be parenthesized
[1.497s]    13 |             [01;35m[Kposition_cmd_({0,0,0,0,0,0})[m[K,
[1.497s]       |             [01;35m[K^~~~~~~~~~~~~~~~~~~~~~~~~~~~[m[K
[1.497s] [01m[K/home/chenque/cpp_practice/robot_control_ros2/src/robot_control_ros2/src/vel_to_pos_node.cpp:14:16:[m[K [01;35m[Kwarning: [m[Kconverting to ‘[01m[K_Float32[m[K’ from ‘[01m[Kdouble[m[K’ with greater conversion rank
[1.497s]    14 |             dt([01;35m[K0.02[m[K)
[1.497s]       |                [01;35m[K^~~~[m[K
[1.497s] In file included from [01m[K/opt/ros/jazzy/include/rclcpp/rclcpp/utilities.hpp:19[m[K,
[1.497s]                  from [01m[K/opt/ros/jazzy/include/rclcpp/rclcpp/logging.hpp:25[m[K,
[1.497s]                  from [01m[K/opt/ros/jazzy/include/rclcpp/rclcpp/copy_all_parameter_values.hpp:27[m[K,
[1.497s]                  from [01m[K/opt/ros/jazzy/include/rclcpp/rclcpp/rclcpp.hpp:171[m[K,
[1.497s]                  from [01m[K/home/chenque/cpp_practice/robot_control_ros2/src/robot_control_ros2/src/vel_to_pos_node.cpp:1[m[K:
[1.497s] /usr/include/c++/13/functional: In instantiation of ‘[01m[Kstruct std::_Bind_check_arity<void (Vel2PosNode::*)(const robot_control_ros2::msg::JointVelocityCmd_<std::allocator<void> >&), Vel2PosNode*>[m[K’:
[1.497s] [01m[K/usr/include/c++/13/functional:859:12:[m[K   required from ‘[01m[Kstruct std::_Bind_helper<false, void (Vel2PosNode::*)(const robot_control_ros2::msg::JointVelocityCmd_<std::allocator<void> >&), Vel2PosNode*>[m[K’
[1.498s] [01m[K/usr/include/c++/13/functional:881:5:[m[K   required by substitution of ‘[01m[Ktemplate<class _Func, class ... _BoundArgs> typename std::_Bind_helper<std::__is_socketlike<_Func>::value, _Func, _BoundArgs ...>::type std::[01;32m[Kbind[m[K(_Func&&, _BoundArgs&& ...) [35m[K[with _Func = void (Vel2PosNode::*)(const robot_control_ros2::msg::JointVelocityCmd_<std::allocator<void> >&); _BoundArgs = {Vel2PosNode*}][m[K[m[K’
[1.498s] [01m[K/home/chenque/cpp_practice/robot_control_ros2/src/robot_control_ros2/src/vel_to_pos_node.cpp:17:26:[m[K   required from here
[1.498s] [01m[K/usr/include/c++/13/functional:847:21:[m[K [01;31m[Kerror: [m[Kstatic assertion failed: Wrong number of arguments for pointer-to-member
[1.498s]   846 |       static_assert(_Varargs::[01;31m[Kvalue[m[K
[1.498s]       |                               [01;31m[K~~~~~[m[K
[1.498s]   847 | [01;31m[K                    ? sizeof...(_BoundArgs) >= _Arity::value + 1[m[K
[1.498s]       |                     [01;31m[K^~~~~~~~~~~~~~~~~~~~~~~~~~~~~~~~~~~~~~~~~~~~[m[K
[1.498s]   848 | [01;31m[K                    : sizeof...(_BoundArgs) == _Arity::value + 1[m[K,
[1.498s]       |                     [01;31m[K~~~~~~~~~~~~~~~~~~~~~~~~~~~~~~~~~~~~~~~~~~~~[m[K
[1.498s] [01m[K/usr/include/c++/13/functional:847:21:[m[K [01;36m[Knote: [m[K‘[01m[K(false ? (1 >= (((long unsigned int)std::integral_constant<long unsigned int, 1>::value) + 1)) : (1 == (((long unsigned int)std::integral_constant<long unsigned int, 1>::value) + 1)))[m[K’ evaluates to false
[1.504s] [01m[K/home/chenque/cpp_practice/robot_control_ros2/src/robot_control_ros2/src/vel_to_pos_node.cpp:[m[K In member function ‘[01m[Kvoid Vel2PosNode::[01;32m[Ksub_callback[m[K(const JointVelocityCmd&)[m[K’:
[1.504s] [01m[K/home/chenque/cpp_practice/robot_control_ros2/src/robot_control_ros2/src/vel_to_pos_node.cpp:28:39:[m[K [01;31m[Kerror: [m[Kno match for ‘[01m[Koperator[][m[K’ (operand types are ‘[01m[Kconst JointVelocityCmd[m[K’ {aka ‘[01m[Kconst robot_control_ros2::msg::JointVelocityCmd_<std::allocator<void> >[m[K’} and ‘[01m[Kint[m[K’)
[1.504s]    28 |                 velocity_cmd_[i] = vel[01;31m[K[[m[Ki];
[1.504s]       |                                       [01;31m[K^[m[K
[1.505s] [01m[K/home/chenque/cpp_practice/robot_control_ros2/src/robot_control_ros2/src/vel_to_pos_node.cpp:[m[K In member function ‘[01m[Kvoid Vel2PosNode::[01;32m[Ktimer_callback[m[K()[m[K’:
[1.505s] [01m[K/home/chenque/cpp_practice/robot_control_ros2/src/robot_control_ros2/src/vel_to_pos_node.cpp:37:29:[m[K [01;31m[Kerror: [m[Kno match for ‘[01m[Koperator[][m[K’ (operand types are ‘[01m[KJointPositionCmd[m[K’ {aka ‘[01m[Krobot_control_ros2::msg::JointPositionCmd_<std::allocator<void> >[m[K’} and ‘[01m[Kint[m[K’)
[1.505s]    37 |                 position_cmd[01;31m[K[[m[Ki] = position_cmd_[i];
[1.505s]       |                             [01;31m[K^[m[K
[1.929s] In file included from [01m[K/opt/ros/jazzy/include/rclcpp/rclcpp/subscription_base.hpp:32[m[K,
[1.930s]                  from [01m[K/opt/ros/jazzy/include/rclcpp/rclcpp/callback_group.hpp:29[m[K,
[1.930s]                  from [01m[K/opt/ros/jazzy/include/rclcpp/rclcpp/any_executable.hpp:20[m[K,
[1.930s]                  from [01m[K/opt/ros/jazzy/include/rclcpp/rclcpp/memory_strategy.hpp:25[m[K,
[1.930s]                  from [01m[K/opt/ros/jazzy/include/rclcpp/rclcpp/memory_strategies.hpp:18[m[K,
[1.930s]                  from [01m[K/opt/ros/jazzy/include/rclcpp/rclcpp/executor_options.hpp:22[m[K,
[1.930s]                  from [01m[K/opt/ros/jazzy/include/rclcpp/rclcpp/executor.hpp:38[m[K,
[1.930s]                  from [01m[K/opt/ros/jazzy/include/rclcpp/rclcpp/executors/multi_threaded_executor.hpp:25[m[K,
[1.930s]                  from [01m[K/opt/ros/jazzy/include/rclcpp/rclcpp/executors.hpp:21[m[K,
[1.930s]                  from [01m[K/opt/ros/jazzy/include/rclcpp/rclcpp/rclcpp.hpp:172[m[K:
[1.930s] /opt/ros/jazzy/include/rclcpp/rclcpp/any_subscription_callback.hpp: In instantiation of ‘[01m[Krclcpp::AnySubscriptionCallback<MessageT, AllocatorT> rclcpp::AnySubscriptionCallback<MessageT, AllocatorT>::[01;32m[Kset[m[K(CallbackT) [35m[K[with CallbackT = std::_Bind<void (Vel2PosNode::*(Vel2PosNode*))(const robot_control_ros2::msg::JointVelocityCmd_<std::allocator<void> >&)>; MessageT = robot_control_ros2::msg::JointVelocityCmd_<std::allocator<void> >; AllocatorT = std::allocator<void>][m[K[m[K’:
[1.930s] [01m[K/opt/ros/jazzy/include/rclcpp/rclcpp/subscription_factory.hpp:93:32:[m[K   required from ‘[01m[Krclcpp::SubscriptionFactory rclcpp::[01;32m[Kcreate_subscription_factory[m[K(CallbackT&&, const SubscriptionOptionsWithAllocator<AllocatorT>&, typename MessageMemoryStrategyT::SharedPtr, std::shared_ptr<topic_statistics::SubscriptionTopicStatistics>) [35m[K[with MessageT = robot_control_ros2::msg::JointVelocityCmd_<std::allocator<void> >; CallbackT = std::_Bind<void (Vel2PosNode::*(Vel2PosNode*))(const robot_control_ros2::msg::JointVelocityCmd_<std::allocator<void> >&)>; AllocatorT = std::allocator<void>; SubscriptionT = Subscription<robot_control_ros2::msg::JointVelocityCmd_<std::allocator<void> > >; MessageMemoryStrategyT = message_memory_strategy::MessageMemoryStrategy<robot_control_ros2::msg::JointVelocityCmd_<std::allocator<void> >, std::allocator<void> >; typename MessageMemoryStrategyT::SharedPtr = std::shared_ptr<message_memory_strategy::MessageMemoryStrategy<robot_control_ros2::msg::JointVelocityCmd_<std::allocator<void> >, std::allocator<void> > >][m[K[m[K’
[1.930s] [01m[K/opt/ros/jazzy/include/rclcpp/rclcpp/create_subscription.hpp:121:63:[m[K   required from ‘[01m[Kstd::shared_ptr<ROSMessageT> rclcpp::detail::[01;32m[Kcreate_subscription[m[K(NodeParametersT&, NodeTopicsT&, const std::string&, const rclcpp::QoS&, CallbackT&&, const rclcpp::SubscriptionOptionsWithAllocator<AllocatorT>&, typename MessageMemoryStrategyT::SharedPtr) [35m[K[with MessageT = robot_control_ros2::msg::JointVelocityCmd_<std::allocator<void> >; CallbackT = std::_Bind<void (Vel2PosNode::*(Vel2PosNode*))(const robot_control_ros2::msg::JointVelocityCmd_<std::allocator<void> >&)>; AllocatorT = std::allocator<void>; SubscriptionT = rclcpp::Subscription<robot_control_ros2::msg::JointVelocityCmd_<std::allocator<void> > >; MessageMemoryStrategyT = rclcpp::message_memory_strategy::MessageMemoryStrategy<robot_control_ros2::msg::JointVelocityCmd_<std::allocator<void> >, std::allocator<void> >; NodeParametersT = rclcpp::Node; NodeTopicsT = rclcpp::Node; std::string = std::__cxx11::basic_string<char>; typename MessageMemoryStrategyT::SharedPtr = std::shared_ptr<rclcpp::message_memory_strategy::MessageMemoryStrategy<robot_control_ros2::msg::JointVelocityCmd_<std::allocator<void> >, std::allocator<void> > >][m[K[m[K’
[1.930s] [01m[K/opt/ros/jazzy/include/rclcpp/rclcpp/create_subscription.hpp:190:76:[m[K   required from ‘[01m[Kstd::shared_ptr<ROSMessageT> rclcpp::[01;32m[Kcreate_subscription[m[K(NodeT&, const std::string&, const QoS&, CallbackT&&, const SubscriptionOptionsWithAllocator<AllocatorT>&, typename MessageMemoryStrategyT::SharedPtr) [35m[K[with MessageT = robot_control_ros2::msg::JointVelocityCmd_<std::allocator<void> >; CallbackT = std::_Bind<void (Vel2PosNode::*(Vel2PosNode*))(const robot_control_ros2::msg::JointVelocityCmd_<std::allocator<void> >&)>; AllocatorT = std::allocator<void>; SubscriptionT = Subscription<robot_control_ros2::msg::JointVelocityCmd_<std::allocator<void> > >; MessageMemoryStrategyT = message_memory_strategy::MessageMemoryStrategy<robot_control_ros2::msg::JointVelocityCmd_<std::allocator<void> >, std::allocator<void> >; NodeT = Node; std::string = std::__cxx11::basic_string<char>; typename MessageMemoryStrategyT::SharedPtr = std::shared_ptr<message_memory_strategy::MessageMemoryStrategy<robot_control_ros2::msg::JointVelocityCmd_<std::allocator<void> >, std::allocator<void> > >][m[K[m[K’
[1.930s] [01m[K/opt/ros/jazzy/include/rclcpp/rclcpp/node_impl.hpp:99:47:[m[K   required from ‘[01m[Kstd::shared_ptr<ROSMessageT> rclcpp::Node::[01;32m[Kcreate_subscription[m[K(const std::string&, const rclcpp::QoS&, CallbackT&&, const rclcpp::SubscriptionOptionsWithAllocator<AllocatorT>&, typename MessageMemoryStrategyT::SharedPtr) [35m[K[with MessageT = robot_control_ros2::msg::JointVelocityCmd_<std::allocator<void> >; CallbackT = std::_Bind<void (Vel2PosNode::*(Vel2PosNode*))(const robot_control_ros2::msg::JointVelocityCmd_<std::allocator<void> >&)>; AllocatorT = std::allocator<void>; SubscriptionT = rclcpp::Subscription<robot_control_ros2::msg::JointVelocityCmd_<std::allocator<void> > >; MessageMemoryStrategyT = rclcpp::message_memory_strategy::MessageMemoryStrategy<robot_control_ros2::msg::JointVelocityCmd_<std::allocator<void> >, std::allocator<void> >; std::string = std::__cxx11::basic_string<char>; typename MessageMemoryStrategyT::SharedPtr = std::shared_ptr<rclcpp::message_memory_strategy::MessageMemoryStrategy<robot_control_ros2::msg::JointVelocityCmd_<std::allocator<void> >, std::allocator<void> > >][m[K[m[K’
[1.930s] [01m[K/home/chenque/cpp_practice/robot_control_ros2/src/robot_control_ros2/src/vel_to_pos_node.cpp:16:63:[m[K   required from here
[1.930s] [01m[K/opt/ros/jazzy/include/rclcpp/rclcpp/any_subscription_callback.hpp:396:25:[m[K [01;31m[Kerror: [m[Kno matching function for call to ‘[01m[Kstd::function<void(const robot_control_ros2::msg::JointVelocityCmd_<std::allocator<void> >&)>::function(std::_Bind<void (Vel2PosNode::*(Vel2PosNode*))(const robot_control_ros2::msg::JointVelocityCmd_<std::allocator<void> >&)>&)[m[K’
[1.930s]   396 |     callback_variant_ = [01;31m[Kstatic_cast<typename scbth::callback_type>(callback)[m[K;
[1.930s]       |                         [01;31m[K^~~~~~~~~~~~~~~~~~~~~~~~~~~~~~~~~~~~~~~~~~~~~~~~~~~~[m[K
[1.930s] In file included from [01m[K/usr/include/c++/13/functional:59[m[K:
[1.930s] [01m[K/usr/include/c++/13/bits/std_function.h:435:9:[m[K [01;36m[Knote: [m[Kcandidate: ‘[01m[Ktemplate<class _Functor, class _Constraints> std::function<_Res(_ArgTypes ...)>::[01;32m[Kfunction[m[K(_Functor&&) [35m[K[with _Constraints = _Functor; _Res = void; _ArgTypes = {const robot_control_ros2::msg::JointVelocityCmd_<std::allocator<void> >&}][m[K[m[K’
[1.930s]   435 |         [01;36m[Kfunction[m[K(_Functor&& __f)
[1.930s]       |         [01;36m[K^~~~~~~~[m[K
[1.930s] [01m[K/usr/include/c++/13/bits/std_function.h:435:9:[m[K [01;36m[Knote: [m[K  template argument deduction/substitution failed:
[1.930s] In file included from [01m[K/usr/include/c++/13/bits/move.h:37[m[K,
[1.931s]                  from [01m[K/usr/include/c++/13/bits/new_allocator.h:36[m[K,
[1.931s]                  from [01m[K/usr/include/x86_64-linux-gnu/c++/13/bits/c++allocator.h:33[m[K,
[1.931s]                  from [01m[K/usr/include/c++/13/bits/allocator.h:46[m[K,
[1.931s]                  from [01m[K/usr/include/c++/13/memory:65[m[K,
[1.931s]                  from [01m[K/opt/ros/jazzy/include/rclcpp/rclcpp/rclcpp.hpp:169[m[K:
[1.931s] /usr/include/c++/13/type_traits: In substitution of ‘[01m[Ktemplate<bool _Cond, class _Tp> using std::__enable_if_t = typename std::enable_if::type [35m[K[with bool _Cond = false; _Tp = void][m[K[m[K’:
[1.931s] [01m[K/usr/include/c++/13/bits/std_function.h:353:8:[m[K   required by substitution of ‘[01m[Ktemplate<class _Res, class ... _ArgTypes> template<class _Cond, class _Tp> using std::function<_Res(_ArgTypes ...)>::_Requires = std::__enable_if_t<_Cond::value, _Tp> [35m[K[with _Cond = std::function<void(const robot_control_ros2::msg::JointVelocityCmd_<std::allocator<void> >&)>::_Callable<std::_Bind<void (Vel2PosNode::*(Vel2PosNode*))(const robot_control_ros2::msg::JointVelocityCmd_<std::allocator<void> >&)>&, std::_Bind<void (Vel2PosNode::*(Vel2PosNode*))(const robot_control_ros2::msg::JointVelocityCmd_<std::allocator<void> >&)>, std::__invoke_result<std::_Bind<void (Vel2PosNode::*(Vel2PosNode*))(const robot_control_ros2::msg::JointVelocityCmd_<std::allocator<void> >&)>&, const robot_control_ros2::msg::JointVelocityCmd_<std::allocator<void> >&> >; _Tp = void; _Res = void; _ArgTypes = {const robot_control_ros2::msg::JointVelocityCmd_<std::allocator<void> >&}][m[K[m[K’
[1.931s] [01m[K/usr/include/c++/13/bits/std_function.h:434:9:[m[K   required from ‘[01m[Krclcpp::AnySubscriptionCallback<MessageT, AllocatorT> rclcpp::AnySubscriptionCallback<MessageT, AllocatorT>::[01;32m[Kset[m[K(CallbackT) [35m[K[with CallbackT = std::_Bind<void (Vel2PosNode::*(Vel2PosNode*))(const robot_control_ros2::msg::JointVelocityCmd_<std::allocator<void> >&)>; MessageT = robot_control_ros2::msg::JointVelocityCmd_<std::allocator<void> >; AllocatorT = std::allocator<void>][m[K[m[K’
[1.931s] [01m[K/opt/ros/jazzy/include/rclcpp/rclcpp/subscription_factory.hpp:93:32:[m[K   required from ‘[01m[Krclcpp::SubscriptionFactory rclcpp::[01;32m[Kcreate_subscription_factory[m[K(CallbackT&&, const SubscriptionOptionsWithAllocator<AllocatorT>&, typename MessageMemoryStrategyT::SharedPtr, std::shared_ptr<topic_statistics::SubscriptionTopicStatistics>) [35m[K[with MessageT = robot_control_ros2::msg::JointVelocityCmd_<std::allocator<void> >; CallbackT = std::_Bind<void (Vel2PosNode::*(Vel2PosNode*))(const robot_control_ros2::msg::JointVelocityCmd_<std::allocator<void> >&)>; AllocatorT = std::allocator<void>; SubscriptionT = Subscription<robot_control_ros2::msg::JointVelocityCmd_<std::allocator<void> > >; MessageMemoryStrategyT = message_memory_strategy::MessageMemoryStrategy<robot_control_ros2::msg::JointVelocityCmd_<std::allocator<void> >, std::allocator<void> >; typename MessageMemoryStrategyT::SharedPtr = std::shared_ptr<message_memory_strategy::MessageMemoryStrategy<robot_control_ros2::msg::JointVelocityCmd_<std::allocator<void> >, std::allocator<void> > >][m[K[m[K’
[1.931s] [01m[K/opt/ros/jazzy/include/rclcpp/rclcpp/create_subscription.hpp:121:63:[m[K   required from ‘[01m[Kstd::shared_ptr<ROSMessageT> rclcpp::detail::[01;32m[Kcreate_subscription[m[K(NodeParametersT&, NodeTopicsT&, const std::string&, const rclcpp::QoS&, CallbackT&&, const rclcpp::SubscriptionOptionsWithAllocator<AllocatorT>&, typename MessageMemoryStrategyT::SharedPtr) [35m[K[with MessageT = robot_control_ros2::msg::JointVelocityCmd_<std::allocator<void> >; CallbackT = std::_Bind<void (Vel2PosNode::*(Vel2PosNode*))(const robot_control_ros2::msg::JointVelocityCmd_<std::allocator<void> >&)>; AllocatorT = std::allocator<void>; SubscriptionT = rclcpp::Subscription<robot_control_ros2::msg::JointVelocityCmd_<std::allocator<void> > >; MessageMemoryStrategyT = rclcpp::message_memory_strategy::MessageMemoryStrategy<robot_control_ros2::msg::JointVelocityCmd_<std::allocator<void> >, std::allocator<void> >; NodeParametersT = rclcpp::Node; NodeTopicsT = rclcpp::Node; std::string = std::__cxx11::basic_string<char>; typename MessageMemoryStrategyT::SharedPtr = std::shared_ptr<rclcpp::message_memory_strategy::MessageMemoryStrategy<robot_control_ros2::msg::JointVelocityCmd_<std::allocator<void> >, std::allocator<void> > >][m[K[m[K’
[1.931s] [01m[K/opt/ros/jazzy/include/rclcpp/rclcpp/create_subscription.hpp:190:76:[m[K   required from ‘[01m[Kstd::shared_ptr<ROSMessageT> rclcpp::[01;32m[Kcreate_subscription[m[K(NodeT&, const std::string&, const QoS&, CallbackT&&, const SubscriptionOptionsWithAllocator<AllocatorT>&, typename MessageMemoryStrategyT::SharedPtr) [35m[K[with MessageT = robot_control_ros2::msg::JointVelocityCmd_<std::allocator<void> >; CallbackT = std::_Bind<void (Vel2PosNode::*(Vel2PosNode*))(const robot_control_ros2::msg::JointVelocityCmd_<std::allocator<void> >&)>; AllocatorT = std::allocator<void>; SubscriptionT = Subscription<robot_control_ros2::msg::JointVelocityCmd_<std::allocator<void> > >; MessageMemoryStrategyT = message_memory_strategy::MessageMemoryStrategy<robot_control_ros2::msg::JointVelocityCmd_<std::allocator<void> >, std::allocator<void> >; NodeT = Node; std::string = std::__cxx11::basic_string<char>; typename MessageMemoryStrategyT::SharedPtr = std::shared_ptr<message_memory_strategy::MessageMemoryStrategy<robot_control_ros2::msg::JointVelocityCmd_<std::allocator<void> >, std::allocator<void> > >][m[K[m[K’
[1.931s] [01m[K/opt/ros/jazzy/include/rclcpp/rclcpp/node_impl.hpp:99:47:[m[K   required from ‘[01m[Kstd::shared_ptr<ROSMessageT> rclcpp::Node::[01;32m[Kcreate_subscription[m[K(const std::string&, const rclcpp::QoS&, CallbackT&&, const rclcpp::SubscriptionOptionsWithAllocator<AllocatorT>&, typename MessageMemoryStrategyT::SharedPtr) [35m[K[with MessageT = robot_control_ros2::msg::JointVelocityCmd_<std::allocator<void> >; CallbackT = std::_Bind<void (Vel2PosNode::*(Vel2PosNode*))(const robot_control_ros2::msg::JointVelocityCmd_<std::allocator<void> >&)>; AllocatorT = std::allocator<void>; SubscriptionT = rclcpp::Subscription<robot_control_ros2::msg::JointVelocityCmd_<std::allocator<void> > >; MessageMemoryStrategyT = rclcpp::message_memory_strategy::MessageMemoryStrategy<robot_control_ros2::msg::JointVelocityCmd_<std::allocator<void> >, std::allocator<void> >; std::string = std::__cxx11::basic_string<char>; typename MessageMemoryStrategyT::SharedPtr = std::shared_ptr<rclcpp::message_memory_strategy::MessageMemoryStrategy<robot_control_ros2::msg::JointVelocityCmd_<std::allocator<void> >, std::allocator<void> > >][m[K[m[K’
[1.931s] [01m[K/home/chenque/cpp_practice/robot_control_ros2/src/robot_control_ros2/src/vel_to_pos_node.cpp:16:63:[m[K   required from here
[1.931s] [01m[K/usr/include/c++/13/type_traits:116:11:[m[K [01;31m[Kerror: [m[Kno type named ‘[01m[Ktype[m[K’ in ‘[01m[Kstruct std::enable_if<false, void>[m[K’
[1.931s]   116 |     using [01;31m[K__enable_if_t[m[K = typename enable_if<_Cond, _Tp>::type;
[1.931s]       |           [01;31m[K^~~~~~~~~~~~~[m[K
[1.931s] /opt/ros/jazzy/include/rclcpp/rclcpp/any_subscription_callback.hpp: In instantiation of ‘[01m[Krclcpp::AnySubscriptionCallback<MessageT, AllocatorT> rclcpp::AnySubscriptionCallback<MessageT, AllocatorT>::[01;32m[Kset[m[K(CallbackT) [35m[K[with CallbackT = std::_Bind<void (Vel2PosNode::*(Vel2PosNode*))(const robot_control_ros2::msg::JointVelocityCmd_<std::allocator<void> >&)>; MessageT = robot_control_ros2::msg::JointVelocityCmd_<std::allocator<void> >; AllocatorT = std::allocator<void>][m[K[m[K’:
[1.931s] [01m[K/opt/ros/jazzy/include/rclcpp/rclcpp/subscription_factory.hpp:93:32:[m[K   required from ‘[01m[Krclcpp::SubscriptionFactory rclcpp::[01;32m[Kcreate_subscription_factory[m[K(CallbackT&&, const SubscriptionOptionsWithAllocator<AllocatorT>&, typename MessageMemoryStrategyT::SharedPtr, std::shared_ptr<topic_statistics::SubscriptionTopicStatistics>) [35m[K[with MessageT = robot_control_ros2::msg::JointVelocityCmd_<std::allocator<void> >; CallbackT = std::_Bind<void (Vel2PosNode::*(Vel2PosNode*))(const robot_control_ros2::msg::JointVelocityCmd_<std::allocator<void> >&)>; AllocatorT = std::allocator<void>; SubscriptionT = Subscription<robot_control_ros2::msg::JointVelocityCmd_<std::allocator<void> > >; MessageMemoryStrategyT = message_memory_strategy::MessageMemoryStrategy<robot_control_ros2::msg::JointVelocityCmd_<std::allocator<void> >, std::allocator<void> >; typename MessageMemoryStrategyT::SharedPtr = std::shared_ptr<message_memory_strategy::MessageMemoryStrategy<robot_control_ros2::msg::JointVelocityCmd_<std::allocator<void> >, std::allocator<void> > >][m[K[m[K’
[1.931s] [01m[K/opt/ros/jazzy/include/rclcpp/rclcpp/create_subscription.hpp:121:63:[m[K   required from ‘[01m[Kstd::shared_ptr<ROSMessageT> rclcpp::detail::[01;32m[Kcreate_subscription[m[K(NodeParametersT&, NodeTopicsT&, const std::string&, const rclcpp::QoS&, CallbackT&&, const rclcpp::SubscriptionOptionsWithAllocator<AllocatorT>&, typename MessageMemoryStrategyT::SharedPtr) [35m[K[with MessageT = robot_control_ros2::msg::JointVelocityCmd_<std::allocator<void> >; CallbackT = std::_Bind<void (Vel2PosNode::*(Vel2PosNode*))(const robot_control_ros2::msg::JointVelocityCmd_<std::allocator<void> >&)>; AllocatorT = std::allocator<void>; SubscriptionT = rclcpp::Subscription<robot_control_ros2::msg::JointVelocityCmd_<std::allocator<void> > >; MessageMemoryStrategyT = rclcpp::message_memory_strategy::MessageMemoryStrategy<robot_control_ros2::msg::JointVelocityCmd_<std::allocator<void> >, std::allocator<void> >; NodeParametersT = rclcpp::Node; NodeTopicsT = rclcpp::Node; std::string = std::__cxx11::basic_string<char>; typename MessageMemoryStrategyT::SharedPtr = std::shared_ptr<rclcpp::message_memory_strategy::MessageMemoryStrategy<robot_control_ros2::msg::JointVelocityCmd_<std::allocator<void> >, std::allocator<void> > >][m[K[m[K’
[1.931s] [01m[K/opt/ros/jazzy/include/rclcpp/rclcpp/create_subscription.hpp:190:76:[m[K   required from ‘[01m[Kstd::shared_ptr<ROSMessageT> rclcpp::[01;32m[Kcreate_subscription[m[K(NodeT&, const std::string&, const QoS&, CallbackT&&, const SubscriptionOptionsWithAllocator<AllocatorT>&, typename MessageMemoryStrategyT::SharedPtr) [35m[K[with MessageT = robot_control_ros2::msg::JointVelocityCmd_<std::allocator<void> >; CallbackT = std::_Bind<void (Vel2PosNode::*(Vel2PosNode*))(const robot_control_ros2::msg::JointVelocityCmd_<std::allocator<void> >&)>; AllocatorT = std::allocator<void>; SubscriptionT = Subscription<robot_control_ros2::msg::JointVelocityCmd_<std::allocator<void> > >; MessageMemoryStrategyT = message_memory_strategy::MessageMemoryStrategy<robot_control_ros2::msg::JointVelocityCmd_<std::allocator<void> >, std::allocator<void> >; NodeT = Node; std::string = std::__cxx11::basic_string<char>; typename MessageMemoryStrategyT::SharedPtr = std::shared_ptr<message_memory_strategy::MessageMemoryStrategy<robot_control_ros2::msg::JointVelocityCmd_<std::allocator<void> >, std::allocator<void> > >][m[K[m[K’
[1.931s] [01m[K/opt/ros/jazzy/include/rclcpp/rclcpp/node_impl.hpp:99:47:[m[K   required from ‘[01m[Kstd::shared_ptr<ROSMessageT> rclcpp::Node::[01;32m[Kcreate_subscription[m[K(const std::string&, const rclcpp::QoS&, CallbackT&&, const rclcpp::SubscriptionOptionsWithAllocator<AllocatorT>&, typename MessageMemoryStrategyT::SharedPtr) [35m[K[with MessageT = robot_control_ros2::msg::JointVelocityCmd_<std::allocator<void> >; CallbackT = std::_Bind<void (Vel2PosNode::*(Vel2PosNode*))(const robot_control_ros2::msg::JointVelocityCmd_<std::allocator<void> >&)>; AllocatorT = std::allocator<void>; SubscriptionT = rclcpp::Subscription<robot_control_ros2::msg::JointVelocityCmd_<std::allocator<void> > >; MessageMemoryStrategyT = rclcpp::message_memory_strategy::MessageMemoryStrategy<robot_control_ros2::msg::JointVelocityCmd_<std::allocator<void> >, std::allocator<void> >; std::string = std::__cxx11::basic_string<char>; typename MessageMemoryStrategyT::SharedPtr = std::shared_ptr<rclcpp::message_memory_strategy::MessageMemoryStrategy<robot_control_ros2::msg::JointVelocityCmd_<std::allocator<void> >, std::allocator<void> > >][m[K[m[K’
[1.931s] [01m[K/home/chenque/cpp_practice/robot_control_ros2/src/robot_control_ros2/src/vel_to_pos_node.cpp:16:63:[m[K   required from here
[1.931s] [01m[K/usr/include/c++/13/bits/std_function.h:404:7:[m[K [01;36m[Knote: [m[Kcandidate: ‘[01m[Kstd::function<_Res(_ArgTypes ...)>::[01;32m[Kfunction[m[K(std::function<_Res(_ArgTypes ...)>&&) [35m[K[with _Res = void; _ArgTypes = {const robot_control_ros2::msg::JointVelocityCmd_<std::allocator<void> >&}][m[K[m[K’
[1.931s]   404 |       [01;36m[Kfunction[m[K(function&& __x) noexcept
[1.931s]       |       [01;36m[K^~~~~~~~[m[K
[1.931s] [01m[K/usr/include/c++/13/bits/std_function.h:404:27:[m[K [01;36m[Knote: [m[K  no known conversion for argument 1 from ‘[01m[Kstd::_Bind<void (Vel2PosNode::*(Vel2PosNode*))(const robot_control_ros2::msg::JointVelocityCmd_<std::allocator<void> >&)>[m[K’ to ‘[01m[Kstd::function<void(const robot_control_ros2::msg::JointVelocityCmd_<std::allocator<void> >&)>&&[m[K’
[1.931s]   404 |       function([01;36m[Kfunction&& __x[m[K) noexcept
[1.931s]       |                [01;36m[K~~~~~~~~~~~^~~[m[K
[1.931s] [01m[K/usr/include/c++/13/bits/std_function.h:386:7:[m[K [01;36m[Knote: [m[Kcandidate: ‘[01m[Kstd::function<_Res(_ArgTypes ...)>::[01;32m[Kfunction[m[K(const std::function<_Res(_ArgTypes ...)>&) [35m[K[with _Res = void; _ArgTypes = {const robot_control_ros2::msg::JointVelocityCmd_<std::allocator<void> >&}][m[K[m[K’
[1.931s]   386 |       [01;36m[Kfunction[m[K(const function& __x)
[1.931s]       |       [01;36m[K^~~~~~~~[m[K
[1.931s] [01m[K/usr/include/c++/13/bits/std_function.h:386:32:[m[K [01;36m[Knote: [m[K  no known conversion for argument 1 from ‘[01m[Kstd::_Bind<void (Vel2PosNode::*(Vel2PosNode*))(const robot_control_ros2::msg::JointVelocityCmd_<std::allocator<void> >&)>[m[K’ to ‘[01m[Kconst std::function<void(const robot_control_ros2::msg::JointVelocityCmd_<std::allocator<void> >&)>&[m[K’
[1.932s]   386 |       function([01;36m[Kconst function& __x[m[K)
[1.932s]       |                [01;36m[K~~~~~~~~~~~~~~~~^~~[m[K
[1.932s] [01m[K/usr/include/c++/13/bits/std_function.h:375:7:[m[K [01;36m[Knote: [m[Kcandidate: ‘[01m[Kstd::function<_Res(_ArgTypes ...)>::[01;32m[Kfunction[m[K(std::nullptr_t) [35m[K[with _Res = void; _ArgTypes = {const robot_control_ros2::msg::JointVelocityCmd_<std::allocator<void> >&}; std::nullptr_t = std::nullptr_t][m[K[m[K’
[1.932s]   375 |       [01;36m[Kfunction[m[K(nullptr_t) noexcept
[1.932s]       |       [01;36m[K^~~~~~~~[m[K
[1.932s] [01m[K/usr/include/c++/13/bits/std_function.h:375:16:[m[K [01;36m[Knote: [m[K  no known conversion for argument 1 from ‘[01m[Kstd::_Bind<void (Vel2PosNode::*(Vel2PosNode*))(const robot_control_ros2::msg::JointVelocityCmd_<std::allocator<void> >&)>[m[K’ to ‘[01m[Kstd::nullptr_t[m[K’
[1.932s]   375 |       function([01;36m[Knullptr_t[m[K) noexcept
[1.932s]       |                [01;36m[K^~~~~~~~~[m[K
[1.932s] [01m[K/usr/include/c++/13/bits/std_function.h:368:7:[m[K [01;36m[Knote: [m[Kcandidate: ‘[01m[Kstd::function<_Res(_ArgTypes ...)>::[01;32m[Kfunction[m[K() [35m[K[with _Res = void; _ArgTypes = {const robot_control_ros2::msg::JointVelocityCmd_<std::allocator<void> >&}][m[K[m[K’
[1.932s]   368 |       [01;36m[Kfunction[m[K() noexcept
[1.932s]       |       [01;36m[K^~~~~~~~[m[K
[1.932s] [01m[K/usr/include/c++/13/bits/std_function.h:368:7:[m[K [01;36m[Knote: [m[K  candidate expects 0 arguments, 1 provided
[3.074s] gmake[2]: *** [CMakeFiles/vel_to_pos_node.dir/build.make:76: CMakeFiles/vel_to_pos_node.dir/src/vel_to_pos_node.cpp.o] Error 1
[3.074s] gmake[1]: *** [CMakeFiles/Makefile2:799: CMakeFiles/vel_to_pos_node.dir/all] Error 2
[3.074s] gmake: *** [Makefile:146: all] Error 2
[3.077s] Invoked command in '/home/chenque/cpp_practice/robot_control_ros2/build/robot_control_ros2' returned '2': CMAKE_PREFIX_PATH=${CMAKE_PREFIX_PATH}:/opt/ros/jazzy DEBUGINFOD_URLS=https://debuginfod.ubuntu.com /usr/bin/cmake --build /home/chenque/cpp_practice/robot_control_ros2/build/robot_control_ros2 -- -j8 -l8
