[  2%] Built target robot_control_ros2__rosidl_generator_type_description
[ 11%] [32mBuilding CXX object CMakeFiles/joint_velocity_subscriber.dir/src/joint_velocity_subscriber.cpp.o[0m
[ 11%] Built target joint_velocity_publisher
[ 14%] Built target timer_control_node
[ 14%] Built target ament_cmake_python_copy_robot_control_ros2
[ 16%] Built target robot_control_ros2__cpp
[ 28%] Built target robot_control_ros2__rosidl_generator_c
[ 38%] Built target robot_control_ros2__rosidl_typesupport_fastrtps_c
[ 42%] Built target robot_control_ros2__rosidl_typesupport_fastrtps_cpp
[ 50%] Built target robot_control_ros2__rosidl_typesupport_introspection_c
[ 57%] Built target robot_control_ros2__rosidl_typesupport_cpp
[ 64%] Built target robot_control_ros2__rosidl_typesupport_c
[ 71%] Built target robot_control_ros2__rosidl_typesupport_introspection_cpp
[ 73%] Built target robot_control_ros2
[ 76%] Built target robot_state_pub
[ 78%] Built target robot_control_ros2__py
[ 83%] Built target robot_control_ros2__rosidl_generator_py
[ 92%] Built target robot_control_ros2_s__rosidl_typesupport_c
[ 92%] Built target robot_control_ros2_s__rosidl_typesupport_fastrtps_c
[ 97%] Built target robot_control_ros2_s__rosidl_typesupport_introspection_c
running egg_info
writing robot_control_ros2.egg-info/PKG-INFO
writing dependency_links to robot_control_ros2.egg-info/dependency_links.txt
writing top-level names to robot_control_ros2.egg-info/top_level.txt
reading manifest file 'robot_control_ros2.egg-info/SOURCES.txt'
writing manifest file 'robot_control_ros2.egg-info/SOURCES.txt'
[ 97%] Built target ament_cmake_python_build_robot_control_ros2_egg
[100%] [32m[1mLinking CXX executable joint_velocity_subscriber[0m
[100%] Built target joint_velocity_subscriber
