[  1%] Built target robot_control_ros2__rosidl_generator_type_description
[  5%] Built target joint_velocity_subscriber
[  6%] Built target timer_control_node
[  6%] Built target ament_cmake_python_copy_robot_control_ros2
[  7%] Built target robot_control_ros2__cpp
[ 25%] Built target robot_control_ros2__rosidl_generator_c
[ 61%] Built target robot_control_ros2__rosidl_typesupport_c
[ 69%] Built target robot_control_ros2__rosidl_typesupport_introspection_cpp
[ 60%] Built target robot_control_ros2__rosidl_typesupport_fastrtps_cpp
[ 70%] Built target robot_control_ros2__rosidl_typesupport_fastrtps_c
[ 70%] Built target robot_control_ros2__rosidl_typesupport_cpp
[ 71%] Built target robot_control_ros2__rosidl_typesupport_introspection_c
[ 76%] Built target student_servier
[ 78%] [32mBuilding CXX object CMakeFiles/vel_to_pos_node.dir/src/vel_to_pos_node.cpp.o[0m
[ 78%] Built target robot_state_pub
[ 80%] Built target student_client
[ 83%] Built target joint_velocity_publisher
[ 83%] Built target robot_control_ros2
[ 84%] Built target robot_control_ros2__py
running egg_info
[ 91%] Built target robot_control_ros2__rosidl_generator_py
writing robot_control_ros2.egg-info/PKG-INFO
writing dependency_links to robot_control_ros2.egg-info/dependency_links.txt
writing top-level names to robot_control_ros2.egg-info/top_level.txt
[ 98%] Built target robot_control_ros2_s__rosidl_typesupport_introspection_c
[ 98%] Built target robot_control_ros2_s__rosidl_typesupport_c
[ 98%] Built target robot_control_ros2_s__rosidl_typesupport_fastrtps_c
reading manifest file 'robot_control_ros2.egg-info/SOURCES.txt'
writing manifest file 'robot_control_ros2.egg-info/SOURCES.txt'
[ 98%] Built target ament_cmake_python_build_robot_control_ros2_egg
[01m[K/home/chenque/cpp_practice/robot_control_ros2/src/robot_control_ros2/src/vel_to_pos_node.cpp:4:10:[m[K [01;31m[Kfatal error: [m[Krobot_utils/robot_state.hpp: No such file or directory
    4 | #include [01;31m[K"robot_utils/robot_state.hpp"[m[K
      |          [01;31m[K^~~~~~~~~~~~~~~~~~~~~~~~~~~~~[m[K
compilation terminated.
gmake[2]: *** [CMakeFiles/vel_to_pos_node.dir/build.make:76: CMakeFiles/vel_to_pos_node.dir/src/vel_to_pos_node.cpp.o] Error 1
gmake[1]: *** [CMakeFiles/Makefile2:801: CMakeFiles/vel_to_pos_node.dir/all] Error 2
gmake: *** [Makefile:146: all] Error 2
