[0.064s] DEBUG:colcon:Command line arguments: ['/usr/bin/colcon', 'build', '--packages-select', 'robot_control_ros2']
[0.064s] DEBUG:colcon:Parsed command line arguments: Namespace(log_base=None, log_level=None, verb_name='build', build_base='build', install_base='install', merge_install=False, symlink_install=False, test_result_base=None, continue_on_error=False, executor='parallel', parallel_workers=8, event_handlers=None, ignore_user_meta=False, metas=['./colcon.meta'], base_paths=['.'], packages_ignore=None, packages_ignore_regex=None, paths=None, packages_up_to=None, packages_up_to_regex=None, packages_above=None, packages_above_and_dependencies=None, packages_above_depth=None, packages_select_by_dep=None, packages_skip_by_dep=None, packages_skip_up_to=None, packages_select_build_failed=False, packages_skip_build_finished=False, packages_select_test_failures=False, packages_skip_test_passed=False, packages_select=['robot_control_ros2'], packages_skip=None, packages_select_regex=None, packages_skip_regex=None, packages_start=None, packages_end=None, allow_overriding=[], cmake_args=None, cmake_target=None, cmake_target_skip_unavailable=False, cmake_clean_cache=False, cmake_clean_first=False, cmake_force_configure=False, ament_cmake_args=None, catkin_cmake_args=None, catkin_skip_building_tests=False, mixin_files=None, mixin=None, verb_parser=<colcon_mixin.mixin.mixin_argument.MixinArgumentDecorator object at 0x7e633b067b00>, verb_extension=<colcon_core.verb.build.BuildVerb object at 0x7e633b067770>, main=<bound method BuildVerb.main of <colcon_core.verb.build.BuildVerb object at 0x7e633b067770>>, mixin_verb=('build',))
[0.091s] Level 1:colcon.colcon_core.package_discovery:discover_packages(colcon_meta) check parameters
[0.091s] Level 1:colcon.colcon_core.package_discovery:discover_packages(recursive) check parameters
[0.091s] Level 1:colcon.colcon_core.package_discovery:discover_packages(ignore) check parameters
[0.091s] Level 1:colcon.colcon_core.package_discovery:discover_packages(path) check parameters
[0.091s] Level 1:colcon.colcon_core.package_discovery:discover_packages(colcon_meta) discover
[0.091s] Level 1:colcon.colcon_core.package_discovery:discover_packages(recursive) discover
[0.091s] INFO:colcon.colcon_core.package_discovery:Crawling recursively for packages in '/home/chenque/cpp_practice/robot_control_ros2'
[0.092s] Level 1:colcon.colcon_core.package_identification:_identify(.) by extensions ['ignore', 'ignore_ament_install']
[0.092s] Level 1:colcon.colcon_core.package_identification:_identify(.) by extension 'ignore'
[0.092s] Level 1:colcon.colcon_core.package_identification:_identify(.) by extension 'ignore_ament_install'
[0.092s] Level 1:colcon.colcon_core.package_identification:_identify(.) by extensions ['colcon_pkg']
[0.092s] Level 1:colcon.colcon_core.package_identification:_identify(.) by extension 'colcon_pkg'
[0.092s] Level 1:colcon.colcon_core.package_identification:_identify(.) by extensions ['colcon_meta']
[0.092s] Level 1:colcon.colcon_core.package_identification:_identify(.) by extension 'colcon_meta'
[0.092s] Level 1:colcon.colcon_core.package_identification:_identify(.) by extensions ['ros']
[0.092s] Level 1:colcon.colcon_core.package_identification:_identify(.) by extension 'ros'
[0.107s] Level 1:colcon.colcon_core.package_identification:_identify(.) by extensions ['cmake', 'python']
[0.107s] Level 1:colcon.colcon_core.package_identification:_identify(.) by extension 'cmake'
[0.107s] Level 1:colcon.colcon_core.package_identification:_identify(.) by extension 'python'
[0.107s] Level 1:colcon.colcon_core.package_identification:_identify(.) by extensions ['python_setup_py']
[0.107s] Level 1:colcon.colcon_core.package_identification:_identify(.) by extension 'python_setup_py'
[0.107s] Level 1:colcon.colcon_core.package_identification:_identify(build) by extensions ['ignore', 'ignore_ament_install']
[0.107s] Level 1:colcon.colcon_core.package_identification:_identify(build) by extension 'ignore'
[0.107s] Level 1:colcon.colcon_core.package_identification:_identify(build) ignored
[0.107s] Level 1:colcon.colcon_core.package_identification:_identify(install) by extensions ['ignore', 'ignore_ament_install']
[0.107s] Level 1:colcon.colcon_core.package_identification:_identify(install) by extension 'ignore'
[0.108s] Level 1:colcon.colcon_core.package_identification:_identify(install) ignored
[0.108s] Level 1:colcon.colcon_core.package_identification:_identify(log) by extensions ['ignore', 'ignore_ament_install']
[0.108s] Level 1:colcon.colcon_core.package_identification:_identify(log) by extension 'ignore'
[0.108s] Level 1:colcon.colcon_core.package_identification:_identify(log) ignored
[0.108s] Level 1:colcon.colcon_core.package_identification:_identify(src) by extensions ['ignore', 'ignore_ament_install']
[0.108s] Level 1:colcon.colcon_core.package_identification:_identify(src) by extension 'ignore'
[0.108s] Level 1:colcon.colcon_core.package_identification:_identify(src) by extension 'ignore_ament_install'
[0.108s] Level 1:colcon.colcon_core.package_identification:_identify(src) by extensions ['colcon_pkg']
[0.108s] Level 1:colcon.colcon_core.package_identification:_identify(src) by extension 'colcon_pkg'
[0.108s] Level 1:colcon.colcon_core.package_identification:_identify(src) by extensions ['colcon_meta']
[0.108s] Level 1:colcon.colcon_core.package_identification:_identify(src) by extension 'colcon_meta'
[0.108s] Level 1:colcon.colcon_core.package_identification:_identify(src) by extensions ['ros']
[0.108s] Level 1:colcon.colcon_core.package_identification:_identify(src) by extension 'ros'
[0.108s] Level 1:colcon.colcon_core.package_identification:_identify(src) by extensions ['cmake', 'python']
[0.108s] Level 1:colcon.colcon_core.package_identification:_identify(src) by extension 'cmake'
[0.108s] Level 1:colcon.colcon_core.package_identification:_identify(src) by extension 'python'
[0.108s] Level 1:colcon.colcon_core.package_identification:_identify(src) by extensions ['python_setup_py']
[0.108s] Level 1:colcon.colcon_core.package_identification:_identify(src) by extension 'python_setup_py'
[0.108s] Level 1:colcon.colcon_core.package_identification:_identify(src/robot_control_ros2) by extensions ['ignore', 'ignore_ament_install']
[0.108s] Level 1:colcon.colcon_core.package_identification:_identify(src/robot_control_ros2) by extension 'ignore'
[0.108s] Level 1:colcon.colcon_core.package_identification:_identify(src/robot_control_ros2) by extension 'ignore_ament_install'
[0.108s] Level 1:colcon.colcon_core.package_identification:_identify(src/robot_control_ros2) by extensions ['colcon_pkg']
[0.108s] Level 1:colcon.colcon_core.package_identification:_identify(src/robot_control_ros2) by extension 'colcon_pkg'
[0.108s] Level 1:colcon.colcon_core.package_identification:_identify(src/robot_control_ros2) by extensions ['colcon_meta']
[0.108s] Level 1:colcon.colcon_core.package_identification:_identify(src/robot_control_ros2) by extension 'colcon_meta'
[0.108s] Level 1:colcon.colcon_core.package_identification:_identify(src/robot_control_ros2) by extensions ['ros']
[0.108s] Level 1:colcon.colcon_core.package_identification:_identify(src/robot_control_ros2) by extension 'ros'
[0.110s] DEBUG:colcon.colcon_core.package_identification:Package 'src/robot_control_ros2' with type 'ros.ament_cmake' and name 'robot_control_ros2'
[0.110s] Level 1:colcon.colcon_core.package_discovery:discover_packages(recursive) using defaults
[0.110s] Level 1:colcon.colcon_core.package_discovery:discover_packages(ignore) discover
[0.110s] Level 1:colcon.colcon_core.package_discovery:discover_packages(ignore) using defaults
[0.110s] Level 1:colcon.colcon_core.package_discovery:discover_packages(path) discover
[0.110s] Level 1:colcon.colcon_core.package_discovery:discover_packages(path) using defaults
[0.121s] Level 1:colcon.colcon_core.package_discovery:discover_packages(prefix_path) check parameters
[0.121s] Level 1:colcon.colcon_core.package_discovery:discover_packages(prefix_path) discover
[0.122s] DEBUG:colcon.colcon_installed_package_information.package_discovery:Found 1 installed packages in /home/chenque/cpp_practice/robot_control_ros2/install
[0.123s] DEBUG:colcon.colcon_installed_package_information.package_discovery:Found 286 installed packages in /opt/ros/jazzy
[0.124s] Level 1:colcon.colcon_core.package_discovery:discover_packages(prefix_path) using defaults
[0.145s] Level 5:colcon.colcon_core.verb:set package 'robot_control_ros2' build argument 'cmake_args' from command line to 'None'
[0.145s] Level 5:colcon.colcon_core.verb:set package 'robot_control_ros2' build argument 'cmake_target' from command line to 'None'
[0.145s] Level 5:colcon.colcon_core.verb:set package 'robot_control_ros2' build argument 'cmake_target_skip_unavailable' from command line to 'False'
[0.145s] Level 5:colcon.colcon_core.verb:set package 'robot_control_ros2' build argument 'cmake_clean_cache' from command line to 'False'
[0.145s] Level 5:colcon.colcon_core.verb:set package 'robot_control_ros2' build argument 'cmake_clean_first' from command line to 'False'
[0.145s] Level 5:colcon.colcon_core.verb:set package 'robot_control_ros2' build argument 'cmake_force_configure' from command line to 'False'
[0.145s] Level 5:colcon.colcon_core.verb:set package 'robot_control_ros2' build argument 'ament_cmake_args' from command line to 'None'
[0.145s] Level 5:colcon.colcon_core.verb:set package 'robot_control_ros2' build argument 'catkin_cmake_args' from command line to 'None'
[0.145s] Level 5:colcon.colcon_core.verb:set package 'robot_control_ros2' build argument 'catkin_skip_building_tests' from command line to 'False'
[0.145s] DEBUG:colcon.colcon_core.verb:Building package 'robot_control_ros2' with the following arguments: {'ament_cmake_args': None, 'build_base': '/home/chenque/cpp_practice/robot_control_ros2/build/robot_control_ros2', 'catkin_cmake_args': None, 'catkin_skip_building_tests': False, 'cmake_args': None, 'cmake_clean_cache': False, 'cmake_clean_first': False, 'cmake_force_configure': False, 'cmake_target': None, 'cmake_target_skip_unavailable': False, 'install_base': '/home/chenque/cpp_practice/robot_control_ros2/install/robot_control_ros2', 'merge_install': False, 'path': '/home/chenque/cpp_practice/robot_control_ros2/src/robot_control_ros2', 'symlink_install': False, 'test_result_base': None}
[0.146s] INFO:colcon.colcon_core.executor:Executing jobs using 'parallel' executor
[0.146s] DEBUG:colcon.colcon_parallel_executor.executor.parallel:run_until_complete
[0.147s] INFO:colcon.colcon_ros.task.ament_cmake.build:Building ROS package in '/home/chenque/cpp_practice/robot_control_ros2/src/robot_control_ros2' with build type 'ament_cmake'
[0.147s] INFO:colcon.colcon_cmake.task.cmake.build:Building CMake package in '/home/chenque/cpp_practice/robot_control_ros2/src/robot_control_ros2'
[0.148s] INFO:colcon.colcon_core.plugin_system:Skipping extension 'colcon_core.shell.bat': Not used on non-Windows systems
[0.148s] INFO:colcon.colcon_core.shell:Skip shell extension 'powershell' for command environment: Not usable outside of PowerShell
[0.149s] DEBUG:colcon.colcon_core.shell:Skip shell extension 'dsv' for command environment
[0.158s] DEBUG:colcon.colcon_core.event_handler.log_command:Invoking command in '/home/chenque/cpp_practice/robot_control_ros2/build/robot_control_ros2': CMAKE_PREFIX_PATH=${CMAKE_PREFIX_PATH}:/opt/ros/jazzy DEBUGINFOD_URLS=https://debuginfod.ubuntu.com /usr/bin/cmake --build /home/chenque/cpp_practice/robot_control_ros2/build/robot_control_ros2 -- -j8 -l8
[5.545s] DEBUG:colcon.colcon_core.event_handler.log_command:Invoked command in '/home/chenque/cpp_practice/robot_control_ros2/build/robot_control_ros2' returned '0': CMAKE_PREFIX_PATH=${CMAKE_PREFIX_PATH}:/opt/ros/jazzy DEBUGINFOD_URLS=https://debuginfod.ubuntu.com /usr/bin/cmake --build /home/chenque/cpp_practice/robot_control_ros2/build/robot_control_ros2 -- -j8 -l8
[5.554s] DEBUG:colcon.colcon_core.event_handler.log_command:Invoking command in '/home/chenque/cpp_practice/robot_control_ros2/build/robot_control_ros2': CMAKE_PREFIX_PATH=${CMAKE_PREFIX_PATH}:/opt/ros/jazzy DEBUGINFOD_URLS=https://debuginfod.ubuntu.com /usr/bin/cmake --install /home/chenque/cpp_practice/robot_control_ros2/build/robot_control_ros2
[5.623s] Level 1:colcon.colcon_core.environment:create_environment_scripts_only(robot_control_ros2)
[5.624s] DEBUG:colcon.colcon_core.event_handler.log_command:Invoked command in '/home/chenque/cpp_practice/robot_control_ros2/build/robot_control_ros2' returned '0': CMAKE_PREFIX_PATH=${CMAKE_PREFIX_PATH}:/opt/ros/jazzy DEBUGINFOD_URLS=https://debuginfod.ubuntu.com /usr/bin/cmake --install /home/chenque/cpp_practice/robot_control_ros2/build/robot_control_ros2
[5.625s] Level 1:colcon.colcon_core.environment:checking '/home/chenque/cpp_practice/robot_control_ros2/install/robot_control_ros2' for CMake module files
[5.626s] Level 1:colcon.colcon_core.environment:checking '/home/chenque/cpp_practice/robot_control_ros2/install/robot_control_ros2' for CMake config files
[5.626s] Level 1:colcon.colcon_core.shell:create_environment_hook('robot_control_ros2', 'cmake_prefix_path')
[5.627s] INFO:colcon.colcon_core.shell:Creating environment hook '/home/chenque/cpp_practice/robot_control_ros2/install/robot_control_ros2/share/robot_control_ros2/hook/cmake_prefix_path.ps1'
[5.627s] INFO:colcon.colcon_core.shell:Creating environment descriptor '/home/chenque/cpp_practice/robot_control_ros2/install/robot_control_ros2/share/robot_control_ros2/hook/cmake_prefix_path.dsv'
[5.628s] INFO:colcon.colcon_core.shell:Creating environment hook '/home/chenque/cpp_practice/robot_control_ros2/install/robot_control_ros2/share/robot_control_ros2/hook/cmake_prefix_path.sh'
[5.628s] Level 1:colcon.colcon_core.environment:checking '/home/chenque/cpp_practice/robot_control_ros2/install/robot_control_ros2/lib'
[5.628s] Level 1:colcon.colcon_core.shell:create_environment_hook('robot_control_ros2', 'ld_library_path_lib')
[5.628s] INFO:colcon.colcon_core.shell:Creating environment hook '/home/chenque/cpp_practice/robot_control_ros2/install/robot_control_ros2/share/robot_control_ros2/hook/ld_library_path_lib.ps1'
[5.629s] INFO:colcon.colcon_core.shell:Creating environment descriptor '/home/chenque/cpp_practice/robot_control_ros2/install/robot_control_ros2/share/robot_control_ros2/hook/ld_library_path_lib.dsv'
[5.629s] INFO:colcon.colcon_core.shell:Creating environment hook '/home/chenque/cpp_practice/robot_control_ros2/install/robot_control_ros2/share/robot_control_ros2/hook/ld_library_path_lib.sh'
[5.629s] Level 1:colcon.colcon_core.environment:checking '/home/chenque/cpp_practice/robot_control_ros2/install/robot_control_ros2/bin'
[5.629s] Level 1:colcon.colcon_core.environment:checking '/home/chenque/cpp_practice/robot_control_ros2/install/robot_control_ros2/lib/pkgconfig/robot_control_ros2.pc'
[5.629s] Level 1:colcon.colcon_core.environment:checking '/home/chenque/cpp_practice/robot_control_ros2/install/robot_control_ros2/lib/python3.12/site-packages'
[5.630s] Level 1:colcon.colcon_core.shell:create_environment_hook('robot_control_ros2', 'pythonpath')
[5.630s] INFO:colcon.colcon_core.shell:Creating environment hook '/home/chenque/cpp_practice/robot_control_ros2/install/robot_control_ros2/share/robot_control_ros2/hook/pythonpath.ps1'
[5.630s] INFO:colcon.colcon_core.shell:Creating environment descriptor '/home/chenque/cpp_practice/robot_control_ros2/install/robot_control_ros2/share/robot_control_ros2/hook/pythonpath.dsv'
[5.630s] INFO:colcon.colcon_core.shell:Creating environment hook '/home/chenque/cpp_practice/robot_control_ros2/install/robot_control_ros2/share/robot_control_ros2/hook/pythonpath.sh'
[5.631s] Level 1:colcon.colcon_core.environment:checking '/home/chenque/cpp_practice/robot_control_ros2/install/robot_control_ros2/bin'
[5.631s] INFO:colcon.colcon_core.shell:Creating package script '/home/chenque/cpp_practice/robot_control_ros2/install/robot_control_ros2/share/robot_control_ros2/package.ps1'
[5.631s] INFO:colcon.colcon_core.shell:Creating package descriptor '/home/chenque/cpp_practice/robot_control_ros2/install/robot_control_ros2/share/robot_control_ros2/package.dsv'
[5.632s] INFO:colcon.colcon_core.shell:Creating package script '/home/chenque/cpp_practice/robot_control_ros2/install/robot_control_ros2/share/robot_control_ros2/package.sh'
[5.633s] INFO:colcon.colcon_core.shell:Creating package script '/home/chenque/cpp_practice/robot_control_ros2/install/robot_control_ros2/share/robot_control_ros2/package.bash'
[5.633s] INFO:colcon.colcon_core.shell:Creating package script '/home/chenque/cpp_practice/robot_control_ros2/install/robot_control_ros2/share/robot_control_ros2/package.zsh'
[5.634s] Level 1:colcon.colcon_core.environment:create_file_with_runtime_dependencies(/home/chenque/cpp_practice/robot_control_ros2/install/robot_control_ros2/share/colcon-core/packages/robot_control_ros2)
[5.635s] Level 1:colcon.colcon_core.environment:create_environment_scripts_only(robot_control_ros2)
[5.635s] Level 1:colcon.colcon_core.environment:checking '/home/chenque/cpp_practice/robot_control_ros2/install/robot_control_ros2' for CMake module files
[5.635s] Level 1:colcon.colcon_core.environment:checking '/home/chenque/cpp_practice/robot_control_ros2/install/robot_control_ros2' for CMake config files
[5.635s] Level 1:colcon.colcon_core.shell:create_environment_hook('robot_control_ros2', 'cmake_prefix_path')
[5.635s] INFO:colcon.colcon_core.shell:Creating environment hook '/home/chenque/cpp_practice/robot_control_ros2/install/robot_control_ros2/share/robot_control_ros2/hook/cmake_prefix_path.ps1'
[5.636s] INFO:colcon.colcon_core.shell:Creating environment descriptor '/home/chenque/cpp_practice/robot_control_ros2/install/robot_control_ros2/share/robot_control_ros2/hook/cmake_prefix_path.dsv'
[5.636s] INFO:colcon.colcon_core.shell:Creating environment hook '/home/chenque/cpp_practice/robot_control_ros2/install/robot_control_ros2/share/robot_control_ros2/hook/cmake_prefix_path.sh'
[5.637s] Level 1:colcon.colcon_core.environment:checking '/home/chenque/cpp_practice/robot_control_ros2/install/robot_control_ros2/lib'
[5.637s] Level 1:colcon.colcon_core.shell:create_environment_hook('robot_control_ros2', 'ld_library_path_lib')
[5.637s] INFO:colcon.colcon_core.shell:Creating environment hook '/home/chenque/cpp_practice/robot_control_ros2/install/robot_control_ros2/share/robot_control_ros2/hook/ld_library_path_lib.ps1'
[5.637s] INFO:colcon.colcon_core.shell:Creating environment descriptor '/home/chenque/cpp_practice/robot_control_ros2/install/robot_control_ros2/share/robot_control_ros2/hook/ld_library_path_lib.dsv'
[5.638s] INFO:colcon.colcon_core.shell:Creating environment hook '/home/chenque/cpp_practice/robot_control_ros2/install/robot_control_ros2/share/robot_control_ros2/hook/ld_library_path_lib.sh'
[5.638s] Level 1:colcon.colcon_core.environment:checking '/home/chenque/cpp_practice/robot_control_ros2/install/robot_control_ros2/bin'
[5.638s] Level 1:colcon.colcon_core.environment:checking '/home/chenque/cpp_practice/robot_control_ros2/install/robot_control_ros2/lib/pkgconfig/robot_control_ros2.pc'
[5.638s] Level 1:colcon.colcon_core.environment:checking '/home/chenque/cpp_practice/robot_control_ros2/install/robot_control_ros2/lib/python3.12/site-packages'
[5.639s] Level 1:colcon.colcon_core.shell:create_environment_hook('robot_control_ros2', 'pythonpath')
[5.639s] INFO:colcon.colcon_core.shell:Creating environment hook '/home/chenque/cpp_practice/robot_control_ros2/install/robot_control_ros2/share/robot_control_ros2/hook/pythonpath.ps1'
[5.639s] INFO:colcon.colcon_core.shell:Creating environment descriptor '/home/chenque/cpp_practice/robot_control_ros2/install/robot_control_ros2/share/robot_control_ros2/hook/pythonpath.dsv'
[5.640s] INFO:colcon.colcon_core.shell:Creating environment hook '/home/chenque/cpp_practice/robot_control_ros2/install/robot_control_ros2/share/robot_control_ros2/hook/pythonpath.sh'
[5.640s] Level 1:colcon.colcon_core.environment:checking '/home/chenque/cpp_practice/robot_control_ros2/install/robot_control_ros2/bin'
[5.641s] INFO:colcon.colcon_core.shell:Creating package script '/home/chenque/cpp_practice/robot_control_ros2/install/robot_control_ros2/share/robot_control_ros2/package.ps1'
[5.641s] INFO:colcon.colcon_core.shell:Creating package descriptor '/home/chenque/cpp_practice/robot_control_ros2/install/robot_control_ros2/share/robot_control_ros2/package.dsv'
[5.642s] INFO:colcon.colcon_core.shell:Creating package script '/home/chenque/cpp_practice/robot_control_ros2/install/robot_control_ros2/share/robot_control_ros2/package.sh'
[5.642s] INFO:colcon.colcon_core.shell:Creating package script '/home/chenque/cpp_practice/robot_control_ros2/install/robot_control_ros2/share/robot_control_ros2/package.bash'
[5.642s] INFO:colcon.colcon_core.shell:Creating package script '/home/chenque/cpp_practice/robot_control_ros2/install/robot_control_ros2/share/robot_control_ros2/package.zsh'
[5.643s] Level 1:colcon.colcon_core.environment:create_file_with_runtime_dependencies(/home/chenque/cpp_practice/robot_control_ros2/install/robot_control_ros2/share/colcon-core/packages/robot_control_ros2)
[5.643s] DEBUG:colcon.colcon_parallel_executor.executor.parallel:closing loop
[5.643s] DEBUG:colcon.colcon_parallel_executor.executor.parallel:loop closed
[5.643s] DEBUG:colcon.colcon_parallel_executor.executor.parallel:run_until_complete finished with '0'
[5.644s] DEBUG:colcon.colcon_core.event_reactor:joining thread
[5.648s] INFO:colcon.colcon_core.plugin_system:Skipping extension 'colcon_notification.desktop_notification.terminal_notifier': Not used on non-Darwin systems
[5.648s] INFO:colcon.colcon_core.plugin_system:Skipping extension 'colcon_notification.desktop_notification.win32': Not used on non-Windows systems
[5.648s] INFO:colcon.colcon_notification.desktop_notification:Sending desktop notification using 'notify2'
[5.662s] DEBUG:colcon.colcon_core.event_reactor:joined thread
[5.662s] INFO:colcon.colcon_core.shell:Creating prefix script '/home/chenque/cpp_practice/robot_control_ros2/install/local_setup.ps1'
[5.664s] INFO:colcon.colcon_core.shell:Creating prefix util module '/home/chenque/cpp_practice/robot_control_ros2/install/_local_setup_util_ps1.py'
[5.665s] INFO:colcon.colcon_core.shell:Creating prefix chain script '/home/chenque/cpp_practice/robot_control_ros2/install/setup.ps1'
[5.666s] INFO:colcon.colcon_core.shell:Creating prefix script '/home/chenque/cpp_practice/robot_control_ros2/install/local_setup.sh'
[5.666s] INFO:colcon.colcon_core.shell:Creating prefix util module '/home/chenque/cpp_practice/robot_control_ros2/install/_local_setup_util_sh.py'
[5.667s] INFO:colcon.colcon_core.shell:Creating prefix chain script '/home/chenque/cpp_practice/robot_control_ros2/install/setup.sh'
[5.667s] INFO:colcon.colcon_core.shell:Creating prefix script '/home/chenque/cpp_practice/robot_control_ros2/install/local_setup.bash'
[5.668s] INFO:colcon.colcon_core.shell:Creating prefix chain script '/home/chenque/cpp_practice/robot_control_ros2/install/setup.bash'
[5.669s] INFO:colcon.colcon_core.shell:Creating prefix script '/home/chenque/cpp_practice/robot_control_ros2/install/local_setup.zsh'
[5.669s] INFO:colcon.colcon_core.shell:Creating prefix chain script '/home/chenque/cpp_practice/robot_control_ros2/install/setup.zsh'
