[01m[K/home/chenque/cpp_practice/robot_control_ros2/src/robot_control_ros2/src/joint_velocity_publisher.cpp:4:26:[m[K [01;31m[Kerror: [m[K‘[01m[Kstd_msgs[m[K’ does not name a type
    4 | using JointVelocityCmd = [01;31m[Kstd_msgs[m[K::msg::JointVelocityCmd;
      |                          [01;31m[K^~~~~~~~[m[K
[01m[K/home/chenque/cpp_practice/robot_control_ros2/src/robot_control_ros2/src/joint_velocity_publisher.cpp:24:27:[m[K [01;31m[Kerror: [m[K‘[01m[Kstd_msgs[m[K’ was not declared in this scope
   24 |         rclcpp::Publisher<[01;31m[Kstd_msgs[m[K::msg::Float64MultiArray>::SharedPtr pub_;
      |                           [01;31m[K^~~~~~~~[m[K
[01m[K/home/chenque/cpp_practice/robot_control_ros2/src/robot_control_ros2/src/joint_velocity_publisher.cpp:24:59:[m[K [01;31m[Kerror: [m[Ktemplate argument 1 is invalid
   24 |         rclcpp::Publisher<std_msgs::msg::Float64MultiArray[01;31m[K>[m[K::SharedPtr pub_;
      |                                                           [01;31m[K^[m[K
[01m[K/home/chenque/cpp_practice/robot_control_ros2/src/robot_control_ros2/src/joint_velocity_publisher.cpp:24:62:[m[K [01;31m[Kerror: [m[Kexpected ‘[01m[K;[m[K’ at end of member declaration
   24 |         rclcpp::Publisher<std_msgs::msg::Float64MultiArray>::[01;31m[KSharedPtr[m[K pub_;
      |                                                              [01;31m[K^~~~~~~~~[m[K
      |                                                                       [32m[K;[m[K
[01m[K/home/chenque/cpp_practice/robot_control_ros2/src/robot_control_ros2/src/joint_velocity_publisher.cpp:24:72:[m[K [01;31m[Kerror: [m[K‘[01m[Kpub_[m[K’ does not name a type
   24 |         rclcpp::Publisher<std_msgs::msg::Float64MultiArray>::SharedPtr [01;31m[Kpub_[m[K;
      |                                                                        [01;31m[K^~~~[m[K
[01m[K/home/chenque/cpp_practice/robot_control_ros2/src/robot_control_ros2/src/joint_velocity_publisher.cpp:[m[K In constructor ‘[01m[KJointVelocityPublisher::[01;32m[KJointVelocityPublisher[m[K()[m[K’:
[01m[K/home/chenque/cpp_practice/robot_control_ros2/src/robot_control_ros2/src/joint_velocity_publisher.cpp:11:13:[m[K [01;31m[Kerror: [m[K‘[01m[Kpub_[m[K’ was not declared in this scope
   11 |             [01;31m[Kpub_[m[K = this->create_publisher<JointVelocityCmd>("joint_velocity_cmd", 10);
      |             [01;31m[K^~~~[m[K
[01m[K/home/chenque/cpp_practice/robot_control_ros2/src/robot_control_ros2/src/joint_velocity_publisher.cpp:11:43:[m[K [01;31m[Kerror: [m[K‘[01m[KJointVelocityCmd[m[K’ was not declared in this scope; did you mean ‘[01m[Krobot_control_ros2::msg::JointVelocityCmd[m[K’?
   11 |             pub_ = this->create_publisher<[01;31m[KJointVelocityCmd[m[K>("joint_velocity_cmd", 10);
      |                                           [01;31m[K^~~~~~~~~~~~~~~~[m[K
      |                                           [32m[Krobot_control_ros2::msg::JointVelocityCmd[m[K
In file included from [01m[K/home/chenque/cpp_practice/robot_control_ros2/build/robot_control_ros2/rosidl_generator_cpp/robot_control_ros2/msg/joint_velocity_cmd.hpp:7[m[K,
                 from [01m[K/home/chenque/cpp_practice/robot_control_ros2/src/robot_control_ros2/src/joint_velocity_publisher.cpp:2[m[K:
[01m[K/home/chenque/cpp_practice/robot_control_ros2/build/robot_control_ros2/rosidl_generator_cpp/robot_control_ros2/msg/detail/joint_velocity_cmd__struct.hpp:126:7:[m[K [01;36m[Knote: [m[K‘[01m[Krobot_control_ros2::msg::JointVelocityCmd[m[K’ declared here
  126 | using [01;36m[KJointVelocityCmd[m[K =
      |       [01;36m[K^~~~~~~~~~~~~~~~[m[K
[01m[K/home/chenque/cpp_practice/robot_control_ros2/src/robot_control_ros2/src/joint_velocity_publisher.cpp:11:60:[m[K [01;31m[Kerror: [m[Kno matching function for call to ‘[01m[KJointVelocityPublisher::create_publisher<<expression error> >(const char [19], int)[m[K’
   11 |             pub_ = [01;31m[Kthis->create_publisher<JointVelocityCmd>("joint_velocity_cmd", 10)[m[K;
      |                    [01;31m[K~~~~~~~~~~~~~~~~~~~~~~~~~~~~~~~~~~~~~~~~^~~~~~~~~~~~~~~~~~~~~~~~~~[m[K
In file included from [01m[K/opt/ros/jazzy/include/rclcpp/rclcpp/executors/single_threaded_executor.hpp:28[m[K,
                 from [01m[K/opt/ros/jazzy/include/rclcpp/rclcpp/executors.hpp:22[m[K,
                 from [01m[K/opt/ros/jazzy/include/rclcpp/rclcpp/rclcpp.hpp:172[m[K,
                 from [01m[K/home/chenque/cpp_practice/robot_control_ros2/src/robot_control_ros2/src/joint_velocity_publisher.cpp:1[m[K:
[01m[K/opt/ros/jazzy/include/rclcpp/rclcpp/node.hpp:197:3:[m[K [01;36m[Knote: [m[Kcandidate: ‘[01m[Ktemplate<class MessageT, class AllocatorT, class PublisherT> std::shared_ptr<PublisherT> rclcpp::Node::[01;32m[Kcreate_publisher[m[K(const std::string&, const rclcpp::QoS&, const rclcpp::PublisherOptionsWithAllocator<AllocatorT>&)[m[K’
  197 |   [01;36m[Kcreate_publisher[m[K(
      |   [01;36m[K^~~~~~~~~~~~~~~~[m[K
[01m[K/opt/ros/jazzy/include/rclcpp/rclcpp/node.hpp:197:3:[m[K [01;36m[Knote: [m[K  template argument deduction/substitution failed:
[01m[K/home/chenque/cpp_practice/robot_control_ros2/src/robot_control_ros2/src/joint_velocity_publisher.cpp:11:60:[m[K [01;31m[Kerror: [m[Ktemplate argument 1 is invalid
   11 |             pub_ = [01;31m[Kthis->create_publisher<JointVelocityCmd>("joint_velocity_cmd", 10)[m[K;
      |                    [01;31m[K~~~~~~~~~~~~~~~~~~~~~~~~~~~~~~~~~~~~~~~~^~~~~~~~~~~~~~~~~~~~~~~~~~[m[K
[01m[K/home/chenque/cpp_practice/robot_control_ros2/src/robot_control_ros2/src/joint_velocity_publisher.cpp:[m[K In member function ‘[01m[Kvoid JointVelocityPublisher::[01;32m[Ktime_callback[m[K()[m[K’:
[01m[K/home/chenque/cpp_practice/robot_control_ros2/src/robot_control_ros2/src/joint_velocity_publisher.cpp:17:13:[m[K [01;31m[Kerror: [m[K‘[01m[Kjoint_velocity_cmd[m[K’ was not declared in this scope
   17 |             [01;31m[Kjoint_velocity_cmd[m[K message;
      |             [01;31m[K^~~~~~~~~~~~~~~~~~[m[K
[01m[K/home/chenque/cpp_practice/robot_control_ros2/src/robot_control_ros2/src/joint_velocity_publisher.cpp:18:13:[m[K [01;31m[Kerror: [m[K‘[01m[Kmessage[m[K’ was not declared in this scope
   18 |             [01;31m[Kmessage[m[K.velocity_cmd = {0.1, 0.2, 0.3, 0.5, 0.1, 0.7};
      |             [01;31m[K^~~~~~~[m[K
[01m[K/home/chenque/cpp_practice/robot_control_ros2/src/robot_control_ros2/src/joint_velocity_publisher.cpp:22:13:[m[K [01;31m[Kerror: [m[K‘[01m[Kpub_[m[K’ was not declared in this scope
   22 |             [01;31m[Kpub_[m[K->publish(message);
      |             [01;31m[K^~~~[m[K
gmake[2]: *** [CMakeFiles/joint_velocity_publisher.dir/build.make:76: CMakeFiles/joint_velocity_publisher.dir/src/joint_velocity_publisher.cpp.o] Error 1
gmake[1]: *** [CMakeFiles/Makefile2:637: CMakeFiles/joint_velocity_publisher.dir/all] Error 2
gmake: *** [Makefile:146: all] Error 2
