[0.013s] Invoking command in '/home/chenque/cpp_practice/robot_control_ros2/build/robot_control_ros2': CMAKE_PREFIX_PATH=${CMAKE_PREFIX_PATH}:/opt/ros/jazzy DEBUGINFOD_URLS=https://debuginfod.ubuntu.com /usr/bin/cmake --build /home/chenque/cpp_practice/robot_control_ros2/build/robot_control_ros2 -- -j8 -l8
[0.041s] -- Found ament_cmake: 2.5.5 (/opt/ros/jazzy/share/ament_cmake/cmake)
[0.068s] -- Found Python3: /usr/bin/python3 (found version "3.12.3") found components: Interpreter 
[0.156s] -- Found rclcpp: 28.1.16 (/opt/ros/jazzy/share/rclcpp/cmake)
[0.179s] -- Found rosidl_generator_c: 4.6.7 (/opt/ros/jazzy/share/rosidl_generator_c/cmake)
[0.186s] -- Found rosidl_generator_cpp: 4.6.7 (/opt/ros/jazzy/share/rosidl_generator_cpp/cmake)
[0.194s] -- Using all available rosidl_typesupport_c: rosidl_typesupport_fastrtps_c;rosidl_typesupport_introspection_c
[0.203s] -- Using all available rosidl_typesupport_cpp: rosidl_typesupport_fastrtps_cpp;rosidl_typesupport_introspection_cpp
[0.243s] -- Found rmw_implementation_cmake: 7.3.3 (/opt/ros/jazzy/share/rmw_implementation_cmake/cmake)
[0.244s] -- Found rmw_fastrtps_cpp: 8.4.3 (/opt/ros/jazzy/share/rmw_fastrtps_cpp/cmake)
[0.295s] -- Using RMW implementation 'rmw_fastrtps_cpp' as default
[0.337s] -- Found std_msgs: 5.3.6 (/opt/ros/jazzy/share/std_msgs/cmake)
[0.346s] -- Found rosidl_default_generators: 1.6.0 (/opt/ros/jazzy/share/rosidl_default_generators/cmake)
[0.350s] -- Found rosidl_adapter: 4.6.7 (/opt/ros/jazzy/share/rosidl_adapter/cmake)
[0.541s] -- Found ament_cmake_ros: 0.12.0 (/opt/ros/jazzy/share/ament_cmake_ros/cmake)
[0.654s] -- Using all available rosidl_typesupport_c: rosidl_typesupport_fastrtps_c;rosidl_typesupport_introspection_c
[0.698s] -- Using all available rosidl_typesupport_cpp: rosidl_typesupport_fastrtps_cpp;rosidl_typesupport_introspection_cpp
[0.700s] -- Found python_cmake_module: 0.11.1 (/opt/ros/jazzy/share/python_cmake_module/cmake)
[0.874s] -- Found Python3: /usr/bin/python3 (found version "3.12.3") found components: Interpreter Development NumPy Development.Module Development.Embed 
[0.886s] -- Found ament_lint_auto: 0.17.4 (/opt/ros/jazzy/share/ament_lint_auto/cmake)
[0.891s] -- Added test 'cppcheck' to perform static code analysis on C / C++ code
[0.892s] -- Configured cppcheck include dirs: 
[0.892s] -- Configured cppcheck exclude dirs and/or files: 
[0.893s] -- Added test 'lint_cmake' to check CMake code style
[0.894s] -- Added test 'uncrustify' to check C / C++ code style
[0.894s] -- Configured uncrustify additional arguments: 
[0.894s] -- Added test 'xmllint' to check XML markup files
[0.895s] -- Configuring done (0.9s)
[0.954s] -- Generating done (0.1s)
[0.974s] -- Build files have been written to: /home/chenque/cpp_practice/robot_control_ros2/build/robot_control_ros2
[1.014s] [  1%] Built target robot_control_ros2__rosidl_generator_type_description
[1.023s] [  3%] Built target timer_control_node
[1.023s] [  6%] Built target joint_velocity_subscriber
[1.025s] [  6%] Built target ament_cmake_python_copy_robot_control_ros2
[1.037s] [  7%] Built target robot_control_ros2__cpp
[1.043s] [ 25%] Built target robot_control_ros2__rosidl_generator_c
[1.072s] [ 33%] Built target robot_control_ros2__rosidl_typesupport_introspection_c
[1.072s] [ 41%] Built target robot_control_ros2__rosidl_typesupport_c
[1.073s] [ 48%] Built target robot_control_ros2__rosidl_typesupport_cpp
[1.075s] [ 56%] Built target robot_control_ros2__rosidl_typesupport_fastrtps_c
[1.077s] [ 64%] Built target robot_control_ros2__rosidl_typesupport_fastrtps_cpp
[1.077s] [ 71%] Built target robot_control_ros2__rosidl_typesupport_introspection_cpp
[1.103s] [ 74%] Built target student_servier
[1.104s] [ 75%] [32mBuilding CXX object CMakeFiles/joint_velocity_publisher.dir/src/joint_velocity_publisher.cpp.o[0m
[1.104s] [ 78%] Built target robot_state_pub
[1.105s] [ 78%] Built target robot_control_ros2
[1.106s] [ 80%] Built target student_client
[1.107s] [ 83%] Built target vel_to_pos_node
[1.127s] [ 84%] Built target robot_control_ros2__py
[1.156s] [ 91%] Built target robot_control_ros2__rosidl_generator_py
[1.183s] [ 93%] Built target robot_control_ros2_s__rosidl_typesupport_fastrtps_c
[1.183s] [ 96%] Built target robot_control_ros2_s__rosidl_typesupport_c
[1.183s] [ 98%] Built target robot_control_ros2_s__rosidl_typesupport_introspection_c
[1.197s] running egg_info
[1.218s] writing robot_control_ros2.egg-info/PKG-INFO
[1.218s] writing dependency_links to robot_control_ros2.egg-info/dependency_links.txt
[1.218s] writing top-level names to robot_control_ros2.egg-info/top_level.txt
[1.252s] reading manifest file 'robot_control_ros2.egg-info/SOURCES.txt'
[1.252s] writing manifest file 'robot_control_ros2.egg-info/SOURCES.txt'
[1.276s] [ 98%] Built target ament_cmake_python_build_robot_control_ros2_egg
[2.451s] [01m[K/home/chenque/cpp_practice/robot_control_ros2/src/robot_control_ros2/src/joint_velocity_publisher.cpp:4:26:[m[K [01;31m[Kerror: [m[K‘[01m[Kstd_msgs[m[K’ does not name a type
[2.451s]     4 | using JointVelocityCmd = [01;31m[Kstd_msgs[m[K::msg::JointVelocityCmd;
[2.451s]       |                          [01;31m[K^~~~~~~~[m[K
[2.455s] [01m[K/home/chenque/cpp_practice/robot_control_ros2/src/robot_control_ros2/src/joint_velocity_publisher.cpp:24:27:[m[K [01;31m[Kerror: [m[K‘[01m[Kstd_msgs[m[K’ was not declared in this scope
[2.455s]    24 |         rclcpp::Publisher<[01;31m[Kstd_msgs[m[K::msg::Float64MultiArray>::SharedPtr pub_;
[2.455s]       |                           [01;31m[K^~~~~~~~[m[K
[2.455s] [01m[K/home/chenque/cpp_practice/robot_control_ros2/src/robot_control_ros2/src/joint_velocity_publisher.cpp:24:59:[m[K [01;31m[Kerror: [m[Ktemplate argument 1 is invalid
[2.455s]    24 |         rclcpp::Publisher<std_msgs::msg::Float64MultiArray[01;31m[K>[m[K::SharedPtr pub_;
[2.455s]       |                                                           [01;31m[K^[m[K
[2.455s] [01m[K/home/chenque/cpp_practice/robot_control_ros2/src/robot_control_ros2/src/joint_velocity_publisher.cpp:24:62:[m[K [01;31m[Kerror: [m[Kexpected ‘[01m[K;[m[K’ at end of member declaration
[2.455s]    24 |         rclcpp::Publisher<std_msgs::msg::Float64MultiArray>::[01;31m[KSharedPtr[m[K pub_;
[2.456s]       |                                                              [01;31m[K^~~~~~~~~[m[K
[2.456s]       |                                                                       [32m[K;[m[K
[2.456s] [01m[K/home/chenque/cpp_practice/robot_control_ros2/src/robot_control_ros2/src/joint_velocity_publisher.cpp:24:72:[m[K [01;31m[Kerror: [m[K‘[01m[Kpub_[m[K’ does not name a type
[2.456s]    24 |         rclcpp::Publisher<std_msgs::msg::Float64MultiArray>::SharedPtr [01;31m[Kpub_[m[K;
[2.456s]       |                                                                        [01;31m[K^~~~[m[K
[2.460s] [01m[K/home/chenque/cpp_practice/robot_control_ros2/src/robot_control_ros2/src/joint_velocity_publisher.cpp:[m[K In constructor ‘[01m[KJointVelocityPublisher::[01;32m[KJointVelocityPublisher[m[K()[m[K’:
[2.460s] [01m[K/home/chenque/cpp_practice/robot_control_ros2/src/robot_control_ros2/src/joint_velocity_publisher.cpp:11:13:[m[K [01;31m[Kerror: [m[K‘[01m[Kpub_[m[K’ was not declared in this scope
[2.460s]    11 |             [01;31m[Kpub_[m[K = this->create_publisher<JointVelocityCmd>("joint_velocity_cmd", 10);
[2.460s]       |             [01;31m[K^~~~[m[K
[2.460s] [01m[K/home/chenque/cpp_practice/robot_control_ros2/src/robot_control_ros2/src/joint_velocity_publisher.cpp:11:43:[m[K [01;31m[Kerror: [m[K‘[01m[KJointVelocityCmd[m[K’ was not declared in this scope; did you mean ‘[01m[Krobot_control_ros2::msg::JointVelocityCmd[m[K’?
[2.460s]    11 |             pub_ = this->create_publisher<[01;31m[KJointVelocityCmd[m[K>("joint_velocity_cmd", 10);
[2.460s]       |                                           [01;31m[K^~~~~~~~~~~~~~~~[m[K
[2.460s]       |                                           [32m[Krobot_control_ros2::msg::JointVelocityCmd[m[K
[2.461s] In file included from [01m[K/home/chenque/cpp_practice/robot_control_ros2/build/robot_control_ros2/rosidl_generator_cpp/robot_control_ros2/msg/joint_velocity_cmd.hpp:7[m[K,
[2.461s]                  from [01m[K/home/chenque/cpp_practice/robot_control_ros2/src/robot_control_ros2/src/joint_velocity_publisher.cpp:2[m[K:
[2.461s] [01m[K/home/chenque/cpp_practice/robot_control_ros2/build/robot_control_ros2/rosidl_generator_cpp/robot_control_ros2/msg/detail/joint_velocity_cmd__struct.hpp:126:7:[m[K [01;36m[Knote: [m[K‘[01m[Krobot_control_ros2::msg::JointVelocityCmd[m[K’ declared here
[2.461s]   126 | using [01;36m[KJointVelocityCmd[m[K =
[2.461s]       |       [01;36m[K^~~~~~~~~~~~~~~~[m[K
[2.461s] [01m[K/home/chenque/cpp_practice/robot_control_ros2/src/robot_control_ros2/src/joint_velocity_publisher.cpp:11:60:[m[K [01;31m[Kerror: [m[Kno matching function for call to ‘[01m[KJointVelocityPublisher::create_publisher<<expression error> >(const char [19], int)[m[K’
[2.461s]    11 |             pub_ = [01;31m[Kthis->create_publisher<JointVelocityCmd>("joint_velocity_cmd", 10)[m[K;
[2.461s]       |                    [01;31m[K~~~~~~~~~~~~~~~~~~~~~~~~~~~~~~~~~~~~~~~~^~~~~~~~~~~~~~~~~~~~~~~~~~[m[K
[2.461s] In file included from [01m[K/opt/ros/jazzy/include/rclcpp/rclcpp/executors/single_threaded_executor.hpp:28[m[K,
[2.461s]                  from [01m[K/opt/ros/jazzy/include/rclcpp/rclcpp/executors.hpp:22[m[K,
[2.461s]                  from [01m[K/opt/ros/jazzy/include/rclcpp/rclcpp/rclcpp.hpp:172[m[K,
[2.461s]                  from [01m[K/home/chenque/cpp_practice/robot_control_ros2/src/robot_control_ros2/src/joint_velocity_publisher.cpp:1[m[K:
[2.461s] [01m[K/opt/ros/jazzy/include/rclcpp/rclcpp/node.hpp:197:3:[m[K [01;36m[Knote: [m[Kcandidate: ‘[01m[Ktemplate<class MessageT, class AllocatorT, class PublisherT> std::shared_ptr<PublisherT> rclcpp::Node::[01;32m[Kcreate_publisher[m[K(const std::string&, const rclcpp::QoS&, const rclcpp::PublisherOptionsWithAllocator<AllocatorT>&)[m[K’
[2.461s]   197 |   [01;36m[Kcreate_publisher[m[K(
[2.461s]       |   [01;36m[K^~~~~~~~~~~~~~~~[m[K
[2.461s] [01m[K/opt/ros/jazzy/include/rclcpp/rclcpp/node.hpp:197:3:[m[K [01;36m[Knote: [m[K  template argument deduction/substitution failed:
[2.461s] [01m[K/home/chenque/cpp_practice/robot_control_ros2/src/robot_control_ros2/src/joint_velocity_publisher.cpp:11:60:[m[K [01;31m[Kerror: [m[Ktemplate argument 1 is invalid
[2.461s]    11 |             pub_ = [01;31m[Kthis->create_publisher<JointVelocityCmd>("joint_velocity_cmd", 10)[m[K;
[2.461s]       |                    [01;31m[K~~~~~~~~~~~~~~~~~~~~~~~~~~~~~~~~~~~~~~~~^~~~~~~~~~~~~~~~~~~~~~~~~~[m[K
[2.473s] [01m[K/home/chenque/cpp_practice/robot_control_ros2/src/robot_control_ros2/src/joint_velocity_publisher.cpp:[m[K In member function ‘[01m[Kvoid JointVelocityPublisher::[01;32m[Ktime_callback[m[K()[m[K’:
[2.473s] [01m[K/home/chenque/cpp_practice/robot_control_ros2/src/robot_control_ros2/src/joint_velocity_publisher.cpp:17:13:[m[K [01;31m[Kerror: [m[K‘[01m[Kjoint_velocity_cmd[m[K’ was not declared in this scope
[2.473s]    17 |             [01;31m[Kjoint_velocity_cmd[m[K message;
[2.473s]       |             [01;31m[K^~~~~~~~~~~~~~~~~~[m[K
[2.476s] [01m[K/home/chenque/cpp_practice/robot_control_ros2/src/robot_control_ros2/src/joint_velocity_publisher.cpp:18:13:[m[K [01;31m[Kerror: [m[K‘[01m[Kmessage[m[K’ was not declared in this scope
[2.476s]    18 |             [01;31m[Kmessage[m[K.velocity_cmd = {0.1, 0.2, 0.3, 0.5, 0.1, 0.7};
[2.477s]       |             [01;31m[K^~~~~~~[m[K
[2.480s] [01m[K/home/chenque/cpp_practice/robot_control_ros2/src/robot_control_ros2/src/joint_velocity_publisher.cpp:22:13:[m[K [01;31m[Kerror: [m[K‘[01m[Kpub_[m[K’ was not declared in this scope
[2.480s]    22 |             [01;31m[Kpub_[m[K->publish(message);
[2.480s]       |             [01;31m[K^~~~[m[K
[2.893s] gmake[2]: *** [CMakeFiles/joint_velocity_publisher.dir/build.make:76: CMakeFiles/joint_velocity_publisher.dir/src/joint_velocity_publisher.cpp.o] Error 1
[2.893s] gmake[1]: *** [CMakeFiles/Makefile2:637: CMakeFiles/joint_velocity_publisher.dir/all] Error 2
[2.894s] gmake: *** [Makefile:146: all] Error 2
[2.896s] Invoked command in '/home/chenque/cpp_practice/robot_control_ros2/build/robot_control_ros2' returned '2': CMAKE_PREFIX_PATH=${CMAKE_PREFIX_PATH}:/opt/ros/jazzy DEBUGINFOD_URLS=https://debuginfod.ubuntu.com /usr/bin/cmake --build /home/chenque/cpp_practice/robot_control_ros2/build/robot_control_ros2 -- -j8 -l8
