[01m[K/home/chenque/cpp_practice/robot_control_ros2/src/robot_control_ros2/src/vel_to_pos_node.cpp:41:17:[m[K [01;31m[Kerror: [m[K‘[01m[KTimer_base[m[K’ in namespace ‘[01m[Krclcpp[m[K’ does not name a type; did you mean ‘[01m[KTimerBase[m[K’?
   41 |         rclcpp::[01;31m[KTimer_base[m[K::SharedPtr timer_;
      |                 [01;31m[K^~~~~~~~~~[m[K
      |                 [32m[KTimerBase[m[K
[01m[K/home/chenque/cpp_practice/robot_control_ros2/src/robot_control_ros2/src/vel_to_pos_node.cpp:44:9:[m[K [01;31m[Kerror: [m[K‘[01m[Kfloat32[m[K’ does not name a type; did you mean ‘[01m[K_Float32[m[K’?
   44 |         [01;31m[Kfloat32[m[K velocity_cmd_[6];
      |         [01;31m[K^~~~~~~[m[K
      |         [32m[K_Float32[m[K
[01m[K/home/chenque/cpp_practice/robot_control_ros2/src/robot_control_ros2/src/vel_to_pos_node.cpp:45:9:[m[K [01;31m[Kerror: [m[K‘[01m[Kfloat32[m[K’ does not name a type; did you mean ‘[01m[K_Float32[m[K’?
   45 |         [01;31m[Kfloat32[m[K position_cmd_[6];
      |         [01;31m[K^~~~~~~[m[K
      |         [32m[K_Float32[m[K
[01m[K/home/chenque/cpp_practice/robot_control_ros2/src/robot_control_ros2/src/vel_to_pos_node.cpp:46:9:[m[K [01;31m[Kerror: [m[K‘[01m[Kfloat32[m[K’ does not name a type; did you mean ‘[01m[K_Float32[m[K’?
   46 |         [01;31m[Kfloat32[m[K dt;
      |         [01;31m[K^~~~~~~[m[K
      |         [32m[K_Float32[m[K
[01m[K/home/chenque/cpp_practice/robot_control_ros2/src/robot_control_ros2/src/vel_to_pos_node.cpp:[m[K In constructor ‘[01m[KVel2PosNode::[01;32m[KVel2PosNode[m[K()[m[K’:
[01m[K/home/chenque/cpp_practice/robot_control_ros2/src/robot_control_ros2/src/vel_to_pos_node.cpp:12:13:[m[K [01;31m[Kerror: [m[Kclass ‘[01m[KVel2PosNode[m[K’ does not have any field named ‘[01m[Kvelocity_cmd_[m[K’
   12 |             [01;31m[Kvelocity_cmd_[m[K({0,0,0,0,0,0}),
      |             [01;31m[K^~~~~~~~~~~~~[m[K
[01m[K/home/chenque/cpp_practice/robot_control_ros2/src/robot_control_ros2/src/vel_to_pos_node.cpp:13:13:[m[K [01;31m[Kerror: [m[Kclass ‘[01m[KVel2PosNode[m[K’ does not have any field named ‘[01m[Kposition_cmd_[m[K’
   13 |             [01;31m[Kposition_cmd_[m[K({0,0,0,0,0,0}),
      |             [01;31m[K^~~~~~~~~~~~~[m[K
[01m[K/home/chenque/cpp_practice/robot_control_ros2/src/robot_control_ros2/src/vel_to_pos_node.cpp:14:13:[m[K [01;31m[Kerror: [m[Kclass ‘[01m[KVel2PosNode[m[K’ does not have any field named ‘[01m[Kdt[m[K’
   14 |             [01;31m[Kdt[m[K(0.02)
      |             [01;31m[K^~[m[K
In file included from [01m[K/opt/ros/jazzy/include/rclcpp/rclcpp/utilities.hpp:19[m[K,
                 from [01m[K/opt/ros/jazzy/include/rclcpp/rclcpp/logging.hpp:25[m[K,
                 from [01m[K/opt/ros/jazzy/include/rclcpp/rclcpp/copy_all_parameter_values.hpp:27[m[K,
                 from [01m[K/opt/ros/jazzy/include/rclcpp/rclcpp/rclcpp.hpp:171[m[K,
                 from [01m[K/home/chenque/cpp_practice/robot_control_ros2/src/robot_control_ros2/src/vel_to_pos_node.cpp:1[m[K:
/usr/include/c++/13/functional: In instantiation of ‘[01m[Kstruct std::_Bind_check_arity<void (Vel2PosNode::*)(const robot_control_ros2::msg::JointVelocityCmd_<std::allocator<void> >&), Vel2PosNode*>[m[K’:
[01m[K/usr/include/c++/13/functional:859:12:[m[K   required from ‘[01m[Kstruct std::_Bind_helper<false, void (Vel2PosNode::*)(const robot_control_ros2::msg::JointVelocityCmd_<std::allocator<void> >&), Vel2PosNode*>[m[K’
[01m[K/usr/include/c++/13/functional:881:5:[m[K   required by substitution of ‘[01m[Ktemplate<class _Func, class ... _BoundArgs> typename std::_Bind_helper<std::__is_socketlike<_Func>::value, _Func, _BoundArgs ...>::type std::[01;32m[Kbind[m[K(_Func&&, _BoundArgs&& ...) [35m[K[with _Func = void (Vel2PosNode::*)(const robot_control_ros2::msg::JointVelocityCmd_<std::allocator<void> >&); _BoundArgs = {Vel2PosNode*}][m[K[m[K’
[01m[K/home/chenque/cpp_practice/robot_control_ros2/src/robot_control_ros2/src/vel_to_pos_node.cpp:17:26:[m[K   required from here
[01m[K/usr/include/c++/13/functional:847:21:[m[K [01;31m[Kerror: [m[Kstatic assertion failed: Wrong number of arguments for pointer-to-member
  846 |       static_assert(_Varargs::[01;31m[Kvalue[m[K
      |                               [01;31m[K~~~~~[m[K
  847 | [01;31m[K                    ? sizeof...(_BoundArgs) >= _Arity::value + 1[m[K
      |                     [01;31m[K^~~~~~~~~~~~~~~~~~~~~~~~~~~~~~~~~~~~~~~~~~~~[m[K
  848 | [01;31m[K                    : sizeof...(_BoundArgs) == _Arity::value + 1[m[K,
      |                     [01;31m[K~~~~~~~~~~~~~~~~~~~~~~~~~~~~~~~~~~~~~~~~~~~~[m[K
[01m[K/usr/include/c++/13/functional:847:21:[m[K [01;36m[Knote: [m[K‘[01m[K(false ? (1 >= (((long unsigned int)std::integral_constant<long unsigned int, 1>::value) + 1)) : (1 == (((long unsigned int)std::integral_constant<long unsigned int, 1>::value) + 1)))[m[K’ evaluates to false
[01m[K/home/chenque/cpp_practice/robot_control_ros2/src/robot_control_ros2/src/vel_to_pos_node.cpp:20:13:[m[K [01;31m[Kerror: [m[K‘[01m[Ktimer_[m[K’ was not declared in this scope; did you mean ‘[01m[Ktimer_t[m[K’?
   20 |             [01;31m[Ktimer_[m[K = this->create_wall_timer(std::chrono::milliseconds(50),
      |             [01;31m[K^~~~~~[m[K
      |             [32m[Ktimer_t[m[K
[01m[K/home/chenque/cpp_practice/robot_control_ros2/src/robot_control_ros2/src/vel_to_pos_node.cpp:[m[K In member function ‘[01m[Kvoid Vel2PosNode::[01;32m[Ksub_callback[m[K(const JointVelocityCmd&)[m[K’:
[01m[K/home/chenque/cpp_practice/robot_control_ros2/src/robot_control_ros2/src/vel_to_pos_node.cpp:28:17:[m[K [01;31m[Kerror: [m[K‘[01m[Kvelocity_cmd_[m[K’ was not declared in this scope
   28 |                 [01;31m[Kvelocity_cmd_[m[K[i] = vel[i];
      |                 [01;31m[K^~~~~~~~~~~~~[m[K
[01m[K/home/chenque/cpp_practice/robot_control_ros2/src/robot_control_ros2/src/vel_to_pos_node.cpp:28:39:[m[K [01;31m[Kerror: [m[Kno match for ‘[01m[Koperator[][m[K’ (operand types are ‘[01m[Kconst JointVelocityCmd[m[K’ {aka ‘[01m[Kconst robot_control_ros2::msg::JointVelocityCmd_<std::allocator<void> >[m[K’} and ‘[01m[Kint[m[K’)
   28 |                 velocity_cmd_[i] = vel[01;31m[K[[m[Ki];
      |                                       [01;31m[K^[m[K
[01m[K/home/chenque/cpp_practice/robot_control_ros2/src/robot_control_ros2/src/vel_to_pos_node.cpp:[m[K In member function ‘[01m[Kvoid Vel2PosNode::[01;32m[Ktimer_callback[m[K()[m[K’:
[01m[K/home/chenque/cpp_practice/robot_control_ros2/src/robot_control_ros2/src/vel_to_pos_node.cpp:36:17:[m[K [01;31m[Kerror: [m[K‘[01m[Kposition_cmd_[m[K’ was not declared in this scope; did you mean ‘[01m[Kposition_cmd[m[K’?
   36 |                 [01;31m[Kposition_cmd_[m[K[i] = position_cmd_[i] + velocity_cmd_[i]*dt;
      |                 [01;31m[K^~~~~~~~~~~~~[m[K
      |                 [32m[Kposition_cmd[m[K
[01m[K/home/chenque/cpp_practice/robot_control_ros2/src/robot_control_ros2/src/vel_to_pos_node.cpp:36:55:[m[K [01;31m[Kerror: [m[K‘[01m[Kvelocity_cmd_[m[K’ was not declared in this scope
   36 |                 position_cmd_[i] = position_cmd_[i] + [01;31m[Kvelocity_cmd_[m[K[i]*dt;
      |                                                       [01;31m[K^~~~~~~~~~~~~[m[K
[01m[K/home/chenque/cpp_practice/robot_control_ros2/src/robot_control_ros2/src/vel_to_pos_node.cpp:36:72:[m[K [01;31m[Kerror: [m[K‘[01m[Kdt[m[K’ was not declared in this scope
   36 |                 position_cmd_[i] = position_cmd_[i] + velocity_cmd_[i]*[01;31m[Kdt[m[K;
      |                                                                        [01;31m[K^~[m[K
[01m[K/home/chenque/cpp_practice/robot_control_ros2/src/robot_control_ros2/src/vel_to_pos_node.cpp:37:29:[m[K [01;31m[Kerror: [m[Kno match for ‘[01m[Koperator[][m[K’ (operand types are ‘[01m[KJointPositionCmd[m[K’ {aka ‘[01m[Krobot_control_ros2::msg::JointPositionCmd_<std::allocator<void> >[m[K’} and ‘[01m[Kint[m[K’)
   37 |                 position_cmd[01;31m[K[[m[Ki] = position_cmd_[i];
      |                             [01;31m[K^[m[K
In file included from [01m[K/opt/ros/jazzy/include/rclcpp/rclcpp/subscription_base.hpp:32[m[K,
                 from [01m[K/opt/ros/jazzy/include/rclcpp/rclcpp/callback_group.hpp:29[m[K,
                 from [01m[K/opt/ros/jazzy/include/rclcpp/rclcpp/any_executable.hpp:20[m[K,
                 from [01m[K/opt/ros/jazzy/include/rclcpp/rclcpp/memory_strategy.hpp:25[m[K,
                 from [01m[K/opt/ros/jazzy/include/rclcpp/rclcpp/memory_strategies.hpp:18[m[K,
                 from [01m[K/opt/ros/jazzy/include/rclcpp/rclcpp/executor_options.hpp:22[m[K,
                 from [01m[K/opt/ros/jazzy/include/rclcpp/rclcpp/executor.hpp:38[m[K,
                 from [01m[K/opt/ros/jazzy/include/rclcpp/rclcpp/executors/multi_threaded_executor.hpp:25[m[K,
                 from [01m[K/opt/ros/jazzy/include/rclcpp/rclcpp/executors.hpp:21[m[K,
                 from [01m[K/opt/ros/jazzy/include/rclcpp/rclcpp/rclcpp.hpp:172[m[K:
/opt/ros/jazzy/include/rclcpp/rclcpp/any_subscription_callback.hpp: In instantiation of ‘[01m[Krclcpp::AnySubscriptionCallback<MessageT, AllocatorT> rclcpp::AnySubscriptionCallback<MessageT, AllocatorT>::[01;32m[Kset[m[K(CallbackT) [35m[K[with CallbackT = std::_Bind<void (Vel2PosNode::*(Vel2PosNode*))(const robot_control_ros2::msg::JointVelocityCmd_<std::allocator<void> >&)>; MessageT = robot_control_ros2::msg::JointVelocityCmd_<std::allocator<void> >; AllocatorT = std::allocator<void>][m[K[m[K’:
[01m[K/opt/ros/jazzy/include/rclcpp/rclcpp/subscription_factory.hpp:93:32:[m[K   required from ‘[01m[Krclcpp::SubscriptionFactory rclcpp::[01;32m[Kcreate_subscription_factory[m[K(CallbackT&&, const SubscriptionOptionsWithAllocator<AllocatorT>&, typename MessageMemoryStrategyT::SharedPtr, std::shared_ptr<topic_statistics::SubscriptionTopicStatistics>) [35m[K[with MessageT = robot_control_ros2::msg::JointVelocityCmd_<std::allocator<void> >; CallbackT = std::_Bind<void (Vel2PosNode::*(Vel2PosNode*))(const robot_control_ros2::msg::JointVelocityCmd_<std::allocator<void> >&)>; AllocatorT = std::allocator<void>; SubscriptionT = Subscription<robot_control_ros2::msg::JointVelocityCmd_<std::allocator<void> > >; MessageMemoryStrategyT = message_memory_strategy::MessageMemoryStrategy<robot_control_ros2::msg::JointVelocityCmd_<std::allocator<void> >, std::allocator<void> >; typename MessageMemoryStrategyT::SharedPtr = std::shared_ptr<message_memory_strategy::MessageMemoryStrategy<robot_control_ros2::msg::JointVelocityCmd_<std::allocator<void> >, std::allocator<void> > >][m[K[m[K’
[01m[K/opt/ros/jazzy/include/rclcpp/rclcpp/create_subscription.hpp:121:63:[m[K   required from ‘[01m[Kstd::shared_ptr<ROSMessageT> rclcpp::detail::[01;32m[Kcreate_subscription[m[K(NodeParametersT&, NodeTopicsT&, const std::string&, const rclcpp::QoS&, CallbackT&&, const rclcpp::SubscriptionOptionsWithAllocator<AllocatorT>&, typename MessageMemoryStrategyT::SharedPtr) [35m[K[with MessageT = robot_control_ros2::msg::JointVelocityCmd_<std::allocator<void> >; CallbackT = std::_Bind<void (Vel2PosNode::*(Vel2PosNode*))(const robot_control_ros2::msg::JointVelocityCmd_<std::allocator<void> >&)>; AllocatorT = std::allocator<void>; SubscriptionT = rclcpp::Subscription<robot_control_ros2::msg::JointVelocityCmd_<std::allocator<void> > >; MessageMemoryStrategyT = rclcpp::message_memory_strategy::MessageMemoryStrategy<robot_control_ros2::msg::JointVelocityCmd_<std::allocator<void> >, std::allocator<void> >; NodeParametersT = rclcpp::Node; NodeTopicsT = rclcpp::Node; std::string = std::__cxx11::basic_string<char>; typename MessageMemoryStrategyT::SharedPtr = std::shared_ptr<rclcpp::message_memory_strategy::MessageMemoryStrategy<robot_control_ros2::msg::JointVelocityCmd_<std::allocator<void> >, std::allocator<void> > >][m[K[m[K’
[01m[K/opt/ros/jazzy/include/rclcpp/rclcpp/create_subscription.hpp:190:76:[m[K   required from ‘[01m[Kstd::shared_ptr<ROSMessageT> rclcpp::[01;32m[Kcreate_subscription[m[K(NodeT&, const std::string&, const QoS&, CallbackT&&, const SubscriptionOptionsWithAllocator<AllocatorT>&, typename MessageMemoryStrategyT::SharedPtr) [35m[K[with MessageT = robot_control_ros2::msg::JointVelocityCmd_<std::allocator<void> >; CallbackT = std::_Bind<void (Vel2PosNode::*(Vel2PosNode*))(const robot_control_ros2::msg::JointVelocityCmd_<std::allocator<void> >&)>; AllocatorT = std::allocator<void>; SubscriptionT = Subscription<robot_control_ros2::msg::JointVelocityCmd_<std::allocator<void> > >; MessageMemoryStrategyT = message_memory_strategy::MessageMemoryStrategy<robot_control_ros2::msg::JointVelocityCmd_<std::allocator<void> >, std::allocator<void> >; NodeT = Node; std::string = std::__cxx11::basic_string<char>; typename MessageMemoryStrategyT::SharedPtr = std::shared_ptr<message_memory_strategy::MessageMemoryStrategy<robot_control_ros2::msg::JointVelocityCmd_<std::allocator<void> >, std::allocator<void> > >][m[K[m[K’
[01m[K/opt/ros/jazzy/include/rclcpp/rclcpp/node_impl.hpp:99:47:[m[K   required from ‘[01m[Kstd::shared_ptr<ROSMessageT> rclcpp::Node::[01;32m[Kcreate_subscription[m[K(const std::string&, const rclcpp::QoS&, CallbackT&&, const rclcpp::SubscriptionOptionsWithAllocator<AllocatorT>&, typename MessageMemoryStrategyT::SharedPtr) [35m[K[with MessageT = robot_control_ros2::msg::JointVelocityCmd_<std::allocator<void> >; CallbackT = std::_Bind<void (Vel2PosNode::*(Vel2PosNode*))(const robot_control_ros2::msg::JointVelocityCmd_<std::allocator<void> >&)>; AllocatorT = std::allocator<void>; SubscriptionT = rclcpp::Subscription<robot_control_ros2::msg::JointVelocityCmd_<std::allocator<void> > >; MessageMemoryStrategyT = rclcpp::message_memory_strategy::MessageMemoryStrategy<robot_control_ros2::msg::JointVelocityCmd_<std::allocator<void> >, std::allocator<void> >; std::string = std::__cxx11::basic_string<char>; typename MessageMemoryStrategyT::SharedPtr = std::shared_ptr<rclcpp::message_memory_strategy::MessageMemoryStrategy<robot_control_ros2::msg::JointVelocityCmd_<std::allocator<void> >, std::allocator<void> > >][m[K[m[K’
[01m[K/home/chenque/cpp_practice/robot_control_ros2/src/robot_control_ros2/src/vel_to_pos_node.cpp:16:63:[m[K   required from here
[01m[K/opt/ros/jazzy/include/rclcpp/rclcpp/any_subscription_callback.hpp:396:25:[m[K [01;31m[Kerror: [m[Kno matching function for call to ‘[01m[Kstd::function<void(const robot_control_ros2::msg::JointVelocityCmd_<std::allocator<void> >&)>::function(std::_Bind<void (Vel2PosNode::*(Vel2PosNode*))(const robot_control_ros2::msg::JointVelocityCmd_<std::allocator<void> >&)>&)[m[K’
  396 |     callback_variant_ = [01;31m[Kstatic_cast<typename scbth::callback_type>(callback)[m[K;
      |                         [01;31m[K^~~~~~~~~~~~~~~~~~~~~~~~~~~~~~~~~~~~~~~~~~~~~~~~~~~~[m[K
In file included from [01m[K/usr/include/c++/13/functional:59[m[K:
[01m[K/usr/include/c++/13/bits/std_function.h:435:9:[m[K [01;36m[Knote: [m[Kcandidate: ‘[01m[Ktemplate<class _Functor, class _Constraints> std::function<_Res(_ArgTypes ...)>::[01;32m[Kfunction[m[K(_Functor&&) [35m[K[with _Constraints = _Functor; _Res = void; _ArgTypes = {const robot_control_ros2::msg::JointVelocityCmd_<std::allocator<void> >&}][m[K[m[K’
  435 |         [01;36m[Kfunction[m[K(_Functor&& __f)
      |         [01;36m[K^~~~~~~~[m[K
[01m[K/usr/include/c++/13/bits/std_function.h:435:9:[m[K [01;36m[Knote: [m[K  template argument deduction/substitution failed:
In file included from [01m[K/usr/include/c++/13/bits/move.h:37[m[K,
                 from [01m[K/usr/include/c++/13/bits/new_allocator.h:36[m[K,
                 from [01m[K/usr/include/x86_64-linux-gnu/c++/13/bits/c++allocator.h:33[m[K,
                 from [01m[K/usr/include/c++/13/bits/allocator.h:46[m[K,
                 from [01m[K/usr/include/c++/13/memory:65[m[K,
                 from [01m[K/opt/ros/jazzy/include/rclcpp/rclcpp/rclcpp.hpp:169[m[K:
/usr/include/c++/13/type_traits: In substitution of ‘[01m[Ktemplate<bool _Cond, class _Tp> using std::__enable_if_t = typename std::enable_if::type [35m[K[with bool _Cond = false; _Tp = void][m[K[m[K’:
[01m[K/usr/include/c++/13/bits/std_function.h:353:8:[m[K   required by substitution of ‘[01m[Ktemplate<class _Res, class ... _ArgTypes> template<class _Cond, class _Tp> using std::function<_Res(_ArgTypes ...)>::_Requires = std::__enable_if_t<_Cond::value, _Tp> [35m[K[with _Cond = std::function<void(const robot_control_ros2::msg::JointVelocityCmd_<std::allocator<void> >&)>::_Callable<std::_Bind<void (Vel2PosNode::*(Vel2PosNode*))(const robot_control_ros2::msg::JointVelocityCmd_<std::allocator<void> >&)>&, std::_Bind<void (Vel2PosNode::*(Vel2PosNode*))(const robot_control_ros2::msg::JointVelocityCmd_<std::allocator<void> >&)>, std::__invoke_result<std::_Bind<void (Vel2PosNode::*(Vel2PosNode*))(const robot_control_ros2::msg::JointVelocityCmd_<std::allocator<void> >&)>&, const robot_control_ros2::msg::JointVelocityCmd_<std::allocator<void> >&> >; _Tp = void; _Res = void; _ArgTypes = {const robot_control_ros2::msg::JointVelocityCmd_<std::allocator<void> >&}][m[K[m[K’
[01m[K/usr/include/c++/13/bits/std_function.h:434:9:[m[K   required from ‘[01m[Krclcpp::AnySubscriptionCallback<MessageT, AllocatorT> rclcpp::AnySubscriptionCallback<MessageT, AllocatorT>::[01;32m[Kset[m[K(CallbackT) [35m[K[with CallbackT = std::_Bind<void (Vel2PosNode::*(Vel2PosNode*))(const robot_control_ros2::msg::JointVelocityCmd_<std::allocator<void> >&)>; MessageT = robot_control_ros2::msg::JointVelocityCmd_<std::allocator<void> >; AllocatorT = std::allocator<void>][m[K[m[K’
[01m[K/opt/ros/jazzy/include/rclcpp/rclcpp/subscription_factory.hpp:93:32:[m[K   required from ‘[01m[Krclcpp::SubscriptionFactory rclcpp::[01;32m[Kcreate_subscription_factory[m[K(CallbackT&&, const SubscriptionOptionsWithAllocator<AllocatorT>&, typename MessageMemoryStrategyT::SharedPtr, std::shared_ptr<topic_statistics::SubscriptionTopicStatistics>) [35m[K[with MessageT = robot_control_ros2::msg::JointVelocityCmd_<std::allocator<void> >; CallbackT = std::_Bind<void (Vel2PosNode::*(Vel2PosNode*))(const robot_control_ros2::msg::JointVelocityCmd_<std::allocator<void> >&)>; AllocatorT = std::allocator<void>; SubscriptionT = Subscription<robot_control_ros2::msg::JointVelocityCmd_<std::allocator<void> > >; MessageMemoryStrategyT = message_memory_strategy::MessageMemoryStrategy<robot_control_ros2::msg::JointVelocityCmd_<std::allocator<void> >, std::allocator<void> >; typename MessageMemoryStrategyT::SharedPtr = std::shared_ptr<message_memory_strategy::MessageMemoryStrategy<robot_control_ros2::msg::JointVelocityCmd_<std::allocator<void> >, std::allocator<void> > >][m[K[m[K’
[01m[K/opt/ros/jazzy/include/rclcpp/rclcpp/create_subscription.hpp:121:63:[m[K   required from ‘[01m[Kstd::shared_ptr<ROSMessageT> rclcpp::detail::[01;32m[Kcreate_subscription[m[K(NodeParametersT&, NodeTopicsT&, const std::string&, const rclcpp::QoS&, CallbackT&&, const rclcpp::SubscriptionOptionsWithAllocator<AllocatorT>&, typename MessageMemoryStrategyT::SharedPtr) [35m[K[with MessageT = robot_control_ros2::msg::JointVelocityCmd_<std::allocator<void> >; CallbackT = std::_Bind<void (Vel2PosNode::*(Vel2PosNode*))(const robot_control_ros2::msg::JointVelocityCmd_<std::allocator<void> >&)>; AllocatorT = std::allocator<void>; SubscriptionT = rclcpp::Subscription<robot_control_ros2::msg::JointVelocityCmd_<std::allocator<void> > >; MessageMemoryStrategyT = rclcpp::message_memory_strategy::MessageMemoryStrategy<robot_control_ros2::msg::JointVelocityCmd_<std::allocator<void> >, std::allocator<void> >; NodeParametersT = rclcpp::Node; NodeTopicsT = rclcpp::Node; std::string = std::__cxx11::basic_string<char>; typename MessageMemoryStrategyT::SharedPtr = std::shared_ptr<rclcpp::message_memory_strategy::MessageMemoryStrategy<robot_control_ros2::msg::JointVelocityCmd_<std::allocator<void> >, std::allocator<void> > >][m[K[m[K’
[01m[K/opt/ros/jazzy/include/rclcpp/rclcpp/create_subscription.hpp:190:76:[m[K   required from ‘[01m[Kstd::shared_ptr<ROSMessageT> rclcpp::[01;32m[Kcreate_subscription[m[K(NodeT&, const std::string&, const QoS&, CallbackT&&, const SubscriptionOptionsWithAllocator<AllocatorT>&, typename MessageMemoryStrategyT::SharedPtr) [35m[K[with MessageT = robot_control_ros2::msg::JointVelocityCmd_<std::allocator<void> >; CallbackT = std::_Bind<void (Vel2PosNode::*(Vel2PosNode*))(const robot_control_ros2::msg::JointVelocityCmd_<std::allocator<void> >&)>; AllocatorT = std::allocator<void>; SubscriptionT = Subscription<robot_control_ros2::msg::JointVelocityCmd_<std::allocator<void> > >; MessageMemoryStrategyT = message_memory_strategy::MessageMemoryStrategy<robot_control_ros2::msg::JointVelocityCmd_<std::allocator<void> >, std::allocator<void> >; NodeT = Node; std::string = std::__cxx11::basic_string<char>; typename MessageMemoryStrategyT::SharedPtr = std::shared_ptr<message_memory_strategy::MessageMemoryStrategy<robot_control_ros2::msg::JointVelocityCmd_<std::allocator<void> >, std::allocator<void> > >][m[K[m[K’
[01m[K/opt/ros/jazzy/include/rclcpp/rclcpp/node_impl.hpp:99:47:[m[K   required from ‘[01m[Kstd::shared_ptr<ROSMessageT> rclcpp::Node::[01;32m[Kcreate_subscription[m[K(const std::string&, const rclcpp::QoS&, CallbackT&&, const rclcpp::SubscriptionOptionsWithAllocator<AllocatorT>&, typename MessageMemoryStrategyT::SharedPtr) [35m[K[with MessageT = robot_control_ros2::msg::JointVelocityCmd_<std::allocator<void> >; CallbackT = std::_Bind<void (Vel2PosNode::*(Vel2PosNode*))(const robot_control_ros2::msg::JointVelocityCmd_<std::allocator<void> >&)>; AllocatorT = std::allocator<void>; SubscriptionT = rclcpp::Subscription<robot_control_ros2::msg::JointVelocityCmd_<std::allocator<void> > >; MessageMemoryStrategyT = rclcpp::message_memory_strategy::MessageMemoryStrategy<robot_control_ros2::msg::JointVelocityCmd_<std::allocator<void> >, std::allocator<void> >; std::string = std::__cxx11::basic_string<char>; typename MessageMemoryStrategyT::SharedPtr = std::shared_ptr<rclcpp::message_memory_strategy::MessageMemoryStrategy<robot_control_ros2::msg::JointVelocityCmd_<std::allocator<void> >, std::allocator<void> > >][m[K[m[K’
[01m[K/home/chenque/cpp_practice/robot_control_ros2/src/robot_control_ros2/src/vel_to_pos_node.cpp:16:63:[m[K   required from here
[01m[K/usr/include/c++/13/type_traits:116:11:[m[K [01;31m[Kerror: [m[Kno type named ‘[01m[Ktype[m[K’ in ‘[01m[Kstruct std::enable_if<false, void>[m[K’
  116 |     using [01;31m[K__enable_if_t[m[K = typename enable_if<_Cond, _Tp>::type;
      |           [01;31m[K^~~~~~~~~~~~~[m[K
/opt/ros/jazzy/include/rclcpp/rclcpp/any_subscription_callback.hpp: In instantiation of ‘[01m[Krclcpp::AnySubscriptionCallback<MessageT, AllocatorT> rclcpp::AnySubscriptionCallback<MessageT, AllocatorT>::[01;32m[Kset[m[K(CallbackT) [35m[K[with CallbackT = std::_Bind<void (Vel2PosNode::*(Vel2PosNode*))(const robot_control_ros2::msg::JointVelocityCmd_<std::allocator<void> >&)>; MessageT = robot_control_ros2::msg::JointVelocityCmd_<std::allocator<void> >; AllocatorT = std::allocator<void>][m[K[m[K’:
[01m[K/opt/ros/jazzy/include/rclcpp/rclcpp/subscription_factory.hpp:93:32:[m[K   required from ‘[01m[Krclcpp::SubscriptionFactory rclcpp::[01;32m[Kcreate_subscription_factory[m[K(CallbackT&&, const SubscriptionOptionsWithAllocator<AllocatorT>&, typename MessageMemoryStrategyT::SharedPtr, std::shared_ptr<topic_statistics::SubscriptionTopicStatistics>) [35m[K[with MessageT = robot_control_ros2::msg::JointVelocityCmd_<std::allocator<void> >; CallbackT = std::_Bind<void (Vel2PosNode::*(Vel2PosNode*))(const robot_control_ros2::msg::JointVelocityCmd_<std::allocator<void> >&)>; AllocatorT = std::allocator<void>; SubscriptionT = Subscription<robot_control_ros2::msg::JointVelocityCmd_<std::allocator<void> > >; MessageMemoryStrategyT = message_memory_strategy::MessageMemoryStrategy<robot_control_ros2::msg::JointVelocityCmd_<std::allocator<void> >, std::allocator<void> >; typename MessageMemoryStrategyT::SharedPtr = std::shared_ptr<message_memory_strategy::MessageMemoryStrategy<robot_control_ros2::msg::JointVelocityCmd_<std::allocator<void> >, std::allocator<void> > >][m[K[m[K’
[01m[K/opt/ros/jazzy/include/rclcpp/rclcpp/create_subscription.hpp:121:63:[m[K   required from ‘[01m[Kstd::shared_ptr<ROSMessageT> rclcpp::detail::[01;32m[Kcreate_subscription[m[K(NodeParametersT&, NodeTopicsT&, const std::string&, const rclcpp::QoS&, CallbackT&&, const rclcpp::SubscriptionOptionsWithAllocator<AllocatorT>&, typename MessageMemoryStrategyT::SharedPtr) [35m[K[with MessageT = robot_control_ros2::msg::JointVelocityCmd_<std::allocator<void> >; CallbackT = std::_Bind<void (Vel2PosNode::*(Vel2PosNode*))(const robot_control_ros2::msg::JointVelocityCmd_<std::allocator<void> >&)>; AllocatorT = std::allocator<void>; SubscriptionT = rclcpp::Subscription<robot_control_ros2::msg::JointVelocityCmd_<std::allocator<void> > >; MessageMemoryStrategyT = rclcpp::message_memory_strategy::MessageMemoryStrategy<robot_control_ros2::msg::JointVelocityCmd_<std::allocator<void> >, std::allocator<void> >; NodeParametersT = rclcpp::Node; NodeTopicsT = rclcpp::Node; std::string = std::__cxx11::basic_string<char>; typename MessageMemoryStrategyT::SharedPtr = std::shared_ptr<rclcpp::message_memory_strategy::MessageMemoryStrategy<robot_control_ros2::msg::JointVelocityCmd_<std::allocator<void> >, std::allocator<void> > >][m[K[m[K’
[01m[K/opt/ros/jazzy/include/rclcpp/rclcpp/create_subscription.hpp:190:76:[m[K   required from ‘[01m[Kstd::shared_ptr<ROSMessageT> rclcpp::[01;32m[Kcreate_subscription[m[K(NodeT&, const std::string&, const QoS&, CallbackT&&, const SubscriptionOptionsWithAllocator<AllocatorT>&, typename MessageMemoryStrategyT::SharedPtr) [35m[K[with MessageT = robot_control_ros2::msg::JointVelocityCmd_<std::allocator<void> >; CallbackT = std::_Bind<void (Vel2PosNode::*(Vel2PosNode*))(const robot_control_ros2::msg::JointVelocityCmd_<std::allocator<void> >&)>; AllocatorT = std::allocator<void>; SubscriptionT = Subscription<robot_control_ros2::msg::JointVelocityCmd_<std::allocator<void> > >; MessageMemoryStrategyT = message_memory_strategy::MessageMemoryStrategy<robot_control_ros2::msg::JointVelocityCmd_<std::allocator<void> >, std::allocator<void> >; NodeT = Node; std::string = std::__cxx11::basic_string<char>; typename MessageMemoryStrategyT::SharedPtr = std::shared_ptr<message_memory_strategy::MessageMemoryStrategy<robot_control_ros2::msg::JointVelocityCmd_<std::allocator<void> >, std::allocator<void> > >][m[K[m[K’
[01m[K/opt/ros/jazzy/include/rclcpp/rclcpp/node_impl.hpp:99:47:[m[K   required from ‘[01m[Kstd::shared_ptr<ROSMessageT> rclcpp::Node::[01;32m[Kcreate_subscription[m[K(const std::string&, const rclcpp::QoS&, CallbackT&&, const rclcpp::SubscriptionOptionsWithAllocator<AllocatorT>&, typename MessageMemoryStrategyT::SharedPtr) [35m[K[with MessageT = robot_control_ros2::msg::JointVelocityCmd_<std::allocator<void> >; CallbackT = std::_Bind<void (Vel2PosNode::*(Vel2PosNode*))(const robot_control_ros2::msg::JointVelocityCmd_<std::allocator<void> >&)>; AllocatorT = std::allocator<void>; SubscriptionT = rclcpp::Subscription<robot_control_ros2::msg::JointVelocityCmd_<std::allocator<void> > >; MessageMemoryStrategyT = rclcpp::message_memory_strategy::MessageMemoryStrategy<robot_control_ros2::msg::JointVelocityCmd_<std::allocator<void> >, std::allocator<void> >; std::string = std::__cxx11::basic_string<char>; typename MessageMemoryStrategyT::SharedPtr = std::shared_ptr<rclcpp::message_memory_strategy::MessageMemoryStrategy<robot_control_ros2::msg::JointVelocityCmd_<std::allocator<void> >, std::allocator<void> > >][m[K[m[K’
[01m[K/home/chenque/cpp_practice/robot_control_ros2/src/robot_control_ros2/src/vel_to_pos_node.cpp:16:63:[m[K   required from here
[01m[K/usr/include/c++/13/bits/std_function.h:404:7:[m[K [01;36m[Knote: [m[Kcandidate: ‘[01m[Kstd::function<_Res(_ArgTypes ...)>::[01;32m[Kfunction[m[K(std::function<_Res(_ArgTypes ...)>&&) [35m[K[with _Res = void; _ArgTypes = {const robot_control_ros2::msg::JointVelocityCmd_<std::allocator<void> >&}][m[K[m[K’
  404 |       [01;36m[Kfunction[m[K(function&& __x) noexcept
      |       [01;36m[K^~~~~~~~[m[K
[01m[K/usr/include/c++/13/bits/std_function.h:404:27:[m[K [01;36m[Knote: [m[K  no known conversion for argument 1 from ‘[01m[Kstd::_Bind<void (Vel2PosNode::*(Vel2PosNode*))(const robot_control_ros2::msg::JointVelocityCmd_<std::allocator<void> >&)>[m[K’ to ‘[01m[Kstd::function<void(const robot_control_ros2::msg::JointVelocityCmd_<std::allocator<void> >&)>&&[m[K’
  404 |       function([01;36m[Kfunction&& __x[m[K) noexcept
      |                [01;36m[K~~~~~~~~~~~^~~[m[K
[01m[K/usr/include/c++/13/bits/std_function.h:386:7:[m[K [01;36m[Knote: [m[Kcandidate: ‘[01m[Kstd::function<_Res(_ArgTypes ...)>::[01;32m[Kfunction[m[K(const std::function<_Res(_ArgTypes ...)>&) [35m[K[with _Res = void; _ArgTypes = {const robot_control_ros2::msg::JointVelocityCmd_<std::allocator<void> >&}][m[K[m[K’
  386 |       [01;36m[Kfunction[m[K(const function& __x)
      |       [01;36m[K^~~~~~~~[m[K
[01m[K/usr/include/c++/13/bits/std_function.h:386:32:[m[K [01;36m[Knote: [m[K  no known conversion for argument 1 from ‘[01m[Kstd::_Bind<void (Vel2PosNode::*(Vel2PosNode*))(const robot_control_ros2::msg::JointVelocityCmd_<std::allocator<void> >&)>[m[K’ to ‘[01m[Kconst std::function<void(const robot_control_ros2::msg::JointVelocityCmd_<std::allocator<void> >&)>&[m[K’
  386 |       function([01;36m[Kconst function& __x[m[K)
      |                [01;36m[K~~~~~~~~~~~~~~~~^~~[m[K
[01m[K/usr/include/c++/13/bits/std_function.h:375:7:[m[K [01;36m[Knote: [m[Kcandidate: ‘[01m[Kstd::function<_Res(_ArgTypes ...)>::[01;32m[Kfunction[m[K(std::nullptr_t) [35m[K[with _Res = void; _ArgTypes = {const robot_control_ros2::msg::JointVelocityCmd_<std::allocator<void> >&}; std::nullptr_t = std::nullptr_t][m[K[m[K’
  375 |       [01;36m[Kfunction[m[K(nullptr_t) noexcept
      |       [01;36m[K^~~~~~~~[m[K
[01m[K/usr/include/c++/13/bits/std_function.h:375:16:[m[K [01;36m[Knote: [m[K  no known conversion for argument 1 from ‘[01m[Kstd::_Bind<void (Vel2PosNode::*(Vel2PosNode*))(const robot_control_ros2::msg::JointVelocityCmd_<std::allocator<void> >&)>[m[K’ to ‘[01m[Kstd::nullptr_t[m[K’
  375 |       function([01;36m[Knullptr_t[m[K) noexcept
      |                [01;36m[K^~~~~~~~~[m[K
[01m[K/usr/include/c++/13/bits/std_function.h:368:7:[m[K [01;36m[Knote: [m[Kcandidate: ‘[01m[Kstd::function<_Res(_ArgTypes ...)>::[01;32m[Kfunction[m[K() [35m[K[with _Res = void; _ArgTypes = {const robot_control_ros2::msg::JointVelocityCmd_<std::allocator<void> >&}][m[K[m[K’
  368 |       [01;36m[Kfunction[m[K() noexcept
      |       [01;36m[K^~~~~~~~[m[K
[01m[K/usr/include/c++/13/bits/std_function.h:368:7:[m[K [01;36m[Knote: [m[K  candidate expects 0 arguments, 1 provided
gmake[2]: *** [CMakeFiles/vel_to_pos_node.dir/build.make:76: CMakeFiles/vel_to_pos_node.dir/src/vel_to_pos_node.cpp.o] Error 1
gmake[1]: *** [CMakeFiles/Makefile2:799: CMakeFiles/vel_to_pos_node.dir/all] Error 2
gmake: *** [Makefile:146: all] Error 2
