-- Found ament_cmake: 2.5.5 (/opt/ros/jazzy/share/ament_cmake/cmake)
-- Found rclcpp: 28.1.16 (/opt/ros/jazzy/share/rclcpp/cmake)
-- Found rosidl_generator_c: 4.6.7 (/opt/ros/jazzy/share/rosidl_generator_c/cmake)
-- Found rosidl_generator_cpp: 4.6.7 (/opt/ros/jazzy/share/rosidl_generator_cpp/cmake)
-- Using all available rosidl_typesupport_c: rosidl_typesupport_fastrtps_c;rosidl_typesupport_introspection_c
-- Using all available rosidl_typesupport_cpp: rosidl_typesupport_fastrtps_cpp;rosidl_typesupport_introspection_cpp
-- Found rmw_implementation_cmake: 7.3.3 (/opt/ros/jazzy/share/rmw_implementation_cmake/cmake)
-- Found rmw_fastrtps_cpp: 8.4.3 (/opt/ros/jazzy/share/rmw_fastrtps_cpp/cmake)
-- Using RMW implementation 'rmw_fastrtps_cpp' as default
-- Found std_msgs: 5.3.6 (/opt/ros/jazzy/share/std_msgs/cmake)
-- Found rosidl_default_generators: 1.6.0 (/opt/ros/jazzy/share/rosidl_default_generators/cmake)
-- Found rosidl_adapter: 4.6.7 (/opt/ros/jazzy/share/rosidl_adapter/cmake)
-- Found ament_cmake_ros: 0.12.0 (/opt/ros/jazzy/share/ament_cmake_ros/cmake)
-- Using all available rosidl_typesupport_c: rosidl_typesupport_fastrtps_c;rosidl_typesupport_introspection_c
-- Using all available rosidl_typesupport_cpp: rosidl_typesupport_fastrtps_cpp;rosidl_typesupport_introspection_cpp
-- Found python_cmake_module: 0.11.1 (/opt/ros/jazzy/share/python_cmake_module/cmake)
-- Found Python3: /usr/bin/python3 (found version "3.12.3") found components: Interpreter Development NumPy Development.Module Development.Embed 
-- Found ament_lint_auto: 0.17.4 (/opt/ros/jazzy/share/ament_lint_auto/cmake)
-- Added test 'cppcheck' to perform static code analysis on C / C++ code
-- Configured cppcheck include dirs: 
-- Configured cppcheck exclude dirs and/or files: 
-- Added test 'lint_cmake' to check CMake code style
-- Added test 'uncrustify' to check C / C++ code style
-- Configured uncrustify additional arguments: 
-- Added test 'xmllint' to check XML markup files
-- Configuring done (1.3s)
-- Generating done (0.2s)
-- Build files have been written to: /home/chenque/cpp_practice/robot_control_ros2/build/robot_control_ros2
[  1%] [34m[1mGenerating type hashes for ROS interfaces[0m
[  5%] Built target timer_control_node
[ 12%] Built target joint_velocity_subscriber
[ 12%] Built target joint_velocity_publisher
[ 12%] Built target ament_cmake_python_copy_robot_control_ros2
running egg_info
writing robot_control_ros2.egg-info/PKG-INFO
writing dependency_links to robot_control_ros2.egg-info/dependency_links.txt
writing top-level names to robot_control_ros2.egg-info/top_level.txt
reading manifest file 'robot_control_ros2.egg-info/SOURCES.txt'
writing manifest file 'robot_control_ros2.egg-info/SOURCES.txt'
[ 12%] Built target ament_cmake_python_build_robot_control_ros2_egg
Traceback (most recent call last):
  File "/opt/ros/jazzy/lib/rosidl_generator_type_description/rosidl_generator_type_description", line 50, in <module>
    sys.exit(main())
             ^^^^^^
  File "/opt/ros/jazzy/lib/rosidl_generator_type_description/rosidl_generator_type_description", line 46, in main
    generate_type_hash(args.generator_arguments_file)
  File "/opt/ros/jazzy/lib/python3.12/site-packages/rosidl_generator_type_description/__init__.py", line 162, in generate_type_hash
    with include_path.open('r') as include_file:
         ^^^^^^^^^^^^^^^^^^^^^^
  File "/usr/lib/python3.12/pathlib.py", line 1015, in open
    return io.open(self, mode, buffering, encoding, errors, newline)
           ^^^^^^^^^^^^^^^^^^^^^^^^^^^^^^^^^^^^^^^^^^^^^^^^^^^^^^^^^
FileNotFoundError: [Errno 2] No such file or directory: '/home/chenque/cpp_practice/robot_control_ros2/build/robot_control_ros2/rosidl_generator_type_description/robot_control_ros2/msg/String.json'
gmake[2]: *** [CMakeFiles/robot_control_ros2__rosidl_generator_type_description.dir/build.make:77: rosidl_generator_type_description/robot_control_ros2/msg/JointStateCommand.json] Error 1
gmake[1]: *** [CMakeFiles/Makefile2:225: CMakeFiles/robot_control_ros2__rosidl_generator_type_description.dir/all] Error 2
gmake: *** [Makefile:146: all] Error 2
