[0.010s] Invoking command in '/home/chenque/cpp_practice/robot_control_ros2/build/other_package': CMAKE_PREFIX_PATH=${CMAKE_PREFIX_PATH}:/opt/ros/jazzy DEBUGINFOD_URLS=https://debuginfod.ubuntu.com /usr/bin/cmake --build /home/chenque/cpp_practice/robot_control_ros2/build/other_package -- -j8 -l8
[0.033s] -- Found ament_cmake: 2.5.5 (/opt/ros/jazzy/share/ament_cmake/cmake)
[0.228s] -- Found rclcpp: 28.1.16 (/opt/ros/jazzy/share/rclcpp/cmake)
[0.252s] -- Found rosidl_generator_c: 4.6.7 (/opt/ros/jazzy/share/rosidl_generator_c/cmake)
[0.257s] -- Found rosidl_generator_cpp: 4.6.7 (/opt/ros/jazzy/share/rosidl_generator_cpp/cmake)
[0.267s] -- Using all available rosidl_typesupport_c: rosidl_typesupport_fastrtps_c;rosidl_typesupport_introspection_c
[0.279s] -- Using all available rosidl_typesupport_cpp: rosidl_typesupport_fastrtps_cpp;rosidl_typesupport_introspection_cpp
[0.328s] -- Found rmw_implementation_cmake: 7.3.3 (/opt/ros/jazzy/share/rmw_implementation_cmake/cmake)
[0.329s] -- Found rmw_fastrtps_cpp: 8.4.3 (/opt/ros/jazzy/share/rmw_fastrtps_cpp/cmake)
[0.378s] -- Using RMW implementation 'rmw_fastrtps_cpp' as default
[0.426s] -- Found std_msgs: 5.3.6 (/opt/ros/jazzy/share/std_msgs/cmake)
[0.435s] -- Found robot_control_ros2: 0.0.0 (/home/chenque/cpp_practice/robot_control_ros2/install/robot_control_ros2/share/robot_control_ros2/cmake)
[0.443s] -- Found ament_lint_auto: 0.17.4 (/opt/ros/jazzy/share/ament_lint_auto/cmake)
[0.506s] -- Added test 'cppcheck' to perform static code analysis on C / C++ code
[0.506s] -- Configured cppcheck include dirs: 
[0.506s] -- Configured cppcheck exclude dirs and/or files: 
[0.506s] -- Added test 'lint_cmake' to check CMake code style
[0.507s] -- Added test 'uncrustify' to check C / C++ code style
[0.507s] -- Configured uncrustify additional arguments: 
[0.507s] -- Added test 'xmllint' to check XML markup files
[0.508s] -- Configuring done (0.5s)
[0.520s] -- Generating done (0.0s)
[0.525s] -- Build files have been written to: /home/chenque/cpp_practice/robot_control_ros2/build/other_package
[0.566s] [ 25%] [32mBuilding CXX object CMakeFiles/self_msg_test_subscriber.dir/src/self_msg_test_subscriber.cpp.o[0m
[0.574s] [ 50%] [32mBuilding CXX object CMakeFiles/self_msg_test_publisher.dir/src/self_msg_test_publisher.cpp.o[0m
[2.276s] [01m[K/home/chenque/cpp_practice/robot_control_ros2/src/other_package/src/self_msg_test_subscriber.cpp:[m[K In member function ‘[01m[Kvoid SelfMsgSubscriber::[01;32m[Ksub_callback[m[K(const robot_control_ros2::msg::JointStateCommand&)[m[K’:
[2.276s] [01m[K/home/chenque/cpp_practice/robot_control_ros2/src/other_package/src/self_msg_test_subscriber.cpp:16:9:[m[K [01;31m[Kerror: [m[K‘[01m[KRCLROS_INFO[m[K’ was not declared in this scope; did you mean ‘[01m[KRCLCPP_INFO[m[K’?
[2.276s]    16 |         [01;31m[KRCLROS_INFO[m[K(this->get_logger(), "get msg : position[%.2f, %.2f, %.2f], velocity[%.2f, %.2f, %.2f], excution is %s",
[2.276s]       |         [01;31m[K^~~~~~~~~~~[m[K
[2.276s]       |         [32m[KRCLCPP_INFO[m[K
[2.277s] [01m[K/home/chenque/cpp_practice/robot_control_ros2/src/other_package/src/self_msg_test_subscriber.cpp:[m[K In function ‘[01m[Kint[01;32m[K main[m[K(int, char**)[m[K’:
[2.277s] [01m[K/home/chenque/cpp_practice/robot_control_ros2/src/other_package/src/self_msg_test_subscriber.cpp:24:5:[m[K [01;31m[Kerror: [m[K‘[01m[Kros[m[K’ has not been declared
[2.277s]    24 |     [01;31m[Kros[m[K::init(argc, argv);
[2.277s]       |     [01;31m[K^~~[m[K
[2.277s] [01m[K/home/chenque/cpp_practice/robot_control_ros2/src/other_package/src/self_msg_test_subscriber.cpp:25:5:[m[K [01;31m[Kerror: [m[K‘[01m[Kros[m[K’ has not been declared
[2.277s]    25 |     [01;31m[Kros[m[K::spin(std::make_shared<SelfMsgSubscriber>());
[2.277s]       |     [01;31m[K^~~[m[K
[2.277s] [01m[K/home/chenque/cpp_practice/robot_control_ros2/src/other_package/src/self_msg_test_subscriber.cpp:26:5:[m[K [01;31m[Kerror: [m[K‘[01m[Kros[m[K’ has not been declared
[2.277s]    26 |     [01;31m[Kros[m[K::shutdown();
[2.277s]       |     [01;31m[K^~~[m[K
[3.795s] gmake[2]: *** [CMakeFiles/self_msg_test_subscriber.dir/build.make:76: CMakeFiles/self_msg_test_subscriber.dir/src/self_msg_test_subscriber.cpp.o] Error 1
[3.796s] gmake[1]: *** [CMakeFiles/Makefile2:165: CMakeFiles/self_msg_test_subscriber.dir/all] Error 2
[3.796s] gmake[1]: *** Waiting for unfinished jobs....
[3.800s] [ 75%] [32m[1mLinking CXX executable self_msg_test_publisher[0m
[3.918s] [ 75%] Built target self_msg_test_publisher
[3.919s] gmake: *** [Makefile:146: all] Error 2
[3.922s] Invoked command in '/home/chenque/cpp_practice/robot_control_ros2/build/other_package' returned '2': CMAKE_PREFIX_PATH=${CMAKE_PREFIX_PATH}:/opt/ros/jazzy DEBUGINFOD_URLS=https://debuginfod.ubuntu.com /usr/bin/cmake --build /home/chenque/cpp_practice/robot_control_ros2/build/other_package -- -j8 -l8
