-- Found ament_cmake: 2.5.5 (/opt/ros/jazzy/share/ament_cmake/cmake)
-- Found rclcpp: 28.1.16 (/opt/ros/jazzy/share/rclcpp/cmake)
-- Found rosidl_generator_c: 4.6.7 (/opt/ros/jazzy/share/rosidl_generator_c/cmake)
-- Found rosidl_generator_cpp: 4.6.7 (/opt/ros/jazzy/share/rosidl_generator_cpp/cmake)
-- Using all available rosidl_typesupport_c: rosidl_typesupport_fastrtps_c;rosidl_typesupport_introspection_c
-- Using all available rosidl_typesupport_cpp: rosidl_typesupport_fastrtps_cpp;rosidl_typesupport_introspection_cpp
-- Found rmw_implementation_cmake: 7.3.3 (/opt/ros/jazzy/share/rmw_implementation_cmake/cmake)
-- Found rmw_fastrtps_cpp: 8.4.3 (/opt/ros/jazzy/share/rmw_fastrtps_cpp/cmake)
-- Using RMW implementation 'rmw_fastrtps_cpp' as default
-- Found std_msgs: 5.3.6 (/opt/ros/jazzy/share/std_msgs/cmake)
-- Found robot_control_ros2: 0.0.0 (/home/chenque/cpp_practice/robot_control_ros2/install/robot_control_ros2/share/robot_control_ros2/cmake)
-- Found ament_lint_auto: 0.17.4 (/opt/ros/jazzy/share/ament_lint_auto/cmake)
-- Added test 'cppcheck' to perform static code analysis on C / C++ code
-- Configured cppcheck include dirs: 
-- Configured cppcheck exclude dirs and/or files: 
-- Added test 'lint_cmake' to check CMake code style
-- Added test 'uncrustify' to check C / C++ code style
-- Configured uncrustify additional arguments: 
-- Added test 'xmllint' to check XML markup files
-- Configuring done (0.5s)
-- Generating done (0.0s)
-- Build files have been written to: /home/chenque/cpp_practice/robot_control_ros2/build/other_package
[ 25%] [32mBuilding CXX object CMakeFiles/self_msg_test_subscriber.dir/src/self_msg_test_subscriber.cpp.o[0m
[ 50%] [32mBuilding CXX object CMakeFiles/self_msg_test_publisher.dir/src/self_msg_test_publisher.cpp.o[0m
[ 75%] [32m[1mLinking CXX executable self_msg_test_publisher[0m
[ 75%] Built target self_msg_test_publisher
[100%] [32m[1mLinking CXX executable self_msg_test_subscriber[0m
[100%] Built target self_msg_test_subscriber
-- Install configuration: ""
-- Installing: /home/chenque/cpp_practice/robot_control_ros2/install/other_package/lib/other_package/self_msg_test_publisher
-- Set non-toolchain portion of runtime path of "/home/chenque/cpp_practice/robot_control_ros2/install/other_package/lib/other_package/self_msg_test_publisher" to ""
-- Installing: /home/chenque/cpp_practice/robot_control_ros2/install/other_package/lib/other_package/self_msg_test_subscriber
-- Set non-toolchain portion of runtime path of "/home/chenque/cpp_practice/robot_control_ros2/install/other_package/lib/other_package/self_msg_test_subscriber" to ""
-- Up-to-date: /home/chenque/cpp_practice/robot_control_ros2/install/other_package/share/ament_index/resource_index/package_run_dependencies/other_package
-- Installing: /home/chenque/cpp_practice/robot_control_ros2/install/other_package/share/ament_index/resource_index/parent_prefix_path/other_package
-- Up-to-date: /home/chenque/cpp_practice/robot_control_ros2/install/other_package/share/other_package/environment/ament_prefix_path.sh
-- Up-to-date: /home/chenque/cpp_practice/robot_control_ros2/install/other_package/share/other_package/environment/ament_prefix_path.dsv
-- Up-to-date: /home/chenque/cpp_practice/robot_control_ros2/install/other_package/share/other_package/environment/path.sh
-- Up-to-date: /home/chenque/cpp_practice/robot_control_ros2/install/other_package/share/other_package/environment/path.dsv
-- Up-to-date: /home/chenque/cpp_practice/robot_control_ros2/install/other_package/share/other_package/local_setup.bash
-- Up-to-date: /home/chenque/cpp_practice/robot_control_ros2/install/other_package/share/other_package/local_setup.sh
-- Up-to-date: /home/chenque/cpp_practice/robot_control_ros2/install/other_package/share/other_package/local_setup.zsh
-- Up-to-date: /home/chenque/cpp_practice/robot_control_ros2/install/other_package/share/other_package/local_setup.dsv
-- Installing: /home/chenque/cpp_practice/robot_control_ros2/install/other_package/share/other_package/package.dsv
-- Up-to-date: /home/chenque/cpp_practice/robot_control_ros2/install/other_package/share/ament_index/resource_index/packages/other_package
-- Up-to-date: /home/chenque/cpp_practice/robot_control_ros2/install/other_package/share/other_package/cmake/other_packageConfig.cmake
-- Up-to-date: /home/chenque/cpp_practice/robot_control_ros2/install/other_package/share/other_package/cmake/other_packageConfig-version.cmake
-- Up-to-date: /home/chenque/cpp_practice/robot_control_ros2/install/other_package/share/other_package/package.xml
