[0.011s] Invoking command in '/home/chenque/cpp_practice/robot_control_ros2/build/robot_control_ros2': CMAKE_PREFIX_PATH=${CMAKE_PREFIX_PATH}:/opt/ros/jazzy DEBUGINFOD_URLS=https://debuginfod.ubuntu.com /usr/bin/cmake --build /home/chenque/cpp_practice/robot_control_ros2/build/robot_control_ros2 -- -j8 -l8
[0.067s] [  1%] Built target robot_control_ros2__rosidl_generator_type_description
[0.070s] [  3%] Built target timer_control_node
[0.072s] [  6%] Built target joint_velocity_subscriber
[0.079s] [  6%] Built target ament_cmake_python_copy_robot_control_ros2
[0.090s] [  7%] Built target robot_control_ros2__cpp
[0.092s] [ 25%] Built target robot_control_ros2__rosidl_generator_c
[0.119s] [ 33%] Built target robot_control_ros2__rosidl_typesupport_cpp
[0.121s] [ 41%] Built target robot_control_ros2__rosidl_typesupport_fastrtps_cpp
[0.121s] [ 48%] Built target robot_control_ros2__rosidl_typesupport_c
[0.122s] [ 56%] Built target robot_control_ros2__rosidl_typesupport_fastrtps_c
[0.122s] [ 64%] Built target robot_control_ros2__rosidl_typesupport_introspection_c
[0.124s] [ 71%] Built target robot_control_ros2__rosidl_typesupport_introspection_cpp
[0.149s] [ 71%] Built target robot_control_ros2
[0.151s] [ 76%] Built target student_servier
[0.151s] [ 76%] Built target robot_state_pub
[0.151s] [ 79%] Built target student_client
[0.153s] [ 82%] Built target vel_to_pos_node
[0.154s] [ 83%] [32mBuilding CXX object CMakeFiles/joint_velocity_publisher.dir/src/joint_velocity_publisher.cpp.o[0m
[0.172s] [ 84%] Built target robot_control_ros2__py
[0.197s] [ 91%] Built target robot_control_ros2__rosidl_generator_py
[0.223s] [ 96%] Built target robot_control_ros2_s__rosidl_typesupport_c
[0.223s] [ 96%] Built target robot_control_ros2_s__rosidl_typesupport_fastrtps_c
[0.224s] [ 98%] Built target robot_control_ros2_s__rosidl_typesupport_introspection_c
[0.249s] running egg_info
[0.258s] writing robot_control_ros2.egg-info/PKG-INFO
[0.259s] writing dependency_links to robot_control_ros2.egg-info/dependency_links.txt
[0.259s] writing top-level names to robot_control_ros2.egg-info/top_level.txt
[0.290s] reading manifest file 'robot_control_ros2.egg-info/SOURCES.txt'
[0.290s] writing manifest file 'robot_control_ros2.egg-info/SOURCES.txt'
[0.313s] [ 98%] Built target ament_cmake_python_build_robot_control_ros2_egg
[1.659s] [01m[K/home/chenque/cpp_practice/robot_control_ros2/src/robot_control_ros2/src/joint_velocity_publisher.cpp:[m[K In member function ‘[01m[Kvoid JointVelocityPublisher::[01;32m[Ktime_callback[m[K()[m[K’:
[1.659s] [01m[K/home/chenque/cpp_practice/robot_control_ros2/src/robot_control_ros2/src/joint_velocity_publisher.cpp:17:13:[m[K [01;31m[Kerror: [m[K‘[01m[Kjoint_velocity_cmd[m[K’ was not declared in this scope; did you mean ‘[01m[KJointVelocityCmd[m[K’?
[1.659s]    17 |             [01;31m[Kjoint_velocity_cmd[m[K message;
[1.659s]       |             [01;31m[K^~~~~~~~~~~~~~~~~~[m[K
[1.659s]       |             [32m[KJointVelocityCmd[m[K
[1.663s] [01m[K/home/chenque/cpp_practice/robot_control_ros2/src/robot_control_ros2/src/joint_velocity_publisher.cpp:18:13:[m[K [01;31m[Kerror: [m[K‘[01m[Kmessage[m[K’ was not declared in this scope
[1.663s]    18 |             [01;31m[Kmessage[m[K.velocity_cmd = {0.1, 0.2, 0.3, 0.5, 0.1, 0.7};
[1.663s]       |             [01;31m[K^~~~~~~[m[K
[2.344s] gmake[2]: *** [CMakeFiles/joint_velocity_publisher.dir/build.make:76: CMakeFiles/joint_velocity_publisher.dir/src/joint_velocity_publisher.cpp.o] Error 1
[2.345s] gmake[1]: *** [CMakeFiles/Makefile2:637: CMakeFiles/joint_velocity_publisher.dir/all] Error 2
[2.345s] gmake: *** [Makefile:146: all] Error 2
[2.348s] Invoked command in '/home/chenque/cpp_practice/robot_control_ros2/build/robot_control_ros2' returned '2': CMAKE_PREFIX_PATH=${CMAKE_PREFIX_PATH}:/opt/ros/jazzy DEBUGINFOD_URLS=https://debuginfod.ubuntu.com /usr/bin/cmake --build /home/chenque/cpp_practice/robot_control_ros2/build/robot_control_ros2 -- -j8 -l8
