[  1%] Built target robot_control_ros2__rosidl_generator_type_description
[  6%] Built target joint_velocity_subscriber
[  6%] Built target timer_control_node
[  6%] Built target ament_cmake_python_copy_robot_control_ros2
[  7%] Built target robot_control_ros2__cpp
[ 24%] Built target robot_control_ros2__rosidl_generator_c
[ 31%] Built target robot_control_ros2__rosidl_typesupport_introspection_c
[ 39%] Built target robot_control_ros2__rosidl_typesupport_fastrtps_c
[ 46%] Built target robot_control_ros2__rosidl_typesupport_c
[ 53%] Built target robot_control_ros2__rosidl_typesupport_cpp
[ 60%] Built target robot_control_ros2__rosidl_typesupport_fastrtps_cpp
[ 68%] Built target robot_control_ros2__rosidl_typesupport_introspection_cpp
[ 73%] Built target student_servier
[ 71%] Built target robot_state_pub
[ 73%] Built target robot_control_ros2
[ 78%] Built target student_client
[ 78%] Built target joint_velocity_publisher
[ 79%] [32mBuilding CXX object CMakeFiles/vel_to_pos_node.dir/src/vel_to_pos_node.cpp.o[0m
[ 80%] Built target robot_control_ros2__py
[ 86%] Built target robot_control_ros2__rosidl_generator_py
[ 93%] Built target robot_control_ros2_s__rosidl_typesupport_c
[ 93%] Built target robot_control_ros2_s__rosidl_typesupport_fastrtps_c
[ 93%] Built target robot_control_ros2_s__rosidl_typesupport_introspection_c
running egg_info
writing robot_control_ros2.egg-info/PKG-INFO
writing dependency_links to robot_control_ros2.egg-info/dependency_links.txt
writing top-level names to robot_control_ros2.egg-info/top_level.txt
reading manifest file 'robot_control_ros2.egg-info/SOURCES.txt'
writing manifest file 'robot_control_ros2.egg-info/SOURCES.txt'
[ 93%] Built target ament_cmake_python_build_robot_control_ros2_egg
