[0.009s] Invoking command in '/home/chenque/cpp_practice/robot_control_ros2/build/robot_control_ros2': CMAKE_PREFIX_PATH=${CMAKE_PREFIX_PATH}:/opt/ros/jazzy DEBUGINFOD_URLS=https://debuginfod.ubuntu.com /usr/bin/cmake --build /home/chenque/cpp_practice/robot_control_ros2/build/robot_control_ros2 -- -j8 -l8
[0.064s] [  1%] Built target robot_control_ros2__rosidl_generator_type_description
[0.067s] [  5%] Built target timer_control_node
[0.069s] [  8%] Built target joint_velocity_publisher
[0.071s] [ 12%] Built target joint_velocity_subscriber
[0.073s] [ 12%] Built target ament_cmake_python_copy_robot_control_ros2
[0.085s] [ 14%] Built target robot_control_ros2__cpp
[0.088s] [ 28%] Built target robot_control_ros2__rosidl_generator_c
[0.117s] [ 42%] Built target robot_control_ros2__rosidl_typesupport_fastrtps_cpp
[0.117s] [ 42%] Built target robot_control_ros2__rosidl_typesupport_cpp
[0.119s] [ 55%] Built target robot_control_ros2__rosidl_typesupport_introspection_cpp
[0.120s] [ 57%] Built target robot_control_ros2__rosidl_typesupport_fastrtps_c
[0.120s] [ 64%] Built target robot_control_ros2__rosidl_typesupport_c
[0.120s] [ 71%] Built target robot_control_ros2__rosidl_typesupport_introspection_c
[0.144s] [ 71%] Built target robot_control_ros2
[0.145s] [ 75%] Built target student_servier
[0.147s] [ 78%] Built target robot_state_pub
[0.148s] [ 80%] [32mBuilding CXX object CMakeFiles/student_client.dir/src/student_client.cpp.o[0m
[0.168s] [ 82%] Built target robot_control_ros2__py
[0.195s] [ 87%] Built target robot_control_ros2__rosidl_generator_py
[0.222s] [ 94%] Built target robot_control_ros2_s__rosidl_typesupport_c
[0.222s] [ 96%] Built target robot_control_ros2_s__rosidl_typesupport_fastrtps_c
[0.222s] [ 98%] Built target robot_control_ros2_s__rosidl_typesupport_introspection_c
[0.229s] running egg_info
[0.240s] writing robot_control_ros2.egg-info/PKG-INFO
[0.240s] writing dependency_links to robot_control_ros2.egg-info/dependency_links.txt
[0.240s] writing top-level names to robot_control_ros2.egg-info/top_level.txt
[0.271s] reading manifest file 'robot_control_ros2.egg-info/SOURCES.txt'
[0.271s] writing manifest file 'robot_control_ros2.egg-info/SOURCES.txt'
[0.295s] [ 98%] Built target ament_cmake_python_build_robot_control_ros2_egg
[1.629s] [01m[K/home/chenque/cpp_practice/robot_control_ros2/src/robot_control_ros2/src/student_client.cpp:[m[K In function ‘[01m[Kint[01;32m[K main[m[K(int, char**)[m[K’:
[1.629s] [01m[K/home/chenque/cpp_practice/robot_control_ros2/src/robot_control_ros2/src/student_client.cpp:49:73:[m[K [01;31m[Kerror: [m[K‘[01m[Kusing std::__shared_ptr_access<ServiceClient, __gnu_cxx::_S_atomic, false, false>::element_type = class ServiceClient[m[K’ {aka ‘[01m[Kclass ServiceClient[m[K’} has no member named ‘[01m[Ksent_request[m[K’; did you mean ‘[01m[Ksend_request[m[K’?
[1.629s]    49 |     rclcpp::Client<Student>::FutureAndRequestId response = client_node->[01;31m[Ksent_request[m[K(1, 2);
[1.629s]       |                                                                         [01;31m[K^~~~~~~~~~~~[m[K
[1.629s]       |                                                                         [32m[Ksend_request[m[K
[1.629s] [01m[K/home/chenque/cpp_practice/robot_control_ros2/src/robot_control_ros2/src/student_client.cpp:50:9:[m[K [01;31m[Kerror: [m[K‘[01m[Krcl[m[K’ has not been declared
[1.629s]    50 |     if ([01;31m[Krcl[m[K::spin_until_future_complete(client_node, response) == rclcpp::FutureReturnCode::SUCCESS)
[1.629s]       |         [01;31m[K^~~[m[K
[2.129s] [01m[K/home/chenque/cpp_practice/robot_control_ros2/src/robot_control_ros2/src/student_client.cpp:[m[K In member function ‘[01m[Kbool ServiceClient::[01;32m[KwaitConnect[m[K()[m[K’:
[2.129s] [01m[K/home/chenque/cpp_practice/robot_control_ros2/src/robot_control_ros2/src/student_client.cpp:26:5:[m[K [01;35m[Kwarning: [m[Kcontrol reaches end of non-void function [[01;35m[K]8;;https://gcc.gnu.org/onlinedocs/gcc/Warning-Options.html#index-Wreturn-type-Wreturn-type]8;;[m[K]
[2.129s]    26 |     [01;35m[K}[m[K
[2.129s]       |     [01;35m[K^[m[K
[2.159s] gmake[2]: *** [CMakeFiles/student_client.dir/build.make:76: CMakeFiles/student_client.dir/src/student_client.cpp.o] Error 1
[2.159s] gmake[1]: *** [CMakeFiles/Makefile2:769: CMakeFiles/student_client.dir/all] Error 2
[2.159s] gmake: *** [Makefile:146: all] Error 2
[2.162s] Invoked command in '/home/chenque/cpp_practice/robot_control_ros2/build/robot_control_ros2' returned '2': CMAKE_PREFIX_PATH=${CMAKE_PREFIX_PATH}:/opt/ros/jazzy DEBUGINFOD_URLS=https://debuginfod.ubuntu.com /usr/bin/cmake --build /home/chenque/cpp_practice/robot_control_ros2/build/robot_control_ros2 -- -j8 -l8
