[0.071s] DEBUG:colcon:Command line arguments: ['/usr/bin/colcon', 'build']
[0.071s] DEBUG:colcon:Parsed command line arguments: Namespace(log_base=None, log_level=None, verb_name='build', build_base='build', install_base='install', merge_install=False, symlink_install=False, test_result_base=None, continue_on_error=False, executor='parallel', parallel_workers=8, event_handlers=None, ignore_user_meta=False, metas=['./colcon.meta'], base_paths=['.'], packages_ignore=None, packages_ignore_regex=None, paths=None, packages_up_to=None, packages_up_to_regex=None, packages_above=None, packages_above_and_dependencies=None, packages_above_depth=None, packages_select_by_dep=None, packages_skip_by_dep=None, packages_skip_up_to=None, packages_select_build_failed=False, packages_skip_build_finished=False, packages_select_test_failures=False, packages_skip_test_passed=False, packages_select=None, packages_skip=None, packages_select_regex=None, packages_skip_regex=None, packages_start=None, packages_end=None, allow_overriding=[], cmake_args=None, cmake_target=None, cmake_target_skip_unavailable=False, cmake_clean_cache=False, cmake_clean_first=False, cmake_force_configure=False, ament_cmake_args=None, catkin_cmake_args=None, catkin_skip_building_tests=False, mixin_files=None, mixin=None, verb_parser=<colcon_mixin.mixin.mixin_argument.MixinArgumentDecorator object at 0x724498067b30>, verb_extension=<colcon_core.verb.build.BuildVerb object at 0x724498067800>, main=<bound method BuildVerb.main of <colcon_core.verb.build.BuildVerb object at 0x724498067800>>, mixin_verb=('build',))
[0.099s] Level 1:colcon.colcon_core.package_discovery:discover_packages(colcon_meta) check parameters
[0.099s] Level 1:colcon.colcon_core.package_discovery:discover_packages(recursive) check parameters
[0.099s] Level 1:colcon.colcon_core.package_discovery:discover_packages(ignore) check parameters
[0.099s] Level 1:colcon.colcon_core.package_discovery:discover_packages(path) check parameters
[0.099s] Level 1:colcon.colcon_core.package_discovery:discover_packages(colcon_meta) discover
[0.099s] Level 1:colcon.colcon_core.package_discovery:discover_packages(recursive) discover
[0.099s] INFO:colcon.colcon_core.package_discovery:Crawling recursively for packages in '/home/chenque/cpp_practice/robot_control_ros2'
[0.100s] Level 1:colcon.colcon_core.package_identification:_identify(.) by extensions ['ignore', 'ignore_ament_install']
[0.100s] Level 1:colcon.colcon_core.package_identification:_identify(.) by extension 'ignore'
[0.100s] Level 1:colcon.colcon_core.package_identification:_identify(.) by extension 'ignore_ament_install'
[0.100s] Level 1:colcon.colcon_core.package_identification:_identify(.) by extensions ['colcon_pkg']
[0.100s] Level 1:colcon.colcon_core.package_identification:_identify(.) by extension 'colcon_pkg'
[0.100s] Level 1:colcon.colcon_core.package_identification:_identify(.) by extensions ['colcon_meta']
[0.100s] Level 1:colcon.colcon_core.package_identification:_identify(.) by extension 'colcon_meta'
[0.100s] Level 1:colcon.colcon_core.package_identification:_identify(.) by extensions ['ros']
[0.100s] Level 1:colcon.colcon_core.package_identification:_identify(.) by extension 'ros'
[0.115s] Level 1:colcon.colcon_core.package_identification:_identify(.) by extensions ['cmake', 'python']
[0.115s] Level 1:colcon.colcon_core.package_identification:_identify(.) by extension 'cmake'
[0.115s] Level 1:colcon.colcon_core.package_identification:_identify(.) by extension 'python'
[0.115s] Level 1:colcon.colcon_core.package_identification:_identify(.) by extensions ['python_setup_py']
[0.115s] Level 1:colcon.colcon_core.package_identification:_identify(.) by extension 'python_setup_py'
[0.115s] Level 1:colcon.colcon_core.package_identification:_identify(build) by extensions ['ignore', 'ignore_ament_install']
[0.115s] Level 1:colcon.colcon_core.package_identification:_identify(build) by extension 'ignore'
[0.115s] Level 1:colcon.colcon_core.package_identification:_identify(build) ignored
[0.115s] Level 1:colcon.colcon_core.package_identification:_identify(install) by extensions ['ignore', 'ignore_ament_install']
[0.115s] Level 1:colcon.colcon_core.package_identification:_identify(install) by extension 'ignore'
[0.115s] Level 1:colcon.colcon_core.package_identification:_identify(install) ignored
[0.115s] Level 1:colcon.colcon_core.package_identification:_identify(log) by extensions ['ignore', 'ignore_ament_install']
[0.115s] Level 1:colcon.colcon_core.package_identification:_identify(log) by extension 'ignore'
[0.115s] Level 1:colcon.colcon_core.package_identification:_identify(log) ignored
[0.115s] Level 1:colcon.colcon_core.package_identification:_identify(src) by extensions ['ignore', 'ignore_ament_install']
[0.115s] Level 1:colcon.colcon_core.package_identification:_identify(src) by extension 'ignore'
[0.115s] Level 1:colcon.colcon_core.package_identification:_identify(src) by extension 'ignore_ament_install'
[0.115s] Level 1:colcon.colcon_core.package_identification:_identify(src) by extensions ['colcon_pkg']
[0.115s] Level 1:colcon.colcon_core.package_identification:_identify(src) by extension 'colcon_pkg'
[0.115s] Level 1:colcon.colcon_core.package_identification:_identify(src) by extensions ['colcon_meta']
[0.115s] Level 1:colcon.colcon_core.package_identification:_identify(src) by extension 'colcon_meta'
[0.115s] Level 1:colcon.colcon_core.package_identification:_identify(src) by extensions ['ros']
[0.115s] Level 1:colcon.colcon_core.package_identification:_identify(src) by extension 'ros'
[0.115s] Level 1:colcon.colcon_core.package_identification:_identify(src) by extensions ['cmake', 'python']
[0.115s] Level 1:colcon.colcon_core.package_identification:_identify(src) by extension 'cmake'
[0.115s] Level 1:colcon.colcon_core.package_identification:_identify(src) by extension 'python'
[0.115s] Level 1:colcon.colcon_core.package_identification:_identify(src) by extensions ['python_setup_py']
[0.116s] Level 1:colcon.colcon_core.package_identification:_identify(src) by extension 'python_setup_py'
[0.116s] Level 1:colcon.colcon_core.package_identification:_identify(src/other_package) by extensions ['ignore', 'ignore_ament_install']
[0.116s] Level 1:colcon.colcon_core.package_identification:_identify(src/other_package) by extension 'ignore'
[0.116s] Level 1:colcon.colcon_core.package_identification:_identify(src/other_package) by extension 'ignore_ament_install'
[0.116s] Level 1:colcon.colcon_core.package_identification:_identify(src/other_package) by extensions ['colcon_pkg']
[0.116s] Level 1:colcon.colcon_core.package_identification:_identify(src/other_package) by extension 'colcon_pkg'
[0.116s] Level 1:colcon.colcon_core.package_identification:_identify(src/other_package) by extensions ['colcon_meta']
[0.116s] Level 1:colcon.colcon_core.package_identification:_identify(src/other_package) by extension 'colcon_meta'
[0.116s] Level 1:colcon.colcon_core.package_identification:_identify(src/other_package) by extensions ['ros']
[0.116s] Level 1:colcon.colcon_core.package_identification:_identify(src/other_package) by extension 'ros'
[0.117s] DEBUG:colcon.colcon_core.package_identification:Package 'src/other_package' with type 'ros.ament_cmake' and name 'other_package'
[0.117s] Level 1:colcon.colcon_core.package_identification:_identify(src/robot_control_ros2) by extensions ['ignore', 'ignore_ament_install']
[0.117s] Level 1:colcon.colcon_core.package_identification:_identify(src/robot_control_ros2) by extension 'ignore'
[0.117s] Level 1:colcon.colcon_core.package_identification:_identify(src/robot_control_ros2) by extension 'ignore_ament_install'
[0.117s] Level 1:colcon.colcon_core.package_identification:_identify(src/robot_control_ros2) by extensions ['colcon_pkg']
[0.117s] Level 1:colcon.colcon_core.package_identification:_identify(src/robot_control_ros2) by extension 'colcon_pkg'
[0.117s] Level 1:colcon.colcon_core.package_identification:_identify(src/robot_control_ros2) by extensions ['colcon_meta']
[0.117s] Level 1:colcon.colcon_core.package_identification:_identify(src/robot_control_ros2) by extension 'colcon_meta'
[0.117s] Level 1:colcon.colcon_core.package_identification:_identify(src/robot_control_ros2) by extensions ['ros']
[0.117s] Level 1:colcon.colcon_core.package_identification:_identify(src/robot_control_ros2) by extension 'ros'
[0.118s] DEBUG:colcon.colcon_core.package_identification:Package 'src/robot_control_ros2' with type 'ros.ament_cmake' and name 'robot_control_ros2'
[0.118s] Level 1:colcon.colcon_core.package_discovery:discover_packages(recursive) using defaults
[0.118s] Level 1:colcon.colcon_core.package_discovery:discover_packages(ignore) discover
[0.118s] Level 1:colcon.colcon_core.package_discovery:discover_packages(ignore) using defaults
[0.118s] Level 1:colcon.colcon_core.package_discovery:discover_packages(path) discover
[0.118s] Level 1:colcon.colcon_core.package_discovery:discover_packages(path) using defaults
[0.129s] Level 1:colcon.colcon_core.package_discovery:discover_packages(prefix_path) check parameters
[0.129s] Level 1:colcon.colcon_core.package_discovery:discover_packages(prefix_path) discover
[0.131s] DEBUG:colcon.colcon_installed_package_information.package_discovery:Found 286 installed packages in /opt/ros/jazzy
[0.132s] Level 1:colcon.colcon_core.package_discovery:discover_packages(prefix_path) using defaults
[0.154s] Level 5:colcon.colcon_core.verb:set package 'other_package' build argument 'cmake_args' from command line to 'None'
[0.154s] Level 5:colcon.colcon_core.verb:set package 'other_package' build argument 'cmake_target' from command line to 'None'
[0.154s] Level 5:colcon.colcon_core.verb:set package 'other_package' build argument 'cmake_target_skip_unavailable' from command line to 'False'
[0.154s] Level 5:colcon.colcon_core.verb:set package 'other_package' build argument 'cmake_clean_cache' from command line to 'False'
[0.154s] Level 5:colcon.colcon_core.verb:set package 'other_package' build argument 'cmake_clean_first' from command line to 'False'
[0.154s] Level 5:colcon.colcon_core.verb:set package 'other_package' build argument 'cmake_force_configure' from command line to 'False'
[0.154s] Level 5:colcon.colcon_core.verb:set package 'other_package' build argument 'ament_cmake_args' from command line to 'None'
[0.154s] Level 5:colcon.colcon_core.verb:set package 'other_package' build argument 'catkin_cmake_args' from command line to 'None'
[0.154s] Level 5:colcon.colcon_core.verb:set package 'other_package' build argument 'catkin_skip_building_tests' from command line to 'False'
[0.154s] DEBUG:colcon.colcon_core.verb:Building package 'other_package' with the following arguments: {'ament_cmake_args': None, 'build_base': '/home/chenque/cpp_practice/robot_control_ros2/build/other_package', 'catkin_cmake_args': None, 'catkin_skip_building_tests': False, 'cmake_args': None, 'cmake_clean_cache': False, 'cmake_clean_first': False, 'cmake_force_configure': False, 'cmake_target': None, 'cmake_target_skip_unavailable': False, 'install_base': '/home/chenque/cpp_practice/robot_control_ros2/install/other_package', 'merge_install': False, 'path': '/home/chenque/cpp_practice/robot_control_ros2/src/other_package', 'symlink_install': False, 'test_result_base': None}
[0.154s] Level 5:colcon.colcon_core.verb:set package 'robot_control_ros2' build argument 'cmake_args' from command line to 'None'
[0.154s] Level 5:colcon.colcon_core.verb:set package 'robot_control_ros2' build argument 'cmake_target' from command line to 'None'
[0.154s] Level 5:colcon.colcon_core.verb:set package 'robot_control_ros2' build argument 'cmake_target_skip_unavailable' from command line to 'False'
[0.154s] Level 5:colcon.colcon_core.verb:set package 'robot_control_ros2' build argument 'cmake_clean_cache' from command line to 'False'
[0.154s] Level 5:colcon.colcon_core.verb:set package 'robot_control_ros2' build argument 'cmake_clean_first' from command line to 'False'
[0.154s] Level 5:colcon.colcon_core.verb:set package 'robot_control_ros2' build argument 'cmake_force_configure' from command line to 'False'
[0.154s] Level 5:colcon.colcon_core.verb:set package 'robot_control_ros2' build argument 'ament_cmake_args' from command line to 'None'
[0.154s] Level 5:colcon.colcon_core.verb:set package 'robot_control_ros2' build argument 'catkin_cmake_args' from command line to 'None'
[0.154s] Level 5:colcon.colcon_core.verb:set package 'robot_control_ros2' build argument 'catkin_skip_building_tests' from command line to 'False'
[0.154s] DEBUG:colcon.colcon_core.verb:Building package 'robot_control_ros2' with the following arguments: {'ament_cmake_args': None, 'build_base': '/home/chenque/cpp_practice/robot_control_ros2/build/robot_control_ros2', 'catkin_cmake_args': None, 'catkin_skip_building_tests': False, 'cmake_args': None, 'cmake_clean_cache': False, 'cmake_clean_first': False, 'cmake_force_configure': False, 'cmake_target': None, 'cmake_target_skip_unavailable': False, 'install_base': '/home/chenque/cpp_practice/robot_control_ros2/install/robot_control_ros2', 'merge_install': False, 'path': '/home/chenque/cpp_practice/robot_control_ros2/src/robot_control_ros2', 'symlink_install': False, 'test_result_base': None}
[0.154s] INFO:colcon.colcon_core.executor:Executing jobs using 'parallel' executor
[0.155s] DEBUG:colcon.colcon_parallel_executor.executor.parallel:run_until_complete
[0.156s] INFO:colcon.colcon_ros.task.ament_cmake.build:Building ROS package in '/home/chenque/cpp_practice/robot_control_ros2/src/other_package' with build type 'ament_cmake'
[0.156s] INFO:colcon.colcon_cmake.task.cmake.build:Building CMake package in '/home/chenque/cpp_practice/robot_control_ros2/src/other_package'
[0.157s] INFO:colcon.colcon_core.plugin_system:Skipping extension 'colcon_core.shell.bat': Not used on non-Windows systems
[0.157s] INFO:colcon.colcon_core.shell:Skip shell extension 'powershell' for command environment: Not usable outside of PowerShell
[0.157s] DEBUG:colcon.colcon_core.shell:Skip shell extension 'dsv' for command environment
[0.160s] INFO:colcon.colcon_ros.task.ament_cmake.build:Building ROS package in '/home/chenque/cpp_practice/robot_control_ros2/src/robot_control_ros2' with build type 'ament_cmake'
[0.160s] INFO:colcon.colcon_cmake.task.cmake.build:Building CMake package in '/home/chenque/cpp_practice/robot_control_ros2/src/robot_control_ros2'
[0.160s] INFO:colcon.colcon_core.shell:Skip shell extension 'powershell' for command environment: Not usable outside of PowerShell
[0.160s] DEBUG:colcon.colcon_core.shell:Skip shell extension 'dsv' for command environment
[0.166s] DEBUG:colcon.colcon_core.event_handler.log_command:Invoking command in '/home/chenque/cpp_practice/robot_control_ros2/build/other_package': CMAKE_PREFIX_PATH=${CMAKE_PREFIX_PATH}:/opt/ros/jazzy DEBUGINFOD_URLS=https://debuginfod.ubuntu.com /usr/bin/cmake --build /home/chenque/cpp_practice/robot_control_ros2/build/other_package -- -j8 -l8
[0.170s] DEBUG:colcon.colcon_core.event_handler.log_command:Invoking command in '/home/chenque/cpp_practice/robot_control_ros2/build/robot_control_ros2': CMAKE_PREFIX_PATH=${CMAKE_PREFIX_PATH}:/opt/ros/jazzy DEBUGINFOD_URLS=https://debuginfod.ubuntu.com /usr/bin/cmake --build /home/chenque/cpp_practice/robot_control_ros2/build/robot_control_ros2 -- -j8 -l8
[0.235s] DEBUG:colcon.colcon_core.event_handler.log_command:Invoked command in '/home/chenque/cpp_practice/robot_control_ros2/build/other_package' returned '0': CMAKE_PREFIX_PATH=${CMAKE_PREFIX_PATH}:/opt/ros/jazzy DEBUGINFOD_URLS=https://debuginfod.ubuntu.com /usr/bin/cmake --build /home/chenque/cpp_practice/robot_control_ros2/build/other_package -- -j8 -l8
[0.245s] DEBUG:colcon.colcon_core.event_handler.log_command:Invoking command in '/home/chenque/cpp_practice/robot_control_ros2/build/other_package': CMAKE_PREFIX_PATH=${CMAKE_PREFIX_PATH}:/opt/ros/jazzy DEBUGINFOD_URLS=https://debuginfod.ubuntu.com /usr/bin/cmake --install /home/chenque/cpp_practice/robot_control_ros2/build/other_package
[0.257s] Level 1:colcon.colcon_core.environment:create_environment_scripts_only(other_package)
[0.257s] DEBUG:colcon.colcon_core.event_handler.log_command:Invoked command in '/home/chenque/cpp_practice/robot_control_ros2/build/other_package' returned '0': CMAKE_PREFIX_PATH=${CMAKE_PREFIX_PATH}:/opt/ros/jazzy DEBUGINFOD_URLS=https://debuginfod.ubuntu.com /usr/bin/cmake --install /home/chenque/cpp_practice/robot_control_ros2/build/other_package
[0.258s] Level 1:colcon.colcon_core.environment:checking '/home/chenque/cpp_practice/robot_control_ros2/install/other_package' for CMake module files
[0.259s] Level 1:colcon.colcon_core.environment:checking '/home/chenque/cpp_practice/robot_control_ros2/install/other_package' for CMake config files
[0.259s] Level 1:colcon.colcon_core.shell:create_environment_hook('other_package', 'cmake_prefix_path')
[0.259s] INFO:colcon.colcon_core.shell:Creating environment hook '/home/chenque/cpp_practice/robot_control_ros2/install/other_package/share/other_package/hook/cmake_prefix_path.ps1'
[0.259s] INFO:colcon.colcon_core.shell:Creating environment descriptor '/home/chenque/cpp_practice/robot_control_ros2/install/other_package/share/other_package/hook/cmake_prefix_path.dsv'
[0.260s] INFO:colcon.colcon_core.shell:Creating environment hook '/home/chenque/cpp_practice/robot_control_ros2/install/other_package/share/other_package/hook/cmake_prefix_path.sh'
[0.261s] Level 1:colcon.colcon_core.environment:checking '/home/chenque/cpp_practice/robot_control_ros2/install/other_package/lib'
[0.261s] Level 1:colcon.colcon_core.environment:checking '/home/chenque/cpp_practice/robot_control_ros2/install/other_package/bin'
[0.261s] Level 1:colcon.colcon_core.environment:checking '/home/chenque/cpp_practice/robot_control_ros2/install/other_package/lib/pkgconfig/other_package.pc'
[0.261s] Level 1:colcon.colcon_core.environment:checking '/home/chenque/cpp_practice/robot_control_ros2/install/other_package/lib/python3.12/site-packages'
[0.261s] Level 1:colcon.colcon_core.environment:checking '/home/chenque/cpp_practice/robot_control_ros2/install/other_package/bin'
[0.261s] INFO:colcon.colcon_core.shell:Creating package script '/home/chenque/cpp_practice/robot_control_ros2/install/other_package/share/other_package/package.ps1'
[0.262s] INFO:colcon.colcon_core.shell:Creating package descriptor '/home/chenque/cpp_practice/robot_control_ros2/install/other_package/share/other_package/package.dsv'
[0.262s] INFO:colcon.colcon_core.shell:Creating package script '/home/chenque/cpp_practice/robot_control_ros2/install/other_package/share/other_package/package.sh'
[0.263s] INFO:colcon.colcon_core.shell:Creating package script '/home/chenque/cpp_practice/robot_control_ros2/install/other_package/share/other_package/package.bash'
[0.263s] INFO:colcon.colcon_core.shell:Creating package script '/home/chenque/cpp_practice/robot_control_ros2/install/other_package/share/other_package/package.zsh'
[0.264s] Level 1:colcon.colcon_core.environment:create_file_with_runtime_dependencies(/home/chenque/cpp_practice/robot_control_ros2/install/other_package/share/colcon-core/packages/other_package)
[0.264s] Level 1:colcon.colcon_core.environment:create_environment_scripts_only(other_package)
[0.265s] Level 1:colcon.colcon_core.environment:checking '/home/chenque/cpp_practice/robot_control_ros2/install/other_package' for CMake module files
[0.265s] Level 1:colcon.colcon_core.environment:checking '/home/chenque/cpp_practice/robot_control_ros2/install/other_package' for CMake config files
[0.265s] Level 1:colcon.colcon_core.shell:create_environment_hook('other_package', 'cmake_prefix_path')
[0.265s] INFO:colcon.colcon_core.shell:Creating environment hook '/home/chenque/cpp_practice/robot_control_ros2/install/other_package/share/other_package/hook/cmake_prefix_path.ps1'
[0.265s] INFO:colcon.colcon_core.shell:Creating environment descriptor '/home/chenque/cpp_practice/robot_control_ros2/install/other_package/share/other_package/hook/cmake_prefix_path.dsv'
[0.266s] INFO:colcon.colcon_core.shell:Creating environment hook '/home/chenque/cpp_practice/robot_control_ros2/install/other_package/share/other_package/hook/cmake_prefix_path.sh'
[0.266s] Level 1:colcon.colcon_core.environment:checking '/home/chenque/cpp_practice/robot_control_ros2/install/other_package/lib'
[0.266s] Level 1:colcon.colcon_core.environment:checking '/home/chenque/cpp_practice/robot_control_ros2/install/other_package/bin'
[0.266s] Level 1:colcon.colcon_core.environment:checking '/home/chenque/cpp_practice/robot_control_ros2/install/other_package/lib/pkgconfig/other_package.pc'
[0.267s] Level 1:colcon.colcon_core.environment:checking '/home/chenque/cpp_practice/robot_control_ros2/install/other_package/lib/python3.12/site-packages'
[0.267s] Level 1:colcon.colcon_core.environment:checking '/home/chenque/cpp_practice/robot_control_ros2/install/other_package/bin'
[0.267s] INFO:colcon.colcon_core.shell:Creating package script '/home/chenque/cpp_practice/robot_control_ros2/install/other_package/share/other_package/package.ps1'
[0.267s] INFO:colcon.colcon_core.shell:Creating package descriptor '/home/chenque/cpp_practice/robot_control_ros2/install/other_package/share/other_package/package.dsv'
[0.268s] INFO:colcon.colcon_core.shell:Creating package script '/home/chenque/cpp_practice/robot_control_ros2/install/other_package/share/other_package/package.sh'
[0.268s] INFO:colcon.colcon_core.shell:Creating package script '/home/chenque/cpp_practice/robot_control_ros2/install/other_package/share/other_package/package.bash'
[0.268s] INFO:colcon.colcon_core.shell:Creating package script '/home/chenque/cpp_practice/robot_control_ros2/install/other_package/share/other_package/package.zsh'
[0.269s] Level 1:colcon.colcon_core.environment:create_file_with_runtime_dependencies(/home/chenque/cpp_practice/robot_control_ros2/install/other_package/share/colcon-core/packages/other_package)
[9.585s] DEBUG:colcon.colcon_core.event_handler.log_command:Invoked command in '/home/chenque/cpp_practice/robot_control_ros2/build/robot_control_ros2' returned '0': CMAKE_PREFIX_PATH=${CMAKE_PREFIX_PATH}:/opt/ros/jazzy DEBUGINFOD_URLS=https://debuginfod.ubuntu.com /usr/bin/cmake --build /home/chenque/cpp_practice/robot_control_ros2/build/robot_control_ros2 -- -j8 -l8
[9.586s] DEBUG:colcon.colcon_core.event_handler.log_command:Invoking command in '/home/chenque/cpp_practice/robot_control_ros2/build/robot_control_ros2': CMAKE_PREFIX_PATH=${CMAKE_PREFIX_PATH}:/opt/ros/jazzy DEBUGINFOD_URLS=https://debuginfod.ubuntu.com /usr/bin/cmake --install /home/chenque/cpp_practice/robot_control_ros2/build/robot_control_ros2
[9.669s] Level 1:colcon.colcon_core.environment:create_environment_scripts_only(robot_control_ros2)
[9.669s] Level 1:colcon.colcon_core.environment:checking '/home/chenque/cpp_practice/robot_control_ros2/install/robot_control_ros2' for CMake module files
[9.670s] DEBUG:colcon.colcon_core.event_handler.log_command:Invoked command in '/home/chenque/cpp_practice/robot_control_ros2/build/robot_control_ros2' returned '0': CMAKE_PREFIX_PATH=${CMAKE_PREFIX_PATH}:/opt/ros/jazzy DEBUGINFOD_URLS=https://debuginfod.ubuntu.com /usr/bin/cmake --install /home/chenque/cpp_practice/robot_control_ros2/build/robot_control_ros2
[9.670s] Level 1:colcon.colcon_core.environment:checking '/home/chenque/cpp_practice/robot_control_ros2/install/robot_control_ros2' for CMake config files
[9.670s] Level 1:colcon.colcon_core.shell:create_environment_hook('robot_control_ros2', 'cmake_prefix_path')
[9.670s] INFO:colcon.colcon_core.shell:Creating environment hook '/home/chenque/cpp_practice/robot_control_ros2/install/robot_control_ros2/share/robot_control_ros2/hook/cmake_prefix_path.ps1'
[9.671s] INFO:colcon.colcon_core.shell:Creating environment descriptor '/home/chenque/cpp_practice/robot_control_ros2/install/robot_control_ros2/share/robot_control_ros2/hook/cmake_prefix_path.dsv'
[9.671s] INFO:colcon.colcon_core.shell:Creating environment hook '/home/chenque/cpp_practice/robot_control_ros2/install/robot_control_ros2/share/robot_control_ros2/hook/cmake_prefix_path.sh'
[9.672s] Level 1:colcon.colcon_core.environment:checking '/home/chenque/cpp_practice/robot_control_ros2/install/robot_control_ros2/lib'
[9.672s] Level 1:colcon.colcon_core.shell:create_environment_hook('robot_control_ros2', 'ld_library_path_lib')
[9.672s] INFO:colcon.colcon_core.shell:Creating environment hook '/home/chenque/cpp_practice/robot_control_ros2/install/robot_control_ros2/share/robot_control_ros2/hook/ld_library_path_lib.ps1'
[9.672s] INFO:colcon.colcon_core.shell:Creating environment descriptor '/home/chenque/cpp_practice/robot_control_ros2/install/robot_control_ros2/share/robot_control_ros2/hook/ld_library_path_lib.dsv'
[9.672s] INFO:colcon.colcon_core.shell:Creating environment hook '/home/chenque/cpp_practice/robot_control_ros2/install/robot_control_ros2/share/robot_control_ros2/hook/ld_library_path_lib.sh'
[9.673s] Level 1:colcon.colcon_core.environment:checking '/home/chenque/cpp_practice/robot_control_ros2/install/robot_control_ros2/bin'
[9.673s] Level 1:colcon.colcon_core.environment:checking '/home/chenque/cpp_practice/robot_control_ros2/install/robot_control_ros2/lib/pkgconfig/robot_control_ros2.pc'
[9.673s] Level 1:colcon.colcon_core.environment:checking '/home/chenque/cpp_practice/robot_control_ros2/install/robot_control_ros2/lib/python3.12/site-packages'
[9.673s] Level 1:colcon.colcon_core.shell:create_environment_hook('robot_control_ros2', 'pythonpath')
[9.673s] INFO:colcon.colcon_core.shell:Creating environment hook '/home/chenque/cpp_practice/robot_control_ros2/install/robot_control_ros2/share/robot_control_ros2/hook/pythonpath.ps1'
[9.673s] INFO:colcon.colcon_core.shell:Creating environment descriptor '/home/chenque/cpp_practice/robot_control_ros2/install/robot_control_ros2/share/robot_control_ros2/hook/pythonpath.dsv'
[9.673s] INFO:colcon.colcon_core.shell:Creating environment hook '/home/chenque/cpp_practice/robot_control_ros2/install/robot_control_ros2/share/robot_control_ros2/hook/pythonpath.sh'
[9.674s] Level 1:colcon.colcon_core.environment:checking '/home/chenque/cpp_practice/robot_control_ros2/install/robot_control_ros2/bin'
[9.674s] INFO:colcon.colcon_core.shell:Creating package script '/home/chenque/cpp_practice/robot_control_ros2/install/robot_control_ros2/share/robot_control_ros2/package.ps1'
[9.674s] INFO:colcon.colcon_core.shell:Creating package descriptor '/home/chenque/cpp_practice/robot_control_ros2/install/robot_control_ros2/share/robot_control_ros2/package.dsv'
[9.675s] INFO:colcon.colcon_core.shell:Creating package script '/home/chenque/cpp_practice/robot_control_ros2/install/robot_control_ros2/share/robot_control_ros2/package.sh'
[9.675s] INFO:colcon.colcon_core.shell:Creating package script '/home/chenque/cpp_practice/robot_control_ros2/install/robot_control_ros2/share/robot_control_ros2/package.bash'
[9.675s] INFO:colcon.colcon_core.shell:Creating package script '/home/chenque/cpp_practice/robot_control_ros2/install/robot_control_ros2/share/robot_control_ros2/package.zsh'
[9.676s] Level 1:colcon.colcon_core.environment:create_file_with_runtime_dependencies(/home/chenque/cpp_practice/robot_control_ros2/install/robot_control_ros2/share/colcon-core/packages/robot_control_ros2)
[9.676s] Level 1:colcon.colcon_core.environment:create_environment_scripts_only(robot_control_ros2)
[9.676s] Level 1:colcon.colcon_core.environment:checking '/home/chenque/cpp_practice/robot_control_ros2/install/robot_control_ros2' for CMake module files
[9.676s] Level 1:colcon.colcon_core.environment:checking '/home/chenque/cpp_practice/robot_control_ros2/install/robot_control_ros2' for CMake config files
[9.677s] Level 1:colcon.colcon_core.shell:create_environment_hook('robot_control_ros2', 'cmake_prefix_path')
[9.677s] INFO:colcon.colcon_core.shell:Creating environment hook '/home/chenque/cpp_practice/robot_control_ros2/install/robot_control_ros2/share/robot_control_ros2/hook/cmake_prefix_path.ps1'
[9.677s] INFO:colcon.colcon_core.shell:Creating environment descriptor '/home/chenque/cpp_practice/robot_control_ros2/install/robot_control_ros2/share/robot_control_ros2/hook/cmake_prefix_path.dsv'
[9.677s] INFO:colcon.colcon_core.shell:Creating environment hook '/home/chenque/cpp_practice/robot_control_ros2/install/robot_control_ros2/share/robot_control_ros2/hook/cmake_prefix_path.sh'
[9.678s] Level 1:colcon.colcon_core.environment:checking '/home/chenque/cpp_practice/robot_control_ros2/install/robot_control_ros2/lib'
[9.678s] Level 1:colcon.colcon_core.shell:create_environment_hook('robot_control_ros2', 'ld_library_path_lib')
[9.678s] INFO:colcon.colcon_core.shell:Creating environment hook '/home/chenque/cpp_practice/robot_control_ros2/install/robot_control_ros2/share/robot_control_ros2/hook/ld_library_path_lib.ps1'
[9.678s] INFO:colcon.colcon_core.shell:Creating environment descriptor '/home/chenque/cpp_practice/robot_control_ros2/install/robot_control_ros2/share/robot_control_ros2/hook/ld_library_path_lib.dsv'
[9.678s] INFO:colcon.colcon_core.shell:Creating environment hook '/home/chenque/cpp_practice/robot_control_ros2/install/robot_control_ros2/share/robot_control_ros2/hook/ld_library_path_lib.sh'
[9.679s] Level 1:colcon.colcon_core.environment:checking '/home/chenque/cpp_practice/robot_control_ros2/install/robot_control_ros2/bin'
[9.679s] Level 1:colcon.colcon_core.environment:checking '/home/chenque/cpp_practice/robot_control_ros2/install/robot_control_ros2/lib/pkgconfig/robot_control_ros2.pc'
[9.679s] Level 1:colcon.colcon_core.environment:checking '/home/chenque/cpp_practice/robot_control_ros2/install/robot_control_ros2/lib/python3.12/site-packages'
[9.679s] Level 1:colcon.colcon_core.shell:create_environment_hook('robot_control_ros2', 'pythonpath')
[9.679s] INFO:colcon.colcon_core.shell:Creating environment hook '/home/chenque/cpp_practice/robot_control_ros2/install/robot_control_ros2/share/robot_control_ros2/hook/pythonpath.ps1'
[9.679s] INFO:colcon.colcon_core.shell:Creating environment descriptor '/home/chenque/cpp_practice/robot_control_ros2/install/robot_control_ros2/share/robot_control_ros2/hook/pythonpath.dsv'
[9.679s] INFO:colcon.colcon_core.shell:Creating environment hook '/home/chenque/cpp_practice/robot_control_ros2/install/robot_control_ros2/share/robot_control_ros2/hook/pythonpath.sh'
[9.680s] Level 1:colcon.colcon_core.environment:checking '/home/chenque/cpp_practice/robot_control_ros2/install/robot_control_ros2/bin'
[9.680s] INFO:colcon.colcon_core.shell:Creating package script '/home/chenque/cpp_practice/robot_control_ros2/install/robot_control_ros2/share/robot_control_ros2/package.ps1'
[9.680s] INFO:colcon.colcon_core.shell:Creating package descriptor '/home/chenque/cpp_practice/robot_control_ros2/install/robot_control_ros2/share/robot_control_ros2/package.dsv'
[9.681s] INFO:colcon.colcon_core.shell:Creating package script '/home/chenque/cpp_practice/robot_control_ros2/install/robot_control_ros2/share/robot_control_ros2/package.sh'
[9.681s] INFO:colcon.colcon_core.shell:Creating package script '/home/chenque/cpp_practice/robot_control_ros2/install/robot_control_ros2/share/robot_control_ros2/package.bash'
[9.681s] INFO:colcon.colcon_core.shell:Creating package script '/home/chenque/cpp_practice/robot_control_ros2/install/robot_control_ros2/share/robot_control_ros2/package.zsh'
[9.682s] Level 1:colcon.colcon_core.environment:create_file_with_runtime_dependencies(/home/chenque/cpp_practice/robot_control_ros2/install/robot_control_ros2/share/colcon-core/packages/robot_control_ros2)
[9.682s] DEBUG:colcon.colcon_parallel_executor.executor.parallel:closing loop
[9.682s] DEBUG:colcon.colcon_parallel_executor.executor.parallel:loop closed
[9.682s] DEBUG:colcon.colcon_parallel_executor.executor.parallel:run_until_complete finished with '0'
[9.682s] DEBUG:colcon.colcon_core.event_reactor:joining thread
[9.687s] INFO:colcon.colcon_core.plugin_system:Skipping extension 'colcon_notification.desktop_notification.terminal_notifier': Not used on non-Darwin systems
[9.687s] INFO:colcon.colcon_core.plugin_system:Skipping extension 'colcon_notification.desktop_notification.win32': Not used on non-Windows systems
[9.687s] INFO:colcon.colcon_notification.desktop_notification:Sending desktop notification using 'notify2'
[9.699s] DEBUG:colcon.colcon_core.event_reactor:joined thread
[9.700s] INFO:colcon.colcon_core.shell:Creating prefix script '/home/chenque/cpp_practice/robot_control_ros2/install/local_setup.ps1'
[9.700s] INFO:colcon.colcon_core.shell:Creating prefix util module '/home/chenque/cpp_practice/robot_control_ros2/install/_local_setup_util_ps1.py'
[9.701s] INFO:colcon.colcon_core.shell:Creating prefix chain script '/home/chenque/cpp_practice/robot_control_ros2/install/setup.ps1'
[9.702s] INFO:colcon.colcon_core.shell:Creating prefix script '/home/chenque/cpp_practice/robot_control_ros2/install/local_setup.sh'
[9.702s] INFO:colcon.colcon_core.shell:Creating prefix util module '/home/chenque/cpp_practice/robot_control_ros2/install/_local_setup_util_sh.py'
[9.702s] INFO:colcon.colcon_core.shell:Creating prefix chain script '/home/chenque/cpp_practice/robot_control_ros2/install/setup.sh'
[9.703s] INFO:colcon.colcon_core.shell:Creating prefix script '/home/chenque/cpp_practice/robot_control_ros2/install/local_setup.bash'
[9.703s] INFO:colcon.colcon_core.shell:Creating prefix chain script '/home/chenque/cpp_practice/robot_control_ros2/install/setup.bash'
[9.704s] INFO:colcon.colcon_core.shell:Creating prefix script '/home/chenque/cpp_practice/robot_control_ros2/install/local_setup.zsh'
[9.704s] INFO:colcon.colcon_core.shell:Creating prefix chain script '/home/chenque/cpp_practice/robot_control_ros2/install/setup.zsh'
