[01m[K/home/chenque/cpp_practice/robot_control_ros2/src/robot_control_ros2/src/robot_utils/safety_limiter.cpp:6:1:[m[K [01;31m[Kerror: [m[K‘[01m[KSafetyLimiter[m[K’ does not name a type
    6 | [01;31m[KSafetyLimiter[m[K::SafetyLimiter(size_t dof, double maxVelocity)
      | [01;31m[K^~~~~~~~~~~~~[m[K
[01m[K/home/chenque/cpp_practice/robot_control_ros2/src/robot_control_ros2/src/robot_utils/safety_limiter.cpp:9:6:[m[K [01;31m[Kerror: [m[K‘[01m[KSafetyLimiter[m[K’ has not been declared
    9 | void [01;31m[KSafetyLimiter[m[K::setLowerLimits(const std::vector<double>& low)
      |      [01;31m[K^~~~~~~~~~~~~[m[K
[01m[K/home/chenque/cpp_practice/robot_control_ros2/src/robot_control_ros2/src/robot_utils/safety_limiter.cpp:9:47:[m[K [01;31m[Kerror: [m[K‘[01m[Kvector[m[K’ in namespace ‘[01m[Kstd[m[K’ does not name a template type
    9 | void SafetyLimiter::setLowerLimits(const std::[01;31m[Kvector[m[K<double>& low)
      |                                               [01;31m[K^~~~~~[m[K
[01m[K/home/chenque/cpp_practice/robot_control_ros2/src/robot_control_ros2/src/robot_utils/safety_limiter.cpp:3:1:[m[K [01;36m[Knote: [m[K‘[01m[Kstd::vector[m[K’ is defined in header ‘[01m[K<vector>[m[K’; did you forget to ‘[01m[K#include <vector>[m[K’?
    2 | #include <iostream>
  +++ |+[32m[K#include <vector>[m[K
    3 | #include <stdexcept>
[01m[K/home/chenque/cpp_practice/robot_control_ros2/src/robot_control_ros2/src/robot_utils/safety_limiter.cpp:9:53:[m[K [01;31m[Kerror: [m[Kexpected ‘[01m[K,[m[K’ or ‘[01m[K...[m[K’ before ‘[01m[K<[m[K’ token
    9 | void SafetyLimiter::setLowerLimits(const std::vector[01;31m[K<[m[Kdouble>& low)
      |                                                     [01;31m[K^[m[K
[01m[K/home/chenque/cpp_practice/robot_control_ros2/src/robot_control_ros2/src/robot_utils/safety_limiter.cpp:[m[K In function ‘[01m[Kvoid[01;32m[K setLowerLimits[m[K(int)[m[K’:
[01m[K/home/chenque/cpp_practice/robot_control_ros2/src/robot_control_ros2/src/robot_utils/safety_limiter.cpp:11:9:[m[K [01;31m[Kerror: [m[K‘[01m[Klow[m[K’ was not declared in this scope
   11 |     if ([01;31m[Klow[m[K.size() != dof_)
      |         [01;31m[K^~~[m[K
[01m[K/home/chenque/cpp_practice/robot_control_ros2/src/robot_control_ros2/src/robot_utils/safety_limiter.cpp:11:23:[m[K [01;31m[Kerror: [m[K‘[01m[Kdof_[m[K’ was not declared in this scope
   11 |     if (low.size() != [01;31m[Kdof_[m[K)
      |                       [01;31m[K^~~~[m[K
[01m[K/home/chenque/cpp_practice/robot_control_ros2/src/robot_control_ros2/src/robot_utils/safety_limiter.cpp:13:5:[m[K [01;31m[Kerror: [m[K‘[01m[Klow_[m[K’ was not declared in this scope
   13 |     [01;31m[Klow_[m[K = low;
      |     [01;31m[K^~~~[m[K
[01m[K/home/chenque/cpp_practice/robot_control_ros2/src/robot_control_ros2/src/robot_utils/safety_limiter.cpp:13:12:[m[K [01;31m[Kerror: [m[K‘[01m[Klow[m[K’ was not declared in this scope
   13 |     low_ = [01;31m[Klow[m[K;
      |            [01;31m[K^~~[m[K
[01m[K/home/chenque/cpp_practice/robot_control_ros2/src/robot_control_ros2/src/robot_utils/safety_limiter.cpp:[m[K At global scope:
[01m[K/home/chenque/cpp_practice/robot_control_ros2/src/robot_control_ros2/src/robot_utils/safety_limiter.cpp:16:6:[m[K [01;31m[Kerror: [m[K‘[01m[KSafetyLimiter[m[K’ has not been declared
   16 | void [01;31m[KSafetyLimiter[m[K::setUpperLimits(const std::vector<double>& upr)
      |      [01;31m[K^~~~~~~~~~~~~[m[K
[01m[K/home/chenque/cpp_practice/robot_control_ros2/src/robot_control_ros2/src/robot_utils/safety_limiter.cpp:16:47:[m[K [01;31m[Kerror: [m[K‘[01m[Kvector[m[K’ in namespace ‘[01m[Kstd[m[K’ does not name a template type
   16 | void SafetyLimiter::setUpperLimits(const std::[01;31m[Kvector[m[K<double>& upr)
      |                                               [01;31m[K^~~~~~[m[K
[01m[K/home/chenque/cpp_practice/robot_control_ros2/src/robot_control_ros2/src/robot_utils/safety_limiter.cpp:16:42:[m[K [01;36m[Knote: [m[K‘[01m[Kstd::vector[m[K’ is defined in header ‘[01m[K<vector>[m[K’; did you forget to ‘[01m[K#include <vector>[m[K’?
   16 | void SafetyLimiter::setUpperLimits(const [01;36m[Kstd[m[K::vector<double>& upr)
      |                                          [01;36m[K^~~[m[K
[01m[K/home/chenque/cpp_practice/robot_control_ros2/src/robot_control_ros2/src/robot_utils/safety_limiter.cpp:16:53:[m[K [01;31m[Kerror: [m[Kexpected ‘[01m[K,[m[K’ or ‘[01m[K...[m[K’ before ‘[01m[K<[m[K’ token
   16 | void SafetyLimiter::setUpperLimits(const std::vector[01;31m[K<[m[Kdouble>& upr)
      |                                                     [01;31m[K^[m[K
[01m[K/home/chenque/cpp_practice/robot_control_ros2/src/robot_control_ros2/src/robot_utils/safety_limiter.cpp:[m[K In function ‘[01m[Kvoid[01;32m[K setUpperLimits[m[K(int)[m[K’:
[01m[K/home/chenque/cpp_practice/robot_control_ros2/src/robot_control_ros2/src/robot_utils/safety_limiter.cpp:18:9:[m[K [01;31m[Kerror: [m[K‘[01m[Kupr[m[K’ was not declared in this scope
   18 |     if ([01;31m[Kupr[m[K.size() != dof_)
      |         [01;31m[K^~~[m[K
[01m[K/home/chenque/cpp_practice/robot_control_ros2/src/robot_control_ros2/src/robot_utils/safety_limiter.cpp:18:23:[m[K [01;31m[Kerror: [m[K‘[01m[Kdof_[m[K’ was not declared in this scope
   18 |     if (upr.size() != [01;31m[Kdof_[m[K)
      |                       [01;31m[K^~~~[m[K
[01m[K/home/chenque/cpp_practice/robot_control_ros2/src/robot_control_ros2/src/robot_utils/safety_limiter.cpp:20:5:[m[K [01;31m[Kerror: [m[K‘[01m[Kupr_[m[K’ was not declared in this scope
   20 |     [01;31m[Kupr_[m[K = upr;
      |     [01;31m[K^~~~[m[K
[01m[K/home/chenque/cpp_practice/robot_control_ros2/src/robot_control_ros2/src/robot_utils/safety_limiter.cpp:20:12:[m[K [01;31m[Kerror: [m[K‘[01m[Kupr[m[K’ was not declared in this scope
   20 |     upr_ = [01;31m[Kupr[m[K;
      |            [01;31m[K^~~[m[K
[01m[K/home/chenque/cpp_practice/robot_control_ros2/src/robot_control_ros2/src/robot_utils/safety_limiter.cpp:[m[K At global scope:
[01m[K/home/chenque/cpp_practice/robot_control_ros2/src/robot_control_ros2/src/robot_utils/safety_limiter.cpp:23:6:[m[K [01;31m[Kerror: [m[K‘[01m[KSafetyLimiter[m[K’ has not been declared
   23 | void [01;31m[KSafetyLimiter[m[K::setMaxVelocity(double vel)
      |      [01;31m[K^~~~~~~~~~~~~[m[K
[01m[K/home/chenque/cpp_practice/robot_control_ros2/src/robot_control_ros2/src/robot_utils/safety_limiter.cpp:[m[K In function ‘[01m[Kvoid[01;32m[K setMaxVelocity[m[K(double)[m[K’:
[01m[K/home/chenque/cpp_practice/robot_control_ros2/src/robot_control_ros2/src/robot_utils/safety_limiter.cpp:25:5:[m[K [01;31m[Kerror: [m[K‘[01m[KmaxVelocity_[m[K’ was not declared in this scope; did you mean ‘[01m[KsetMaxVelocity[m[K’?
   25 |     [01;31m[KmaxVelocity_[m[K = vel;
      |     [01;31m[K^~~~~~~~~~~~[m[K
      |     [32m[KsetMaxVelocity[m[K
[01m[K/home/chenque/cpp_practice/robot_control_ros2/src/robot_control_ros2/src/robot_utils/safety_limiter.cpp:[m[K At global scope:
[01m[K/home/chenque/cpp_practice/robot_control_ros2/src/robot_control_ros2/src/robot_utils/safety_limiter.cpp:28:12:[m[K [01;31m[Kerror: [m[K‘[01m[Kvector[m[K’ in namespace ‘[01m[Kstd[m[K’ does not name a template type
   28 | const std::[01;31m[Kvector[m[K<double>& SafetyLimiter::lowerLimits() const
      |            [01;31m[K^~~~~~[m[K
[01m[K/home/chenque/cpp_practice/robot_control_ros2/src/robot_control_ros2/src/robot_utils/safety_limiter.cpp:28:7:[m[K [01;36m[Knote: [m[K‘[01m[Kstd::vector[m[K’ is defined in header ‘[01m[K<vector>[m[K’; did you forget to ‘[01m[K#include <vector>[m[K’?
   28 | const [01;36m[Kstd[m[K::vector<double>& SafetyLimiter::lowerLimits() const
      |       [01;36m[K^~~[m[K
[01m[K/home/chenque/cpp_practice/robot_control_ros2/src/robot_control_ros2/src/robot_utils/safety_limiter.cpp:33:12:[m[K [01;31m[Kerror: [m[K‘[01m[Kvector[m[K’ in namespace ‘[01m[Kstd[m[K’ does not name a template type
   33 | const std::[01;31m[Kvector[m[K<double>& SafetyLimiter::upperLimits() const
      |            [01;31m[K^~~~~~[m[K
[01m[K/home/chenque/cpp_practice/robot_control_ros2/src/robot_control_ros2/src/robot_utils/safety_limiter.cpp:33:7:[m[K [01;36m[Knote: [m[K‘[01m[Kstd::vector[m[K’ is defined in header ‘[01m[K<vector>[m[K’; did you forget to ‘[01m[K#include <vector>[m[K’?
   33 | const [01;36m[Kstd[m[K::vector<double>& SafetyLimiter::upperLimits() const
      |       [01;36m[K^~~[m[K
[01m[K/home/chenque/cpp_practice/robot_control_ros2/src/robot_control_ros2/src/robot_utils/safety_limiter.cpp:38:8:[m[K [01;31m[Kerror: [m[K‘[01m[KSafetyLimiter[m[K’ has not been declared
   38 | double [01;31m[KSafetyLimiter[m[K::maxVelocity() const
      |        [01;31m[K^~~~~~~~~~~~~[m[K
[01m[K/home/chenque/cpp_practice/robot_control_ros2/src/robot_control_ros2/src/robot_utils/safety_limiter.cpp:38:37:[m[K [01;31m[Kerror: [m[Knon-member function ‘[01m[Kdouble[01;32m[K maxVelocity[m[K()[m[K’ cannot have cv-qualifier
   38 | double SafetyLimiter::maxVelocity() [01;31m[Kconst[m[K
      |                                     [01;31m[K^~~~~[m[K
[01m[K/home/chenque/cpp_practice/robot_control_ros2/src/robot_control_ros2/src/robot_utils/safety_limiter.cpp:[m[K In function ‘[01m[Kdouble[01;32m[K maxVelocity[m[K()[m[K’:
[01m[K/home/chenque/cpp_practice/robot_control_ros2/src/robot_control_ros2/src/robot_utils/safety_limiter.cpp:40:12:[m[K [01;31m[Kerror: [m[K‘[01m[KmaxVelocity_[m[K’ was not declared in this scope; did you mean ‘[01m[KmaxVelocity[m[K’?
   40 |     return [01;31m[KmaxVelocity_[m[K;
      |            [01;31m[K^~~~~~~~~~~~[m[K
      |            [32m[KmaxVelocity[m[K
[01m[K/home/chenque/cpp_practice/robot_control_ros2/src/robot_control_ros2/src/robot_utils/safety_limiter.cpp:[m[K At global scope:
[01m[K/home/chenque/cpp_practice/robot_control_ros2/src/robot_control_ros2/src/robot_utils/safety_limiter.cpp:43:6:[m[K [01;31m[Kerror: [m[K‘[01m[KSafetyLimiter[m[K’ has not been declared
   43 | bool [01;31m[KSafetyLimiter[m[K::is_safety(const std::vector<double>& positon, const std::vector<double>& vel) const
      |      [01;31m[K^~~~~~~~~~~~~[m[K
[01m[K/home/chenque/cpp_practice/robot_control_ros2/src/robot_control_ros2/src/robot_utils/safety_limiter.cpp:43:42:[m[K [01;31m[Kerror: [m[K‘[01m[Kvector[m[K’ in namespace ‘[01m[Kstd[m[K’ does not name a template type
   43 | bool SafetyLimiter::is_safety(const std::[01;31m[Kvector[m[K<double>& positon, const std::vector<double>& vel) const
      |                                          [01;31m[K^~~~~~[m[K
[01m[K/home/chenque/cpp_practice/robot_control_ros2/src/robot_control_ros2/src/robot_utils/safety_limiter.cpp:43:37:[m[K [01;36m[Knote: [m[K‘[01m[Kstd::vector[m[K’ is defined in header ‘[01m[K<vector>[m[K’; did you forget to ‘[01m[K#include <vector>[m[K’?
   43 | bool SafetyLimiter::is_safety(const [01;36m[Kstd[m[K::vector<double>& positon, const std::vector<double>& vel) const
      |                                     [01;36m[K^~~[m[K
[01m[K/home/chenque/cpp_practice/robot_control_ros2/src/robot_control_ros2/src/robot_utils/safety_limiter.cpp:43:48:[m[K [01;31m[Kerror: [m[Kexpected ‘[01m[K,[m[K’ or ‘[01m[K...[m[K’ before ‘[01m[K<[m[K’ token
   43 | bool SafetyLimiter::is_safety(const std::vector[01;31m[K<[m[Kdouble>& positon, const std::vector<double>& vel) const
      |                                                [01;31m[K^[m[K
[01m[K/home/chenque/cpp_practice/robot_control_ros2/src/robot_control_ros2/src/robot_utils/safety_limiter.cpp:43:99:[m[K [01;31m[Kerror: [m[Knon-member function ‘[01m[Kbool[01;32m[K is_safety[m[K(int)[m[K’ cannot have cv-qualifier
   43 | bool SafetyLimiter::is_safety(const std::vector<double>& positon, const std::vector<double>& vel) [01;31m[Kconst[m[K
      |                                                                                                   [01;31m[K^~~~~[m[K
[01m[K/home/chenque/cpp_practice/robot_control_ros2/src/robot_control_ros2/src/robot_utils/safety_limiter.cpp:[m[K In function ‘[01m[Kbool[01;32m[K is_safety[m[K(int)[m[K’:
[01m[K/home/chenque/cpp_practice/robot_control_ros2/src/robot_control_ros2/src/robot_utils/safety_limiter.cpp:45:9:[m[K [01;31m[Kerror: [m[K‘[01m[Kpositon[m[K’ was not declared in this scope
   45 |     if ([01;31m[Kpositon[m[K.size() != dof_)
      |         [01;31m[K^~~~~~~[m[K
[01m[K/home/chenque/cpp_practice/robot_control_ros2/src/robot_control_ros2/src/robot_utils/safety_limiter.cpp:45:27:[m[K [01;31m[Kerror: [m[K‘[01m[Kdof_[m[K’ was not declared in this scope
   45 |     if (positon.size() != [01;31m[Kdof_[m[K)
      |                           [01;31m[K^~~~[m[K
[01m[K/home/chenque/cpp_practice/robot_control_ros2/src/robot_control_ros2/src/robot_utils/safety_limiter.cpp:49:25:[m[K [01;31m[Kerror: [m[K‘[01m[Kdof_[m[K’ was not declared in this scope
   49 |     for (int i = 0; i < [01;31m[Kdof_[m[K; i++)
      |                         [01;31m[K^~~~[m[K
[01m[K/home/chenque/cpp_practice/robot_control_ros2/src/robot_control_ros2/src/robot_utils/safety_limiter.cpp:51:13:[m[K [01;31m[Kerror: [m[K‘[01m[Kvel[m[K’ was not declared in this scope
   51 |         if ([01;31m[Kvel[m[K[i] < -maxVelocity_ || vel[i] > maxVelocity_)
      |             [01;31m[K^~~[m[K
[01m[K/home/chenque/cpp_practice/robot_control_ros2/src/robot_control_ros2/src/robot_utils/safety_limiter.cpp:51:23:[m[K [01;31m[Kerror: [m[K‘[01m[KmaxVelocity_[m[K’ was not declared in this scope; did you mean ‘[01m[KmaxVelocity[m[K’?
   51 |         if (vel[i] < -[01;31m[KmaxVelocity_[m[K || vel[i] > maxVelocity_)
      |                       [01;31m[K^~~~~~~~~~~~[m[K
      |                       [32m[KmaxVelocity[m[K
[01m[K/home/chenque/cpp_practice/robot_control_ros2/src/robot_control_ros2/src/robot_utils/safety_limiter.cpp:57:23:[m[K [01;31m[Kerror: [m[K‘[01m[Kdof_[m[K’ was not declared in this scope
   57 |     for (int i = 0; i<[01;31m[Kdof_[m[K; i++)
      |                       [01;31m[K^~~~[m[K
[01m[K/home/chenque/cpp_practice/robot_control_ros2/src/robot_control_ros2/src/robot_utils/safety_limiter.cpp:59:13:[m[K [01;31m[Kerror: [m[K‘[01m[Kpositon[m[K’ was not declared in this scope
   59 |         if ([01;31m[Kpositon[m[K[i] < low_[i] || positon[i] > upr_[i])
      |             [01;31m[K^~~~~~~[m[K
[01m[K/home/chenque/cpp_practice/robot_control_ros2/src/robot_control_ros2/src/robot_utils/safety_limiter.cpp:59:26:[m[K [01;31m[Kerror: [m[K‘[01m[Klow_[m[K’ was not declared in this scope
   59 |         if (positon[i] < [01;31m[Klow_[m[K[i] || positon[i] > upr_[i])
      |                          [01;31m[K^~~~[m[K
[01m[K/home/chenque/cpp_practice/robot_control_ros2/src/robot_control_ros2/src/robot_utils/safety_limiter.cpp:59:50:[m[K [01;31m[Kerror: [m[K‘[01m[Kupr_[m[K’ was not declared in this scope
   59 |         if (positon[i] < low_[i] || positon[i] > [01;31m[Kupr_[m[K[i])
      |                                                  [01;31m[K^~~~[m[K
[01m[K/home/chenque/cpp_practice/robot_control_ros2/src/robot_control_ros2/src/robot_utils/safety_limiter.cpp:[m[K At global scope:
[01m[K/home/chenque/cpp_practice/robot_control_ros2/src/robot_control_ros2/src/robot_utils/safety_limiter.cpp:71:6:[m[K [01;31m[Kerror: [m[K‘[01m[Kvector[m[K’ in namespace ‘[01m[Kstd[m[K’ does not name a template type
   71 | std::[01;31m[Kvector[m[K<double> SafetyLimiter::clampPosition(const std::vector<double>& position) const
      |      [01;31m[K^~~~~~[m[K
[01m[K/home/chenque/cpp_practice/robot_control_ros2/src/robot_control_ros2/src/robot_utils/safety_limiter.cpp:71:1:[m[K [01;36m[Knote: [m[K‘[01m[Kstd::vector[m[K’ is defined in header ‘[01m[K<vector>[m[K’; did you forget to ‘[01m[K#include <vector>[m[K’?
   71 | [01;36m[Kstd[m[K::vector<double> SafetyLimiter::clampPosition(const std::vector<double>& position) const
      | [01;36m[K^~~[m[K
[01m[K/home/chenque/cpp_practice/robot_control_ros2/src/robot_control_ros2/src/robot_utils/safety_limiter.cpp:86:6:[m[K [01;31m[Kerror: [m[K‘[01m[Kvector[m[K’ in namespace ‘[01m[Kstd[m[K’ does not name a template type
   86 | std::[01;31m[Kvector[m[K<double> SafetyLimiter::clampVelocity(const std::vector<double>& velocity) const
      |      [01;31m[K^~~~~~[m[K
[01m[K/home/chenque/cpp_practice/robot_control_ros2/src/robot_control_ros2/src/robot_utils/safety_limiter.cpp:86:1:[m[K [01;36m[Knote: [m[K‘[01m[Kstd::vector[m[K’ is defined in header ‘[01m[K<vector>[m[K’; did you forget to ‘[01m[K#include <vector>[m[K’?
   86 | [01;36m[Kstd[m[K::vector<double> SafetyLimiter::clampVelocity(const std::vector<double>& velocity) const
      | [01;36m[K^~~[m[K
[01m[K/home/chenque/cpp_practice/robot_control_ros2/src/robot_control_ros2/src/robot_utils/safety_limiter.cpp:101:1:[m[K [01;31m[Kerror: [m[K‘[01m[KRobotState[m[K’ does not name a type
  101 | [01;31m[KRobotState[m[K SafetyLimiter::clampRobotState(const RobotState& robot_state) const
      | [01;31m[K^~~~~~~~~~[m[K
gmake[2]: *** [CMakeFiles/vel_to_pos_node.dir/build.make:104: CMakeFiles/vel_to_pos_node.dir/src/robot_utils/safety_limiter.cpp.o] Error 1
gmake[2]: *** Waiting for unfinished jobs....
[01m[K/home/chenque/cpp_practice/robot_control_ros2/src/robot_control_ros2/src/vel_to_pos_node.cpp:14:24:[m[K [01;31m[Kerror: [m[Kexpected ‘[01m[K)[m[K’ before ‘[01m[K=[m[K’ token
   14 |         Vel2PosNode[34m[K([m[Kdof[01;31m[K [m[K[32m[K=[m[K 6, maxVelocity = 1.2) : Node("Vel_to_Pos_node"),
      |                    [34m[K~[m[K   [01;31m[K^[m[K[32m[K~[m[K
      |                        [32m[K)[m[K
[01m[K/home/chenque/cpp_practice/robot_control_ros2/src/robot_control_ros2/src/vel_to_pos_node.cpp:70:9:[m[K [01;31m[Kerror: [m[K‘[01m[KSafetyLimiter[m[K’ does not name a type
   70 |         [01;31m[KSafetyLimiter[m[K safety_limiter_;
      |         [01;31m[K^~~~~~~~~~~~~[m[K
[01m[K/home/chenque/cpp_practice/robot_control_ros2/src/robot_control_ros2/src/vel_to_pos_node.cpp:[m[K In member function ‘[01m[Kvoid Vel2PosNode::[01;32m[Ksub_callback[m[K(const JointVelocityCmd&)[m[K’:
[01m[K/home/chenque/cpp_practice/robot_control_ros2/src/robot_control_ros2/src/vel_to_pos_node.cpp:47:42:[m[K [01;31m[Kerror: [m[Kcannot convert ‘[01m[Kconst robot_control_ros2::msg::JointVelocityCmd_<std::allocator<void> >::_velocity_cmd_type[m[K’ {aka ‘[01m[Kconst std::array<float, 6>[m[K’} to ‘[01m[Kconst std::vector<double, std::allocator<double> >&[m[K’
   47 |             robot_state_.setVelocity([01;31m[Kvel.velocity_cmd[m[K);
      |                                      [01;31m[K~~~~^~~~~~~~~~~~[m[K
      |                                          [01;31m[K|[m[K
      |                                          [01;31m[Kconst robot_control_ros2::msg::JointVelocityCmd_<std::allocator<void> >::_velocity_cmd_type {aka const std::array<float, 6>}[m[K
In file included from [01m[K/home/chenque/cpp_practice/robot_control_ros2/src/robot_control_ros2/src/vel_to_pos_node.cpp:4[m[K:
[01m[K/home/chenque/cpp_practice/robot_control_ros2/src/robot_control_ros2/include/robot_utils/robot_state.hpp:13:49:[m[K [01;36m[Knote: [m[K  initializing argument 1 of ‘[01m[Kvoid RobotState::[01;32m[KsetVelocity[m[K(const std::vector<double, std::allocator<double> >&)[m[K’
   13 |     void setVelocity([01;36m[Kconst std::vector<double>& dq[m[K);
      |                      [01;36m[K~~~~~~~~~~~~~~~~~~~~~~~~~~~^~[m[K
[01m[K/home/chenque/cpp_practice/robot_control_ros2/src/robot_control_ros2/src/vel_to_pos_node.cpp:48:28:[m[K [01;31m[Kerror: [m[K‘[01m[Ksafety_limiter_[m[K’ was not declared in this scope
   48 |             robot_state_ = [01;31m[Ksafety_limiter_[m[K.clampVelocity(robot_state_);
      |                            [01;31m[K^~~~~~~~~~~~~~~[m[K
[01m[K/home/chenque/cpp_practice/robot_control_ros2/src/robot_control_ros2/src/vel_to_pos_node.cpp:[m[K In member function ‘[01m[Kvoid Vel2PosNode::[01;32m[Ktimer_callback[m[K()[m[K’:
[01m[K/home/chenque/cpp_practice/robot_control_ros2/src/robot_control_ros2/src/vel_to_pos_node.cpp:58:102:[m[K [01;31m[Kerror: [m[K‘[01m[Kdt[m[K’ was not declared in this scope; did you mean ‘[01m[Kdt_[m[K’?
   58 |                 robot_state_.position()[i] = robot_state_.position()[i] + robot_state_.velocity()[i]*[01;31m[Kdt[m[K;
      |                                                                                                      [01;31m[K^~[m[K
      |                                                                                                      [32m[Kdt_[m[K
In file included from [01m[K/usr/include/c++/13/bits/stl_tempbuf.h:61[m[K,
                 from [01m[K/usr/include/c++/13/memory:66[m[K,
                 from [01m[K/opt/ros/jazzy/include/rclcpp/rclcpp/rclcpp.hpp:169[m[K,
                 from [01m[K/home/chenque/cpp_practice/robot_control_ros2/src/robot_control_ros2/src/vel_to_pos_node.cpp:1[m[K:
/usr/include/c++/13/bits/stl_construct.h: In instantiation of ‘[01m[Kvoid std::[01;32m[K_Construct[m[K(_Tp*, _Args&& ...) [35m[K[with _Tp = Vel2PosNode; _Args = {}][m[K[m[K’:
[01m[K/usr/include/c++/13/bits/alloc_traits.h:661:19:[m[K   required from ‘[01m[Kstatic void std::allocator_traits<std::allocator<void> >::[01;32m[Kconstruct[m[K(allocator_type&, _Up*, _Args&& ...) [35m[K[with _Up = Vel2PosNode; _Args = {}; allocator_type = std::allocator<void>][m[K[m[K’
[01m[K/usr/include/c++/13/bits/shared_ptr_base.h:604:39:[m[K   required from ‘[01m[Kstd::_Sp_counted_ptr_inplace<_Tp, _Alloc, _Lp>::[01;32m[K_Sp_counted_ptr_inplace[m[K(_Alloc, _Args&& ...) [35m[K[with _Args = {}; _Tp = Vel2PosNode; _Alloc = std::allocator<void>; __gnu_cxx::_Lock_policy _Lp = __gnu_cxx::_S_atomic][m[K[m[K’
[01m[K/usr/include/c++/13/bits/shared_ptr_base.h:971:16:[m[K   required from ‘[01m[Kstd::__shared_count<_Lp>::[01;32m[K__shared_count[m[K(_Tp*&, std::_Sp_alloc_shared_tag<_Alloc>, _Args&& ...) [35m[K[with _Tp = Vel2PosNode; _Alloc = std::allocator<void>; _Args = {}; __gnu_cxx::_Lock_policy _Lp = __gnu_cxx::_S_atomic][m[K[m[K’
[01m[K/usr/include/c++/13/bits/shared_ptr_base.h:1712:14:[m[K   required from ‘[01m[Kstd::__shared_ptr<_Tp, _Lp>::[01;32m[K__shared_ptr[m[K(std::_Sp_alloc_shared_tag<_Tp>, _Args&& ...) [35m[K[with _Alloc = std::allocator<void>; _Args = {}; _Tp = Vel2PosNode; __gnu_cxx::_Lock_policy _Lp = __gnu_cxx::_S_atomic][m[K[m[K’
[01m[K/usr/include/c++/13/bits/shared_ptr.h:464:59:[m[K   required from ‘[01m[Kstd::shared_ptr<_Tp>::[01;32m[Kshared_ptr[m[K(std::_Sp_alloc_shared_tag<_Tp>, _Args&& ...) [35m[K[with _Alloc = std::allocator<void>; _Args = {}; _Tp = Vel2PosNode][m[K[m[K’
[01m[K/usr/include/c++/13/bits/shared_ptr.h:1009:14:[m[K   required from ‘[01m[Kstd::shared_ptr<typename std::enable_if<(! std::is_array< <template-parameter-1-1> >::value), _Tp>::type> std::[01;32m[Kmake_shared[m[K(_Args&& ...) [35m[K[with _Tp = Vel2PosNode; _Args = {}; typename enable_if<(! is_array< <template-parameter-1-1> >::value), _Tp>::type = Vel2PosNode][m[K[m[K’
[01m[K/home/chenque/cpp_practice/robot_control_ros2/src/robot_control_ros2/src/vel_to_pos_node.cpp:77:47:[m[K   required from here
[01m[K/usr/include/c++/13/bits/stl_construct.h:119:7:[m[K [01;31m[Kerror: [m[Kuse of deleted function ‘[01m[KVel2PosNode::[01;32m[KVel2PosNode[m[K()[m[K’
  119 |       [01;31m[K::new((void*)__p) _Tp(std::forward<_Args>(__args)...)[m[K;
      |       [01;31m[K^~~~~~~~~~~~~~~~~~~~~~~~~~~~~~~~~~~~~~~~~~~~~~~~~~~~~[m[K
[01m[K/home/chenque/cpp_practice/robot_control_ros2/src/robot_control_ros2/src/vel_to_pos_node.cpp:11:7:[m[K [01;36m[Knote: [m[K‘[01m[KVel2PosNode::[01;32m[KVel2PosNode[m[K()[m[K’ is implicitly deleted because the default definition would be ill-formed:
   11 | class [01;36m[KVel2PosNode[m[K : public rclcpp::Node
      |       [01;36m[K^~~~~~~~~~~[m[K
[01m[K/home/chenque/cpp_practice/robot_control_ros2/src/robot_control_ros2/src/vel_to_pos_node.cpp:11:7:[m[K [01;31m[Kerror: [m[Kno matching function for call to ‘[01m[Krclcpp::Node::Node()[m[K’
In file included from [01m[K/opt/ros/jazzy/include/rclcpp/rclcpp/executors/single_threaded_executor.hpp:28[m[K,
                 from [01m[K/opt/ros/jazzy/include/rclcpp/rclcpp/executors.hpp:22[m[K,
                 from [01m[K/opt/ros/jazzy/include/rclcpp/rclcpp/rclcpp.hpp:172[m[K:
[01m[K/opt/ros/jazzy/include/rclcpp/rclcpp/node.hpp:1629:3:[m[K [01;36m[Knote: [m[Kcandidate: ‘[01m[Krclcpp::Node::[01;32m[KNode[m[K(const rclcpp::Node&, const std::string&)[m[K’
 1629 |   [01;36m[KNode[m[K(
      |   [01;36m[K^~~~[m[K
[01m[K/opt/ros/jazzy/include/rclcpp/rclcpp/node.hpp:1629:3:[m[K [01;36m[Knote: [m[K  candidate expects 2 arguments, 0 provided
[01m[K/opt/ros/jazzy/include/rclcpp/rclcpp/node.hpp:103:12:[m[K [01;36m[Knote: [m[Kcandidate: ‘[01m[Krclcpp::Node::[01;32m[KNode[m[K(const std::string&, const std::string&, const rclcpp::NodeOptions&)[m[K’
  103 |   explicit [01;36m[KNode[m[K(
      |            [01;36m[K^~~~[m[K
[01m[K/opt/ros/jazzy/include/rclcpp/rclcpp/node.hpp:103:12:[m[K [01;36m[Knote: [m[K  candidate expects 3 arguments, 0 provided
[01m[K/opt/ros/jazzy/include/rclcpp/rclcpp/node.hpp:91:12:[m[K [01;36m[Knote: [m[Kcandidate: ‘[01m[Krclcpp::Node::[01;32m[KNode[m[K(const std::string&, const rclcpp::NodeOptions&)[m[K’
   91 |   explicit [01;36m[KNode[m[K(
      |            [01;36m[K^~~~[m[K
[01m[K/opt/ros/jazzy/include/rclcpp/rclcpp/node.hpp:91:12:[m[K [01;36m[Knote: [m[K  candidate expects 2 arguments, 0 provided
[01m[K/home/chenque/cpp_practice/robot_control_ros2/src/robot_control_ros2/src/vel_to_pos_node.cpp:11:7:[m[K [01;31m[Kerror: [m[Kno matching function for call to ‘[01m[KRobotState::RobotState()[m[K’
   11 | class [01;31m[KVel2PosNode[m[K : public rclcpp::Node
      |       [01;31m[K^~~~~~~~~~~[m[K
[01m[K/home/chenque/cpp_practice/robot_control_ros2/src/robot_control_ros2/include/robot_utils/robot_state.hpp:11:14:[m[K [01;36m[Knote: [m[Kcandidate: ‘[01m[KRobotState::[01;32m[KRobotState[m[K(size_t)[m[K’
   11 |     explicit [01;36m[KRobotState[m[K(size_t dof);
      |              [01;36m[K^~~~~~~~~~[m[K
[01m[K/home/chenque/cpp_practice/robot_control_ros2/src/robot_control_ros2/include/robot_utils/robot_state.hpp:11:14:[m[K [01;36m[Knote: [m[K  candidate expects 1 argument, 0 provided
[01m[K/home/chenque/cpp_practice/robot_control_ros2/src/robot_control_ros2/include/robot_utils/robot_state.hpp:9:7:[m[K [01;36m[Knote: [m[Kcandidate: ‘[01m[KRobotState::[01;32m[KRobotState[m[K(const RobotState&)[m[K’
    9 | class [01;36m[KRobotState[m[K{
      |       [01;36m[K^~~~~~~~~~[m[K
[01m[K/home/chenque/cpp_practice/robot_control_ros2/src/robot_control_ros2/include/robot_utils/robot_state.hpp:9:7:[m[K [01;36m[Knote: [m[K  candidate expects 1 argument, 0 provided
[01m[K/home/chenque/cpp_practice/robot_control_ros2/src/robot_control_ros2/include/robot_utils/robot_state.hpp:9:7:[m[K [01;36m[Knote: [m[Kcandidate: ‘[01m[KRobotState::[01;32m[KRobotState[m[K(RobotState&&)[m[K’
[01m[K/home/chenque/cpp_practice/robot_control_ros2/src/robot_control_ros2/include/robot_utils/robot_state.hpp:9:7:[m[K [01;36m[Knote: [m[K  candidate expects 1 argument, 0 provided
gmake[2]: *** [CMakeFiles/vel_to_pos_node.dir/build.make:76: CMakeFiles/vel_to_pos_node.dir/src/vel_to_pos_node.cpp.o] Error 1
gmake[1]: *** [CMakeFiles/Makefile2:801: CMakeFiles/vel_to_pos_node.dir/all] Error 2
gmake: *** [Makefile:146: all] Error 2
