[0.011s] Invoking command in '/home/chenque/cpp_practice/robot_control_ros2/build/robot_control_ros2': CMAKE_PREFIX_PATH=${CMAKE_PREFIX_PATH}:/opt/ros/jazzy DEBUGINFOD_URLS=https://debuginfod.ubuntu.com /usr/bin/cmake --build /home/chenque/cpp_practice/robot_control_ros2/build/robot_control_ros2 -- -j8 -l8
[0.040s] -- Found ament_cmake: 2.5.5 (/opt/ros/jazzy/share/ament_cmake/cmake)
[0.064s] -- Found Python3: /usr/bin/python3 (found version "3.12.3") found components: Interpreter 
[0.130s] -- Found rclcpp: 28.1.16 (/opt/ros/jazzy/share/rclcpp/cmake)
[0.147s] -- Found rosidl_generator_c: 4.6.7 (/opt/ros/jazzy/share/rosidl_generator_c/cmake)
[0.152s] -- Found rosidl_generator_cpp: 4.6.7 (/opt/ros/jazzy/share/rosidl_generator_cpp/cmake)
[0.159s] -- Using all available rosidl_typesupport_c: rosidl_typesupport_fastrtps_c;rosidl_typesupport_introspection_c
[0.166s] -- Using all available rosidl_typesupport_cpp: rosidl_typesupport_fastrtps_cpp;rosidl_typesupport_introspection_cpp
[0.205s] -- Found rmw_implementation_cmake: 7.3.3 (/opt/ros/jazzy/share/rmw_implementation_cmake/cmake)
[0.206s] -- Found rmw_fastrtps_cpp: 8.4.3 (/opt/ros/jazzy/share/rmw_fastrtps_cpp/cmake)
[0.269s] -- Using RMW implementation 'rmw_fastrtps_cpp' as default
[0.335s] -- Found std_msgs: 5.3.6 (/opt/ros/jazzy/share/std_msgs/cmake)
[0.348s] -- Found rosidl_default_generators: 1.6.0 (/opt/ros/jazzy/share/rosidl_default_generators/cmake)
[0.354s] -- Found rosidl_adapter: 4.6.7 (/opt/ros/jazzy/share/rosidl_adapter/cmake)
[0.565s] -- Found ament_cmake_ros: 0.12.0 (/opt/ros/jazzy/share/ament_cmake_ros/cmake)
[0.699s] -- Using all available rosidl_typesupport_c: rosidl_typesupport_fastrtps_c;rosidl_typesupport_introspection_c
[0.748s] -- Using all available rosidl_typesupport_cpp: rosidl_typesupport_fastrtps_cpp;rosidl_typesupport_introspection_cpp
[0.750s] -- Found python_cmake_module: 0.11.1 (/opt/ros/jazzy/share/python_cmake_module/cmake)
[0.935s] -- Found Python3: /usr/bin/python3 (found version "3.12.3") found components: Interpreter Development NumPy Development.Module Development.Embed 
[0.952s] -- Found ament_lint_auto: 0.17.4 (/opt/ros/jazzy/share/ament_lint_auto/cmake)
[0.960s] -- Added test 'cppcheck' to perform static code analysis on C / C++ code
[0.961s] -- Configured cppcheck include dirs: /home/chenque/cpp_practice/robot_control_ros2/src/robot_control_ros2/include
[0.961s] -- Configured cppcheck exclude dirs and/or files: 
[0.962s] -- Added test 'lint_cmake' to check CMake code style
[0.964s] -- Added test 'uncrustify' to check C / C++ code style
[0.964s] -- Configured uncrustify additional arguments: 
[0.964s] -- Added test 'xmllint' to check XML markup files
[0.967s] -- Configuring done (0.9s)
[1.052s] -- Generating done (0.1s)
[1.077s] -- Build files have been written to: /home/chenque/cpp_practice/robot_control_ros2/build/robot_control_ros2
[1.129s] [  1%] Built target robot_control_ros2__rosidl_generator_type_description
[1.133s] [  3%] Built target timer_control_node
[1.135s] [  6%] Built target joint_velocity_subscriber
[1.138s] [  6%] Built target ament_cmake_python_copy_robot_control_ros2
[1.152s] [  7%] Built target robot_control_ros2__cpp
[1.162s] [ 25%] Built target robot_control_ros2__rosidl_generator_c
[1.196s] [ 46%] Built target robot_control_ros2__rosidl_typesupport_c
[1.196s] [ 47%] Built target robot_control_ros2__rosidl_typesupport_introspection_cpp
[1.196s] [ 47%] Built target robot_control_ros2__rosidl_typesupport_introspection_c
[1.198s] [ 56%] Built target robot_control_ros2__rosidl_typesupport_fastrtps_cpp
[1.198s] [ 63%] Built target robot_control_ros2__rosidl_typesupport_fastrtps_c
[1.198s] [ 70%] Built target robot_control_ros2__rosidl_typesupport_cpp
[1.232s] [ 70%] Built target robot_control_ros2
[1.235s] [ 77%] [32mBuilding CXX object CMakeFiles/vel_to_pos_node.dir/src/vel_to_pos_node.cpp.o[0m
[1.236s] [ 81%] [32mBuilding CXX object CMakeFiles/vel_to_pos_node.dir/src/robot_utils/robot_state.cpp.o[0m
[1.239s] [ 77%] Built target joint_velocity_publisher
[1.239s] [ 80%] Built target student_servier
[1.239s] [ 82%] Built target robot_state_pub
[1.239s] [ 82%] Built target student_client
[1.244s] [ 83%] [32mBuilding CXX object CMakeFiles/vel_to_pos_node.dir/src/robot_utils/safety_limiter.cpp.o[0m
[1.267s] [ 85%] Built target robot_control_ros2__py
[1.305s] [ 91%] Built target robot_control_ros2__rosidl_generator_py
[1.337s] [ 98%] Built target robot_control_ros2_s__rosidl_typesupport_introspection_c
[1.337s] [ 98%] Built target robot_control_ros2_s__rosidl_typesupport_fastrtps_c
[1.337s] [ 98%] Built target robot_control_ros2_s__rosidl_typesupport_c
[1.340s] running egg_info
[1.357s] writing robot_control_ros2.egg-info/PKG-INFO
[1.358s] writing dependency_links to robot_control_ros2.egg-info/dependency_links.txt
[1.358s] writing top-level names to robot_control_ros2.egg-info/top_level.txt
[1.400s] reading manifest file 'robot_control_ros2.egg-info/SOURCES.txt'
[1.400s] writing manifest file 'robot_control_ros2.egg-info/SOURCES.txt'
[1.428s] [ 98%] Built target ament_cmake_python_build_robot_control_ros2_egg
[1.453s] [01m[K/home/chenque/cpp_practice/robot_control_ros2/src/robot_control_ros2/src/robot_utils/safety_limiter.cpp:6:1:[m[K [01;31m[Kerror: [m[K‘[01m[KSafetyLimiter[m[K’ does not name a type
[1.454s]     6 | [01;31m[KSafetyLimiter[m[K::SafetyLimiter(size_t dof, double maxVelocity)
[1.454s]       | [01;31m[K^~~~~~~~~~~~~[m[K
[1.454s] [01m[K/home/chenque/cpp_practice/robot_control_ros2/src/robot_control_ros2/src/robot_utils/safety_limiter.cpp:9:6:[m[K [01;31m[Kerror: [m[K‘[01m[KSafetyLimiter[m[K’ has not been declared
[1.454s]     9 | void [01;31m[KSafetyLimiter[m[K::setLowerLimits(const std::vector<double>& low)
[1.454s]       |      [01;31m[K^~~~~~~~~~~~~[m[K
[1.454s] [01m[K/home/chenque/cpp_practice/robot_control_ros2/src/robot_control_ros2/src/robot_utils/safety_limiter.cpp:9:47:[m[K [01;31m[Kerror: [m[K‘[01m[Kvector[m[K’ in namespace ‘[01m[Kstd[m[K’ does not name a template type
[1.454s]     9 | void SafetyLimiter::setLowerLimits(const std::[01;31m[Kvector[m[K<double>& low)
[1.454s]       |                                               [01;31m[K^~~~~~[m[K
[1.454s] [01m[K/home/chenque/cpp_practice/robot_control_ros2/src/robot_control_ros2/src/robot_utils/safety_limiter.cpp:3:1:[m[K [01;36m[Knote: [m[K‘[01m[Kstd::vector[m[K’ is defined in header ‘[01m[K<vector>[m[K’; did you forget to ‘[01m[K#include <vector>[m[K’?
[1.454s]     2 | #include <iostream>
[1.454s]   +++ |+[32m[K#include <vector>[m[K
[1.454s]     3 | #include <stdexcept>
[1.454s] [01m[K/home/chenque/cpp_practice/robot_control_ros2/src/robot_control_ros2/src/robot_utils/safety_limiter.cpp:9:53:[m[K [01;31m[Kerror: [m[Kexpected ‘[01m[K,[m[K’ or ‘[01m[K...[m[K’ before ‘[01m[K<[m[K’ token
[1.454s]     9 | void SafetyLimiter::setLowerLimits(const std::vector[01;31m[K<[m[Kdouble>& low)
[1.454s]       |                                                     [01;31m[K^[m[K
[1.455s] [01m[K/home/chenque/cpp_practice/robot_control_ros2/src/robot_control_ros2/src/robot_utils/safety_limiter.cpp:[m[K In function ‘[01m[Kvoid[01;32m[K setLowerLimits[m[K(int)[m[K’:
[1.455s] [01m[K/home/chenque/cpp_practice/robot_control_ros2/src/robot_control_ros2/src/robot_utils/safety_limiter.cpp:11:9:[m[K [01;31m[Kerror: [m[K‘[01m[Klow[m[K’ was not declared in this scope
[1.455s]    11 |     if ([01;31m[Klow[m[K.size() != dof_)
[1.455s]       |         [01;31m[K^~~[m[K
[1.456s] [01m[K/home/chenque/cpp_practice/robot_control_ros2/src/robot_control_ros2/src/robot_utils/safety_limiter.cpp:11:23:[m[K [01;31m[Kerror: [m[K‘[01m[Kdof_[m[K’ was not declared in this scope
[1.456s]    11 |     if (low.size() != [01;31m[Kdof_[m[K)
[1.456s]       |                       [01;31m[K^~~~[m[K
[1.456s] [01m[K/home/chenque/cpp_practice/robot_control_ros2/src/robot_control_ros2/src/robot_utils/safety_limiter.cpp:13:5:[m[K [01;31m[Kerror: [m[K‘[01m[Klow_[m[K’ was not declared in this scope
[1.456s]    13 |     [01;31m[Klow_[m[K = low;
[1.456s]       |     [01;31m[K^~~~[m[K
[1.457s] [01m[K/home/chenque/cpp_practice/robot_control_ros2/src/robot_control_ros2/src/robot_utils/safety_limiter.cpp:13:12:[m[K [01;31m[Kerror: [m[K‘[01m[Klow[m[K’ was not declared in this scope
[1.457s]    13 |     low_ = [01;31m[Klow[m[K;
[1.457s]       |            [01;31m[K^~~[m[K
[1.457s] [01m[K/home/chenque/cpp_practice/robot_control_ros2/src/robot_control_ros2/src/robot_utils/safety_limiter.cpp:[m[K At global scope:
[1.457s] [01m[K/home/chenque/cpp_practice/robot_control_ros2/src/robot_control_ros2/src/robot_utils/safety_limiter.cpp:16:6:[m[K [01;31m[Kerror: [m[K‘[01m[KSafetyLimiter[m[K’ has not been declared
[1.458s]    16 | void [01;31m[KSafetyLimiter[m[K::setUpperLimits(const std::vector<double>& upr)
[1.458s]       |      [01;31m[K^~~~~~~~~~~~~[m[K
[1.458s] [01m[K/home/chenque/cpp_practice/robot_control_ros2/src/robot_control_ros2/src/robot_utils/safety_limiter.cpp:16:47:[m[K [01;31m[Kerror: [m[K‘[01m[Kvector[m[K’ in namespace ‘[01m[Kstd[m[K’ does not name a template type
[1.458s]    16 | void SafetyLimiter::setUpperLimits(const std::[01;31m[Kvector[m[K<double>& upr)
[1.458s]       |                                               [01;31m[K^~~~~~[m[K
[1.458s] [01m[K/home/chenque/cpp_practice/robot_control_ros2/src/robot_control_ros2/src/robot_utils/safety_limiter.cpp:16:42:[m[K [01;36m[Knote: [m[K‘[01m[Kstd::vector[m[K’ is defined in header ‘[01m[K<vector>[m[K’; did you forget to ‘[01m[K#include <vector>[m[K’?
[1.458s]    16 | void SafetyLimiter::setUpperLimits(const [01;36m[Kstd[m[K::vector<double>& upr)
[1.458s]       |                                          [01;36m[K^~~[m[K
[1.458s] [01m[K/home/chenque/cpp_practice/robot_control_ros2/src/robot_control_ros2/src/robot_utils/safety_limiter.cpp:16:53:[m[K [01;31m[Kerror: [m[Kexpected ‘[01m[K,[m[K’ or ‘[01m[K...[m[K’ before ‘[01m[K<[m[K’ token
[1.458s]    16 | void SafetyLimiter::setUpperLimits(const std::vector[01;31m[K<[m[Kdouble>& upr)
[1.458s]       |                                                     [01;31m[K^[m[K
[1.459s] [01m[K/home/chenque/cpp_practice/robot_control_ros2/src/robot_control_ros2/src/robot_utils/safety_limiter.cpp:[m[K In function ‘[01m[Kvoid[01;32m[K setUpperLimits[m[K(int)[m[K’:
[1.459s] [01m[K/home/chenque/cpp_practice/robot_control_ros2/src/robot_control_ros2/src/robot_utils/safety_limiter.cpp:18:9:[m[K [01;31m[Kerror: [m[K‘[01m[Kupr[m[K’ was not declared in this scope
[1.459s]    18 |     if ([01;31m[Kupr[m[K.size() != dof_)
[1.459s]       |         [01;31m[K^~~[m[K
[1.459s] [01m[K/home/chenque/cpp_practice/robot_control_ros2/src/robot_control_ros2/src/robot_utils/safety_limiter.cpp:18:23:[m[K [01;31m[Kerror: [m[K‘[01m[Kdof_[m[K’ was not declared in this scope
[1.459s]    18 |     if (upr.size() != [01;31m[Kdof_[m[K)
[1.459s]       |                       [01;31m[K^~~~[m[K
[1.460s] [01m[K/home/chenque/cpp_practice/robot_control_ros2/src/robot_control_ros2/src/robot_utils/safety_limiter.cpp:20:5:[m[K [01;31m[Kerror: [m[K‘[01m[Kupr_[m[K’ was not declared in this scope
[1.460s]    20 |     [01;31m[Kupr_[m[K = upr;
[1.460s]       |     [01;31m[K^~~~[m[K
[1.460s] [01m[K/home/chenque/cpp_practice/robot_control_ros2/src/robot_control_ros2/src/robot_utils/safety_limiter.cpp:20:12:[m[K [01;31m[Kerror: [m[K‘[01m[Kupr[m[K’ was not declared in this scope
[1.460s]    20 |     upr_ = [01;31m[Kupr[m[K;
[1.460s]       |            [01;31m[K^~~[m[K
[1.460s] [01m[K/home/chenque/cpp_practice/robot_control_ros2/src/robot_control_ros2/src/robot_utils/safety_limiter.cpp:[m[K At global scope:
[1.460s] [01m[K/home/chenque/cpp_practice/robot_control_ros2/src/robot_control_ros2/src/robot_utils/safety_limiter.cpp:23:6:[m[K [01;31m[Kerror: [m[K‘[01m[KSafetyLimiter[m[K’ has not been declared
[1.460s]    23 | void [01;31m[KSafetyLimiter[m[K::setMaxVelocity(double vel)
[1.460s]       |      [01;31m[K^~~~~~~~~~~~~[m[K
[1.461s] [01m[K/home/chenque/cpp_practice/robot_control_ros2/src/robot_control_ros2/src/robot_utils/safety_limiter.cpp:[m[K In function ‘[01m[Kvoid[01;32m[K setMaxVelocity[m[K(double)[m[K’:
[1.461s] [01m[K/home/chenque/cpp_practice/robot_control_ros2/src/robot_control_ros2/src/robot_utils/safety_limiter.cpp:25:5:[m[K [01;31m[Kerror: [m[K‘[01m[KmaxVelocity_[m[K’ was not declared in this scope; did you mean ‘[01m[KsetMaxVelocity[m[K’?
[1.461s]    25 |     [01;31m[KmaxVelocity_[m[K = vel;
[1.461s]       |     [01;31m[K^~~~~~~~~~~~[m[K
[1.462s]       |     [32m[KsetMaxVelocity[m[K
[1.462s] [01m[K/home/chenque/cpp_practice/robot_control_ros2/src/robot_control_ros2/src/robot_utils/safety_limiter.cpp:[m[K At global scope:
[1.462s] [01m[K/home/chenque/cpp_practice/robot_control_ros2/src/robot_control_ros2/src/robot_utils/safety_limiter.cpp:28:12:[m[K [01;31m[Kerror: [m[K‘[01m[Kvector[m[K’ in namespace ‘[01m[Kstd[m[K’ does not name a template type
[1.462s]    28 | const std::[01;31m[Kvector[m[K<double>& SafetyLimiter::lowerLimits() const
[1.462s]       |            [01;31m[K^~~~~~[m[K
[1.462s] [01m[K/home/chenque/cpp_practice/robot_control_ros2/src/robot_control_ros2/src/robot_utils/safety_limiter.cpp:28:7:[m[K [01;36m[Knote: [m[K‘[01m[Kstd::vector[m[K’ is defined in header ‘[01m[K<vector>[m[K’; did you forget to ‘[01m[K#include <vector>[m[K’?
[1.462s]    28 | const [01;36m[Kstd[m[K::vector<double>& SafetyLimiter::lowerLimits() const
[1.462s]       |       [01;36m[K^~~[m[K
[1.462s] [01m[K/home/chenque/cpp_practice/robot_control_ros2/src/robot_control_ros2/src/robot_utils/safety_limiter.cpp:33:12:[m[K [01;31m[Kerror: [m[K‘[01m[Kvector[m[K’ in namespace ‘[01m[Kstd[m[K’ does not name a template type
[1.463s]    33 | const std::[01;31m[Kvector[m[K<double>& SafetyLimiter::upperLimits() const
[1.463s]       |            [01;31m[K^~~~~~[m[K
[1.463s] [01m[K/home/chenque/cpp_practice/robot_control_ros2/src/robot_control_ros2/src/robot_utils/safety_limiter.cpp:33:7:[m[K [01;36m[Knote: [m[K‘[01m[Kstd::vector[m[K’ is defined in header ‘[01m[K<vector>[m[K’; did you forget to ‘[01m[K#include <vector>[m[K’?
[1.463s]    33 | const [01;36m[Kstd[m[K::vector<double>& SafetyLimiter::upperLimits() const
[1.463s]       |       [01;36m[K^~~[m[K
[1.463s] [01m[K/home/chenque/cpp_practice/robot_control_ros2/src/robot_control_ros2/src/robot_utils/safety_limiter.cpp:38:8:[m[K [01;31m[Kerror: [m[K‘[01m[KSafetyLimiter[m[K’ has not been declared
[1.463s]    38 | double [01;31m[KSafetyLimiter[m[K::maxVelocity() const
[1.463s]       |        [01;31m[K^~~~~~~~~~~~~[m[K
[1.463s] [01m[K/home/chenque/cpp_practice/robot_control_ros2/src/robot_control_ros2/src/robot_utils/safety_limiter.cpp:38:37:[m[K [01;31m[Kerror: [m[Knon-member function ‘[01m[Kdouble[01;32m[K maxVelocity[m[K()[m[K’ cannot have cv-qualifier
[1.463s]    38 | double SafetyLimiter::maxVelocity() [01;31m[Kconst[m[K
[1.463s]       |                                     [01;31m[K^~~~~[m[K
[1.463s] [01m[K/home/chenque/cpp_practice/robot_control_ros2/src/robot_control_ros2/src/robot_utils/safety_limiter.cpp:[m[K In function ‘[01m[Kdouble[01;32m[K maxVelocity[m[K()[m[K’:
[1.463s] [01m[K/home/chenque/cpp_practice/robot_control_ros2/src/robot_control_ros2/src/robot_utils/safety_limiter.cpp:40:12:[m[K [01;31m[Kerror: [m[K‘[01m[KmaxVelocity_[m[K’ was not declared in this scope; did you mean ‘[01m[KmaxVelocity[m[K’?
[1.463s]    40 |     return [01;31m[KmaxVelocity_[m[K;
[1.463s]       |            [01;31m[K^~~~~~~~~~~~[m[K
[1.463s]       |            [32m[KmaxVelocity[m[K
[1.463s] [01m[K/home/chenque/cpp_practice/robot_control_ros2/src/robot_control_ros2/src/robot_utils/safety_limiter.cpp:[m[K At global scope:
[1.463s] [01m[K/home/chenque/cpp_practice/robot_control_ros2/src/robot_control_ros2/src/robot_utils/safety_limiter.cpp:43:6:[m[K [01;31m[Kerror: [m[K‘[01m[KSafetyLimiter[m[K’ has not been declared
[1.463s]    43 | bool [01;31m[KSafetyLimiter[m[K::is_safety(const std::vector<double>& positon, const std::vector<double>& vel) const
[1.464s]       |      [01;31m[K^~~~~~~~~~~~~[m[K
[1.464s] [01m[K/home/chenque/cpp_practice/robot_control_ros2/src/robot_control_ros2/src/robot_utils/safety_limiter.cpp:43:42:[m[K [01;31m[Kerror: [m[K‘[01m[Kvector[m[K’ in namespace ‘[01m[Kstd[m[K’ does not name a template type
[1.464s]    43 | bool SafetyLimiter::is_safety(const std::[01;31m[Kvector[m[K<double>& positon, const std::vector<double>& vel) const
[1.464s]       |                                          [01;31m[K^~~~~~[m[K
[1.464s] [01m[K/home/chenque/cpp_practice/robot_control_ros2/src/robot_control_ros2/src/robot_utils/safety_limiter.cpp:43:37:[m[K [01;36m[Knote: [m[K‘[01m[Kstd::vector[m[K’ is defined in header ‘[01m[K<vector>[m[K’; did you forget to ‘[01m[K#include <vector>[m[K’?
[1.464s]    43 | bool SafetyLimiter::is_safety(const [01;36m[Kstd[m[K::vector<double>& positon, const std::vector<double>& vel) const
[1.464s]       |                                     [01;36m[K^~~[m[K
[1.464s] [01m[K/home/chenque/cpp_practice/robot_control_ros2/src/robot_control_ros2/src/robot_utils/safety_limiter.cpp:43:48:[m[K [01;31m[Kerror: [m[Kexpected ‘[01m[K,[m[K’ or ‘[01m[K...[m[K’ before ‘[01m[K<[m[K’ token
[1.464s]    43 | bool SafetyLimiter::is_safety(const std::vector[01;31m[K<[m[Kdouble>& positon, const std::vector<double>& vel) const
[1.464s]       |                                                [01;31m[K^[m[K
[1.464s] [01m[K/home/chenque/cpp_practice/robot_control_ros2/src/robot_control_ros2/src/robot_utils/safety_limiter.cpp:43:99:[m[K [01;31m[Kerror: [m[Knon-member function ‘[01m[Kbool[01;32m[K is_safety[m[K(int)[m[K’ cannot have cv-qualifier
[1.464s]    43 | bool SafetyLimiter::is_safety(const std::vector<double>& positon, const std::vector<double>& vel) [01;31m[Kconst[m[K
[1.464s]       |                                                                                                   [01;31m[K^~~~~[m[K
[1.464s] [01m[K/home/chenque/cpp_practice/robot_control_ros2/src/robot_control_ros2/src/robot_utils/safety_limiter.cpp:[m[K In function ‘[01m[Kbool[01;32m[K is_safety[m[K(int)[m[K’:
[1.464s] [01m[K/home/chenque/cpp_practice/robot_control_ros2/src/robot_control_ros2/src/robot_utils/safety_limiter.cpp:45:9:[m[K [01;31m[Kerror: [m[K‘[01m[Kpositon[m[K’ was not declared in this scope
[1.464s]    45 |     if ([01;31m[Kpositon[m[K.size() != dof_)
[1.465s]       |         [01;31m[K^~~~~~~[m[K
[1.465s] [01m[K/home/chenque/cpp_practice/robot_control_ros2/src/robot_control_ros2/src/robot_utils/safety_limiter.cpp:45:27:[m[K [01;31m[Kerror: [m[K‘[01m[Kdof_[m[K’ was not declared in this scope
[1.465s]    45 |     if (positon.size() != [01;31m[Kdof_[m[K)
[1.465s]       |                           [01;31m[K^~~~[m[K
[1.465s] [01m[K/home/chenque/cpp_practice/robot_control_ros2/src/robot_control_ros2/src/robot_utils/safety_limiter.cpp:49:25:[m[K [01;31m[Kerror: [m[K‘[01m[Kdof_[m[K’ was not declared in this scope
[1.465s]    49 |     for (int i = 0; i < [01;31m[Kdof_[m[K; i++)
[1.466s]       |                         [01;31m[K^~~~[m[K
[1.466s] [01m[K/home/chenque/cpp_practice/robot_control_ros2/src/robot_control_ros2/src/robot_utils/safety_limiter.cpp:51:13:[m[K [01;31m[Kerror: [m[K‘[01m[Kvel[m[K’ was not declared in this scope
[1.466s]    51 |         if ([01;31m[Kvel[m[K[i] < -maxVelocity_ || vel[i] > maxVelocity_)
[1.466s]       |             [01;31m[K^~~[m[K
[1.466s] [01m[K/home/chenque/cpp_practice/robot_control_ros2/src/robot_control_ros2/src/robot_utils/safety_limiter.cpp:51:23:[m[K [01;31m[Kerror: [m[K‘[01m[KmaxVelocity_[m[K’ was not declared in this scope; did you mean ‘[01m[KmaxVelocity[m[K’?
[1.466s]    51 |         if (vel[i] < -[01;31m[KmaxVelocity_[m[K || vel[i] > maxVelocity_)
[1.467s]       |                       [01;31m[K^~~~~~~~~~~~[m[K
[1.467s]       |                       [32m[KmaxVelocity[m[K
[1.467s] [01m[K/home/chenque/cpp_practice/robot_control_ros2/src/robot_control_ros2/src/robot_utils/safety_limiter.cpp:57:23:[m[K [01;31m[Kerror: [m[K‘[01m[Kdof_[m[K’ was not declared in this scope
[1.467s]    57 |     for (int i = 0; i<[01;31m[Kdof_[m[K; i++)
[1.467s]       |                       [01;31m[K^~~~[m[K
[1.468s] [01m[K/home/chenque/cpp_practice/robot_control_ros2/src/robot_control_ros2/src/robot_utils/safety_limiter.cpp:59:13:[m[K [01;31m[Kerror: [m[K‘[01m[Kpositon[m[K’ was not declared in this scope
[1.468s]    59 |         if ([01;31m[Kpositon[m[K[i] < low_[i] || positon[i] > upr_[i])
[1.468s]       |             [01;31m[K^~~~~~~[m[K
[1.469s] [01m[K/home/chenque/cpp_practice/robot_control_ros2/src/robot_control_ros2/src/robot_utils/safety_limiter.cpp:59:26:[m[K [01;31m[Kerror: [m[K‘[01m[Klow_[m[K’ was not declared in this scope
[1.469s]    59 |         if (positon[i] < [01;31m[Klow_[m[K[i] || positon[i] > upr_[i])
[1.469s]       |                          [01;31m[K^~~~[m[K
[1.469s] [01m[K/home/chenque/cpp_practice/robot_control_ros2/src/robot_control_ros2/src/robot_utils/safety_limiter.cpp:59:50:[m[K [01;31m[Kerror: [m[K‘[01m[Kupr_[m[K’ was not declared in this scope
[1.469s]    59 |         if (positon[i] < low_[i] || positon[i] > [01;31m[Kupr_[m[K[i])
[1.470s]       |                                                  [01;31m[K^~~~[m[K
[1.470s] [01m[K/home/chenque/cpp_practice/robot_control_ros2/src/robot_control_ros2/src/robot_utils/safety_limiter.cpp:[m[K At global scope:
[1.470s] [01m[K/home/chenque/cpp_practice/robot_control_ros2/src/robot_control_ros2/src/robot_utils/safety_limiter.cpp:71:6:[m[K [01;31m[Kerror: [m[K‘[01m[Kvector[m[K’ in namespace ‘[01m[Kstd[m[K’ does not name a template type
[1.470s]    71 | std::[01;31m[Kvector[m[K<double> SafetyLimiter::clampPosition(const std::vector<double>& position) const
[1.470s]       |      [01;31m[K^~~~~~[m[K
[1.470s] [01m[K/home/chenque/cpp_practice/robot_control_ros2/src/robot_control_ros2/src/robot_utils/safety_limiter.cpp:71:1:[m[K [01;36m[Knote: [m[K‘[01m[Kstd::vector[m[K’ is defined in header ‘[01m[K<vector>[m[K’; did you forget to ‘[01m[K#include <vector>[m[K’?
[1.470s]    71 | [01;36m[Kstd[m[K::vector<double> SafetyLimiter::clampPosition(const std::vector<double>& position) const
[1.470s]       | [01;36m[K^~~[m[K
[1.470s] [01m[K/home/chenque/cpp_practice/robot_control_ros2/src/robot_control_ros2/src/robot_utils/safety_limiter.cpp:86:6:[m[K [01;31m[Kerror: [m[K‘[01m[Kvector[m[K’ in namespace ‘[01m[Kstd[m[K’ does not name a template type
[1.470s]    86 | std::[01;31m[Kvector[m[K<double> SafetyLimiter::clampVelocity(const std::vector<double>& velocity) const
[1.470s]       |      [01;31m[K^~~~~~[m[K
[1.471s] [01m[K/home/chenque/cpp_practice/robot_control_ros2/src/robot_control_ros2/src/robot_utils/safety_limiter.cpp:86:1:[m[K [01;36m[Knote: [m[K‘[01m[Kstd::vector[m[K’ is defined in header ‘[01m[K<vector>[m[K’; did you forget to ‘[01m[K#include <vector>[m[K’?
[1.471s]    86 | [01;36m[Kstd[m[K::vector<double> SafetyLimiter::clampVelocity(const std::vector<double>& velocity) const
[1.471s]       | [01;36m[K^~~[m[K
[1.471s] [01m[K/home/chenque/cpp_practice/robot_control_ros2/src/robot_control_ros2/src/robot_utils/safety_limiter.cpp:101:1:[m[K [01;31m[Kerror: [m[K‘[01m[KRobotState[m[K’ does not name a type
[1.471s]   101 | [01;31m[KRobotState[m[K SafetyLimiter::clampRobotState(const RobotState& robot_state) const
[1.471s]       | [01;31m[K^~~~~~~~~~[m[K
[1.495s] gmake[2]: *** [CMakeFiles/vel_to_pos_node.dir/build.make:104: CMakeFiles/vel_to_pos_node.dir/src/robot_utils/safety_limiter.cpp.o] Error 1
[1.495s] gmake[2]: *** Waiting for unfinished jobs....
[3.843s] [01m[K/home/chenque/cpp_practice/robot_control_ros2/src/robot_control_ros2/src/vel_to_pos_node.cpp:14:24:[m[K [01;31m[Kerror: [m[Kexpected ‘[01m[K)[m[K’ before ‘[01m[K=[m[K’ token
[3.843s]    14 |         Vel2PosNode[34m[K([m[Kdof[01;31m[K [m[K[32m[K=[m[K 6, maxVelocity = 1.2) : Node("Vel_to_Pos_node"),
[3.843s]       |                    [34m[K~[m[K   [01;31m[K^[m[K[32m[K~[m[K
[3.843s]       |                        [32m[K)[m[K
[3.895s] [01m[K/home/chenque/cpp_practice/robot_control_ros2/src/robot_control_ros2/src/vel_to_pos_node.cpp:70:9:[m[K [01;31m[Kerror: [m[K‘[01m[KSafetyLimiter[m[K’ does not name a type
[3.895s]    70 |         [01;31m[KSafetyLimiter[m[K safety_limiter_;
[3.895s]       |         [01;31m[K^~~~~~~~~~~~~[m[K
[3.896s] [01m[K/home/chenque/cpp_practice/robot_control_ros2/src/robot_control_ros2/src/vel_to_pos_node.cpp:[m[K In member function ‘[01m[Kvoid Vel2PosNode::[01;32m[Ksub_callback[m[K(const JointVelocityCmd&)[m[K’:
[3.896s] [01m[K/home/chenque/cpp_practice/robot_control_ros2/src/robot_control_ros2/src/vel_to_pos_node.cpp:47:42:[m[K [01;31m[Kerror: [m[Kcannot convert ‘[01m[Kconst robot_control_ros2::msg::JointVelocityCmd_<std::allocator<void> >::_velocity_cmd_type[m[K’ {aka ‘[01m[Kconst std::array<float, 6>[m[K’} to ‘[01m[Kconst std::vector<double, std::allocator<double> >&[m[K’
[3.896s]    47 |             robot_state_.setVelocity([01;31m[Kvel.velocity_cmd[m[K);
[3.896s]       |                                      [01;31m[K~~~~^~~~~~~~~~~~[m[K
[3.896s]       |                                          [01;31m[K|[m[K
[3.896s]       |                                          [01;31m[Kconst robot_control_ros2::msg::JointVelocityCmd_<std::allocator<void> >::_velocity_cmd_type {aka const std::array<float, 6>}[m[K
[3.896s] In file included from [01m[K/home/chenque/cpp_practice/robot_control_ros2/src/robot_control_ros2/src/vel_to_pos_node.cpp:4[m[K:
[3.896s] [01m[K/home/chenque/cpp_practice/robot_control_ros2/src/robot_control_ros2/include/robot_utils/robot_state.hpp:13:49:[m[K [01;36m[Knote: [m[K  initializing argument 1 of ‘[01m[Kvoid RobotState::[01;32m[KsetVelocity[m[K(const std::vector<double, std::allocator<double> >&)[m[K’
[3.897s]    13 |     void setVelocity([01;36m[Kconst std::vector<double>& dq[m[K);
[3.897s]       |                      [01;36m[K~~~~~~~~~~~~~~~~~~~~~~~~~~~^~[m[K
[3.902s] [01m[K/home/chenque/cpp_practice/robot_control_ros2/src/robot_control_ros2/src/vel_to_pos_node.cpp:48:28:[m[K [01;31m[Kerror: [m[K‘[01m[Ksafety_limiter_[m[K’ was not declared in this scope
[3.902s]    48 |             robot_state_ = [01;31m[Ksafety_limiter_[m[K.clampVelocity(robot_state_);
[3.902s]       |                            [01;31m[K^~~~~~~~~~~~~~~[m[K
[3.905s] [01m[K/home/chenque/cpp_practice/robot_control_ros2/src/robot_control_ros2/src/vel_to_pos_node.cpp:[m[K In member function ‘[01m[Kvoid Vel2PosNode::[01;32m[Ktimer_callback[m[K()[m[K’:
[3.905s] [01m[K/home/chenque/cpp_practice/robot_control_ros2/src/robot_control_ros2/src/vel_to_pos_node.cpp:58:102:[m[K [01;31m[Kerror: [m[K‘[01m[Kdt[m[K’ was not declared in this scope; did you mean ‘[01m[Kdt_[m[K’?
[3.906s]    58 |                 robot_state_.position()[i] = robot_state_.position()[i] + robot_state_.velocity()[i]*[01;31m[Kdt[m[K;
[3.906s]       |                                                                                                      [01;31m[K^~[m[K
[3.906s]       |                                                                                                      [32m[Kdt_[m[K
[4.780s] In file included from [01m[K/usr/include/c++/13/bits/stl_tempbuf.h:61[m[K,
[4.780s]                  from [01m[K/usr/include/c++/13/memory:66[m[K,
[4.780s]                  from [01m[K/opt/ros/jazzy/include/rclcpp/rclcpp/rclcpp.hpp:169[m[K,
[4.780s]                  from [01m[K/home/chenque/cpp_practice/robot_control_ros2/src/robot_control_ros2/src/vel_to_pos_node.cpp:1[m[K:
[4.780s] /usr/include/c++/13/bits/stl_construct.h: In instantiation of ‘[01m[Kvoid std::[01;32m[K_Construct[m[K(_Tp*, _Args&& ...) [35m[K[with _Tp = Vel2PosNode; _Args = {}][m[K[m[K’:
[4.781s] [01m[K/usr/include/c++/13/bits/alloc_traits.h:661:19:[m[K   required from ‘[01m[Kstatic void std::allocator_traits<std::allocator<void> >::[01;32m[Kconstruct[m[K(allocator_type&, _Up*, _Args&& ...) [35m[K[with _Up = Vel2PosNode; _Args = {}; allocator_type = std::allocator<void>][m[K[m[K’
[4.781s] [01m[K/usr/include/c++/13/bits/shared_ptr_base.h:604:39:[m[K   required from ‘[01m[Kstd::_Sp_counted_ptr_inplace<_Tp, _Alloc, _Lp>::[01;32m[K_Sp_counted_ptr_inplace[m[K(_Alloc, _Args&& ...) [35m[K[with _Args = {}; _Tp = Vel2PosNode; _Alloc = std::allocator<void>; __gnu_cxx::_Lock_policy _Lp = __gnu_cxx::_S_atomic][m[K[m[K’
[4.781s] [01m[K/usr/include/c++/13/bits/shared_ptr_base.h:971:16:[m[K   required from ‘[01m[Kstd::__shared_count<_Lp>::[01;32m[K__shared_count[m[K(_Tp*&, std::_Sp_alloc_shared_tag<_Alloc>, _Args&& ...) [35m[K[with _Tp = Vel2PosNode; _Alloc = std::allocator<void>; _Args = {}; __gnu_cxx::_Lock_policy _Lp = __gnu_cxx::_S_atomic][m[K[m[K’
[4.781s] [01m[K/usr/include/c++/13/bits/shared_ptr_base.h:1712:14:[m[K   required from ‘[01m[Kstd::__shared_ptr<_Tp, _Lp>::[01;32m[K__shared_ptr[m[K(std::_Sp_alloc_shared_tag<_Tp>, _Args&& ...) [35m[K[with _Alloc = std::allocator<void>; _Args = {}; _Tp = Vel2PosNode; __gnu_cxx::_Lock_policy _Lp = __gnu_cxx::_S_atomic][m[K[m[K’
[4.781s] [01m[K/usr/include/c++/13/bits/shared_ptr.h:464:59:[m[K   required from ‘[01m[Kstd::shared_ptr<_Tp>::[01;32m[Kshared_ptr[m[K(std::_Sp_alloc_shared_tag<_Tp>, _Args&& ...) [35m[K[with _Alloc = std::allocator<void>; _Args = {}; _Tp = Vel2PosNode][m[K[m[K’
[4.781s] [01m[K/usr/include/c++/13/bits/shared_ptr.h:1009:14:[m[K   required from ‘[01m[Kstd::shared_ptr<typename std::enable_if<(! std::is_array< <template-parameter-1-1> >::value), _Tp>::type> std::[01;32m[Kmake_shared[m[K(_Args&& ...) [35m[K[with _Tp = Vel2PosNode; _Args = {}; typename enable_if<(! is_array< <template-parameter-1-1> >::value), _Tp>::type = Vel2PosNode][m[K[m[K’
[4.781s] [01m[K/home/chenque/cpp_practice/robot_control_ros2/src/robot_control_ros2/src/vel_to_pos_node.cpp:77:47:[m[K   required from here
[4.781s] [01m[K/usr/include/c++/13/bits/stl_construct.h:119:7:[m[K [01;31m[Kerror: [m[Kuse of deleted function ‘[01m[KVel2PosNode::[01;32m[KVel2PosNode[m[K()[m[K’
[4.781s]   119 |       [01;31m[K::new((void*)__p) _Tp(std::forward<_Args>(__args)...)[m[K;
[4.781s]       |       [01;31m[K^~~~~~~~~~~~~~~~~~~~~~~~~~~~~~~~~~~~~~~~~~~~~~~~~~~~~[m[K
[4.781s] [01m[K/home/chenque/cpp_practice/robot_control_ros2/src/robot_control_ros2/src/vel_to_pos_node.cpp:11:7:[m[K [01;36m[Knote: [m[K‘[01m[KVel2PosNode::[01;32m[KVel2PosNode[m[K()[m[K’ is implicitly deleted because the default definition would be ill-formed:
[4.781s]    11 | class [01;36m[KVel2PosNode[m[K : public rclcpp::Node
[4.781s]       |       [01;36m[K^~~~~~~~~~~[m[K
[4.781s] [01m[K/home/chenque/cpp_practice/robot_control_ros2/src/robot_control_ros2/src/vel_to_pos_node.cpp:11:7:[m[K [01;31m[Kerror: [m[Kno matching function for call to ‘[01m[Krclcpp::Node::Node()[m[K’
[4.781s] In file included from [01m[K/opt/ros/jazzy/include/rclcpp/rclcpp/executors/single_threaded_executor.hpp:28[m[K,
[4.781s]                  from [01m[K/opt/ros/jazzy/include/rclcpp/rclcpp/executors.hpp:22[m[K,
[4.781s]                  from [01m[K/opt/ros/jazzy/include/rclcpp/rclcpp/rclcpp.hpp:172[m[K:
[4.781s] [01m[K/opt/ros/jazzy/include/rclcpp/rclcpp/node.hpp:1629:3:[m[K [01;36m[Knote: [m[Kcandidate: ‘[01m[Krclcpp::Node::[01;32m[KNode[m[K(const rclcpp::Node&, const std::string&)[m[K’
[4.781s]  1629 |   [01;36m[KNode[m[K(
[4.781s]       |   [01;36m[K^~~~[m[K
[4.781s] [01m[K/opt/ros/jazzy/include/rclcpp/rclcpp/node.hpp:1629:3:[m[K [01;36m[Knote: [m[K  candidate expects 2 arguments, 0 provided
[4.781s] [01m[K/opt/ros/jazzy/include/rclcpp/rclcpp/node.hpp:103:12:[m[K [01;36m[Knote: [m[Kcandidate: ‘[01m[Krclcpp::Node::[01;32m[KNode[m[K(const std::string&, const std::string&, const rclcpp::NodeOptions&)[m[K’
[4.781s]   103 |   explicit [01;36m[KNode[m[K(
[4.781s]       |            [01;36m[K^~~~[m[K
[4.781s] [01m[K/opt/ros/jazzy/include/rclcpp/rclcpp/node.hpp:103:12:[m[K [01;36m[Knote: [m[K  candidate expects 3 arguments, 0 provided
[4.781s] [01m[K/opt/ros/jazzy/include/rclcpp/rclcpp/node.hpp:91:12:[m[K [01;36m[Knote: [m[Kcandidate: ‘[01m[Krclcpp::Node::[01;32m[KNode[m[K(const std::string&, const rclcpp::NodeOptions&)[m[K’
[4.781s]    91 |   explicit [01;36m[KNode[m[K(
[4.781s]       |            [01;36m[K^~~~[m[K
[4.781s] [01m[K/opt/ros/jazzy/include/rclcpp/rclcpp/node.hpp:91:12:[m[K [01;36m[Knote: [m[K  candidate expects 2 arguments, 0 provided
[4.781s] [01m[K/home/chenque/cpp_practice/robot_control_ros2/src/robot_control_ros2/src/vel_to_pos_node.cpp:11:7:[m[K [01;31m[Kerror: [m[Kno matching function for call to ‘[01m[KRobotState::RobotState()[m[K’
[4.781s]    11 | class [01;31m[KVel2PosNode[m[K : public rclcpp::Node
[4.781s]       |       [01;31m[K^~~~~~~~~~~[m[K
[4.781s] [01m[K/home/chenque/cpp_practice/robot_control_ros2/src/robot_control_ros2/include/robot_utils/robot_state.hpp:11:14:[m[K [01;36m[Knote: [m[Kcandidate: ‘[01m[KRobotState::[01;32m[KRobotState[m[K(size_t)[m[K’
[4.781s]    11 |     explicit [01;36m[KRobotState[m[K(size_t dof);
[4.781s]       |              [01;36m[K^~~~~~~~~~[m[K
[4.781s] [01m[K/home/chenque/cpp_practice/robot_control_ros2/src/robot_control_ros2/include/robot_utils/robot_state.hpp:11:14:[m[K [01;36m[Knote: [m[K  candidate expects 1 argument, 0 provided
[4.781s] [01m[K/home/chenque/cpp_practice/robot_control_ros2/src/robot_control_ros2/include/robot_utils/robot_state.hpp:9:7:[m[K [01;36m[Knote: [m[Kcandidate: ‘[01m[KRobotState::[01;32m[KRobotState[m[K(const RobotState&)[m[K’
[4.781s]     9 | class [01;36m[KRobotState[m[K{
[4.781s]       |       [01;36m[K^~~~~~~~~~[m[K
[4.781s] [01m[K/home/chenque/cpp_practice/robot_control_ros2/src/robot_control_ros2/include/robot_utils/robot_state.hpp:9:7:[m[K [01;36m[Knote: [m[K  candidate expects 1 argument, 0 provided
[4.782s] [01m[K/home/chenque/cpp_practice/robot_control_ros2/src/robot_control_ros2/include/robot_utils/robot_state.hpp:9:7:[m[K [01;36m[Knote: [m[Kcandidate: ‘[01m[KRobotState::[01;32m[KRobotState[m[K(RobotState&&)[m[K’
[4.782s] [01m[K/home/chenque/cpp_practice/robot_control_ros2/src/robot_control_ros2/include/robot_utils/robot_state.hpp:9:7:[m[K [01;36m[Knote: [m[K  candidate expects 1 argument, 0 provided
[4.894s] gmake[2]: *** [CMakeFiles/vel_to_pos_node.dir/build.make:76: CMakeFiles/vel_to_pos_node.dir/src/vel_to_pos_node.cpp.o] Error 1
[4.895s] gmake[1]: *** [CMakeFiles/Makefile2:801: CMakeFiles/vel_to_pos_node.dir/all] Error 2
[4.895s] gmake: *** [Makefile:146: all] Error 2
[4.898s] Invoked command in '/home/chenque/cpp_practice/robot_control_ros2/build/robot_control_ros2' returned '2': CMAKE_PREFIX_PATH=${CMAKE_PREFIX_PATH}:/opt/ros/jazzy DEBUGINFOD_URLS=https://debuginfod.ubuntu.com /usr/bin/cmake --build /home/chenque/cpp_practice/robot_control_ros2/build/robot_control_ros2 -- -j8 -l8
