-- Found ament_cmake: 2.5.5 (/opt/ros/jazzy/share/ament_cmake/cmake)
-- Found Python3: /usr/bin/python3 (found version "3.12.3") found components: Interpreter 
-- Found rclcpp: 28.1.16 (/opt/ros/jazzy/share/rclcpp/cmake)
-- Found rosidl_generator_c: 4.6.7 (/opt/ros/jazzy/share/rosidl_generator_c/cmake)
-- Found rosidl_generator_cpp: 4.6.7 (/opt/ros/jazzy/share/rosidl_generator_cpp/cmake)
-- Using all available rosidl_typesupport_c: rosidl_typesupport_fastrtps_c;rosidl_typesupport_introspection_c
-- Using all available rosidl_typesupport_cpp: rosidl_typesupport_fastrtps_cpp;rosidl_typesupport_introspection_cpp
-- Found rmw_implementation_cmake: 7.3.3 (/opt/ros/jazzy/share/rmw_implementation_cmake/cmake)
-- Found rmw_fastrtps_cpp: 8.4.3 (/opt/ros/jazzy/share/rmw_fastrtps_cpp/cmake)
-- Using RMW implementation 'rmw_fastrtps_cpp' as default
-- Found std_msgs: 5.3.6 (/opt/ros/jazzy/share/std_msgs/cmake)
-- Found rosidl_default_generators: 1.6.0 (/opt/ros/jazzy/share/rosidl_default_generators/cmake)
-- Found rosidl_adapter: 4.6.7 (/opt/ros/jazzy/share/rosidl_adapter/cmake)
-- Found ament_cmake_ros: 0.12.0 (/opt/ros/jazzy/share/ament_cmake_ros/cmake)
-- Using all available rosidl_typesupport_c: rosidl_typesupport_fastrtps_c;rosidl_typesupport_introspection_c
-- Using all available rosidl_typesupport_cpp: rosidl_typesupport_fastrtps_cpp;rosidl_typesupport_introspection_cpp
-- Found python_cmake_module: 0.11.1 (/opt/ros/jazzy/share/python_cmake_module/cmake)
-- Found Python3: /usr/bin/python3 (found version "3.12.3") found components: Interpreter Development NumPy Development.Module Development.Embed 
-- Found ament_lint_auto: 0.17.4 (/opt/ros/jazzy/share/ament_lint_auto/cmake)
-- Added test 'cppcheck' to perform static code analysis on C / C++ code
-- Configured cppcheck include dirs: 
-- Configured cppcheck exclude dirs and/or files: 
-- Added test 'lint_cmake' to check CMake code style
-- Added test 'uncrustify' to check C / C++ code style
-- Configured uncrustify additional arguments: 
-- Added test 'xmllint' to check XML markup files
-- Configuring done (0.8s)
-- Generating done (0.0s)
-- Build files have been written to: /home/chenque/cpp_practice/robot_control_ros2/build/robot_control_ros2
[  1%] [34m[1mGenerating type hashes for ROS interfaces[0m
[  5%] Built target timer_control_node
[  9%] Built target joint_velocity_subscriber
[ 12%] Built target joint_velocity_publisher
[ 12%] Built target ament_cmake_python_copy_robot_control_ros2
[ 12%] Built target robot_control_ros2__rosidl_generator_type_description
running egg_info
[ 14%] [34m[1mGenerating C code for ROS interfaces[0m
writing robot_control_ros2.egg-info/PKG-INFO
writing dependency_links to robot_control_ros2.egg-info/dependency_links.txt
writing top-level names to robot_control_ros2.egg-info/top_level.txt
[ 16%] [34m[1mGenerating C++ code for ROS interfaces[0m
reading manifest file 'robot_control_ros2.egg-info/SOURCES.txt'
writing manifest file 'robot_control_ros2.egg-info/SOURCES.txt'
[ 16%] Built target ament_cmake_python_build_robot_control_ros2_egg
[ 16%] Built target robot_control_ros2__cpp
[ 20%] [32mBuilding C object CMakeFiles/robot_control_ros2__rosidl_generator_c.dir/rosidl_generator_c/robot_control_ros2/msg/detail/joint_state_command__description.c.o[0m
[ 20%] [32mBuilding C object CMakeFiles/robot_control_ros2__rosidl_generator_c.dir/rosidl_generator_c/robot_control_ros2/msg/detail/joint_state_command__type_support.c.o[0m
[ 22%] [32mBuilding C object CMakeFiles/robot_control_ros2__rosidl_generator_c.dir/rosidl_generator_c/robot_control_ros2/srv/detail/student__functions.c.o[0m
[ 24%] [32mBuilding C object CMakeFiles/robot_control_ros2__rosidl_generator_c.dir/rosidl_generator_c/robot_control_ros2/msg/detail/joint_state_command__functions.c.o[0m
[ 25%] [32mBuilding C object CMakeFiles/robot_control_ros2__rosidl_generator_c.dir/rosidl_generator_c/robot_control_ros2/srv/detail/student__description.c.o[0m
[ 27%] [32mBuilding C object CMakeFiles/robot_control_ros2__rosidl_generator_c.dir/rosidl_generator_c/robot_control_ros2/srv/detail/student__type_support.c.o[0m
[ 29%] [32m[1mLinking C shared library librobot_control_ros2__rosidl_generator_c.so[0m
[ 29%] Built target robot_control_ros2__rosidl_generator_c
[ 31%] [34m[1mGenerating C++ type support dispatch for ROS interfaces[0m
[ 33%] [34m[1mGenerating C type support for eProsima Fast-RTPS[0m
[ 35%] [34m[1mGenerating C type support dispatch for ROS interfaces[0m
[ 37%] [34m[1mGenerating C++ type support for eProsima Fast-RTPS[0m
[ 40%] [34m[1mGenerating C++ introspection for ROS interfaces[0m
[ 40%] [34m[1mGenerating C introspection for ROS interfaces[0m
[ 42%] [32mBuilding CXX object CMakeFiles/robot_control_ros2__rosidl_typesupport_c.dir/rosidl_typesupport_c/robot_control_ros2/srv/student__type_support.cpp.o[0m
[ 44%] [32mBuilding CXX object CMakeFiles/robot_control_ros2__rosidl_typesupport_c.dir/rosidl_typesupport_c/robot_control_ros2/msg/joint_state_command__type_support.cpp.o[0m
[ 46%] [32mBuilding CXX object CMakeFiles/robot_control_ros2__rosidl_typesupport_cpp.dir/rosidl_typesupport_cpp/robot_control_ros2/msg/joint_state_command__type_support.cpp.o[0m
[ 48%] [32mBuilding CXX object CMakeFiles/robot_control_ros2__rosidl_typesupport_cpp.dir/rosidl_typesupport_cpp/robot_control_ros2/srv/student__type_support.cpp.o[0m
[ 50%] [32mBuilding C object CMakeFiles/robot_control_ros2__rosidl_typesupport_introspection_c.dir/rosidl_typesupport_introspection_c/robot_control_ros2/msg/detail/joint_state_command__type_support.c.o[0m
[ 51%] [32mBuilding CXX object CMakeFiles/robot_control_ros2__rosidl_typesupport_introspection_cpp.dir/rosidl_typesupport_introspection_cpp/robot_control_ros2/msg/detail/joint_state_command__type_support.cpp.o[0m
[ 53%] [32mBuilding CXX object CMakeFiles/robot_control_ros2__rosidl_typesupport_fastrtps_cpp.dir/rosidl_typesupport_fastrtps_cpp/robot_control_ros2/msg/detail/dds_fastrtps/joint_state_command__type_support.cpp.o[0m
[ 55%] [32mBuilding C object CMakeFiles/robot_control_ros2__rosidl_typesupport_introspection_c.dir/rosidl_typesupport_introspection_c/robot_control_ros2/srv/detail/student__type_support.c.o[0m
[ 57%] [32mBuilding CXX object CMakeFiles/robot_control_ros2__rosidl_typesupport_fastrtps_c.dir/rosidl_typesupport_fastrtps_c/robot_control_ros2/msg/detail/joint_state_command__type_support_c.cpp.o[0m
[ 59%] [32m[1mLinking C shared library librobot_control_ros2__rosidl_typesupport_introspection_c.so[0m
[ 61%] [32m[1mLinking CXX shared library librobot_control_ros2__rosidl_typesupport_c.so[0m
[ 62%] [32mBuilding CXX object CMakeFiles/robot_control_ros2__rosidl_typesupport_fastrtps_c.dir/rosidl_typesupport_fastrtps_c/robot_control_ros2/srv/detail/student__type_support_c.cpp.o[0m
[ 62%] Built target robot_control_ros2__rosidl_typesupport_introspection_c
[ 64%] [32mBuilding CXX object CMakeFiles/robot_control_ros2__rosidl_typesupport_introspection_cpp.dir/rosidl_typesupport_introspection_cpp/robot_control_ros2/srv/detail/student__type_support.cpp.o[0m
[ 64%] Built target robot_control_ros2__rosidl_typesupport_c
[ 66%] [32mBuilding CXX object CMakeFiles/robot_control_ros2__rosidl_typesupport_fastrtps_cpp.dir/rosidl_typesupport_fastrtps_cpp/robot_control_ros2/srv/detail/dds_fastrtps/student__type_support.cpp.o[0m
[ 68%] [32m[1mLinking CXX shared library librobot_control_ros2__rosidl_typesupport_cpp.so[0m
[ 68%] Built target robot_control_ros2__rosidl_typesupport_cpp
[ 70%] [32mBuilding CXX object CMakeFiles/student_servier.dir/src/student_servier.cpp.o[0m
[ 72%] [32mBuilding CXX object CMakeFiles/robot_state_pub.dir/src/robot_state_pub.cpp.o[0m
[ 74%] [32m[1mLinking CXX shared library librobot_control_ros2__rosidl_typesupport_introspection_cpp.so[0m
[ 75%] [32m[1mLinking CXX shared library librobot_control_ros2__rosidl_typesupport_fastrtps_c.so[0m
[ 75%] Built target robot_control_ros2__rosidl_typesupport_introspection_cpp
[ 75%] Built target robot_control_ros2__rosidl_typesupport_fastrtps_c
[ 77%] [32m[1mLinking CXX shared library librobot_control_ros2__rosidl_typesupport_fastrtps_cpp.so[0m
[ 77%] Built target robot_control_ros2__rosidl_typesupport_fastrtps_cpp
[ 77%] Built target robot_control_ros2
[ 79%] [34m[1mGenerating Python code for ROS interfaces[0m
[ 79%] Built target robot_control_ros2__py
[ 81%] [32mBuilding C object CMakeFiles/robot_control_ros2__rosidl_generator_py.dir/rosidl_generator_py/robot_control_ros2/msg/_joint_state_command_s.c.o[0m
[ 83%] [32mBuilding C object CMakeFiles/robot_control_ros2__rosidl_generator_py.dir/rosidl_generator_py/robot_control_ros2/srv/_student_s.c.o[0m
[ 85%] [32m[1mLinking C shared library librobot_control_ros2__rosidl_generator_py.so[0m
[ 85%] Built target robot_control_ros2__rosidl_generator_py
[ 87%] [32mBuilding C object CMakeFiles/robot_control_ros2_s__rosidl_typesupport_fastrtps_c.dir/rosidl_generator_py/robot_control_ros2/_robot_control_ros2_s.ep.rosidl_typesupport_fastrtps_c.c.o[0m
[ 88%] [32mBuilding C object CMakeFiles/robot_control_ros2_s__rosidl_typesupport_introspection_c.dir/rosidl_generator_py/robot_control_ros2/_robot_control_ros2_s.ep.rosidl_typesupport_introspection_c.c.o[0m
[ 90%] [32mBuilding C object CMakeFiles/robot_control_ros2_s__rosidl_typesupport_c.dir/rosidl_generator_py/robot_control_ros2/_robot_control_ros2_s.ep.rosidl_typesupport_c.c.o[0m
[ 92%] [32m[1mLinking C shared module rosidl_generator_py/robot_control_ros2/robot_control_ros2_s__rosidl_typesupport_c.so[0m
[ 94%] [32m[1mLinking C shared module rosidl_generator_py/robot_control_ros2/robot_control_ros2_s__rosidl_typesupport_introspection_c.so[0m
[ 96%] [32m[1mLinking C shared module rosidl_generator_py/robot_control_ros2/robot_control_ros2_s__rosidl_typesupport_fastrtps_c.so[0m
[ 96%] Built target robot_control_ros2_s__rosidl_typesupport_c
[ 96%] Built target robot_control_ros2_s__rosidl_typesupport_introspection_c
[ 96%] Built target robot_control_ros2_s__rosidl_typesupport_fastrtps_c
[01m[K/home/chenque/cpp_practice/robot_control_ros2/src/robot_control_ros2/src/student_servier.cpp:4:42:[m[K [01;31m[Kerror: [m[K‘[01m[KStudent[m[K’ is not a namespace-name
    4 | using namespace robot_control_ros2::srv::[01;31m[KStudent[m[K;
      |                                          [01;31m[K^~~~~~~[m[K
[01m[K/home/chenque/cpp_practice/robot_control_ros2/src/robot_control_ros2/src/student_servier.cpp:16:32:[m[K [01;31m[Kerror: [m[K‘[01m[KStudent[m[K’ does not name a type
   16 |     void serviceCallback(const [01;31m[KStudent[m[K::Request::SharedPtr& req, const Student::Response::SharedPtr& res)
      |                                [01;31m[K^~~~~~~[m[K
[01m[K/home/chenque/cpp_practice/robot_control_ros2/src/robot_control_ros2/src/student_servier.cpp:16:48:[m[K [01;31m[Kerror: [m[Kexpected unqualified-id before ‘[01m[K::[m[K’ token
   16 |     void serviceCallback(const Student::Request[01;31m[K::[m[KSharedPtr& req, const Student::Response::SharedPtr& res)
      |                                                [01;31m[K^~[m[K
[01m[K/home/chenque/cpp_practice/robot_control_ros2/src/robot_control_ros2/src/student_servier.cpp:16:48:[m[K [01;31m[Kerror: [m[Kexpected ‘[01m[K)[m[K’ before ‘[01m[K::[m[K’ token
   16 |     void serviceCallback[34m[K([m[Kconst Student::Request[01;31m[K:[m[K[32m[K:[m[KSharedPtr& req, const Student::Response::SharedPtr& res)
      |                         [34m[K~[m[K                      [01;31m[K^[m[K[32m[K~[m[K
      |                                                [32m[K)[m[K
[01m[K/home/chenque/cpp_practice/robot_control_ros2/src/robot_control_ros2/src/student_servier.cpp:16:41:[m[K [01;31m[Kerror: [m[Kexpected ‘[01m[K;[m[K’ at end of member declaration
   16 |     void serviceCallback(const Student::[01;31m[KRequest[m[K::SharedPtr& req, const Student::Response::SharedPtr& res)
      |                                         [01;31m[K^~~~~~~[m[K
      |                                                [32m[K;[m[K
[01m[K/home/chenque/cpp_practice/robot_control_ros2/src/robot_control_ros2/src/student_servier.cpp:16:50:[m[K [01;31m[Kerror: [m[K‘[01m[KSharedPtr[m[K’ in namespace ‘[01m[K::[m[K’ does not name a type
   16 |     void serviceCallback(const Student::Request::[01;31m[KSharedPtr[m[K& req, const Student::Response::SharedPtr& res)
      |                                                  [01;31m[K^~~~~~~~~[m[K
[01m[K/home/chenque/cpp_practice/robot_control_ros2/src/robot_control_ros2/src/student_servier.cpp:25:21:[m[K [01;31m[Kerror: [m[K‘[01m[KStudent[m[K’ was not declared in this scope; did you mean ‘[01m[Krobot_control_ros2::srv::Student[m[K’?
   25 |     rclcpp::Service<[01;31m[KStudent[m[K>::SharedPtr server_;
      |                     [01;31m[K^~~~~~~[m[K
      |                     [32m[Krobot_control_ros2::srv::Student[m[K
In file included from [01m[K/home/chenque/cpp_practice/robot_control_ros2/build/robot_control_ros2/rosidl_generator_cpp/robot_control_ros2/srv/student.hpp:7[m[K,
                 from [01m[K/home/chenque/cpp_practice/robot_control_ros2/src/robot_control_ros2/src/student_servier.cpp:2[m[K:
[01m[K/home/chenque/cpp_practice/robot_control_ros2/build/robot_control_ros2/rosidl_generator_cpp/robot_control_ros2/srv/detail/student__struct.hpp:432:8:[m[K [01;36m[Knote: [m[K‘[01m[Krobot_control_ros2::srv::Student[m[K’ declared here
  432 | struct [01;36m[KStudent[m[K
      |        [01;36m[K^~~~~~~[m[K
[01m[K/home/chenque/cpp_practice/robot_control_ros2/src/robot_control_ros2/src/student_servier.cpp:25:28:[m[K [01;31m[Kerror: [m[Ktemplate argument 1 is invalid
   25 |     rclcpp::Service<Student[01;31m[K>[m[K::SharedPtr server_;
      |                            [01;31m[K^[m[K
[01m[K/home/chenque/cpp_practice/robot_control_ros2/src/robot_control_ros2/src/student_servier.cpp:25:31:[m[K [01;31m[Kerror: [m[Kexpected ‘[01m[K;[m[K’ at end of member declaration
   25 |     rclcpp::Service<Student>::[01;31m[KSharedPtr[m[K server_;
      |                               [01;31m[K^~~~~~~~~[m[K
      |                                        [32m[K;[m[K
[01m[K/home/chenque/cpp_practice/robot_control_ros2/src/robot_control_ros2/src/student_servier.cpp:25:41:[m[K [01;31m[Kerror: [m[K‘[01m[Kserver_[m[K’ does not name a type
   25 |     rclcpp::Service<Student>::SharedPtr [01;31m[Kserver_[m[K;
      |                                         [01;31m[K^~~~~~~[m[K
[01m[K/home/chenque/cpp_practice/robot_control_ros2/src/robot_control_ros2/src/student_servier.cpp:26:2:[m[K [01;31m[Kerror: [m[Kexpected ‘[01m[K;[m[K’ after class definition
   26 | }
      |  [01;31m[K^[m[K
      |  [32m[K;[m[K
[01m[K/home/chenque/cpp_practice/robot_control_ros2/src/robot_control_ros2/src/student_servier.cpp:[m[K In constructor ‘[01m[KServicer::[01;32m[KServicer[m[K()[m[K’:
[01m[K/home/chenque/cpp_practice/robot_control_ros2/src/robot_control_ros2/src/student_servier.cpp:9:40:[m[K [01;31m[Kerror: [m[Kclass ‘[01m[KServicer[m[K’ does not have any field named ‘[01m[Kcount_[m[K’
    9 |     Servicer() : Node("Service_node"), [01;31m[Kcount_[m[K(0)
      |                                        [01;31m[K^~~~~~[m[K
[01m[K/home/chenque/cpp_practice/robot_control_ros2/src/robot_control_ros2/src/student_servier.cpp:11:9:[m[K [01;31m[Kerror: [m[K‘[01m[Kserver_[m[K’ was not declared in this scope
   11 |         [01;31m[Kserver_[m[K = this->create_service<Student>("student_service",
      |         [01;31m[K^~~~~~~[m[K
[01m[K/home/chenque/cpp_practice/robot_control_ros2/src/robot_control_ros2/src/student_servier.cpp:11:40:[m[K [01;31m[Kerror: [m[K‘[01m[KStudent[m[K’ was not declared in this scope; did you mean ‘[01m[Krobot_control_ros2::srv::Student[m[K’?
   11 |         server_ = this->create_service<[01;31m[KStudent[m[K>("student_service",
      |                                        [01;31m[K^~~~~~~[m[K
      |                                        [32m[Krobot_control_ros2::srv::Student[m[K
[01m[K/home/chenque/cpp_practice/robot_control_ros2/build/robot_control_ros2/rosidl_generator_cpp/robot_control_ros2/srv/detail/student__struct.hpp:432:8:[m[K [01;36m[Knote: [m[K‘[01m[Krobot_control_ros2::srv::Student[m[K’ declared here
  432 | struct [01;36m[KStudent[m[K
      |        [01;36m[K^~~~~~~[m[K
[01m[K/home/chenque/cpp_practice/robot_control_ros2/src/robot_control_ros2/src/student_servier.cpp:11:48:[m[K [01;31m[Kerror: [m[Kno matching function for call to ‘[01m[KServicer::create_service<<expression error> >(const char [16], std::_Bind_helper<false, void (Servicer::*)(...), Servicer*, const std::_Placeholder<1>&, const std::_Placeholder<2>&>::type)[m[K’
   11 |         server_ = [01;31m[Kthis->create_service<Student>("student_service",[m[K
      |                   [01;31m[K~~~~~~~~~~~~~~~~~~~~~~~~~~~~~^~~~~~~~~~~~~~~~~~~[m[K
   12 | [01;31m[K            std::bind(&Servicer::serviceCallback, this, std::placeholders::_1, std::placeholders::_2))[m[K;
      |             [01;31m[K~~~~~~~~~~~~~~~~~~~~~~~~~~~~~~~~~~~~~~~~~~~~~~~~~~~~~~~~~~~~~~~~~~~~~~~~~~~~~~~~~~~~~~~~~~[m[K
In file included from [01m[K/opt/ros/jazzy/include/rclcpp/rclcpp/executors/single_threaded_executor.hpp:28[m[K,
                 from [01m[K/opt/ros/jazzy/include/rclcpp/rclcpp/executors.hpp:22[m[K,
                 from [01m[K/opt/ros/jazzy/include/rclcpp/rclcpp/rclcpp.hpp:172[m[K,
                 from [01m[K/home/chenque/cpp_practice/robot_control_ros2/src/robot_control_ros2/src/student_servier.cpp:1[m[K:
[01m[K/opt/ros/jazzy/include/rclcpp/rclcpp/node.hpp:302:3:[m[K [01;36m[Knote: [m[Kcandidate: ‘[01m[Ktemplate<class ServiceT, class CallbackT> typename rclcpp::Service<ServiceT>::SharedPtr rclcpp::Node::[01;32m[Kcreate_service[m[K(const std::string&, CallbackT&&, const rmw_qos_profile_t&, rclcpp::CallbackGroup::SharedPtr)[m[K’
  302 |   [01;36m[Kcreate_service[m[K(
      |   [01;36m[K^~~~~~~~~~~~~~[m[K
[01m[K/opt/ros/jazzy/include/rclcpp/rclcpp/node.hpp:302:3:[m[K [01;36m[Knote: [m[K  candidate expects 3 arguments, 2 provided
[01m[K/opt/ros/jazzy/include/rclcpp/rclcpp/node.hpp:318:3:[m[K [01;36m[Knote: [m[Kcandidate: ‘[01m[Ktemplate<class ServiceT, class CallbackT> typename rclcpp::Service<ServiceT>::SharedPtr rclcpp::Node::[01;32m[Kcreate_service[m[K(const std::string&, CallbackT&&, const rclcpp::QoS&, rclcpp::CallbackGroup::SharedPtr)[m[K’
  318 |   [01;36m[Kcreate_service[m[K(
      |   [01;36m[K^~~~~~~~~~~~~~[m[K
[01m[K/opt/ros/jazzy/include/rclcpp/rclcpp/node.hpp:318:3:[m[K [01;36m[Knote: [m[K  template argument deduction/substitution failed:
[01m[K/home/chenque/cpp_practice/robot_control_ros2/src/robot_control_ros2/src/student_servier.cpp:11:48:[m[K [01;31m[Kerror: [m[Ktemplate argument 1 is invalid
   11 |         server_ = [01;31m[Kthis->create_service<Student>("student_service",[m[K
      |                   [01;31m[K~~~~~~~~~~~~~~~~~~~~~~~~~~~~~^~~~~~~~~~~~~~~~~~~[m[K
   12 | [01;31m[K            std::bind(&Servicer::serviceCallback, this, std::placeholders::_1, std::placeholders::_2))[m[K;
      |             [01;31m[K~~~~~~~~~~~~~~~~~~~~~~~~~~~~~~~~~~~~~~~~~~~~~~~~~~~~~~~~~~~~~~~~~~~~~~~~~~~~~~~~~~~~~~~~~~[m[K
gmake[2]: *** [CMakeFiles/student_servier.dir/build.make:76: CMakeFiles/student_servier.dir/src/student_servier.cpp.o] Error 1
gmake[1]: *** [CMakeFiles/Makefile2:739: CMakeFiles/student_servier.dir/all] Error 2
gmake[1]: *** Waiting for unfinished jobs....
[ 98%] [32m[1mLinking CXX executable robot_state_pub[0m
[ 98%] Built target robot_state_pub
gmake: *** [Makefile:146: all] Error 2
