[  1%] Built target robot_control_ros2__rosidl_generator_type_description
[  2%] [32mBuilding CXX object CMakeFiles/joint_velocity_publisher.dir/src/joint_velocity_publisher.cpp.o[0m
[  5%] Built target timer_control_node
[  7%] Built target joint_velocity_subscriber
[  7%] Built target ament_cmake_python_copy_robot_control_ros2
[  8%] Built target robot_control_ros2__cpp
[ 26%] Built target robot_control_ros2__rosidl_generator_c
[ 34%] Built target robot_control_ros2__rosidl_typesupport_fastrtps_cpp
[ 50%] Built target robot_control_ros2__rosidl_typesupport_fastrtps_c
[ 50%] Built target robot_control_ros2__rosidl_typesupport_cpp
[ 57%] Built target robot_control_ros2__rosidl_typesupport_introspection_c
[ 65%] Built target robot_control_ros2__rosidl_typesupport_introspection_cpp
[ 73%] Built target robot_control_ros2__rosidl_typesupport_c
[ 75%] Built target robot_state_pub
[ 78%] Built target student_servier
[ 80%] Built target student_client
[ 80%] Built target robot_control_ros2
[ 83%] Built target vel_to_pos_node
[ 84%] Built target robot_control_ros2__py
[ 91%] Built target robot_control_ros2__rosidl_generator_py
[ 96%] Built target robot_control_ros2_s__rosidl_typesupport_c
[ 98%] Built target robot_control_ros2_s__rosidl_typesupport_introspection_c
[ 96%] Built target robot_control_ros2_s__rosidl_typesupport_fastrtps_c
running egg_info
[01m[K/home/chenque/cpp_practice/robot_control_ros2/src/robot_control_ros2/src/joint_velocity_publisher.cpp:2:10:[m[K [01;31m[Kfatal error: [m[Kstd_msgs/msg/joint_velocity_cmd.hpp: No such file or directory
    2 | #include [01;31m[K"std_msgs/msg/joint_velocity_cmd.hpp"[m[K
      |          [01;31m[K^~~~~~~~~~~~~~~~~~~~~~~~~~~~~~~~~~~~~[m[K
compilation terminated.
writing robot_control_ros2.egg-info/PKG-INFO
writing dependency_links to robot_control_ros2.egg-info/dependency_links.txt
writing top-level names to robot_control_ros2.egg-info/top_level.txt
gmake[2]: *** [CMakeFiles/joint_velocity_publisher.dir/build.make:76: CMakeFiles/joint_velocity_publisher.dir/src/joint_velocity_publisher.cpp.o] Error 1
gmake[1]: *** [CMakeFiles/Makefile2:635: CMakeFiles/joint_velocity_publisher.dir/all] Error 2
gmake[1]: *** Waiting for unfinished jobs....
reading manifest file 'robot_control_ros2.egg-info/SOURCES.txt'
writing manifest file 'robot_control_ros2.egg-info/SOURCES.txt'
[ 98%] Built target ament_cmake_python_build_robot_control_ros2_egg
gmake: *** [Makefile:146: all] Error 2
