[0.009s] Invoking command in '/home/chenque/cpp_practice/robot_control_ros2/build/robot_control_ros2': CMAKE_PREFIX_PATH=${CMAKE_PREFIX_PATH}:/opt/ros/jazzy DEBUGINFOD_URLS=https://debuginfod.ubuntu.com /usr/bin/cmake --build /home/chenque/cpp_practice/robot_control_ros2/build/robot_control_ros2 -- -j8 -l8
[0.071s] [  1%] Built target robot_control_ros2__rosidl_generator_type_description
[0.075s] [  2%] [32mBuilding CXX object CMakeFiles/joint_velocity_publisher.dir/src/joint_velocity_publisher.cpp.o[0m
[0.075s] [  5%] Built target timer_control_node
[0.077s] [  7%] Built target joint_velocity_subscriber
[0.082s] [  7%] Built target ament_cmake_python_copy_robot_control_ros2
[0.093s] [  8%] Built target robot_control_ros2__cpp
[0.097s] [ 26%] Built target robot_control_ros2__rosidl_generator_c
[0.126s] [ 34%] Built target robot_control_ros2__rosidl_typesupport_fastrtps_cpp
[0.127s] [ 50%] Built target robot_control_ros2__rosidl_typesupport_fastrtps_c
[0.127s] [ 50%] Built target robot_control_ros2__rosidl_typesupport_cpp
[0.130s] [ 57%] Built target robot_control_ros2__rosidl_typesupport_introspection_c
[0.132s] [ 65%] Built target robot_control_ros2__rosidl_typesupport_introspection_cpp
[0.135s] [ 73%] Built target robot_control_ros2__rosidl_typesupport_c
[0.154s] [ 75%] Built target robot_state_pub
[0.154s] [ 78%] Built target student_servier
[0.155s] [ 80%] Built target student_client
[0.160s] [ 80%] Built target robot_control_ros2
[0.163s] [ 83%] Built target vel_to_pos_node
[0.185s] [ 84%] Built target robot_control_ros2__py
[0.212s] [ 91%] Built target robot_control_ros2__rosidl_generator_py
[0.236s] [ 96%] Built target robot_control_ros2_s__rosidl_typesupport_c
[0.236s] [ 98%] Built target robot_control_ros2_s__rosidl_typesupport_introspection_c
[0.236s] [ 96%] Built target robot_control_ros2_s__rosidl_typesupport_fastrtps_c
[0.266s] running egg_info
[0.282s] [01m[K/home/chenque/cpp_practice/robot_control_ros2/src/robot_control_ros2/src/joint_velocity_publisher.cpp:2:10:[m[K [01;31m[Kfatal error: [m[Kstd_msgs/msg/joint_velocity_cmd.hpp: No such file or directory
[0.282s]     2 | #include [01;31m[K"std_msgs/msg/joint_velocity_cmd.hpp"[m[K
[0.282s]       |          [01;31m[K^~~~~~~~~~~~~~~~~~~~~~~~~~~~~~~~~~~~~[m[K
[0.282s] compilation terminated.
[0.283s] writing robot_control_ros2.egg-info/PKG-INFO
[0.283s] writing dependency_links to robot_control_ros2.egg-info/dependency_links.txt
[0.284s] writing top-level names to robot_control_ros2.egg-info/top_level.txt
[0.286s] gmake[2]: *** [CMakeFiles/joint_velocity_publisher.dir/build.make:76: CMakeFiles/joint_velocity_publisher.dir/src/joint_velocity_publisher.cpp.o] Error 1
[0.287s] gmake[1]: *** [CMakeFiles/Makefile2:635: CMakeFiles/joint_velocity_publisher.dir/all] Error 2
[0.287s] gmake[1]: *** Waiting for unfinished jobs....
[0.311s] reading manifest file 'robot_control_ros2.egg-info/SOURCES.txt'
[0.312s] writing manifest file 'robot_control_ros2.egg-info/SOURCES.txt'
[0.332s] [ 98%] Built target ament_cmake_python_build_robot_control_ros2_egg
[0.334s] gmake: *** [Makefile:146: all] Error 2
[0.336s] Invoked command in '/home/chenque/cpp_practice/robot_control_ros2/build/robot_control_ros2' returned '2': CMAKE_PREFIX_PATH=${CMAKE_PREFIX_PATH}:/opt/ros/jazzy DEBUGINFOD_URLS=https://debuginfod.ubuntu.com /usr/bin/cmake --build /home/chenque/cpp_practice/robot_control_ros2/build/robot_control_ros2 -- -j8 -l8
