[  1%] Built target robot_control_ros2__rosidl_generator_type_description
[  3%] Built target timer_control_node
[  6%] Built target joint_velocity_subscriber
[  6%] Built target ament_cmake_python_copy_robot_control_ros2
[ 20%] Built target robot_control_ros2__cpp
[ 25%] Built target robot_control_ros2__rosidl_generator_c
[ 40%] Built target robot_control_ros2__rosidl_typesupport_introspection_c
[ 40%] Built target robot_control_ros2__rosidl_typesupport_fastrtps_c
[ 47%] Built target robot_control_ros2__rosidl_typesupport_cpp
[ 61%] Built target robot_control_ros2__rosidl_typesupport_c
[ 62%] Built target robot_control_ros2__rosidl_typesupport_fastrtps_cpp
[ 70%] Built target robot_control_ros2__rosidl_typesupport_introspection_cpp
[ 70%] Built target robot_control_ros2
[ 76%] Built target student_servier
[ 78%] Built target student_client
[ 80%] Built target robot_state_pub
[ 76%] Built target joint_velocity_publisher
[ 81%] [32mBuilding CXX object CMakeFiles/vel_to_pos_node.dir/src/robot_utils/robot_state.cpp.o[0m
[ 82%] [32mBuilding CXX object CMakeFiles/vel_to_pos_node.dir/src/vel_to_pos_node.cpp.o[0m
[ 83%] [32mBuilding CXX object CMakeFiles/vel_to_pos_node.dir/src/robot_utils/safety_limiter.cpp.o[0m
[ 85%] Built target robot_control_ros2__py
[ 91%] Built target robot_control_ros2__rosidl_generator_py
[ 98%] Built target robot_control_ros2_s__rosidl_typesupport_fastrtps_c
[ 98%] Built target robot_control_ros2_s__rosidl_typesupport_introspection_c
[ 98%] Built target robot_control_ros2_s__rosidl_typesupport_c
running egg_info
writing robot_control_ros2.egg-info/PKG-INFO
writing dependency_links to robot_control_ros2.egg-info/dependency_links.txt
writing top-level names to robot_control_ros2.egg-info/top_level.txt
reading manifest file 'robot_control_ros2.egg-info/SOURCES.txt'
writing manifest file 'robot_control_ros2.egg-info/SOURCES.txt'
[ 98%] Built target ament_cmake_python_build_robot_control_ros2_egg
