[0.015s] Invoking command in '/home/chenque/cpp_practice/robot_control_ros2/build/robot_control_ros2': CMAKE_PREFIX_PATH=${CMAKE_PREFIX_PATH}:/opt/ros/jazzy DEBUGINFOD_URLS=https://debuginfod.ubuntu.com /usr/bin/cmake --build /home/chenque/cpp_practice/robot_control_ros2/build/robot_control_ros2 -- -j8 -l8
[0.086s] [  1%] Built target robot_control_ros2__rosidl_generator_type_description
[0.089s] [  5%] Built target joint_velocity_subscriber
[0.091s] [  8%] Built target joint_velocity_publisher
[0.091s] [ 12%] Built target timer_control_node
[0.098s] [ 12%] Built target ament_cmake_python_copy_robot_control_ros2
[0.110s] [ 14%] Built target robot_control_ros2__cpp
[0.112s] [ 28%] Built target robot_control_ros2__rosidl_generator_c
[0.144s] [ 42%] Built target robot_control_ros2__rosidl_typesupport_fastrtps_cpp
[0.144s] [ 42%] Built target robot_control_ros2__rosidl_typesupport_cpp
[0.144s] [ 51%] Built target robot_control_ros2__rosidl_typesupport_fastrtps_c
[0.145s] [ 57%] Built target robot_control_ros2__rosidl_typesupport_c
[0.146s] [ 64%] Built target robot_control_ros2__rosidl_typesupport_introspection_cpp
[0.147s] [ 71%] Built target robot_control_ros2__rosidl_typesupport_introspection_c
[0.173s] [ 71%] Built target robot_control_ros2
[0.176s] [ 78%] Built target robot_state_pub
[0.176s] [ 78%] Built target student_servier
[0.180s] [ 80%] [32mBuilding CXX object CMakeFiles/student_client.dir/src/student_client.cpp.o[0m
[0.200s] [ 82%] Built target robot_control_ros2__py
[0.230s] [ 87%] Built target robot_control_ros2__rosidl_generator_py
[0.254s] [ 91%] Built target robot_control_ros2_s__rosidl_typesupport_fastrtps_c
[0.256s] [ 94%] Built target robot_control_ros2_s__rosidl_typesupport_introspection_c
[0.257s] [ 98%] Built target robot_control_ros2_s__rosidl_typesupport_c
[0.271s] running egg_info
[0.284s] writing robot_control_ros2.egg-info/PKG-INFO
[0.285s] writing dependency_links to robot_control_ros2.egg-info/dependency_links.txt
[0.285s] writing top-level names to robot_control_ros2.egg-info/top_level.txt
[0.316s] reading manifest file 'robot_control_ros2.egg-info/SOURCES.txt'
[0.316s] writing manifest file 'robot_control_ros2.egg-info/SOURCES.txt'
[0.338s] [ 98%] Built target ament_cmake_python_build_robot_control_ros2_egg
[2.649s] [100%] [32m[1mLinking CXX executable student_client[0m
[2.752s] [100%] Built target student_client
[2.763s] Invoked command in '/home/chenque/cpp_practice/robot_control_ros2/build/robot_control_ros2' returned '0': CMAKE_PREFIX_PATH=${CMAKE_PREFIX_PATH}:/opt/ros/jazzy DEBUGINFOD_URLS=https://debuginfod.ubuntu.com /usr/bin/cmake --build /home/chenque/cpp_practice/robot_control_ros2/build/robot_control_ros2 -- -j8 -l8
[2.764s] Invoking command in '/home/chenque/cpp_practice/robot_control_ros2/build/robot_control_ros2': CMAKE_PREFIX_PATH=${CMAKE_PREFIX_PATH}:/opt/ros/jazzy DEBUGINFOD_URLS=https://debuginfod.ubuntu.com /usr/bin/cmake --install /home/chenque/cpp_practice/robot_control_ros2/build/robot_control_ros2
[2.772s] -- Install configuration: ""
[2.772s] -- Up-to-date: /home/chenque/cpp_practice/robot_control_ros2/install/robot_control_ros2/share/ament_index/resource_index/rosidl_interfaces/robot_control_ros2
[2.772s] -- Up-to-date: /home/chenque/cpp_practice/robot_control_ros2/install/robot_control_ros2/share/robot_control_ros2/msg/JointStateCommand.json
[2.772s] -- Up-to-date: /home/chenque/cpp_practice/robot_control_ros2/install/robot_control_ros2/share/robot_control_ros2/srv/Student.json
[2.772s] -- Up-to-date: /home/chenque/cpp_practice/robot_control_ros2/install/robot_control_ros2/include/robot_control_ros2/robot_control_ros2
[2.772s] -- Up-to-date: /home/chenque/cpp_practice/robot_control_ros2/install/robot_control_ros2/include/robot_control_ros2/robot_control_ros2/srv
[2.773s] -- Up-to-date: /home/chenque/cpp_practice/robot_control_ros2/install/robot_control_ros2/include/robot_control_ros2/robot_control_ros2/srv/detail
[2.773s] -- Up-to-date: /home/chenque/cpp_practice/robot_control_ros2/install/robot_control_ros2/include/robot_control_ros2/robot_control_ros2/srv/detail/student__struct.h
[2.773s] -- Up-to-date: /home/chenque/cpp_practice/robot_control_ros2/install/robot_control_ros2/include/robot_control_ros2/robot_control_ros2/srv/detail/student__type_support.h
[2.773s] -- Up-to-date: /home/chenque/cpp_practice/robot_control_ros2/install/robot_control_ros2/include/robot_control_ros2/robot_control_ros2/srv/detail/student__type_support.c
[2.773s] -- Up-to-date: /home/chenque/cpp_practice/robot_control_ros2/install/robot_control_ros2/include/robot_control_ros2/robot_control_ros2/srv/detail/student__description.c
[2.773s] -- Up-to-date: /home/chenque/cpp_practice/robot_control_ros2/install/robot_control_ros2/include/robot_control_ros2/robot_control_ros2/srv/detail/student__functions.h
[2.773s] -- Up-to-date: /home/chenque/cpp_practice/robot_control_ros2/install/robot_control_ros2/include/robot_control_ros2/robot_control_ros2/srv/detail/student__functions.c
[2.774s] -- Up-to-date: /home/chenque/cpp_practice/robot_control_ros2/install/robot_control_ros2/include/robot_control_ros2/robot_control_ros2/srv/student.h
[2.774s] -- Up-to-date: /home/chenque/cpp_practice/robot_control_ros2/install/robot_control_ros2/include/robot_control_ros2/robot_control_ros2/msg
[2.774s] -- Up-to-date: /home/chenque/cpp_practice/robot_control_ros2/install/robot_control_ros2/include/robot_control_ros2/robot_control_ros2/msg/detail
[2.774s] -- Up-to-date: /home/chenque/cpp_practice/robot_control_ros2/install/robot_control_ros2/include/robot_control_ros2/robot_control_ros2/msg/detail/joint_state_command__type_support.h
[2.774s] -- Up-to-date: /home/chenque/cpp_practice/robot_control_ros2/install/robot_control_ros2/include/robot_control_ros2/robot_control_ros2/msg/detail/joint_state_command__type_support.c
[2.774s] -- Up-to-date: /home/chenque/cpp_practice/robot_control_ros2/install/robot_control_ros2/include/robot_control_ros2/robot_control_ros2/msg/detail/joint_state_command__functions.c
[2.774s] -- Up-to-date: /home/chenque/cpp_practice/robot_control_ros2/install/robot_control_ros2/include/robot_control_ros2/robot_control_ros2/msg/detail/joint_state_command__description.c
[2.775s] -- Up-to-date: /home/chenque/cpp_practice/robot_control_ros2/install/robot_control_ros2/include/robot_control_ros2/robot_control_ros2/msg/detail/joint_state_command__functions.h
[2.775s] -- Up-to-date: /home/chenque/cpp_practice/robot_control_ros2/install/robot_control_ros2/include/robot_control_ros2/robot_control_ros2/msg/detail/joint_state_command__struct.h
[2.775s] -- Up-to-date: /home/chenque/cpp_practice/robot_control_ros2/install/robot_control_ros2/include/robot_control_ros2/robot_control_ros2/msg/joint_state_command.h
[2.775s] -- Up-to-date: /home/chenque/cpp_practice/robot_control_ros2/install/robot_control_ros2/include/robot_control_ros2/robot_control_ros2/msg/rosidl_generator_c__visibility_control.h
[2.775s] -- Up-to-date: /home/chenque/cpp_practice/robot_control_ros2/install/robot_control_ros2/share/robot_control_ros2/environment/library_path.sh
[2.776s] -- Up-to-date: /home/chenque/cpp_practice/robot_control_ros2/install/robot_control_ros2/share/robot_control_ros2/environment/library_path.dsv
[2.776s] -- Up-to-date: /home/chenque/cpp_practice/robot_control_ros2/install/robot_control_ros2/lib/librobot_control_ros2__rosidl_generator_c.so
[2.776s] -- Up-to-date: /home/chenque/cpp_practice/robot_control_ros2/install/robot_control_ros2/include/robot_control_ros2/robot_control_ros2
[2.776s] -- Up-to-date: /home/chenque/cpp_practice/robot_control_ros2/install/robot_control_ros2/include/robot_control_ros2/robot_control_ros2/srv
[2.776s] -- Up-to-date: /home/chenque/cpp_practice/robot_control_ros2/install/robot_control_ros2/include/robot_control_ros2/robot_control_ros2/srv/detail
[2.777s] -- Up-to-date: /home/chenque/cpp_practice/robot_control_ros2/install/robot_control_ros2/include/robot_control_ros2/robot_control_ros2/srv/detail/student__rosidl_typesupport_fastrtps_c.h
[2.777s] -- Up-to-date: /home/chenque/cpp_practice/robot_control_ros2/install/robot_control_ros2/include/robot_control_ros2/robot_control_ros2/msg
[2.777s] -- Up-to-date: /home/chenque/cpp_practice/robot_control_ros2/install/robot_control_ros2/include/robot_control_ros2/robot_control_ros2/msg/detail
[2.777s] -- Up-to-date: /home/chenque/cpp_practice/robot_control_ros2/install/robot_control_ros2/include/robot_control_ros2/robot_control_ros2/msg/detail/joint_state_command__rosidl_typesupport_fastrtps_c.h
[2.777s] -- Up-to-date: /home/chenque/cpp_practice/robot_control_ros2/install/robot_control_ros2/include/robot_control_ros2/robot_control_ros2/msg/rosidl_typesupport_fastrtps_c__visibility_control.h
[2.777s] -- Up-to-date: /home/chenque/cpp_practice/robot_control_ros2/install/robot_control_ros2/lib/librobot_control_ros2__rosidl_typesupport_fastrtps_c.so
[2.777s] -- Up-to-date: /home/chenque/cpp_practice/robot_control_ros2/install/robot_control_ros2/include/robot_control_ros2/robot_control_ros2
[2.778s] -- Up-to-date: /home/chenque/cpp_practice/robot_control_ros2/install/robot_control_ros2/include/robot_control_ros2/robot_control_ros2/srv
[2.778s] -- Up-to-date: /home/chenque/cpp_practice/robot_control_ros2/install/robot_control_ros2/include/robot_control_ros2/robot_control_ros2/srv/detail
[2.778s] -- Up-to-date: /home/chenque/cpp_practice/robot_control_ros2/install/robot_control_ros2/include/robot_control_ros2/robot_control_ros2/srv/detail/student__traits.hpp
[2.778s] -- Up-to-date: /home/chenque/cpp_practice/robot_control_ros2/install/robot_control_ros2/include/robot_control_ros2/robot_control_ros2/srv/detail/student__struct.hpp
[2.778s] -- Up-to-date: /home/chenque/cpp_practice/robot_control_ros2/install/robot_control_ros2/include/robot_control_ros2/robot_control_ros2/srv/detail/student__builder.hpp
[2.778s] -- Up-to-date: /home/chenque/cpp_practice/robot_control_ros2/install/robot_control_ros2/include/robot_control_ros2/robot_control_ros2/srv/detail/student__type_support.hpp
[2.778s] -- Up-to-date: /home/chenque/cpp_practice/robot_control_ros2/install/robot_control_ros2/include/robot_control_ros2/robot_control_ros2/srv/student.hpp
[2.778s] -- Up-to-date: /home/chenque/cpp_practice/robot_control_ros2/install/robot_control_ros2/include/robot_control_ros2/robot_control_ros2/msg
[2.778s] -- Up-to-date: /home/chenque/cpp_practice/robot_control_ros2/install/robot_control_ros2/include/robot_control_ros2/robot_control_ros2/msg/detail
[2.778s] -- Up-to-date: /home/chenque/cpp_practice/robot_control_ros2/install/robot_control_ros2/include/robot_control_ros2/robot_control_ros2/msg/detail/joint_state_command__type_support.hpp
[2.779s] -- Up-to-date: /home/chenque/cpp_practice/robot_control_ros2/install/robot_control_ros2/include/robot_control_ros2/robot_control_ros2/msg/detail/joint_state_command__struct.hpp
[2.779s] -- Up-to-date: /home/chenque/cpp_practice/robot_control_ros2/install/robot_control_ros2/include/robot_control_ros2/robot_control_ros2/msg/detail/joint_state_command__builder.hpp
[2.779s] -- Up-to-date: /home/chenque/cpp_practice/robot_control_ros2/install/robot_control_ros2/include/robot_control_ros2/robot_control_ros2/msg/detail/joint_state_command__traits.hpp
[2.779s] -- Up-to-date: /home/chenque/cpp_practice/robot_control_ros2/install/robot_control_ros2/include/robot_control_ros2/robot_control_ros2/msg/rosidl_generator_cpp__visibility_control.hpp
[2.779s] -- Up-to-date: /home/chenque/cpp_practice/robot_control_ros2/install/robot_control_ros2/include/robot_control_ros2/robot_control_ros2/msg/joint_state_command.hpp
[2.779s] -- Up-to-date: /home/chenque/cpp_practice/robot_control_ros2/install/robot_control_ros2/include/robot_control_ros2/robot_control_ros2
[2.779s] -- Up-to-date: /home/chenque/cpp_practice/robot_control_ros2/install/robot_control_ros2/include/robot_control_ros2/robot_control_ros2/srv
[2.780s] -- Up-to-date: /home/chenque/cpp_practice/robot_control_ros2/install/robot_control_ros2/include/robot_control_ros2/robot_control_ros2/srv/detail
[2.780s] -- Up-to-date: /home/chenque/cpp_practice/robot_control_ros2/install/robot_control_ros2/include/robot_control_ros2/robot_control_ros2/srv/detail/dds_fastrtps
[2.780s] -- Up-to-date: /home/chenque/cpp_practice/robot_control_ros2/install/robot_control_ros2/include/robot_control_ros2/robot_control_ros2/srv/detail/student__rosidl_typesupport_fastrtps_cpp.hpp
[2.780s] -- Up-to-date: /home/chenque/cpp_practice/robot_control_ros2/install/robot_control_ros2/include/robot_control_ros2/robot_control_ros2/msg
[2.780s] -- Up-to-date: /home/chenque/cpp_practice/robot_control_ros2/install/robot_control_ros2/include/robot_control_ros2/robot_control_ros2/msg/detail
[2.780s] -- Up-to-date: /home/chenque/cpp_practice/robot_control_ros2/install/robot_control_ros2/include/robot_control_ros2/robot_control_ros2/msg/detail/dds_fastrtps
[2.780s] -- Up-to-date: /home/chenque/cpp_practice/robot_control_ros2/install/robot_control_ros2/include/robot_control_ros2/robot_control_ros2/msg/detail/joint_state_command__rosidl_typesupport_fastrtps_cpp.hpp
[2.780s] -- Up-to-date: /home/chenque/cpp_practice/robot_control_ros2/install/robot_control_ros2/include/robot_control_ros2/robot_control_ros2/msg/rosidl_typesupport_fastrtps_cpp__visibility_control.h
[2.780s] -- Up-to-date: /home/chenque/cpp_practice/robot_control_ros2/install/robot_control_ros2/lib/librobot_control_ros2__rosidl_typesupport_fastrtps_cpp.so
[2.780s] -- Up-to-date: /home/chenque/cpp_practice/robot_control_ros2/install/robot_control_ros2/include/robot_control_ros2/robot_control_ros2
[2.780s] -- Up-to-date: /home/chenque/cpp_practice/robot_control_ros2/install/robot_control_ros2/include/robot_control_ros2/robot_control_ros2/srv
[2.780s] -- Up-to-date: /home/chenque/cpp_practice/robot_control_ros2/install/robot_control_ros2/include/robot_control_ros2/robot_control_ros2/srv/detail
[2.780s] -- Up-to-date: /home/chenque/cpp_practice/robot_control_ros2/install/robot_control_ros2/include/robot_control_ros2/robot_control_ros2/srv/detail/student__rosidl_typesupport_introspection_c.h
[2.780s] -- Up-to-date: /home/chenque/cpp_practice/robot_control_ros2/install/robot_control_ros2/include/robot_control_ros2/robot_control_ros2/srv/detail/student__type_support.c
[2.781s] -- Up-to-date: /home/chenque/cpp_practice/robot_control_ros2/install/robot_control_ros2/include/robot_control_ros2/robot_control_ros2/msg
[2.781s] -- Up-to-date: /home/chenque/cpp_practice/robot_control_ros2/install/robot_control_ros2/include/robot_control_ros2/robot_control_ros2/msg/detail
[2.781s] -- Up-to-date: /home/chenque/cpp_practice/robot_control_ros2/install/robot_control_ros2/include/robot_control_ros2/robot_control_ros2/msg/detail/joint_state_command__type_support.c
[2.781s] -- Up-to-date: /home/chenque/cpp_practice/robot_control_ros2/install/robot_control_ros2/include/robot_control_ros2/robot_control_ros2/msg/detail/joint_state_command__rosidl_typesupport_introspection_c.h
[2.781s] -- Up-to-date: /home/chenque/cpp_practice/robot_control_ros2/install/robot_control_ros2/include/robot_control_ros2/robot_control_ros2/msg/rosidl_typesupport_introspection_c__visibility_control.h
[2.781s] -- Up-to-date: /home/chenque/cpp_practice/robot_control_ros2/install/robot_control_ros2/lib/librobot_control_ros2__rosidl_typesupport_introspection_c.so
[2.781s] -- Up-to-date: /home/chenque/cpp_practice/robot_control_ros2/install/robot_control_ros2/lib/librobot_control_ros2__rosidl_typesupport_c.so
[2.781s] -- Up-to-date: /home/chenque/cpp_practice/robot_control_ros2/install/robot_control_ros2/include/robot_control_ros2/robot_control_ros2
[2.781s] -- Up-to-date: /home/chenque/cpp_practice/robot_control_ros2/install/robot_control_ros2/include/robot_control_ros2/robot_control_ros2/srv
[2.781s] -- Up-to-date: /home/chenque/cpp_practice/robot_control_ros2/install/robot_control_ros2/include/robot_control_ros2/robot_control_ros2/srv/detail
[2.781s] -- Up-to-date: /home/chenque/cpp_practice/robot_control_ros2/install/robot_control_ros2/include/robot_control_ros2/robot_control_ros2/srv/detail/student__type_support.cpp
[2.781s] -- Up-to-date: /home/chenque/cpp_practice/robot_control_ros2/install/robot_control_ros2/include/robot_control_ros2/robot_control_ros2/srv/detail/student__rosidl_typesupport_introspection_cpp.hpp
[2.781s] -- Up-to-date: /home/chenque/cpp_practice/robot_control_ros2/install/robot_control_ros2/include/robot_control_ros2/robot_control_ros2/msg
[2.781s] -- Up-to-date: /home/chenque/cpp_practice/robot_control_ros2/install/robot_control_ros2/include/robot_control_ros2/robot_control_ros2/msg/detail
[2.781s] -- Up-to-date: /home/chenque/cpp_practice/robot_control_ros2/install/robot_control_ros2/include/robot_control_ros2/robot_control_ros2/msg/detail/joint_state_command__type_support.cpp
[2.781s] -- Up-to-date: /home/chenque/cpp_practice/robot_control_ros2/install/robot_control_ros2/include/robot_control_ros2/robot_control_ros2/msg/detail/joint_state_command__rosidl_typesupport_introspection_cpp.hpp
[2.781s] -- Up-to-date: /home/chenque/cpp_practice/robot_control_ros2/install/robot_control_ros2/lib/librobot_control_ros2__rosidl_typesupport_introspection_cpp.so
[2.781s] -- Up-to-date: /home/chenque/cpp_practice/robot_control_ros2/install/robot_control_ros2/lib/librobot_control_ros2__rosidl_typesupport_cpp.so
[2.781s] -- Up-to-date: /home/chenque/cpp_practice/robot_control_ros2/install/robot_control_ros2/share/robot_control_ros2/environment/pythonpath.sh
[2.781s] -- Up-to-date: /home/chenque/cpp_practice/robot_control_ros2/install/robot_control_ros2/share/robot_control_ros2/environment/pythonpath.dsv
[2.781s] -- Up-to-date: /home/chenque/cpp_practice/robot_control_ros2/install/robot_control_ros2/lib/python3.12/site-packages/robot_control_ros2-0.0.0-py3.12.egg-info
[2.781s] -- Installing: /home/chenque/cpp_practice/robot_control_ros2/install/robot_control_ros2/lib/python3.12/site-packages/robot_control_ros2-0.0.0-py3.12.egg-info/SOURCES.txt
[2.781s] -- Installing: /home/chenque/cpp_practice/robot_control_ros2/install/robot_control_ros2/lib/python3.12/site-packages/robot_control_ros2-0.0.0-py3.12.egg-info/top_level.txt
[2.781s] -- Installing: /home/chenque/cpp_practice/robot_control_ros2/install/robot_control_ros2/lib/python3.12/site-packages/robot_control_ros2-0.0.0-py3.12.egg-info/PKG-INFO
[2.781s] -- Installing: /home/chenque/cpp_practice/robot_control_ros2/install/robot_control_ros2/lib/python3.12/site-packages/robot_control_ros2-0.0.0-py3.12.egg-info/dependency_links.txt
[2.781s] -- Up-to-date: /home/chenque/cpp_practice/robot_control_ros2/install/robot_control_ros2/lib/python3.12/site-packages/robot_control_ros2
[2.781s] -- Up-to-date: /home/chenque/cpp_practice/robot_control_ros2/install/robot_control_ros2/lib/python3.12/site-packages/robot_control_ros2/_robot_control_ros2_s.ep.rosidl_typesupport_introspection_c.c
[2.782s] -- Up-to-date: /home/chenque/cpp_practice/robot_control_ros2/install/robot_control_ros2/lib/python3.12/site-packages/robot_control_ros2/robot_control_ros2_s__rosidl_typesupport_introspection_c.so
[2.782s] -- Up-to-date: /home/chenque/cpp_practice/robot_control_ros2/install/robot_control_ros2/lib/python3.12/site-packages/robot_control_ros2/_robot_control_ros2_s.ep.rosidl_typesupport_fastrtps_c.c
[2.782s] -- Up-to-date: /home/chenque/cpp_practice/robot_control_ros2/install/robot_control_ros2/lib/python3.12/site-packages/robot_control_ros2/robot_control_ros2_s__rosidl_typesupport_fastrtps_c.so
[2.782s] -- Up-to-date: /home/chenque/cpp_practice/robot_control_ros2/install/robot_control_ros2/lib/python3.12/site-packages/robot_control_ros2/srv
[2.782s] -- Up-to-date: /home/chenque/cpp_practice/robot_control_ros2/install/robot_control_ros2/lib/python3.12/site-packages/robot_control_ros2/srv/_student.py
[2.782s] -- Up-to-date: /home/chenque/cpp_practice/robot_control_ros2/install/robot_control_ros2/lib/python3.12/site-packages/robot_control_ros2/srv/__init__.py
[2.782s] -- Up-to-date: /home/chenque/cpp_practice/robot_control_ros2/install/robot_control_ros2/lib/python3.12/site-packages/robot_control_ros2/srv/_student_s.c
[2.782s] -- Up-to-date: /home/chenque/cpp_practice/robot_control_ros2/install/robot_control_ros2/lib/python3.12/site-packages/robot_control_ros2/__init__.py
[2.782s] -- Up-to-date: /home/chenque/cpp_practice/robot_control_ros2/install/robot_control_ros2/lib/python3.12/site-packages/robot_control_ros2/msg
[2.782s] -- Up-to-date: /home/chenque/cpp_practice/robot_control_ros2/install/robot_control_ros2/lib/python3.12/site-packages/robot_control_ros2/msg/_joint_state_command_s.c
[2.782s] -- Up-to-date: /home/chenque/cpp_practice/robot_control_ros2/install/robot_control_ros2/lib/python3.12/site-packages/robot_control_ros2/msg/_joint_state_command.py
[2.782s] -- Up-to-date: /home/chenque/cpp_practice/robot_control_ros2/install/robot_control_ros2/lib/python3.12/site-packages/robot_control_ros2/msg/__init__.py
[2.782s] -- Up-to-date: /home/chenque/cpp_practice/robot_control_ros2/install/robot_control_ros2/lib/python3.12/site-packages/robot_control_ros2/_robot_control_ros2_s.ep.rosidl_typesupport_c.c
[2.782s] -- Up-to-date: /home/chenque/cpp_practice/robot_control_ros2/install/robot_control_ros2/lib/python3.12/site-packages/robot_control_ros2/robot_control_ros2_s__rosidl_typesupport_c.so
[2.803s] Listing '/home/chenque/cpp_practice/robot_control_ros2/install/robot_control_ros2/lib/python3.12/site-packages/robot_control_ros2'...
[2.803s] Listing '/home/chenque/cpp_practice/robot_control_ros2/install/robot_control_ros2/lib/python3.12/site-packages/robot_control_ros2/msg'...
[2.803s] Listing '/home/chenque/cpp_practice/robot_control_ros2/install/robot_control_ros2/lib/python3.12/site-packages/robot_control_ros2/srv'...
[2.806s] -- Up-to-date: /home/chenque/cpp_practice/robot_control_ros2/install/robot_control_ros2/lib/python3.12/site-packages/robot_control_ros2/robot_control_ros2_s__rosidl_typesupport_fastrtps_c.so
[2.807s] -- Up-to-date: /home/chenque/cpp_practice/robot_control_ros2/install/robot_control_ros2/lib/python3.12/site-packages/robot_control_ros2/robot_control_ros2_s__rosidl_typesupport_introspection_c.so
[2.808s] -- Up-to-date: /home/chenque/cpp_practice/robot_control_ros2/install/robot_control_ros2/lib/python3.12/site-packages/robot_control_ros2/robot_control_ros2_s__rosidl_typesupport_c.so
[2.808s] -- Up-to-date: /home/chenque/cpp_practice/robot_control_ros2/install/robot_control_ros2/lib/librobot_control_ros2__rosidl_generator_py.so
[2.808s] -- Up-to-date: /home/chenque/cpp_practice/robot_control_ros2/install/robot_control_ros2/share/robot_control_ros2/msg/JointStateCommand.idl
[2.808s] -- Up-to-date: /home/chenque/cpp_practice/robot_control_ros2/install/robot_control_ros2/share/robot_control_ros2/srv/Student.idl
[2.808s] -- Up-to-date: /home/chenque/cpp_practice/robot_control_ros2/install/robot_control_ros2/share/robot_control_ros2/msg/JointStateCommand.msg
[2.808s] -- Up-to-date: /home/chenque/cpp_practice/robot_control_ros2/install/robot_control_ros2/share/robot_control_ros2/srv/Student.srv
[2.809s] -- Up-to-date: /home/chenque/cpp_practice/robot_control_ros2/install/robot_control_ros2/lib/robot_control_ros2/joint_velocity_publisher
[2.809s] -- Up-to-date: /home/chenque/cpp_practice/robot_control_ros2/install/robot_control_ros2/lib/robot_control_ros2/joint_velocity_subscriber
[2.809s] -- Up-to-date: /home/chenque/cpp_practice/robot_control_ros2/install/robot_control_ros2/lib/robot_control_ros2/timer_control_node
[2.809s] -- Up-to-date: /home/chenque/cpp_practice/robot_control_ros2/install/robot_control_ros2/lib/robot_control_ros2/robot_state_pub
[2.809s] -- Up-to-date: /home/chenque/cpp_practice/robot_control_ros2/install/robot_control_ros2/lib/robot_control_ros2/student_servier
[2.809s] -- Installing: /home/chenque/cpp_practice/robot_control_ros2/install/robot_control_ros2/lib/robot_control_ros2/student_client
[2.810s] -- Set non-toolchain portion of runtime path of "/home/chenque/cpp_practice/robot_control_ros2/install/robot_control_ros2/lib/robot_control_ros2/student_client" to ""
[2.810s] -- Up-to-date: /home/chenque/cpp_practice/robot_control_ros2/install/robot_control_ros2/share/ament_index/resource_index/package_run_dependencies/robot_control_ros2
[2.811s] -- Up-to-date: /home/chenque/cpp_practice/robot_control_ros2/install/robot_control_ros2/share/ament_index/resource_index/parent_prefix_path/robot_control_ros2
[2.811s] -- Up-to-date: /home/chenque/cpp_practice/robot_control_ros2/install/robot_control_ros2/share/robot_control_ros2/environment/ament_prefix_path.sh
[2.811s] -- Up-to-date: /home/chenque/cpp_practice/robot_control_ros2/install/robot_control_ros2/share/robot_control_ros2/environment/ament_prefix_path.dsv
[2.811s] -- Up-to-date: /home/chenque/cpp_practice/robot_control_ros2/install/robot_control_ros2/share/robot_control_ros2/environment/path.sh
[2.811s] -- Up-to-date: /home/chenque/cpp_practice/robot_control_ros2/install/robot_control_ros2/share/robot_control_ros2/environment/path.dsv
[2.811s] -- Up-to-date: /home/chenque/cpp_practice/robot_control_ros2/install/robot_control_ros2/share/robot_control_ros2/local_setup.bash
[2.811s] -- Up-to-date: /home/chenque/cpp_practice/robot_control_ros2/install/robot_control_ros2/share/robot_control_ros2/local_setup.sh
[2.811s] -- Up-to-date: /home/chenque/cpp_practice/robot_control_ros2/install/robot_control_ros2/share/robot_control_ros2/local_setup.zsh
[2.811s] -- Up-to-date: /home/chenque/cpp_practice/robot_control_ros2/install/robot_control_ros2/share/robot_control_ros2/local_setup.dsv
[2.811s] -- Installing: /home/chenque/cpp_practice/robot_control_ros2/install/robot_control_ros2/share/robot_control_ros2/package.dsv
[2.811s] -- Up-to-date: /home/chenque/cpp_practice/robot_control_ros2/install/robot_control_ros2/share/ament_index/resource_index/packages/robot_control_ros2
[2.811s] -- Up-to-date: /home/chenque/cpp_practice/robot_control_ros2/install/robot_control_ros2/share/robot_control_ros2/cmake/export_robot_control_ros2__rosidl_generator_cExport.cmake
[2.811s] -- Up-to-date: /home/chenque/cpp_practice/robot_control_ros2/install/robot_control_ros2/share/robot_control_ros2/cmake/export_robot_control_ros2__rosidl_generator_cExport-noconfig.cmake
[2.812s] -- Up-to-date: /home/chenque/cpp_practice/robot_control_ros2/install/robot_control_ros2/share/robot_control_ros2/cmake/export_robot_control_ros2__rosidl_typesupport_fastrtps_cExport.cmake
[2.812s] -- Up-to-date: /home/chenque/cpp_practice/robot_control_ros2/install/robot_control_ros2/share/robot_control_ros2/cmake/export_robot_control_ros2__rosidl_typesupport_fastrtps_cExport-noconfig.cmake
[2.812s] -- Up-to-date: /home/chenque/cpp_practice/robot_control_ros2/install/robot_control_ros2/share/robot_control_ros2/cmake/export_robot_control_ros2__rosidl_generator_cppExport.cmake
[2.812s] -- Up-to-date: /home/chenque/cpp_practice/robot_control_ros2/install/robot_control_ros2/share/robot_control_ros2/cmake/export_robot_control_ros2__rosidl_typesupport_fastrtps_cppExport.cmake
[2.812s] -- Up-to-date: /home/chenque/cpp_practice/robot_control_ros2/install/robot_control_ros2/share/robot_control_ros2/cmake/export_robot_control_ros2__rosidl_typesupport_fastrtps_cppExport-noconfig.cmake
[2.812s] -- Up-to-date: /home/chenque/cpp_practice/robot_control_ros2/install/robot_control_ros2/share/robot_control_ros2/cmake/robot_control_ros2__rosidl_typesupport_introspection_cExport.cmake
[2.812s] -- Up-to-date: /home/chenque/cpp_practice/robot_control_ros2/install/robot_control_ros2/share/robot_control_ros2/cmake/robot_control_ros2__rosidl_typesupport_introspection_cExport-noconfig.cmake
[2.812s] -- Up-to-date: /home/chenque/cpp_practice/robot_control_ros2/install/robot_control_ros2/share/robot_control_ros2/cmake/robot_control_ros2__rosidl_typesupport_cExport.cmake
[2.813s] -- Up-to-date: /home/chenque/cpp_practice/robot_control_ros2/install/robot_control_ros2/share/robot_control_ros2/cmake/robot_control_ros2__rosidl_typesupport_cExport-noconfig.cmake
[2.813s] -- Up-to-date: /home/chenque/cpp_practice/robot_control_ros2/install/robot_control_ros2/share/robot_control_ros2/cmake/robot_control_ros2__rosidl_typesupport_introspection_cppExport.cmake
[2.813s] -- Up-to-date: /home/chenque/cpp_practice/robot_control_ros2/install/robot_control_ros2/share/robot_control_ros2/cmake/robot_control_ros2__rosidl_typesupport_introspection_cppExport-noconfig.cmake
[2.813s] -- Up-to-date: /home/chenque/cpp_practice/robot_control_ros2/install/robot_control_ros2/share/robot_control_ros2/cmake/robot_control_ros2__rosidl_typesupport_cppExport.cmake
[2.813s] -- Up-to-date: /home/chenque/cpp_practice/robot_control_ros2/install/robot_control_ros2/share/robot_control_ros2/cmake/robot_control_ros2__rosidl_typesupport_cppExport-noconfig.cmake
[2.813s] -- Up-to-date: /home/chenque/cpp_practice/robot_control_ros2/install/robot_control_ros2/share/robot_control_ros2/cmake/export_robot_control_ros2__rosidl_generator_pyExport.cmake
[2.813s] -- Up-to-date: /home/chenque/cpp_practice/robot_control_ros2/install/robot_control_ros2/share/robot_control_ros2/cmake/export_robot_control_ros2__rosidl_generator_pyExport-noconfig.cmake
[2.813s] -- Up-to-date: /home/chenque/cpp_practice/robot_control_ros2/install/robot_control_ros2/share/robot_control_ros2/cmake/rosidl_cmake-extras.cmake
[2.814s] -- Up-to-date: /home/chenque/cpp_practice/robot_control_ros2/install/robot_control_ros2/share/robot_control_ros2/cmake/ament_cmake_export_dependencies-extras.cmake
[2.814s] -- Up-to-date: /home/chenque/cpp_practice/robot_control_ros2/install/robot_control_ros2/share/robot_control_ros2/cmake/ament_cmake_export_include_directories-extras.cmake
[2.814s] -- Up-to-date: /home/chenque/cpp_practice/robot_control_ros2/install/robot_control_ros2/share/robot_control_ros2/cmake/ament_cmake_export_libraries-extras.cmake
[2.814s] -- Up-to-date: /home/chenque/cpp_practice/robot_control_ros2/install/robot_control_ros2/share/robot_control_ros2/cmake/ament_cmake_export_targets-extras.cmake
[2.814s] -- Up-to-date: /home/chenque/cpp_practice/robot_control_ros2/install/robot_control_ros2/share/robot_control_ros2/cmake/rosidl_cmake_export_typesupport_targets-extras.cmake
[2.814s] -- Up-to-date: /home/chenque/cpp_practice/robot_control_ros2/install/robot_control_ros2/share/robot_control_ros2/cmake/rosidl_cmake_export_typesupport_libraries-extras.cmake
[2.814s] -- Up-to-date: /home/chenque/cpp_practice/robot_control_ros2/install/robot_control_ros2/share/robot_control_ros2/cmake/robot_control_ros2Config.cmake
[2.814s] -- Up-to-date: /home/chenque/cpp_practice/robot_control_ros2/install/robot_control_ros2/share/robot_control_ros2/cmake/robot_control_ros2Config-version.cmake
[2.814s] -- Up-to-date: /home/chenque/cpp_practice/robot_control_ros2/install/robot_control_ros2/share/robot_control_ros2/package.xml
[2.816s] Invoked command in '/home/chenque/cpp_practice/robot_control_ros2/build/robot_control_ros2' returned '0': CMAKE_PREFIX_PATH=${CMAKE_PREFIX_PATH}:/opt/ros/jazzy DEBUGINFOD_URLS=https://debuginfod.ubuntu.com /usr/bin/cmake --install /home/chenque/cpp_practice/robot_control_ros2/build/robot_control_ros2
