[01m[K/home/chenque/cpp_practice/robot_control_ros2/src/robot_control_ros2/src/robot_state_pub.cpp:[m[K In member function ‘[01m[Kvoid RobotStatePub::[01;32m[Ktime_callback[m[K()[m[K’:
[01m[K/home/chenque/cpp_practice/robot_control_ros2/src/robot_control_ros2/src/robot_state_pub.cpp:17:13:[m[K [01;31m[Kerror: [m[K‘[01m[Kusing robot_control_ros2::msg::JointStateCommand = struct robot_control_ros2::msg::JointStateCommand_<std::allocator<void> >[m[K’ {aka ‘[01m[Kstruct robot_control_ros2::msg::JointStateCommand_<std::allocator<void> >[m[K’} has no member named ‘[01m[Kposition[m[K’
   17 |         msg.[01;31m[Kposition[m[K = {1.0, 2.3, 3.1};
      |             [01;31m[K^~~~~~~~[m[K
[01m[K/home/chenque/cpp_practice/robot_control_ros2/src/robot_control_ros2/src/robot_state_pub.cpp:18:13:[m[K [01;31m[Kerror: [m[K‘[01m[Kusing robot_control_ros2::msg::JointStateCommand = struct robot_control_ros2::msg::JointStateCommand_<std::allocator<void> >[m[K’ {aka ‘[01m[Kstruct robot_control_ros2::msg::JointStateCommand_<std::allocator<void> >[m[K’} has no member named ‘[01m[Kvelocity[m[K’
   18 |         msg.[01;31m[Kvelocity[m[K = {2.8, 3.1, 3.3};
      |             [01;31m[K^~~~~~~~[m[K
[01m[K/home/chenque/cpp_practice/robot_control_ros2/src/robot_control_ros2/src/robot_state_pub.cpp:19:13:[m[K [01;31m[Kerror: [m[K‘[01m[Kusing robot_control_ros2::msg::JointStateCommand = struct robot_control_ros2::msg::JointStateCommand_<std::allocator<void> >[m[K’ {aka ‘[01m[Kstruct robot_control_ros2::msg::JointStateCommand_<std::allocator<void> >[m[K’} has no member named ‘[01m[Kis_exc[m[K’
   19 |         msg.[01;31m[Kis_exc[m[K = true;
      |             [01;31m[K^~~~~~[m[K
In file included from [01m[K/opt/ros/jazzy/include/rclcpp/rclcpp/logging.hpp:24[m[K,
                 from [01m[K/opt/ros/jazzy/include/rclcpp/rclcpp/copy_all_parameter_values.hpp:27[m[K,
                 from [01m[K/opt/ros/jazzy/include/rclcpp/rclcpp/rclcpp.hpp:171[m[K,
                 from [01m[K/home/chenque/cpp_practice/robot_control_ros2/src/robot_control_ros2/src/robot_state_pub.cpp:1[m[K:
[01m[K/home/chenque/cpp_practice/robot_control_ros2/src/robot_control_ros2/src/robot_state_pub.cpp:21:17:[m[K [01;31m[Kerror: [m[K‘[01m[Kusing robot_control_ros2::msg::JointStateCommand = struct robot_control_ros2::msg::JointStateCommand_<std::allocator<void> >[m[K’ {aka ‘[01m[Kstruct robot_control_ros2::msg::JointStateCommand_<std::allocator<void> >[m[K’} has no member named ‘[01m[Kposition[m[K’
   21 |             msg.[01;31m[Kposition[m[K[0], msg.position[1], msg.position[2], msg.velocity[0], msg.velocity[1], msg.velocity[2],
      |                 [01;31m[K^~~~~~~~[m[K
[01m[K/home/chenque/cpp_practice/robot_control_ros2/src/robot_control_ros2/src/robot_state_pub.cpp:21:34:[m[K [01;31m[Kerror: [m[K‘[01m[Kusing robot_control_ros2::msg::JointStateCommand = struct robot_control_ros2::msg::JointStateCommand_<std::allocator<void> >[m[K’ {aka ‘[01m[Kstruct robot_control_ros2::msg::JointStateCommand_<std::allocator<void> >[m[K’} has no member named ‘[01m[Kposition[m[K’
   21 |             msg.position[0], msg.[01;31m[Kposition[m[K[1], msg.position[2], msg.velocity[0], msg.velocity[1], msg.velocity[2],
      |                                  [01;31m[K^~~~~~~~[m[K
[01m[K/home/chenque/cpp_practice/robot_control_ros2/src/robot_control_ros2/src/robot_state_pub.cpp:21:51:[m[K [01;31m[Kerror: [m[K‘[01m[Kusing robot_control_ros2::msg::JointStateCommand = struct robot_control_ros2::msg::JointStateCommand_<std::allocator<void> >[m[K’ {aka ‘[01m[Kstruct robot_control_ros2::msg::JointStateCommand_<std::allocator<void> >[m[K’} has no member named ‘[01m[Kposition[m[K’
   21 |             msg.position[0], msg.position[1], msg.[01;31m[Kposition[m[K[2], msg.velocity[0], msg.velocity[1], msg.velocity[2],
      |                                                   [01;31m[K^~~~~~~~[m[K
[01m[K/home/chenque/cpp_practice/robot_control_ros2/src/robot_control_ros2/src/robot_state_pub.cpp:21:68:[m[K [01;31m[Kerror: [m[K‘[01m[Kusing robot_control_ros2::msg::JointStateCommand = struct robot_control_ros2::msg::JointStateCommand_<std::allocator<void> >[m[K’ {aka ‘[01m[Kstruct robot_control_ros2::msg::JointStateCommand_<std::allocator<void> >[m[K’} has no member named ‘[01m[Kvelocity[m[K’
   21 |          msg.position[0], msg.position[1], msg.position[2], msg.[01;31m[Kvelocity[m[K[0], msg.velocity[1], msg.velocity[2],
      |                                                                 [01;31m[K^~~~~~~~[m[K

[01m[K/home/chenque/cpp_practice/robot_control_ros2/src/robot_control_ros2/src/robot_state_pub.cpp:21:85:[m[K [01;31m[Kerror: [m[K‘[01m[Kusing robot_control_ros2::msg::JointStateCommand = struct robot_control_ros2::msg::JointStateCommand_<std::allocator<void> >[m[K’ {aka ‘[01m[Kstruct robot_control_ros2::msg::JointStateCommand_<std::allocator<void> >[m[K’} has no member named ‘[01m[Kvelocity[m[K’
   21 | tion[0], msg.position[1], msg.position[2], msg.velocity[0], msg.[01;31m[Kvelocity[m[K[1], msg.velocity[2],
      |                                                                 [01;31m[K^~~~~~~~[m[K

[01m[K/home/chenque/cpp_practice/robot_control_ros2/src/robot_control_ros2/src/robot_state_pub.cpp:21:102:[m[K [01;31m[Kerror: [m[K‘[01m[Kusing robot_control_ros2::msg::JointStateCommand = struct robot_control_ros2::msg::JointStateCommand_<std::allocator<void> >[m[K’ {aka ‘[01m[Kstruct robot_control_ros2::msg::JointStateCommand_<std::allocator<void> >[m[K’} has no member named ‘[01m[Kvelocity[m[K’
   21 | tion[1], msg.position[2], msg.velocity[0], msg.velocity[1], msg.[01;31m[Kvelocity[m[K[2],
      |                                                                 [01;31m[K^~~~~~~~[m[K

[01m[K/home/chenque/cpp_practice/robot_control_ros2/src/robot_control_ros2/src/robot_state_pub.cpp:22:17:[m[K [01;31m[Kerror: [m[K‘[01m[Kusing robot_control_ros2::msg::JointStateCommand = struct robot_control_ros2::msg::JointStateCommand_<std::allocator<void> >[m[K’ {aka ‘[01m[Kstruct robot_control_ros2::msg::JointStateCommand_<std::allocator<void> >[m[K’} has no member named ‘[01m[Kis_exc[m[K’
   22 |             msg.[01;31m[Kis_exc[m[K ? "true" : "false");
      |                 [01;31m[K^~~~~~[m[K
gmake[2]: *** [CMakeFiles/robot_state_pub.dir/build.make:76: CMakeFiles/robot_state_pub.dir/src/robot_state_pub.cpp.o] Error 1
gmake[1]: *** [CMakeFiles/Makefile2:709: CMakeFiles/robot_state_pub.dir/all] Error 2
gmake[1]: *** Waiting for unfinished jobs....
gmake: *** [Makefile:146: all] Error 2
