-- The C compiler identification is GNU 13.3.0
-- The CXX compiler identification is GNU 13.3.0
-- Detecting C compiler ABI info
-- Detecting C compiler ABI info - done
-- Check for working C compiler: /usr/bin/cc - skipped
-- Detecting C compile features
-- Detecting C compile features - done
-- Detecting CXX compiler ABI info
-- Detecting CXX compiler ABI info - done
-- Check for working CXX compiler: /usr/bin/c++ - skipped
-- Detecting CXX compile features
-- Detecting CXX compile features - done
-- Found ament_cmake: 2.5.5 (/opt/ros/jazzy/share/ament_cmake/cmake)
-- Found Python3: /usr/bin/python3 (found version "3.12.3") found components: Interpreter 
-- Found rclcpp: 28.1.16 (/opt/ros/jazzy/share/rclcpp/cmake)
-- Found rosidl_generator_c: 4.6.7 (/opt/ros/jazzy/share/rosidl_generator_c/cmake)
-- Found rosidl_generator_cpp: 4.6.7 (/opt/ros/jazzy/share/rosidl_generator_cpp/cmake)
-- Using all available rosidl_typesupport_c: rosidl_typesupport_fastrtps_c;rosidl_typesupport_introspection_c
-- Using all available rosidl_typesupport_cpp: rosidl_typesupport_fastrtps_cpp;rosidl_typesupport_introspection_cpp
-- Found rmw_implementation_cmake: 7.3.3 (/opt/ros/jazzy/share/rmw_implementation_cmake/cmake)
-- Found rmw_fastrtps_cpp: 8.4.3 (/opt/ros/jazzy/share/rmw_fastrtps_cpp/cmake)
-- Found OpenSSL: /usr/lib/x86_64-linux-gnu/libcrypto.so (found version "3.0.13")  
-- Found FastRTPS: /opt/ros/jazzy/include (Required is at least version "2.13") 
-- Using RMW implementation 'rmw_fastrtps_cpp' as default
-- Found std_msgs: 5.3.6 (/opt/ros/jazzy/share/std_msgs/cmake)
-- Found rosidl_default_generators: 1.6.0 (/opt/ros/jazzy/share/rosidl_default_generators/cmake)
-- Found rosidl_adapter: 4.6.7 (/opt/ros/jazzy/share/rosidl_adapter/cmake)
-- Found ament_cmake_ros: 0.12.0 (/opt/ros/jazzy/share/ament_cmake_ros/cmake)
-- Using all available rosidl_typesupport_c: rosidl_typesupport_fastrtps_c;rosidl_typesupport_introspection_c
-- Using all available rosidl_typesupport_cpp: rosidl_typesupport_fastrtps_cpp;rosidl_typesupport_introspection_cpp
-- Found python_cmake_module: 0.11.1 (/opt/ros/jazzy/share/python_cmake_module/cmake)
-- Found PythonExtra: /usr/bin/python3  
-- Found Python3: /usr/bin/python3 (found version "3.12.3") found components: Interpreter Development NumPy Development.Module Development.Embed 
-- Found ament_lint_auto: 0.17.4 (/opt/ros/jazzy/share/ament_lint_auto/cmake)
-- Added test 'cppcheck' to perform static code analysis on C / C++ code
-- Configured cppcheck include dirs: 
-- Configured cppcheck exclude dirs and/or files: 
-- Added test 'lint_cmake' to check CMake code style
-- Added test 'uncrustify' to check C / C++ code style
-- Configured uncrustify additional arguments: 
-- Added test 'xmllint' to check XML markup files
-- Configuring done (2.6s)
-- Generating done (0.0s)
-- Build files have been written to: /home/chenque/cpp_practice/robot_control_ros2/build/robot_control_ros2
[  2%] [32mBuilding CXX object CMakeFiles/joint_velocity_subscriber.dir/src/joint_velocity_subscriber.cpp.o[0m
[  4%] [34m[1mGenerating type hashes for ROS interfaces[0m
[  7%] [32mBuilding CXX object CMakeFiles/joint_velocity_publisher.dir/src/joint_velocity_publisher.cpp.o[0m
[  9%] [32mBuilding CXX object CMakeFiles/timer_control_node.dir/src/timer_control_node.cpp.o[0m
[  9%] Built target ament_cmake_python_copy_robot_control_ros2
[  9%] Built target robot_control_ros2__rosidl_generator_type_description
[ 11%] [34m[1mGenerating C code for ROS interfaces[0m
[ 14%] [34m[1mGenerating C++ code for ROS interfaces[0m
running egg_info
creating robot_control_ros2.egg-info
writing robot_control_ros2.egg-info/PKG-INFO
writing dependency_links to robot_control_ros2.egg-info/dependency_links.txt
writing top-level names to robot_control_ros2.egg-info/top_level.txt
writing manifest file 'robot_control_ros2.egg-info/SOURCES.txt'
reading manifest file 'robot_control_ros2.egg-info/SOURCES.txt'
writing manifest file 'robot_control_ros2.egg-info/SOURCES.txt'
[ 14%] Built target ament_cmake_python_build_robot_control_ros2_egg
[ 16%] [32mBuilding C object CMakeFiles/robot_control_ros2__rosidl_generator_c.dir/rosidl_generator_c/robot_control_ros2/msg/detail/joint_state_command__type_support.c.o[0m
[ 19%] [32mBuilding C object CMakeFiles/robot_control_ros2__rosidl_generator_c.dir/rosidl_generator_c/robot_control_ros2/msg/detail/joint_state_command__description.c.o[0m
[ 19%] Built target robot_control_ros2__cpp
[ 21%] [32mBuilding C object CMakeFiles/robot_control_ros2__rosidl_generator_c.dir/rosidl_generator_c/robot_control_ros2/msg/detail/joint_state_command__functions.c.o[0m
[ 23%] [32m[1mLinking C shared library librobot_control_ros2__rosidl_generator_c.so[0m
[ 23%] Built target robot_control_ros2__rosidl_generator_c
[ 26%] [34m[1mGenerating C type support for eProsima Fast-RTPS[0m
[ 28%] [34m[1mGenerating C++ type support dispatch for ROS interfaces[0m
[ 33%] [34m[1mGenerating C introspection for ROS interfaces[0m
[ 33%] [34m[1mGenerating C type support dispatch for ROS interfaces[0m
[ 35%] [34m[1mGenerating C++ type support for eProsima Fast-RTPS[0m
[ 38%] [32mBuilding CXX object CMakeFiles/robot_control_ros2__rosidl_typesupport_c.dir/rosidl_typesupport_c/robot_control_ros2/msg/joint_state_command__type_support.cpp.o[0m
[ 40%] [32mBuilding CXX object CMakeFiles/robot_control_ros2__rosidl_typesupport_cpp.dir/rosidl_typesupport_cpp/robot_control_ros2/msg/joint_state_command__type_support.cpp.o[0m
[ 45%] [32mBuilding CXX object CMakeFiles/robot_control_ros2__rosidl_typesupport_fastrtps_cpp.dir/rosidl_typesupport_fastrtps_cpp/robot_control_ros2/msg/detail/dds_fastrtps/joint_state_command__type_support.cpp.o[0m
[ 45%] [32mBuilding C object CMakeFiles/robot_control_ros2__rosidl_typesupport_introspection_c.dir/rosidl_typesupport_introspection_c/robot_control_ros2/msg/detail/joint_state_command__type_support.c.o[0m
[ 47%] [32mBuilding CXX object CMakeFiles/robot_control_ros2__rosidl_typesupport_fastrtps_c.dir/rosidl_typesupport_fastrtps_c/robot_control_ros2/msg/detail/joint_state_command__type_support_c.cpp.o[0m
[ 50%] [32m[1mLinking CXX shared library librobot_control_ros2__rosidl_typesupport_c.so[0m
[ 52%] [32m[1mLinking C shared library librobot_control_ros2__rosidl_typesupport_introspection_c.so[0m
[ 52%] Built target robot_control_ros2__rosidl_typesupport_introspection_c
[ 52%] Built target robot_control_ros2__rosidl_typesupport_c
[ 54%] [34m[1mGenerating C++ introspection for ROS interfaces[0m
[ 57%] [32m[1mLinking CXX shared library librobot_control_ros2__rosidl_typesupport_cpp.so[0m
[ 57%] Built target robot_control_ros2__rosidl_typesupport_cpp
[ 59%] [32mBuilding CXX object CMakeFiles/robot_control_ros2__rosidl_typesupport_introspection_cpp.dir/rosidl_typesupport_introspection_cpp/robot_control_ros2/msg/detail/joint_state_command__type_support.cpp.o[0m
[ 61%] [32mBuilding CXX object CMakeFiles/robot_state_pub.dir/src/robot_state_pub.cpp.o[0m
[ 64%] [32m[1mLinking CXX shared library librobot_control_ros2__rosidl_typesupport_fastrtps_cpp.so[0m
[ 66%] [32m[1mLinking CXX shared library librobot_control_ros2__rosidl_typesupport_fastrtps_c.so[0m
[ 66%] Built target robot_control_ros2__rosidl_typesupport_fastrtps_cpp
[ 66%] Built target robot_control_ros2__rosidl_typesupport_fastrtps_c
[ 69%] [32m[1mLinking CXX shared library librobot_control_ros2__rosidl_typesupport_introspection_cpp.so[0m
[ 69%] Built target robot_control_ros2__rosidl_typesupport_introspection_cpp
[ 69%] Built target robot_control_ros2
[ 71%] [34m[1mGenerating Python code for ROS interfaces[0m
[ 71%] Built target robot_control_ros2__py
[ 73%] [32mBuilding C object CMakeFiles/robot_control_ros2__rosidl_generator_py.dir/rosidl_generator_py/robot_control_ros2/msg/_joint_state_command_s.c.o[0m
[ 76%] [32m[1mLinking C shared library librobot_control_ros2__rosidl_generator_py.so[0m
[ 76%] Built target robot_control_ros2__rosidl_generator_py
[ 80%] [32mBuilding C object CMakeFiles/robot_control_ros2_s__rosidl_typesupport_fastrtps_c.dir/rosidl_generator_py/robot_control_ros2/_robot_control_ros2_s.ep.rosidl_typesupport_fastrtps_c.c.o[0m
[ 80%] [32mBuilding C object CMakeFiles/robot_control_ros2_s__rosidl_typesupport_introspection_c.dir/rosidl_generator_py/robot_control_ros2/_robot_control_ros2_s.ep.rosidl_typesupport_introspection_c.c.o[0m
[ 83%] [32mBuilding C object CMakeFiles/robot_control_ros2_s__rosidl_typesupport_c.dir/rosidl_generator_py/robot_control_ros2/_robot_control_ros2_s.ep.rosidl_typesupport_c.c.o[0m
[ 85%] [32m[1mLinking C shared module rosidl_generator_py/robot_control_ros2/robot_control_ros2_s__rosidl_typesupport_c.so[0m
[ 88%] [32m[1mLinking C shared module rosidl_generator_py/robot_control_ros2/robot_control_ros2_s__rosidl_typesupport_introspection_c.so[0m
[ 90%] [32m[1mLinking C shared module rosidl_generator_py/robot_control_ros2/robot_control_ros2_s__rosidl_typesupport_fastrtps_c.so[0m
[ 90%] Built target robot_control_ros2_s__rosidl_typesupport_introspection_c
[ 90%] Built target robot_control_ros2_s__rosidl_typesupport_c
[ 90%] Built target robot_control_ros2_s__rosidl_typesupport_fastrtps_c
[01m[K/home/chenque/cpp_practice/robot_control_ros2/src/robot_control_ros2/src/robot_state_pub.cpp:[m[K In member function ‘[01m[Kvoid RobotStatePub::[01;32m[Ktime_callback[m[K()[m[K’:
[01m[K/home/chenque/cpp_practice/robot_control_ros2/src/robot_control_ros2/src/robot_state_pub.cpp:17:13:[m[K [01;31m[Kerror: [m[K‘[01m[Kusing robot_control_ros2::msg::JointStateCommand = struct robot_control_ros2::msg::JointStateCommand_<std::allocator<void> >[m[K’ {aka ‘[01m[Kstruct robot_control_ros2::msg::JointStateCommand_<std::allocator<void> >[m[K’} has no member named ‘[01m[Kposition[m[K’
   17 |         msg.[01;31m[Kposition[m[K = {1.0, 2.3, 3.1};
      |             [01;31m[K^~~~~~~~[m[K
[01m[K/home/chenque/cpp_practice/robot_control_ros2/src/robot_control_ros2/src/robot_state_pub.cpp:18:13:[m[K [01;31m[Kerror: [m[K‘[01m[Kusing robot_control_ros2::msg::JointStateCommand = struct robot_control_ros2::msg::JointStateCommand_<std::allocator<void> >[m[K’ {aka ‘[01m[Kstruct robot_control_ros2::msg::JointStateCommand_<std::allocator<void> >[m[K’} has no member named ‘[01m[Kvelocity[m[K’
   18 |         msg.[01;31m[Kvelocity[m[K = {2.8, 3.1, 3.3};
      |             [01;31m[K^~~~~~~~[m[K
[01m[K/home/chenque/cpp_practice/robot_control_ros2/src/robot_control_ros2/src/robot_state_pub.cpp:19:13:[m[K [01;31m[Kerror: [m[K‘[01m[Kusing robot_control_ros2::msg::JointStateCommand = struct robot_control_ros2::msg::JointStateCommand_<std::allocator<void> >[m[K’ {aka ‘[01m[Kstruct robot_control_ros2::msg::JointStateCommand_<std::allocator<void> >[m[K’} has no member named ‘[01m[Kis_exc[m[K’
   19 |         msg.[01;31m[Kis_exc[m[K = true;
      |             [01;31m[K^~~~~~[m[K
In file included from [01m[K/opt/ros/jazzy/include/rclcpp/rclcpp/logging.hpp:24[m[K,
                 from [01m[K/opt/ros/jazzy/include/rclcpp/rclcpp/copy_all_parameter_values.hpp:27[m[K,
                 from [01m[K/opt/ros/jazzy/include/rclcpp/rclcpp/rclcpp.hpp:171[m[K,
                 from [01m[K/home/chenque/cpp_practice/robot_control_ros2/src/robot_control_ros2/src/robot_state_pub.cpp:1[m[K:
[01m[K/home/chenque/cpp_practice/robot_control_ros2/src/robot_control_ros2/src/robot_state_pub.cpp:21:17:[m[K [01;31m[Kerror: [m[K‘[01m[Kusing robot_control_ros2::msg::JointStateCommand = struct robot_control_ros2::msg::JointStateCommand_<std::allocator<void> >[m[K’ {aka ‘[01m[Kstruct robot_control_ros2::msg::JointStateCommand_<std::allocator<void> >[m[K’} has no member named ‘[01m[Kposition[m[K’
   21 |             msg.[01;31m[Kposition[m[K[0], msg.position[1], msg.position[2], msg.velocity[0], msg.velocity[1], msg.velocity[2],
      |                 [01;31m[K^~~~~~~~[m[K
[01m[K/home/chenque/cpp_practice/robot_control_ros2/src/robot_control_ros2/src/robot_state_pub.cpp:21:34:[m[K [01;31m[Kerror: [m[K‘[01m[Kusing robot_control_ros2::msg::JointStateCommand = struct robot_control_ros2::msg::JointStateCommand_<std::allocator<void> >[m[K’ {aka ‘[01m[Kstruct robot_control_ros2::msg::JointStateCommand_<std::allocator<void> >[m[K’} has no member named ‘[01m[Kposition[m[K’
   21 |             msg.position[0], msg.[01;31m[Kposition[m[K[1], msg.position[2], msg.velocity[0], msg.velocity[1], msg.velocity[2],
      |                                  [01;31m[K^~~~~~~~[m[K
[01m[K/home/chenque/cpp_practice/robot_control_ros2/src/robot_control_ros2/src/robot_state_pub.cpp:21:51:[m[K [01;31m[Kerror: [m[K‘[01m[Kusing robot_control_ros2::msg::JointStateCommand = struct robot_control_ros2::msg::JointStateCommand_<std::allocator<void> >[m[K’ {aka ‘[01m[Kstruct robot_control_ros2::msg::JointStateCommand_<std::allocator<void> >[m[K’} has no member named ‘[01m[Kposition[m[K’
   21 |             msg.position[0], msg.position[1], msg.[01;31m[Kposition[m[K[2], msg.velocity[0], msg.velocity[1], msg.velocity[2],
      |                                                   [01;31m[K^~~~~~~~[m[K
[01m[K/home/chenque/cpp_practice/robot_control_ros2/src/robot_control_ros2/src/robot_state_pub.cpp:21:68:[m[K [01;31m[Kerror: [m[K‘[01m[Kusing robot_control_ros2::msg::JointStateCommand = struct robot_control_ros2::msg::JointStateCommand_<std::allocator<void> >[m[K’ {aka ‘[01m[Kstruct robot_control_ros2::msg::JointStateCommand_<std::allocator<void> >[m[K’} has no member named ‘[01m[Kvelocity[m[K’
   21 |          msg.position[0], msg.position[1], msg.position[2], msg.[01;31m[Kvelocity[m[K[0], msg.velocity[1], msg.velocity[2],
      |                                                                 [01;31m[K^~~~~~~~[m[K

[01m[K/home/chenque/cpp_practice/robot_control_ros2/src/robot_control_ros2/src/robot_state_pub.cpp:21:85:[m[K [01;31m[Kerror: [m[K‘[01m[Kusing robot_control_ros2::msg::JointStateCommand = struct robot_control_ros2::msg::JointStateCommand_<std::allocator<void> >[m[K’ {aka ‘[01m[Kstruct robot_control_ros2::msg::JointStateCommand_<std::allocator<void> >[m[K’} has no member named ‘[01m[Kvelocity[m[K’
   21 | tion[0], msg.position[1], msg.position[2], msg.velocity[0], msg.[01;31m[Kvelocity[m[K[1], msg.velocity[2],
      |                                                                 [01;31m[K^~~~~~~~[m[K

[01m[K/home/chenque/cpp_practice/robot_control_ros2/src/robot_control_ros2/src/robot_state_pub.cpp:21:102:[m[K [01;31m[Kerror: [m[K‘[01m[Kusing robot_control_ros2::msg::JointStateCommand = struct robot_control_ros2::msg::JointStateCommand_<std::allocator<void> >[m[K’ {aka ‘[01m[Kstruct robot_control_ros2::msg::JointStateCommand_<std::allocator<void> >[m[K’} has no member named ‘[01m[Kvelocity[m[K’
   21 | tion[1], msg.position[2], msg.velocity[0], msg.velocity[1], msg.[01;31m[Kvelocity[m[K[2],
      |                                                                 [01;31m[K^~~~~~~~[m[K

[01m[K/home/chenque/cpp_practice/robot_control_ros2/src/robot_control_ros2/src/robot_state_pub.cpp:22:17:[m[K [01;31m[Kerror: [m[K‘[01m[Kusing robot_control_ros2::msg::JointStateCommand = struct robot_control_ros2::msg::JointStateCommand_<std::allocator<void> >[m[K’ {aka ‘[01m[Kstruct robot_control_ros2::msg::JointStateCommand_<std::allocator<void> >[m[K’} has no member named ‘[01m[Kis_exc[m[K’
   22 |             msg.[01;31m[Kis_exc[m[K ? "true" : "false");
      |                 [01;31m[K^~~~~~[m[K
gmake[2]: *** [CMakeFiles/robot_state_pub.dir/build.make:76: CMakeFiles/robot_state_pub.dir/src/robot_state_pub.cpp.o] Error 1
gmake[1]: *** [CMakeFiles/Makefile2:709: CMakeFiles/robot_state_pub.dir/all] Error 2
gmake[1]: *** Waiting for unfinished jobs....
[ 92%] [32m[1mLinking CXX executable joint_velocity_publisher[0m
[ 95%] [32m[1mLinking CXX executable timer_control_node[0m
[ 95%] Built target joint_velocity_publisher
[ 95%] Built target timer_control_node
[ 97%] [32m[1mLinking CXX executable joint_velocity_subscriber[0m
[ 97%] Built target joint_velocity_subscriber
gmake: *** [Makefile:146: all] Error 2
