[0.010s] Invoking command in '/home/chenque/cpp_practice/robot_control_ros2/build/robot_control_ros2': CMAKE_PREFIX_PATH=${CMAKE_PREFIX_PATH}:/opt/ros/jazzy DEBUGINFOD_URLS=https://debuginfod.ubuntu.com /usr/bin/cmake --build /home/chenque/cpp_practice/robot_control_ros2/build/robot_control_ros2 -- -j8 -l8
[0.058s] [  1%] Built target robot_control_ros2__rosidl_generator_type_description
[0.062s] [  3%] Built target joint_velocity_subscriber
[0.063s] [  6%] Built target timer_control_node
[0.071s] [  6%] Built target ament_cmake_python_copy_robot_control_ros2
[0.079s] [  7%] Built target robot_control_ros2__cpp
[0.082s] [ 24%] Built target robot_control_ros2__rosidl_generator_c
[0.111s] [ 40%] Built target robot_control_ros2__rosidl_typesupport_fastrtps_c
[0.111s] [ 45%] Built target robot_control_ros2__rosidl_typesupport_introspection_cpp
[0.112s] [ 52%] Built target robot_control_ros2__rosidl_typesupport_c
[0.112s] [ 53%] Built target robot_control_ros2__rosidl_typesupport_cpp
[0.113s] [ 60%] Built target robot_control_ros2__rosidl_typesupport_introspection_c
[0.115s] [ 68%] Built target robot_control_ros2__rosidl_typesupport_fastrtps_cpp
[0.141s] [ 70%] Built target robot_state_pub
[0.141s] [ 73%] Built target joint_velocity_publisher
[0.141s] [ 75%] Built target student_servier
[0.144s] [ 78%] Built target student_client
[0.154s] [ 85%] Built target vel_to_pos_node
[0.166s] [ 85%] Built target robot_control_ros2
[0.187s] [ 86%] Built target robot_control_ros2__py
[0.215s] [ 92%] Built target robot_control_ros2__rosidl_generator_py
[0.218s] running egg_info
[0.229s] writing robot_control_ros2.egg-info/PKG-INFO
[0.230s] writing dependency_links to robot_control_ros2.egg-info/dependency_links.txt
[0.231s] writing top-level names to robot_control_ros2.egg-info/top_level.txt
[0.237s] [ 95%] Built target robot_control_ros2_s__rosidl_typesupport_introspection_c
[0.237s] [ 97%] Built target robot_control_ros2_s__rosidl_typesupport_fastrtps_c
[0.238s] [100%] Built target robot_control_ros2_s__rosidl_typesupport_c
[0.261s] reading manifest file 'robot_control_ros2.egg-info/SOURCES.txt'
[0.261s] writing manifest file 'robot_control_ros2.egg-info/SOURCES.txt'
[0.284s] [100%] Built target ament_cmake_python_build_robot_control_ros2_egg
[0.297s] Invoked command in '/home/chenque/cpp_practice/robot_control_ros2/build/robot_control_ros2' returned '0': CMAKE_PREFIX_PATH=${CMAKE_PREFIX_PATH}:/opt/ros/jazzy DEBUGINFOD_URLS=https://debuginfod.ubuntu.com /usr/bin/cmake --build /home/chenque/cpp_practice/robot_control_ros2/build/robot_control_ros2 -- -j8 -l8
[0.298s] Invoking command in '/home/chenque/cpp_practice/robot_control_ros2/build/robot_control_ros2': CMAKE_PREFIX_PATH=${CMAKE_PREFIX_PATH}:/opt/ros/jazzy DEBUGINFOD_URLS=https://debuginfod.ubuntu.com /usr/bin/cmake --install /home/chenque/cpp_practice/robot_control_ros2/build/robot_control_ros2
[0.305s] -- Install configuration: ""
[0.305s] -- Up-to-date: /home/chenque/cpp_practice/robot_control_ros2/install/robot_control_ros2/share/ament_index/resource_index/rosidl_interfaces/robot_control_ros2
[0.306s] -- Up-to-date: /home/chenque/cpp_practice/robot_control_ros2/install/robot_control_ros2/share/robot_control_ros2/msg/JointStateCommand.json
[0.306s] -- Up-to-date: /home/chenque/cpp_practice/robot_control_ros2/install/robot_control_ros2/share/robot_control_ros2/srv/Student.json
[0.306s] -- Up-to-date: /home/chenque/cpp_practice/robot_control_ros2/install/robot_control_ros2/share/robot_control_ros2/msg/JointVelocityCmd.json
[0.306s] -- Up-to-date: /home/chenque/cpp_practice/robot_control_ros2/install/robot_control_ros2/share/robot_control_ros2/msg/JointPositionCmd.json
[0.306s] -- Up-to-date: /home/chenque/cpp_practice/robot_control_ros2/install/robot_control_ros2/include/robot_control_ros2/robot_control_ros2
[0.306s] -- Up-to-date: /home/chenque/cpp_practice/robot_control_ros2/install/robot_control_ros2/include/robot_control_ros2/robot_control_ros2/srv
[0.306s] -- Up-to-date: /home/chenque/cpp_practice/robot_control_ros2/install/robot_control_ros2/include/robot_control_ros2/robot_control_ros2/srv/detail
[0.307s] -- Up-to-date: /home/chenque/cpp_practice/robot_control_ros2/install/robot_control_ros2/include/robot_control_ros2/robot_control_ros2/srv/detail/student__struct.h
[0.307s] -- Up-to-date: /home/chenque/cpp_practice/robot_control_ros2/install/robot_control_ros2/include/robot_control_ros2/robot_control_ros2/srv/detail/student__type_support.h
[0.307s] -- Up-to-date: /home/chenque/cpp_practice/robot_control_ros2/install/robot_control_ros2/include/robot_control_ros2/robot_control_ros2/srv/detail/student__type_support.c
[0.307s] -- Up-to-date: /home/chenque/cpp_practice/robot_control_ros2/install/robot_control_ros2/include/robot_control_ros2/robot_control_ros2/srv/detail/student__description.c
[0.307s] -- Up-to-date: /home/chenque/cpp_practice/robot_control_ros2/install/robot_control_ros2/include/robot_control_ros2/robot_control_ros2/srv/detail/student__functions.h
[0.307s] -- Up-to-date: /home/chenque/cpp_practice/robot_control_ros2/install/robot_control_ros2/include/robot_control_ros2/robot_control_ros2/srv/detail/student__functions.c
[0.307s] -- Up-to-date: /home/chenque/cpp_practice/robot_control_ros2/install/robot_control_ros2/include/robot_control_ros2/robot_control_ros2/srv/student.h
[0.307s] -- Up-to-date: /home/chenque/cpp_practice/robot_control_ros2/install/robot_control_ros2/include/robot_control_ros2/robot_control_ros2/msg
[0.308s] -- Up-to-date: /home/chenque/cpp_practice/robot_control_ros2/install/robot_control_ros2/include/robot_control_ros2/robot_control_ros2/msg/joint_position_cmd.h
[0.308s] -- Up-to-date: /home/chenque/cpp_practice/robot_control_ros2/install/robot_control_ros2/include/robot_control_ros2/robot_control_ros2/msg/detail
[0.308s] -- Up-to-date: /home/chenque/cpp_practice/robot_control_ros2/install/robot_control_ros2/include/robot_control_ros2/robot_control_ros2/msg/detail/joint_position_cmd__type_support.h
[0.308s] -- Up-to-date: /home/chenque/cpp_practice/robot_control_ros2/install/robot_control_ros2/include/robot_control_ros2/robot_control_ros2/msg/detail/joint_velocity_cmd__functions.h
[0.308s] -- Up-to-date: /home/chenque/cpp_practice/robot_control_ros2/install/robot_control_ros2/include/robot_control_ros2/robot_control_ros2/msg/detail/joint_velocity_cmd__type_support.c
[0.308s] -- Up-to-date: /home/chenque/cpp_practice/robot_control_ros2/install/robot_control_ros2/include/robot_control_ros2/robot_control_ros2/msg/detail/joint_velocity_cmd__type_support.h
[0.309s] -- Up-to-date: /home/chenque/cpp_practice/robot_control_ros2/install/robot_control_ros2/include/robot_control_ros2/robot_control_ros2/msg/detail/joint_position_cmd__functions.c
[0.309s] -- Up-to-date: /home/chenque/cpp_practice/robot_control_ros2/install/robot_control_ros2/include/robot_control_ros2/robot_control_ros2/msg/detail/joint_state_command__type_support.h
[0.309s] -- Up-to-date: /home/chenque/cpp_practice/robot_control_ros2/install/robot_control_ros2/include/robot_control_ros2/robot_control_ros2/msg/detail/joint_state_command__type_support.c
[0.309s] -- Up-to-date: /home/chenque/cpp_practice/robot_control_ros2/install/robot_control_ros2/include/robot_control_ros2/robot_control_ros2/msg/detail/joint_position_cmd__struct.h
[0.309s] -- Up-to-date: /home/chenque/cpp_practice/robot_control_ros2/install/robot_control_ros2/include/robot_control_ros2/robot_control_ros2/msg/detail/joint_position_cmd__type_support.c
[0.309s] -- Up-to-date: /home/chenque/cpp_practice/robot_control_ros2/install/robot_control_ros2/include/robot_control_ros2/robot_control_ros2/msg/detail/joint_velocity_cmd__description.c
[0.309s] -- Up-to-date: /home/chenque/cpp_practice/robot_control_ros2/install/robot_control_ros2/include/robot_control_ros2/robot_control_ros2/msg/detail/joint_state_command__functions.c
[0.309s] -- Up-to-date: /home/chenque/cpp_practice/robot_control_ros2/install/robot_control_ros2/include/robot_control_ros2/robot_control_ros2/msg/detail/joint_state_command__description.c
[0.310s] -- Up-to-date: /home/chenque/cpp_practice/robot_control_ros2/install/robot_control_ros2/include/robot_control_ros2/robot_control_ros2/msg/detail/joint_state_command__functions.h
[0.310s] -- Up-to-date: /home/chenque/cpp_practice/robot_control_ros2/install/robot_control_ros2/include/robot_control_ros2/robot_control_ros2/msg/detail/joint_state_command__struct.h
[0.310s] -- Up-to-date: /home/chenque/cpp_practice/robot_control_ros2/install/robot_control_ros2/include/robot_control_ros2/robot_control_ros2/msg/detail/joint_position_cmd__functions.h
[0.310s] -- Up-to-date: /home/chenque/cpp_practice/robot_control_ros2/install/robot_control_ros2/include/robot_control_ros2/robot_control_ros2/msg/detail/joint_velocity_cmd__struct.h
[0.310s] -- Up-to-date: /home/chenque/cpp_practice/robot_control_ros2/install/robot_control_ros2/include/robot_control_ros2/robot_control_ros2/msg/detail/joint_position_cmd__description.c
[0.310s] -- Up-to-date: /home/chenque/cpp_practice/robot_control_ros2/install/robot_control_ros2/include/robot_control_ros2/robot_control_ros2/msg/detail/joint_velocity_cmd__functions.c
[0.311s] -- Up-to-date: /home/chenque/cpp_practice/robot_control_ros2/install/robot_control_ros2/include/robot_control_ros2/robot_control_ros2/msg/joint_velocity_cmd.h
[0.311s] -- Up-to-date: /home/chenque/cpp_practice/robot_control_ros2/install/robot_control_ros2/include/robot_control_ros2/robot_control_ros2/msg/joint_state_command.h
[0.311s] -- Up-to-date: /home/chenque/cpp_practice/robot_control_ros2/install/robot_control_ros2/include/robot_control_ros2/robot_control_ros2/msg/rosidl_generator_c__visibility_control.h
[0.311s] -- Up-to-date: /home/chenque/cpp_practice/robot_control_ros2/install/robot_control_ros2/share/robot_control_ros2/environment/library_path.sh
[0.311s] -- Up-to-date: /home/chenque/cpp_practice/robot_control_ros2/install/robot_control_ros2/share/robot_control_ros2/environment/library_path.dsv
[0.311s] -- Up-to-date: /home/chenque/cpp_practice/robot_control_ros2/install/robot_control_ros2/lib/librobot_control_ros2__rosidl_generator_c.so
[0.311s] -- Up-to-date: /home/chenque/cpp_practice/robot_control_ros2/install/robot_control_ros2/include/robot_control_ros2/robot_control_ros2
[0.312s] -- Up-to-date: /home/chenque/cpp_practice/robot_control_ros2/install/robot_control_ros2/include/robot_control_ros2/robot_control_ros2/srv
[0.312s] -- Up-to-date: /home/chenque/cpp_practice/robot_control_ros2/install/robot_control_ros2/include/robot_control_ros2/robot_control_ros2/srv/detail
[0.312s] -- Up-to-date: /home/chenque/cpp_practice/robot_control_ros2/install/robot_control_ros2/include/robot_control_ros2/robot_control_ros2/srv/detail/student__rosidl_typesupport_fastrtps_c.h
[0.312s] -- Up-to-date: /home/chenque/cpp_practice/robot_control_ros2/install/robot_control_ros2/include/robot_control_ros2/robot_control_ros2/msg
[0.312s] -- Up-to-date: /home/chenque/cpp_practice/robot_control_ros2/install/robot_control_ros2/include/robot_control_ros2/robot_control_ros2/msg/detail
[0.312s] -- Up-to-date: /home/chenque/cpp_practice/robot_control_ros2/install/robot_control_ros2/include/robot_control_ros2/robot_control_ros2/msg/detail/joint_state_command__rosidl_typesupport_fastrtps_c.h
[0.312s] -- Up-to-date: /home/chenque/cpp_practice/robot_control_ros2/install/robot_control_ros2/include/robot_control_ros2/robot_control_ros2/msg/detail/joint_velocity_cmd__rosidl_typesupport_fastrtps_c.h
[0.312s] -- Up-to-date: /home/chenque/cpp_practice/robot_control_ros2/install/robot_control_ros2/include/robot_control_ros2/robot_control_ros2/msg/detail/joint_position_cmd__rosidl_typesupport_fastrtps_c.h
[0.313s] -- Up-to-date: /home/chenque/cpp_practice/robot_control_ros2/install/robot_control_ros2/include/robot_control_ros2/robot_control_ros2/msg/rosidl_typesupport_fastrtps_c__visibility_control.h
[0.313s] -- Up-to-date: /home/chenque/cpp_practice/robot_control_ros2/install/robot_control_ros2/lib/librobot_control_ros2__rosidl_typesupport_fastrtps_c.so
[0.313s] -- Up-to-date: /home/chenque/cpp_practice/robot_control_ros2/install/robot_control_ros2/include/robot_control_ros2/robot_control_ros2
[0.313s] -- Up-to-date: /home/chenque/cpp_practice/robot_control_ros2/install/robot_control_ros2/include/robot_control_ros2/robot_control_ros2/srv
[0.313s] -- Up-to-date: /home/chenque/cpp_practice/robot_control_ros2/install/robot_control_ros2/include/robot_control_ros2/robot_control_ros2/srv/detail
[0.313s] -- Up-to-date: /home/chenque/cpp_practice/robot_control_ros2/install/robot_control_ros2/include/robot_control_ros2/robot_control_ros2/srv/detail/student__traits.hpp
[0.313s] -- Up-to-date: /home/chenque/cpp_practice/robot_control_ros2/install/robot_control_ros2/include/robot_control_ros2/robot_control_ros2/srv/detail/student__struct.hpp
[0.313s] -- Up-to-date: /home/chenque/cpp_practice/robot_control_ros2/install/robot_control_ros2/include/robot_control_ros2/robot_control_ros2/srv/detail/student__builder.hpp
[0.313s] -- Up-to-date: /home/chenque/cpp_practice/robot_control_ros2/install/robot_control_ros2/include/robot_control_ros2/robot_control_ros2/srv/detail/student__type_support.hpp
[0.314s] -- Up-to-date: /home/chenque/cpp_practice/robot_control_ros2/install/robot_control_ros2/include/robot_control_ros2/robot_control_ros2/srv/student.hpp
[0.314s] -- Up-to-date: /home/chenque/cpp_practice/robot_control_ros2/install/robot_control_ros2/include/robot_control_ros2/robot_control_ros2/msg
[0.314s] -- Up-to-date: /home/chenque/cpp_practice/robot_control_ros2/install/robot_control_ros2/include/robot_control_ros2/robot_control_ros2/msg/detail
[0.314s] -- Up-to-date: /home/chenque/cpp_practice/robot_control_ros2/install/robot_control_ros2/include/robot_control_ros2/robot_control_ros2/msg/detail/joint_position_cmd__type_support.hpp
[0.314s] -- Up-to-date: /home/chenque/cpp_practice/robot_control_ros2/install/robot_control_ros2/include/robot_control_ros2/robot_control_ros2/msg/detail/joint_state_command__type_support.hpp
[0.314s] -- Up-to-date: /home/chenque/cpp_practice/robot_control_ros2/install/robot_control_ros2/include/robot_control_ros2/robot_control_ros2/msg/detail/joint_state_command__struct.hpp
[0.314s] -- Up-to-date: /home/chenque/cpp_practice/robot_control_ros2/install/robot_control_ros2/include/robot_control_ros2/robot_control_ros2/msg/detail/joint_velocity_cmd__traits.hpp
[0.314s] -- Up-to-date: /home/chenque/cpp_practice/robot_control_ros2/install/robot_control_ros2/include/robot_control_ros2/robot_control_ros2/msg/detail/joint_velocity_cmd__struct.hpp
[0.314s] -- Up-to-date: /home/chenque/cpp_practice/robot_control_ros2/install/robot_control_ros2/include/robot_control_ros2/robot_control_ros2/msg/detail/joint_position_cmd__traits.hpp
[0.314s] -- Up-to-date: /home/chenque/cpp_practice/robot_control_ros2/install/robot_control_ros2/include/robot_control_ros2/robot_control_ros2/msg/detail/joint_velocity_cmd__builder.hpp
[0.314s] -- Up-to-date: /home/chenque/cpp_practice/robot_control_ros2/install/robot_control_ros2/include/robot_control_ros2/robot_control_ros2/msg/detail/joint_state_command__builder.hpp
[0.314s] -- Up-to-date: /home/chenque/cpp_practice/robot_control_ros2/install/robot_control_ros2/include/robot_control_ros2/robot_control_ros2/msg/detail/joint_position_cmd__builder.hpp
[0.315s] -- Up-to-date: /home/chenque/cpp_practice/robot_control_ros2/install/robot_control_ros2/include/robot_control_ros2/robot_control_ros2/msg/detail/joint_state_command__traits.hpp
[0.315s] -- Up-to-date: /home/chenque/cpp_practice/robot_control_ros2/install/robot_control_ros2/include/robot_control_ros2/robot_control_ros2/msg/detail/joint_position_cmd__struct.hpp
[0.315s] -- Up-to-date: /home/chenque/cpp_practice/robot_control_ros2/install/robot_control_ros2/include/robot_control_ros2/robot_control_ros2/msg/detail/joint_velocity_cmd__type_support.hpp
[0.315s] -- Up-to-date: /home/chenque/cpp_practice/robot_control_ros2/install/robot_control_ros2/include/robot_control_ros2/robot_control_ros2/msg/rosidl_generator_cpp__visibility_control.hpp
[0.315s] -- Up-to-date: /home/chenque/cpp_practice/robot_control_ros2/install/robot_control_ros2/include/robot_control_ros2/robot_control_ros2/msg/joint_position_cmd.hpp
[0.315s] -- Up-to-date: /home/chenque/cpp_practice/robot_control_ros2/install/robot_control_ros2/include/robot_control_ros2/robot_control_ros2/msg/joint_velocity_cmd.hpp
[0.315s] -- Up-to-date: /home/chenque/cpp_practice/robot_control_ros2/install/robot_control_ros2/include/robot_control_ros2/robot_control_ros2/msg/joint_state_command.hpp
[0.315s] -- Up-to-date: /home/chenque/cpp_practice/robot_control_ros2/install/robot_control_ros2/include/robot_control_ros2/robot_control_ros2
[0.315s] -- Up-to-date: /home/chenque/cpp_practice/robot_control_ros2/install/robot_control_ros2/include/robot_control_ros2/robot_control_ros2/srv
[0.315s] -- Up-to-date: /home/chenque/cpp_practice/robot_control_ros2/install/robot_control_ros2/include/robot_control_ros2/robot_control_ros2/srv/detail
[0.315s] -- Up-to-date: /home/chenque/cpp_practice/robot_control_ros2/install/robot_control_ros2/include/robot_control_ros2/robot_control_ros2/srv/detail/dds_fastrtps
[0.315s] -- Up-to-date: /home/chenque/cpp_practice/robot_control_ros2/install/robot_control_ros2/include/robot_control_ros2/robot_control_ros2/srv/detail/student__rosidl_typesupport_fastrtps_cpp.hpp
[0.315s] -- Up-to-date: /home/chenque/cpp_practice/robot_control_ros2/install/robot_control_ros2/include/robot_control_ros2/robot_control_ros2/msg
[0.315s] -- Up-to-date: /home/chenque/cpp_practice/robot_control_ros2/install/robot_control_ros2/include/robot_control_ros2/robot_control_ros2/msg/detail
[0.315s] -- Up-to-date: /home/chenque/cpp_practice/robot_control_ros2/install/robot_control_ros2/include/robot_control_ros2/robot_control_ros2/msg/detail/joint_position_cmd__rosidl_typesupport_fastrtps_cpp.hpp
[0.315s] -- Up-to-date: /home/chenque/cpp_practice/robot_control_ros2/install/robot_control_ros2/include/robot_control_ros2/robot_control_ros2/msg/detail/dds_fastrtps
[0.315s] -- Up-to-date: /home/chenque/cpp_practice/robot_control_ros2/install/robot_control_ros2/include/robot_control_ros2/robot_control_ros2/msg/detail/joint_state_command__rosidl_typesupport_fastrtps_cpp.hpp
[0.316s] -- Up-to-date: /home/chenque/cpp_practice/robot_control_ros2/install/robot_control_ros2/include/robot_control_ros2/robot_control_ros2/msg/detail/joint_velocity_cmd__rosidl_typesupport_fastrtps_cpp.hpp
[0.316s] -- Up-to-date: /home/chenque/cpp_practice/robot_control_ros2/install/robot_control_ros2/include/robot_control_ros2/robot_control_ros2/msg/rosidl_typesupport_fastrtps_cpp__visibility_control.h
[0.316s] -- Up-to-date: /home/chenque/cpp_practice/robot_control_ros2/install/robot_control_ros2/lib/librobot_control_ros2__rosidl_typesupport_fastrtps_cpp.so
[0.316s] -- Up-to-date: /home/chenque/cpp_practice/robot_control_ros2/install/robot_control_ros2/include/robot_control_ros2/robot_control_ros2
[0.316s] -- Up-to-date: /home/chenque/cpp_practice/robot_control_ros2/install/robot_control_ros2/include/robot_control_ros2/robot_control_ros2/srv
[0.316s] -- Up-to-date: /home/chenque/cpp_practice/robot_control_ros2/install/robot_control_ros2/include/robot_control_ros2/robot_control_ros2/srv/detail
[0.316s] -- Up-to-date: /home/chenque/cpp_practice/robot_control_ros2/install/robot_control_ros2/include/robot_control_ros2/robot_control_ros2/srv/detail/student__rosidl_typesupport_introspection_c.h
[0.316s] -- Up-to-date: /home/chenque/cpp_practice/robot_control_ros2/install/robot_control_ros2/include/robot_control_ros2/robot_control_ros2/srv/detail/student__type_support.c
[0.316s] -- Up-to-date: /home/chenque/cpp_practice/robot_control_ros2/install/robot_control_ros2/include/robot_control_ros2/robot_control_ros2/msg
[0.316s] -- Up-to-date: /home/chenque/cpp_practice/robot_control_ros2/install/robot_control_ros2/include/robot_control_ros2/robot_control_ros2/msg/detail
[0.316s] -- Up-to-date: /home/chenque/cpp_practice/robot_control_ros2/install/robot_control_ros2/include/robot_control_ros2/robot_control_ros2/msg/detail/joint_velocity_cmd__type_support.c
[0.316s] -- Up-to-date: /home/chenque/cpp_practice/robot_control_ros2/install/robot_control_ros2/include/robot_control_ros2/robot_control_ros2/msg/detail/joint_velocity_cmd__rosidl_typesupport_introspection_c.h
[0.316s] -- Up-to-date: /home/chenque/cpp_practice/robot_control_ros2/install/robot_control_ros2/include/robot_control_ros2/robot_control_ros2/msg/detail/joint_state_command__type_support.c
[0.316s] -- Up-to-date: /home/chenque/cpp_practice/robot_control_ros2/install/robot_control_ros2/include/robot_control_ros2/robot_control_ros2/msg/detail/joint_position_cmd__type_support.c
[0.316s] -- Up-to-date: /home/chenque/cpp_practice/robot_control_ros2/install/robot_control_ros2/include/robot_control_ros2/robot_control_ros2/msg/detail/joint_position_cmd__rosidl_typesupport_introspection_c.h
[0.316s] -- Up-to-date: /home/chenque/cpp_practice/robot_control_ros2/install/robot_control_ros2/include/robot_control_ros2/robot_control_ros2/msg/detail/joint_state_command__rosidl_typesupport_introspection_c.h
[0.316s] -- Up-to-date: /home/chenque/cpp_practice/robot_control_ros2/install/robot_control_ros2/include/robot_control_ros2/robot_control_ros2/msg/rosidl_typesupport_introspection_c__visibility_control.h
[0.316s] -- Up-to-date: /home/chenque/cpp_practice/robot_control_ros2/install/robot_control_ros2/lib/librobot_control_ros2__rosidl_typesupport_introspection_c.so
[0.316s] -- Up-to-date: /home/chenque/cpp_practice/robot_control_ros2/install/robot_control_ros2/lib/librobot_control_ros2__rosidl_typesupport_c.so
[0.316s] -- Up-to-date: /home/chenque/cpp_practice/robot_control_ros2/install/robot_control_ros2/include/robot_control_ros2/robot_control_ros2
[0.316s] -- Up-to-date: /home/chenque/cpp_practice/robot_control_ros2/install/robot_control_ros2/include/robot_control_ros2/robot_control_ros2/srv
[0.316s] -- Up-to-date: /home/chenque/cpp_practice/robot_control_ros2/install/robot_control_ros2/include/robot_control_ros2/robot_control_ros2/srv/detail
[0.316s] -- Up-to-date: /home/chenque/cpp_practice/robot_control_ros2/install/robot_control_ros2/include/robot_control_ros2/robot_control_ros2/srv/detail/student__type_support.cpp
[0.317s] -- Up-to-date: /home/chenque/cpp_practice/robot_control_ros2/install/robot_control_ros2/include/robot_control_ros2/robot_control_ros2/srv/detail/student__rosidl_typesupport_introspection_cpp.hpp
[0.317s] -- Up-to-date: /home/chenque/cpp_practice/robot_control_ros2/install/robot_control_ros2/include/robot_control_ros2/robot_control_ros2/msg
[0.317s] -- Up-to-date: /home/chenque/cpp_practice/robot_control_ros2/install/robot_control_ros2/include/robot_control_ros2/robot_control_ros2/msg/detail
[0.317s] -- Up-to-date: /home/chenque/cpp_practice/robot_control_ros2/install/robot_control_ros2/include/robot_control_ros2/robot_control_ros2/msg/detail/joint_state_command__type_support.cpp
[0.317s] -- Up-to-date: /home/chenque/cpp_practice/robot_control_ros2/install/robot_control_ros2/include/robot_control_ros2/robot_control_ros2/msg/detail/joint_state_command__rosidl_typesupport_introspection_cpp.hpp
[0.317s] -- Up-to-date: /home/chenque/cpp_practice/robot_control_ros2/install/robot_control_ros2/include/robot_control_ros2/robot_control_ros2/msg/detail/joint_velocity_cmd__type_support.cpp
[0.317s] -- Up-to-date: /home/chenque/cpp_practice/robot_control_ros2/install/robot_control_ros2/include/robot_control_ros2/robot_control_ros2/msg/detail/joint_velocity_cmd__rosidl_typesupport_introspection_cpp.hpp
[0.317s] -- Up-to-date: /home/chenque/cpp_practice/robot_control_ros2/install/robot_control_ros2/include/robot_control_ros2/robot_control_ros2/msg/detail/joint_position_cmd__type_support.cpp
[0.317s] -- Up-to-date: /home/chenque/cpp_practice/robot_control_ros2/install/robot_control_ros2/include/robot_control_ros2/robot_control_ros2/msg/detail/joint_position_cmd__rosidl_typesupport_introspection_cpp.hpp
[0.317s] -- Up-to-date: /home/chenque/cpp_practice/robot_control_ros2/install/robot_control_ros2/lib/librobot_control_ros2__rosidl_typesupport_introspection_cpp.so
[0.317s] -- Up-to-date: /home/chenque/cpp_practice/robot_control_ros2/install/robot_control_ros2/lib/librobot_control_ros2__rosidl_typesupport_cpp.so
[0.317s] -- Up-to-date: /home/chenque/cpp_practice/robot_control_ros2/install/robot_control_ros2/share/robot_control_ros2/environment/pythonpath.sh
[0.317s] -- Up-to-date: /home/chenque/cpp_practice/robot_control_ros2/install/robot_control_ros2/share/robot_control_ros2/environment/pythonpath.dsv
[0.317s] -- Up-to-date: /home/chenque/cpp_practice/robot_control_ros2/install/robot_control_ros2/lib/python3.12/site-packages/robot_control_ros2-0.0.0-py3.12.egg-info
[0.317s] -- Installing: /home/chenque/cpp_practice/robot_control_ros2/install/robot_control_ros2/lib/python3.12/site-packages/robot_control_ros2-0.0.0-py3.12.egg-info/SOURCES.txt
[0.317s] -- Installing: /home/chenque/cpp_practice/robot_control_ros2/install/robot_control_ros2/lib/python3.12/site-packages/robot_control_ros2-0.0.0-py3.12.egg-info/top_level.txt
[0.317s] -- Installing: /home/chenque/cpp_practice/robot_control_ros2/install/robot_control_ros2/lib/python3.12/site-packages/robot_control_ros2-0.0.0-py3.12.egg-info/PKG-INFO
[0.317s] -- Installing: /home/chenque/cpp_practice/robot_control_ros2/install/robot_control_ros2/lib/python3.12/site-packages/robot_control_ros2-0.0.0-py3.12.egg-info/dependency_links.txt
[0.317s] -- Up-to-date: /home/chenque/cpp_practice/robot_control_ros2/install/robot_control_ros2/lib/python3.12/site-packages/robot_control_ros2
[0.317s] -- Up-to-date: /home/chenque/cpp_practice/robot_control_ros2/install/robot_control_ros2/lib/python3.12/site-packages/robot_control_ros2/_robot_control_ros2_s.ep.rosidl_typesupport_introspection_c.c
[0.317s] -- Up-to-date: /home/chenque/cpp_practice/robot_control_ros2/install/robot_control_ros2/lib/python3.12/site-packages/robot_control_ros2/robot_control_ros2_s__rosidl_typesupport_introspection_c.so
[0.317s] -- Up-to-date: /home/chenque/cpp_practice/robot_control_ros2/install/robot_control_ros2/lib/python3.12/site-packages/robot_control_ros2/_robot_control_ros2_s.ep.rosidl_typesupport_fastrtps_c.c
[0.317s] -- Up-to-date: /home/chenque/cpp_practice/robot_control_ros2/install/robot_control_ros2/lib/python3.12/site-packages/robot_control_ros2/robot_control_ros2_s__rosidl_typesupport_fastrtps_c.so
[0.317s] -- Up-to-date: /home/chenque/cpp_practice/robot_control_ros2/install/robot_control_ros2/lib/python3.12/site-packages/robot_control_ros2/srv
[0.317s] -- Up-to-date: /home/chenque/cpp_practice/robot_control_ros2/install/robot_control_ros2/lib/python3.12/site-packages/robot_control_ros2/srv/_student.py
[0.317s] -- Up-to-date: /home/chenque/cpp_practice/robot_control_ros2/install/robot_control_ros2/lib/python3.12/site-packages/robot_control_ros2/srv/__init__.py
[0.318s] -- Up-to-date: /home/chenque/cpp_practice/robot_control_ros2/install/robot_control_ros2/lib/python3.12/site-packages/robot_control_ros2/srv/_student_s.c
[0.318s] -- Up-to-date: /home/chenque/cpp_practice/robot_control_ros2/install/robot_control_ros2/lib/python3.12/site-packages/robot_control_ros2/__init__.py
[0.318s] -- Up-to-date: /home/chenque/cpp_practice/robot_control_ros2/install/robot_control_ros2/lib/python3.12/site-packages/robot_control_ros2/msg
[0.318s] -- Up-to-date: /home/chenque/cpp_practice/robot_control_ros2/install/robot_control_ros2/lib/python3.12/site-packages/robot_control_ros2/msg/_joint_position_cmd_s.c
[0.318s] -- Up-to-date: /home/chenque/cpp_practice/robot_control_ros2/install/robot_control_ros2/lib/python3.12/site-packages/robot_control_ros2/msg/_joint_state_command_s.c
[0.318s] -- Up-to-date: /home/chenque/cpp_practice/robot_control_ros2/install/robot_control_ros2/lib/python3.12/site-packages/robot_control_ros2/msg/_joint_velocity_cmd_s.c
[0.318s] -- Up-to-date: /home/chenque/cpp_practice/robot_control_ros2/install/robot_control_ros2/lib/python3.12/site-packages/robot_control_ros2/msg/_joint_position_cmd.py
[0.318s] -- Up-to-date: /home/chenque/cpp_practice/robot_control_ros2/install/robot_control_ros2/lib/python3.12/site-packages/robot_control_ros2/msg/_joint_state_command.py
[0.318s] -- Up-to-date: /home/chenque/cpp_practice/robot_control_ros2/install/robot_control_ros2/lib/python3.12/site-packages/robot_control_ros2/msg/__init__.py
[0.318s] -- Up-to-date: /home/chenque/cpp_practice/robot_control_ros2/install/robot_control_ros2/lib/python3.12/site-packages/robot_control_ros2/msg/_joint_velocity_cmd.py
[0.318s] -- Up-to-date: /home/chenque/cpp_practice/robot_control_ros2/install/robot_control_ros2/lib/python3.12/site-packages/robot_control_ros2/_robot_control_ros2_s.ep.rosidl_typesupport_c.c
[0.318s] -- Up-to-date: /home/chenque/cpp_practice/robot_control_ros2/install/robot_control_ros2/lib/python3.12/site-packages/robot_control_ros2/robot_control_ros2_s__rosidl_typesupport_c.so
[0.338s] Listing '/home/chenque/cpp_practice/robot_control_ros2/install/robot_control_ros2/lib/python3.12/site-packages/robot_control_ros2'...
[0.338s] Listing '/home/chenque/cpp_practice/robot_control_ros2/install/robot_control_ros2/lib/python3.12/site-packages/robot_control_ros2/msg'...
[0.338s] Listing '/home/chenque/cpp_practice/robot_control_ros2/install/robot_control_ros2/lib/python3.12/site-packages/robot_control_ros2/srv'...
[0.342s] -- Up-to-date: /home/chenque/cpp_practice/robot_control_ros2/install/robot_control_ros2/lib/python3.12/site-packages/robot_control_ros2/robot_control_ros2_s__rosidl_typesupport_fastrtps_c.so
[0.342s] -- Up-to-date: /home/chenque/cpp_practice/robot_control_ros2/install/robot_control_ros2/lib/python3.12/site-packages/robot_control_ros2/robot_control_ros2_s__rosidl_typesupport_introspection_c.so
[0.342s] -- Up-to-date: /home/chenque/cpp_practice/robot_control_ros2/install/robot_control_ros2/lib/python3.12/site-packages/robot_control_ros2/robot_control_ros2_s__rosidl_typesupport_c.so
[0.343s] -- Up-to-date: /home/chenque/cpp_practice/robot_control_ros2/install/robot_control_ros2/lib/librobot_control_ros2__rosidl_generator_py.so
[0.343s] -- Up-to-date: /home/chenque/cpp_practice/robot_control_ros2/install/robot_control_ros2/share/robot_control_ros2/msg/JointStateCommand.idl
[0.343s] -- Up-to-date: /home/chenque/cpp_practice/robot_control_ros2/install/robot_control_ros2/share/robot_control_ros2/srv/Student.idl
[0.343s] -- Up-to-date: /home/chenque/cpp_practice/robot_control_ros2/install/robot_control_ros2/share/robot_control_ros2/msg/JointVelocityCmd.idl
[0.343s] -- Up-to-date: /home/chenque/cpp_practice/robot_control_ros2/install/robot_control_ros2/share/robot_control_ros2/msg/JointPositionCmd.idl
[0.343s] -- Up-to-date: /home/chenque/cpp_practice/robot_control_ros2/install/robot_control_ros2/share/robot_control_ros2/msg/JointStateCommand.msg
[0.343s] -- Up-to-date: /home/chenque/cpp_practice/robot_control_ros2/install/robot_control_ros2/share/robot_control_ros2/srv/Student.srv
[0.343s] -- Up-to-date: /home/chenque/cpp_practice/robot_control_ros2/install/robot_control_ros2/share/robot_control_ros2/msg/JointVelocityCmd.msg
[0.343s] -- Up-to-date: /home/chenque/cpp_practice/robot_control_ros2/install/robot_control_ros2/share/robot_control_ros2/msg/JointPositionCmd.msg
[0.343s] -- Up-to-date: /home/chenque/cpp_practice/robot_control_ros2/install/robot_control_ros2/lib/robot_control_ros2/joint_velocity_publisher
[0.344s] -- Up-to-date: /home/chenque/cpp_practice/robot_control_ros2/install/robot_control_ros2/lib/robot_control_ros2/joint_velocity_subscriber
[0.344s] -- Up-to-date: /home/chenque/cpp_practice/robot_control_ros2/install/robot_control_ros2/lib/robot_control_ros2/timer_control_node
[0.344s] -- Up-to-date: /home/chenque/cpp_practice/robot_control_ros2/install/robot_control_ros2/lib/robot_control_ros2/robot_state_pub
[0.345s] -- Up-to-date: /home/chenque/cpp_practice/robot_control_ros2/install/robot_control_ros2/lib/robot_control_ros2/student_servier
[0.345s] -- Up-to-date: /home/chenque/cpp_practice/robot_control_ros2/install/robot_control_ros2/lib/robot_control_ros2/student_client
[0.345s] -- Up-to-date: /home/chenque/cpp_practice/robot_control_ros2/install/robot_control_ros2/lib/robot_control_ros2/vel_to_pos_node
[0.346s] -- Up-to-date: /home/chenque/cpp_practice/robot_control_ros2/install/robot_control_ros2/share/ament_index/resource_index/package_run_dependencies/robot_control_ros2
[0.346s] -- Up-to-date: /home/chenque/cpp_practice/robot_control_ros2/install/robot_control_ros2/share/ament_index/resource_index/parent_prefix_path/robot_control_ros2
[0.346s] -- Up-to-date: /home/chenque/cpp_practice/robot_control_ros2/install/robot_control_ros2/share/robot_control_ros2/environment/ament_prefix_path.sh
[0.346s] -- Up-to-date: /home/chenque/cpp_practice/robot_control_ros2/install/robot_control_ros2/share/robot_control_ros2/environment/ament_prefix_path.dsv
[0.346s] -- Up-to-date: /home/chenque/cpp_practice/robot_control_ros2/install/robot_control_ros2/share/robot_control_ros2/environment/path.sh
[0.346s] -- Up-to-date: /home/chenque/cpp_practice/robot_control_ros2/install/robot_control_ros2/share/robot_control_ros2/environment/path.dsv
[0.346s] -- Up-to-date: /home/chenque/cpp_practice/robot_control_ros2/install/robot_control_ros2/share/robot_control_ros2/local_setup.bash
[0.346s] -- Up-to-date: /home/chenque/cpp_practice/robot_control_ros2/install/robot_control_ros2/share/robot_control_ros2/local_setup.sh
[0.346s] -- Up-to-date: /home/chenque/cpp_practice/robot_control_ros2/install/robot_control_ros2/share/robot_control_ros2/local_setup.zsh
[0.346s] -- Up-to-date: /home/chenque/cpp_practice/robot_control_ros2/install/robot_control_ros2/share/robot_control_ros2/local_setup.dsv
[0.346s] -- Installing: /home/chenque/cpp_practice/robot_control_ros2/install/robot_control_ros2/share/robot_control_ros2/package.dsv
[0.347s] -- Up-to-date: /home/chenque/cpp_practice/robot_control_ros2/install/robot_control_ros2/share/ament_index/resource_index/packages/robot_control_ros2
[0.347s] -- Up-to-date: /home/chenque/cpp_practice/robot_control_ros2/install/robot_control_ros2/share/robot_control_ros2/cmake/export_robot_control_ros2__rosidl_generator_cExport.cmake
[0.347s] -- Up-to-date: /home/chenque/cpp_practice/robot_control_ros2/install/robot_control_ros2/share/robot_control_ros2/cmake/export_robot_control_ros2__rosidl_generator_cExport-noconfig.cmake
[0.347s] -- Up-to-date: /home/chenque/cpp_practice/robot_control_ros2/install/robot_control_ros2/share/robot_control_ros2/cmake/export_robot_control_ros2__rosidl_typesupport_fastrtps_cExport.cmake
[0.347s] -- Up-to-date: /home/chenque/cpp_practice/robot_control_ros2/install/robot_control_ros2/share/robot_control_ros2/cmake/export_robot_control_ros2__rosidl_typesupport_fastrtps_cExport-noconfig.cmake
[0.347s] -- Up-to-date: /home/chenque/cpp_practice/robot_control_ros2/install/robot_control_ros2/share/robot_control_ros2/cmake/export_robot_control_ros2__rosidl_generator_cppExport.cmake
[0.347s] -- Up-to-date: /home/chenque/cpp_practice/robot_control_ros2/install/robot_control_ros2/share/robot_control_ros2/cmake/export_robot_control_ros2__rosidl_typesupport_fastrtps_cppExport.cmake
[0.347s] -- Up-to-date: /home/chenque/cpp_practice/robot_control_ros2/install/robot_control_ros2/share/robot_control_ros2/cmake/export_robot_control_ros2__rosidl_typesupport_fastrtps_cppExport-noconfig.cmake
[0.348s] -- Up-to-date: /home/chenque/cpp_practice/robot_control_ros2/install/robot_control_ros2/share/robot_control_ros2/cmake/robot_control_ros2__rosidl_typesupport_introspection_cExport.cmake
[0.348s] -- Up-to-date: /home/chenque/cpp_practice/robot_control_ros2/install/robot_control_ros2/share/robot_control_ros2/cmake/robot_control_ros2__rosidl_typesupport_introspection_cExport-noconfig.cmake
[0.348s] -- Up-to-date: /home/chenque/cpp_practice/robot_control_ros2/install/robot_control_ros2/share/robot_control_ros2/cmake/robot_control_ros2__rosidl_typesupport_cExport.cmake
[0.348s] -- Up-to-date: /home/chenque/cpp_practice/robot_control_ros2/install/robot_control_ros2/share/robot_control_ros2/cmake/robot_control_ros2__rosidl_typesupport_cExport-noconfig.cmake
[0.348s] -- Up-to-date: /home/chenque/cpp_practice/robot_control_ros2/install/robot_control_ros2/share/robot_control_ros2/cmake/robot_control_ros2__rosidl_typesupport_introspection_cppExport.cmake
[0.348s] -- Up-to-date: /home/chenque/cpp_practice/robot_control_ros2/install/robot_control_ros2/share/robot_control_ros2/cmake/robot_control_ros2__rosidl_typesupport_introspection_cppExport-noconfig.cmake
[0.348s] -- Up-to-date: /home/chenque/cpp_practice/robot_control_ros2/install/robot_control_ros2/share/robot_control_ros2/cmake/robot_control_ros2__rosidl_typesupport_cppExport.cmake
[0.348s] -- Up-to-date: /home/chenque/cpp_practice/robot_control_ros2/install/robot_control_ros2/share/robot_control_ros2/cmake/robot_control_ros2__rosidl_typesupport_cppExport-noconfig.cmake
[0.348s] -- Up-to-date: /home/chenque/cpp_practice/robot_control_ros2/install/robot_control_ros2/share/robot_control_ros2/cmake/export_robot_control_ros2__rosidl_generator_pyExport.cmake
[0.348s] -- Up-to-date: /home/chenque/cpp_practice/robot_control_ros2/install/robot_control_ros2/share/robot_control_ros2/cmake/export_robot_control_ros2__rosidl_generator_pyExport-noconfig.cmake
[0.349s] -- Up-to-date: /home/chenque/cpp_practice/robot_control_ros2/install/robot_control_ros2/share/robot_control_ros2/cmake/rosidl_cmake-extras.cmake
[0.349s] -- Up-to-date: /home/chenque/cpp_practice/robot_control_ros2/install/robot_control_ros2/share/robot_control_ros2/cmake/ament_cmake_export_dependencies-extras.cmake
[0.349s] -- Up-to-date: /home/chenque/cpp_practice/robot_control_ros2/install/robot_control_ros2/share/robot_control_ros2/cmake/ament_cmake_export_include_directories-extras.cmake
[0.349s] -- Up-to-date: /home/chenque/cpp_practice/robot_control_ros2/install/robot_control_ros2/share/robot_control_ros2/cmake/ament_cmake_export_libraries-extras.cmake
[0.349s] -- Up-to-date: /home/chenque/cpp_practice/robot_control_ros2/install/robot_control_ros2/share/robot_control_ros2/cmake/ament_cmake_export_targets-extras.cmake
[0.349s] -- Up-to-date: /home/chenque/cpp_practice/robot_control_ros2/install/robot_control_ros2/share/robot_control_ros2/cmake/rosidl_cmake_export_typesupport_targets-extras.cmake
[0.349s] -- Up-to-date: /home/chenque/cpp_practice/robot_control_ros2/install/robot_control_ros2/share/robot_control_ros2/cmake/rosidl_cmake_export_typesupport_libraries-extras.cmake
[0.349s] -- Up-to-date: /home/chenque/cpp_practice/robot_control_ros2/install/robot_control_ros2/share/robot_control_ros2/cmake/robot_control_ros2Config.cmake
[0.349s] -- Up-to-date: /home/chenque/cpp_practice/robot_control_ros2/install/robot_control_ros2/share/robot_control_ros2/cmake/robot_control_ros2Config-version.cmake
[0.349s] -- Up-to-date: /home/chenque/cpp_practice/robot_control_ros2/install/robot_control_ros2/share/robot_control_ros2/package.xml
[0.351s] Invoked command in '/home/chenque/cpp_practice/robot_control_ros2/build/robot_control_ros2' returned '0': CMAKE_PREFIX_PATH=${CMAKE_PREFIX_PATH}:/opt/ros/jazzy DEBUGINFOD_URLS=https://debuginfod.ubuntu.com /usr/bin/cmake --install /home/chenque/cpp_practice/robot_control_ros2/build/robot_control_ros2
